{
 "source": "OTRF/Security-Datasets (MIT) atomic datasets",
 "note": "Real Windows host telemetry with ground-truth ATT&CK technique labels from each dataset's metadata.",
 "datasets": [
  {
   "dataset_id": "SDWIN-190301125905",
   "title": "Empire Powerview Add-DomainObjectAcl",
   "techniques": [
    "T1222"
   ],
   "tactics": [
    "TA0005"
   ],
   "event_count": 9002,
   "sample_events": [
    {
     "timestamp": "2020-09-21T17:09:44.462Z",
     "host": "WORKSTATION5.theshire.local",
     "channel": "Microsoft-Windows-Sysmon/Operational",
     "event_id": 10,
     "process": "svchost.exe",
     "parent": "",
     "command_line": "",
     "user": ""
    },
    {
     "timestamp": "2020-09-21T17:09:44.462Z",
     "host": "WORKSTATION5.theshire.local",
     "channel": "Microsoft-Windows-Sysmon/Operational",
     "event_id": 12,
     "process": "svchost.exe",
     "parent": "",
     "command_line": "",
     "user": ""
    },
    {
     "timestamp": "2020-09-21T17:09:44.462Z",
     "host": "WORKSTATION5.theshire.local",
     "channel": "Microsoft-Windows-Sysmon/Operational",
     "event_id": 13,
     "process": "svchost.exe",
     "parent": "",
     "command_line": "",
     "user": ""
    },
    {
     "timestamp": "2020-09-21T17:09:44.463Z",
     "host": "WORKSTATION5.theshire.local",
     "channel": "Microsoft-Windows-Sysmon/Operational",
     "event_id": 13,
     "process": "svchost.exe",
     "parent": "",
     "command_line": "",
     "user": ""
    },
    {
     "timestamp": "2020-09-21T17:09:44.463Z",
     "host": "WORKSTATION5.theshire.local",
     "channel": "Microsoft-Windows-Sysmon/Operational",
     "event_id": 13,
     "process": "svchost.exe",
     "parent": "",
     "command_line": "",
     "user": ""
    },
    {
     "timestamp": "2020-09-21T17:09:44.463Z",
     "host": "WORKSTATION5.theshire.local",
     "channel": "Microsoft-Windows-Sysmon/Operational",
     "event_id": 5,
     "process": "backgroundTaskHost.exe",
     "parent": "",
     "command_line": "",
     "user": ""
    },
    {
     "timestamp": "2020-09-21T17:09:44.464Z",
     "host": "WORKSTATION5.theshire.local",
     "channel": "Microsoft-Windows-Sysmon/Operational",
     "event_id": 13,
     "process": "backgroundTaskHost.exe",
     "parent": "",
     "command_line": "",
     "user": ""
    },
    {
     "timestamp": "2020-09-21T17:09:44.465Z",
     "host": "WORKSTATION5.theshire.local",
     "channel": "Microsoft-Windows-Sysmon/Operational",
     "event_id": 12,
     "process": "svchost.exe",
     "parent": "",
     "command_line": "",
     "user": ""
    },
    {
     "timestamp": "2020-09-21T17:09:44.465Z",
     "host": "WORKSTATION5.theshire.local",
     "channel": "Microsoft-Windows-Sysmon/Operational",
     "event_id": 12,
     "process": "svchost.exe",
     "parent": "",
     "command_line": "",
     "user": ""
    },
    {
     "timestamp": "2020-09-21T17:09:44.465Z",
     "host": "WORKSTATION5.theshire.local",
     "channel": "Microsoft-Windows-Sysmon/Operational",
     "event_id": 12,
     "process": "svchost.exe",
     "parent": "",
     "command_line": "",
     "user": ""
    },
    {
     "timestamp": "2020-09-21T17:09:44.466Z",
     "host": "WORKSTATION5.theshire.local",
     "channel": "Microsoft-Windows-Sysmon/Operational",
     "event_id": 12,
     "process": "svchost.exe",
     "parent": "",
     "command_line": "",
     "user": ""
    },
    {
     "timestamp": "2020-09-21T17:09:44.466Z",
     "host": "WORKSTATION5.theshire.local",
     "channel": "Microsoft-Windows-Sysmon/Operational",
     "event_id": 13,
     "process": "svchost.exe",
     "parent": "",
     "command_line": "",
     "user": ""
    }
   ],
   "tokens": [
    "-embedding",
    "-forcev1",
    ".default",
    ".net",
    "0x00000000-0x00000010",
    "0x00000000-0x01400000",
    "0x00000000-0x14fa0caa",
    "0x01d68d08-0x6872882c",
    "0x01d68d60-0xc9882202",
    "0x01d69031-0xa0e22e80",
    "0x01d69039-0xee1f3533",
    "0x01d69039-0xff91bcc3",
    "0x01d6903a-0x02a69680",
    "0x01d6903a-0x09bfb2b7",
    "0x01d6903a-0x09c10a0a",
    "0x01d6903a-0x1082d682",
    "0x01d6903a-0x2d81d1e5",
    "0x01d6903a-0x2d81f8d4",
    "0x01d6903a-0x51453e72",
    "0x01d6903a-0x51472252",
    "0x01d6903a-0x75085d16",
    "0x01d6903a-0x750ae744",
    "0x01d69042-0x646afe80",
    "0x1000",
    "0x1400",
    "0x1478",
    "0x2000",
    "0x3000",
    "0x40",
    "1008d",
    "106fe",
    "107a4",
    "108a0",
    "10daa",
    "111b6",
    "1172e",
    "1184f",
    "1260d",
    "128a",
    "1364b",
    "1451a",
    "1460a",
    "1497b",
    "16.0",
    "172.18.38.5",
    "172.18.39.255",
    "172.18.39.6",
    "176b9",
    "177c",
    "1780b",
    "179a6",
    "17bd4",
    "1852f",
    "19e3b",
    "1a172",
    "1a207",
    "1a72",
    "1a9a",
    "1a9f",
    "1acb",
    "1ade",
    "1b5c",
    "1ba6",
    "1be93",
    "1bf95",
    "1c32b",
    "1c362",
    "1c37",
    "1c74",
    "1c9af",
    "1d60",
    "1d7f",
    "1de1",
    "1e507",
    "1e509",
    "1e689",
    "1e6a5",
    "1e7be",
    "1e830",
    "1e899",
    "1f43",
    "2.0",
    "2.5",
    "201f5",
    "202.30ghz",
    "2020-09-21",
    "20200917161458.0z",
    "204d1",
    "20cpu",
    "20e5-2673",
    "20machine",
    "20v4",
    "20xeon",
    "222a3",
    "2231c",
    "223f5",
    "2321e",
    "241f",
    "28r",
    "29e00",
    "2a488",
    "2a883",
    "2ab19",
    "2d2f4",
    "2ddd0",
    "2e63f",
    "2f655",
    "2fba",
    "2fbf9",
    "305fe",
    "3081d",
    "30b5b",
    "314c9",
    "32-bit",
    "345b4",
    "37b1c",
    "3a89",
    "3b35",
    "44b1f",
    "45e8",
    "47d23",
    "47d62",
    "52.148.151.26",
    "52e4",
    "55ec3",
    "567b6",
    "577e9",
    "59e1a",
    "5af4",
    "5b76",
    "5fd9",
    "6aec5",
    "6ce5f",
    "6d4c",
    "72a89",
    "76a53",
    "88a0",
    "895c",
    "97c5",
    "97d6",
    "97fd",
    "9c534",
    "9d104",
    "9d39",
    "9d8e4",
    "9dcf",
    "9f29",
    "a256",
    "a3c8",
    "a77f",
    "ac05",
    "access",
    "active",
    "ad9a",
    "ads",
    "adsldpc",
    "advanced",
    "advapi32.dll",
    "af5a",
    "aggregate",
    "all",
    "amp",
    "amsi.dll",
    "and",
    "anti-malware",
    "api",
    "api32",
    "apiclient.dll",
    "apis",
    "appdata",
    "appmodel",
    "arg0",
    "asn.1",
    "attrdataver",
    "aui",
    "authentication",
    "authroot",
    "autodial",
    "awareness",
    "b234",
    "b3f9",
    "b5f6",
    "b637",
    "b72e",
    "b75b",
    "b83c",
    "b84ab",
    "b907",
    "backgroundtaskhost.exe",
    "bam",
    "base",
    "based",
    "basesrv.dll",
    "basic",
    "bcp47",
    "bcp47lang.dll",
    "bcrypt.dll",
    "bcryptprimitives.dll",
    "be39",
    "bfd2",
    "binary",
    "build",
    "byfid",
    "cabinet",
    "cabinet.dll",
    "cache",
    "call",
    "catalog",
    "cb03",
    "cbsapi.dll",
    "cbscore.dll",
    "cfgmgr32.dll",
    "ch:microsoft-windows-powershell/operational",
    "ch:microsoft-windows-sysmon/operational",
    "ch:microsoft-windows-taskscheduler/operational",
    "ch:security",
    "ch:system",
    "ch:windows powershell",
    "checking",
    "cimom",
    "classes",
    "clbcatq.dll",
    "click-to-run",
    "clicktorun",
    "client",
    "clientstate",
    "clienttelemetry",
    "clockdata",
    "com",
    "combase.dll",
    "comctl32.dll",
    "commithistory",
    "common",
    "component",
    "componentization",
    "computer",
    "config",
    "configcontextdata",
    "configuration",
    "conhost.exe",
    "conhost.exe-1f3e9d7e.pf",
    "connctiond",
    "connections",
    "connectivity",
    "console",
    "consumption",
    "control",
    "controls",
    "controlset001",
    "copy",
    "core",
    "cortanaui",
    "count",
    "creationtime",
    "crt",
    "crypt32.dll",
    "cryptbase.dll",
    "cryptdll.dll",
    "crypto",
    "cryptographic",
    "cryptography",
    "cryptsp.dll",
    "cryptsvc.dll",
    "csrsrv.dll",
    "ctac",
    "currentactivebit",
    "currentcontrolset",
    "currentversion",
    "custom",
    "d2d",
    "d2d1",
    "d4c82",
    "d74de",
    "d778",
    "da036",
    "data",
    "datastore",
    "dbeb",
    "dbgcore.dll",
    "dbghelp.dll",
    "dcname",
    "dcntel",
    "dcntel.dll",
    "debugging",
    "default",
    "default-first-site-name",
    "delta",
    "demand",
    "desktop",
    "dhcp",
    "dhcpcsvc.dll",
    "dia",
    "diagnosis",
    "diagnostics",
    "diagtrack",
    "diasymreader.dll",
    "directory",
    "directx",
    "disabled",
    "displaylevel",
    "displayname",
    "dll",
    "dnname",
    "dns",
    "dnsapi",
    "domain",
    "domainname",
    "downloadedsettings",
    "downloadscheduled",
    "dpapi.dll",
    "dpx.dll",
    "driver",
    "drivers",
    "drupdate.dll",
    "dsparse.dll",
    "dspath",
    "dsrole.dll",
    "dwmapi.dll",
    "dword",
    "dxcore",
    "dxcore.dll",
    "dxgi.dll",
    "dynamic",
    "dynamicinfo",
    "e40b",
    "ec7a",
    "ecs",
    "eid:1",
    "eid:10",
    "eid:11",
    "eid:12",
    "eid:129",
    "eid:13",
    "eid:1500",
    "eid:18",
    "eid:22",
    "eid:23",
    "eid:3",
    "eid:400",
    "eid:4103",
    "eid:4624",
    "eid:4627",
    "eid:4634",
    "eid:4656",
    "eid:4658",
    "eid:4661",
    "eid:4662",
    "eid:4663",
    "eid:4670",
    "eid:4672",
    "eid:4673",
    "eid:4688",
    "eid:4689",
    "eid:4690",
    "eid:4702",
    "eid:4703",
    "eid:4739",
    "eid:4769",
    "eid:5",
    "eid:5136",
    "eid:5140",
    "eid:5145",
    "eid:5156",
    "eid:5158",
    "eid:600",
    "eid:7",
    "eid:800",
    "eid:9",
    "empty",
    "en-us",
    "enablededitinglanguages",
    "endtimehi",
    "endtimelo",
    "engine",
    "enterprisecertificates",
    "environment",
    "error",
    "etag",
    "etagqueryparameters",
    "eventing",
    "eventlog",
    "expander",
    "experience",
    "experiment",
    "experimentation",
    "experimentconfigs",
    "experimentecs",
    "expid",
    "explorer",
    "explorer.exe",
    "extension-list",
    "extensions",
    "externalfeatureoverrides",
    "f2e6",
    "f537",
    "f6ba",
    "f7ad",
    "f97f",
    "false",
    "fastprox.dll",
    "fb12",
    "ff97",
    "fids",
    "file",
    "files",
    "filesyspath",
    "firstsession",
    "flighting",
    "flightingbranchname",
    "for",
    "framework",
    "frequentupdate",
    "fusion",
    "fwbase.dll",
    "fwp",
    "fwpuclnt.dll",
    "gdi",
    "gdi32",
    "gdiext",
    "globaleventcounter",
    "gpapi.dll",
    "gpolink",
    "gponame",
    "gpstartup",
    "gpsvc",
    "gpsvc.dll",
    "gpt.ini",
    "gpttmpl.inf",
    "gpupdate.exe",
    "gpupdate.exe-4ffd5dfa.pf",
    "graphics",
    "group",
    "grouppolicy",
    "ham",
    "helper",
    "helpers",
    "history",
    "hivelist",
    "hkcr",
    "hklm",
    "hku",
    "hlink.dll",
    "host",
    "hostactivitymanager",
    "hrzr_pgyfrffvba",
    "http",
    "ict",
    "identitycrl",
    "iertutil.dll",
    "image",
    "img:-",
    "img:backgroundtaskhost.exe",
    "img:conhost.exe",
    "img:csrss.exe",
    "img:explorer.exe",
    "img:gpupdate.exe",
    "img:lsass.exe",
    "img:officec2rclient.exe",
    "img:officeclicktorun.exe",
    "img:powershell.exe",
    "img:runtimebroker.exe",
    "img:searchui.exe",
    "img:services.exe",
    "img:svchost.exe",
    "img:system",
    "img:taskhostw.exe",
    "img:tiworker.exe",
    "img:trustedinstaller.exe",
    "img:uhssvc.exe",
    "img:wmiprvse.exe",
    "imm32",
    "information",
    "infrastructure",
    "inputapp_cw5n1h2txyewy",
    "install",
    "installation",
    "installer",
    "intel",
    "interface",
    "internet",
    "iofficeantivirus",
    "iphlpapi.dll",
    "ipsec",
    "ipv4",
    "ipv6",
    "isretailos",
    "isslowlink",
    "kerberos",
    "kerberos.dll",
    "kernel.appcore.dll",
    "kernel32",
    "kernel32.dll",
    "kernelbase.dll",
    "language",
    "languagecomponentsinstaller",
    "languagecomponentsinstaller.dll",
    "languageresources",
    "lastalive0.dat",
    "lastalive1.dat",
    "lastdownloadtime",
    "lastfilewrittenpath",
    "lastfilewrittentime",
    "lasttelsettingsringid",
    "lasttelsettingsringname",
    "layer",
    "ldap",
    "libraries",
    "library",
    "licensing",
    "light-weight",
    "link",
    "list",
    "local",
    "localappdata",
    "localhost",
    "localstate",
    "location",
    "lockdown",
    "loggingstatus",
    "logon",
    "logoncli.dll",
    "logonui.exe",
    "lookup",
    "lparam",
    "lsa",
    "lsasrv.dll",
    "lsass",
    "lsass.exe",
    "lsm.dll",
    "machine",
    "manager",
    "marshaller",
    "marta",
    "microsoft",
    "microsoft.windows.cortana_cw5n1h2txyewy",
    "microsoft.wsman.management.dll",
    "module",
    "modules",
    "mordordc",
    "mpoav.dll",
    "mpssvc.dll",
    "msasn1.dll",
    "msctf",
    "msctf.dll",
    "msi.dll",
    "msv1_0.dll",
    "msvcp140.dll",
    "msvcp_win.dll",
    "msvcrt.dll",
    "mswsock.dll",
    "multi-user",
    "net",
    "netapi32.dll",
    "netprofm.dll",
    "netprofmsvc.dll",
    "netsvcs",
    "netutils.dll",
    "network",
    "networking",
    "networkname",
    "nlaapi.dll",
    "notifications",
    "npfproxy.dll",
    "nsi",
    "nsi.dll",
    "ntdll.dll",
    "ntdsapi.dll",
    "ntmarta.dll",
    "oemmodel",
    "office",
    "officec2rclient.exe",
    "officec2rclient.exe.db-shm",
    "officec2rclient.exe.db-wal",
    "officeclicktorun",
    "officeclicktorun.exe",
    "ole",
    "ole32.dll",
    "oleaut32.dll",
    "oledsldp",
    "ondemandconnroutehelper.dll",
    "onecoreuap",
    "onecoreuapcommonproxystub.dll",
    "onlineid",
    "operating",
    "oprocsessid.dat",
    "options",
    "otele",
    "overridedownloadpolicies",
    "overrides",
    "package",
    "panel",
    "panther",
    "par:gpupdate.exe",
    "par:services.exe",
    "par:svchost.exe",
    "parameters",
    "pbegnanhv",
    "pct",
    "persistent",
    "pgustavo",
    "platform",
    "point",
    "policies",
    "policy",
    "policyapplicationstate",
    "policyoverdue",
    "policystate",
    "power",
    "powershell.exe",
    "powrprof.dll",
    "prefetch",
    "primitives",
    "procedure",
    "process",
    "processormodel",
    "profapi.dll",
    "profile",
    "program",
    "programdata",
    "protection",
    "provider",
    "providers",
    "proxy",
    "psmserviceexthost.dll",
    "publishing",
    "pure",
    "qos",
    "qword",
    "rasadhlp.dll",
    "reason",
    "refreshdatetime",
    "refreshinterval",
    "registry",
    "registry.pol",
    "remediation",
    "remote",
    "reporting",
    "requestor",
    "resource",
    "resourcepolicyclient.dll",
    "resourcepolicyserver.dll",
    "restore",
    "retail",
    "rmclient.dll",
    "root",
    "route",
    "router",
    "rpc",
    "rpcrt4.dll",
    "rpcss.dll",
    "rulesmetadata",
    "run",
    "runtime",
    "sam",
    "samlib.dll",
    "samsrv.dll",
    "scan",
    "schcache",
    "schedule",
    "scheduledtask",
    "scheduler",
    "schema",
    "scm",
    "sddl",
    "sdk",
    "secedit",
    "sechost.dll",
    "secur32.dll",
    "securetimeconfidence",
    "securetimeestimated",
    "securetimehigh",
    "securetimelimits",
    "securetimelow",
    "securetimetickcount",
    "security",
    "self.events.data.microsoft.com",
    "server",
    "service",
    "serviceinstances",
    "services",
    "services.exe",
    "servicestate",
    "servicing",
    "session",
    "sessionidhigh",
    "sessionidlow",
    "settings",
    "settingsparsetype",
    "settingspayloadtype",
    "settingspriority",
    "settingsregistrationtype",
    "settingsrequests",
    "settingstype",
    "setup",
    "setupapi.dll",
    "shadow",
    "shared",
    "shcore",
    "shcore.dll",
    "shell",
    "shell32.dll",
    "shlwapi.dll",
    "sitename",
    "sku",
    "slc.dll",
    "smartcardroot",
    "socket",
    "sockets",
    "software",
    "spp.dll",
    "sppc.dll",
    "srclient.dll",
    "sru",
    "srutmp.log",
    "sspicli.dll",
    "sspisrv.dll",
    "starttime",
    "starttimehi",
    "starttimelo",
    "state",
    "status",
    "storage",
    "store",
    "stub",
    "studio",
    "support",
    "svchost.exe",
    "svchost.exe-17d3b89f.pf",
    "svchost.exe-4ae18004.pf",
    "sxs.dll",
    "symreader",
    "sysmain.dll",
    "sysntfy.dll",
    "system",
    "system32",
    "systemappdata",
    "systemapps",
    "systemcertificates",
    "systemprofile",
    "sysvol",
    "szname",
    "sztargetname",
    "target",
    "task",
    "taskcache",
    "taskhostw.exe",
    "tasks",
    "taskschd.dll",
    "tcpip",
    "telemetry",
    "telemetry.asm-windowssq",
    "telemetry.asm-windowssq.json",
    "telemetry.asm-windowssq.json.new",
    "telemetryupdatehealthtools",
    "temp",
    "terminator",
    "termreason",
    "themeservice.dll",
    "theshire",
    "time",
    "tirunning",
    "tiworker.exe",
    "tiworker.exe-98c4ba76.pf",
    "tracing",
    "transcodedimagecount",
    "trust",
    "trustcenter",
    "trustedinstaller.exe",
    "trustedinstaller.exe-3cc531e5.pf",
    "twinapi.dll",
    "twinui.dll",
    "twinui.pcshell.dll",
    "ubpm",
    "ubpm.dll",
    "ucrtbase.dll",
    "ulscategoriesseverities",
    "ulsmonitor",
    "ulstagids0",
    "unicode",
    "unknown",
    "update",
    "user",
    "user-mode",
    "user32",
    "userassist",
    "userenv",
    "userenv.dll",
    "users",
    "usersettings",
    "utcutil.dll",
    "utility",
    "utils",
    "uxtheme",
    "uxtheme.dll",
    "v1.0",
    "vcruntime140.dll",
    "vcruntime140_1.dll",
    "verification",
    "version",
    "version.dll",
    "vfuprovider",
    "virtual",
    "visual",
    "volatile",
    "volume",
    "vssapi.dll",
    "vsstrace.dll",
    "w32time",
    "wbem",
    "wbemcomn.dll",
    "wbemprox.dll",
    "wbemsvc.dll",
    "wcp.dll",
    "wdscore.dll",
    "wer.dll",
    "wevtapi.dll",
    "win32",
    "win32u",
    "win32u.dll",
    "window",
    "windows",
    "windows.networking.connectivity.dll",
    "windows.staterepository.dll",
    "windows.storage.dll",
    "windowspowershell",
    "windowsselfhost",
    "winhttp.dll",
    "wininet.dll",
    "winlogon",
    "winnsi.dll",
    "winrt",
    "winsock2",
    "winsta.dll",
    "winstation",
    "winsxs",
    "wintrust",
    "wintrust.dll",
    "wldap32.dll",
    "wldp.dll",
    "wmi",
    "wmiprvse.exe",
    "worker",
    "workstation5",
    "workstation5-20200921-1309.log",
    "workstation6",
    "workstations",
    "wosc",
    "writer",
    "ws2_32.dll",
    "wship6.dll",
    "wshqos.dll",
    "wshtcpip.dll",
    "wtsapi32.dll",
    "xmllite",
    "xmllite.dll",
    "zvpebfbsg.jvaqbjf.pbegnan_pj5a1u2gklrjl"
   ]
  },
  {
   "dataset_id": "SDWIN-190301174830",
   "title": "Empire DCSync",
   "techniques": [
    "T1003"
   ],
   "tactics": [
    "TA0006"
   ],
   "event_count": 8465,
   "sample_events": [
    {
     "timestamp": "2020-09-21T22:58:31.654Z",
     "host": "WORKSTATION5.theshire.local",
     "channel": "Microsoft-Windows-Sysmon/Operational",
     "event_id": 10,
     "process": "TrustedInstaller.exe",
     "parent": "",
     "command_line": "",
     "user": ""
    },
    {
     "timestamp": "2020-09-21T22:58:31.654Z",
     "host": "WORKSTATION5.theshire.local",
     "channel": "Microsoft-Windows-Sysmon/Operational",
     "event_id": 5,
     "process": "TiWorker.exe",
     "parent": "",
     "command_line": "",
     "user": ""
    },
    {
     "timestamp": "2020-09-21T22:58:31.655Z",
     "host": "WORKSTATION5.theshire.local",
     "channel": "Microsoft-Windows-Sysmon/Operational",
     "event_id": 12,
     "process": "TrustedInstaller.exe",
     "parent": "",
     "command_line": "",
     "user": ""
    },
    {
     "timestamp": "2020-09-21T22:58:31.655Z",
     "host": "WORKSTATION5.theshire.local",
     "channel": "Microsoft-Windows-Sysmon/Operational",
     "event_id": 5,
     "process": "TrustedInstaller.exe",
     "parent": "",
     "command_line": "",
     "user": ""
    },
    {
     "timestamp": "2020-09-21T22:58:31.656Z",
     "host": "WORKSTATION5.theshire.local",
     "channel": "Microsoft-Windows-Sysmon/Operational",
     "event_id": 12,
     "process": "powershell.exe",
     "parent": "",
     "command_line": "",
     "user": ""
    },
    {
     "timestamp": "2020-09-21T22:58:31.656Z",
     "host": "WORKSTATION5.theshire.local",
     "channel": "Microsoft-Windows-Sysmon/Operational",
     "event_id": 10,
     "process": "svchost.exe",
     "parent": "",
     "command_line": "",
     "user": ""
    },
    {
     "timestamp": "2020-09-21T22:58:31.656Z",
     "host": "WORKSTATION5.theshire.local",
     "channel": "Microsoft-Windows-Sysmon/Operational",
     "event_id": 10,
     "process": "svchost.exe",
     "parent": "",
     "command_line": "",
     "user": ""
    },
    {
     "timestamp": "2020-09-21T22:58:31.657Z",
     "host": "WORKSTATION5.theshire.local",
     "channel": "Microsoft-Windows-Sysmon/Operational",
     "event_id": 10,
     "process": "svchost.exe",
     "parent": "",
     "command_line": "",
     "user": ""
    },
    {
     "timestamp": "2020-09-21T22:58:31.658Z",
     "host": "WORKSTATION5.theshire.local",
     "channel": "Microsoft-Windows-Sysmon/Operational",
     "event_id": 10,
     "process": "svchost.exe",
     "parent": "",
     "command_line": "",
     "user": ""
    },
    {
     "timestamp": "2020-09-21T22:58:34.667Z",
     "host": "WORKSTATION5.theshire.local",
     "channel": "Microsoft-Windows-Sysmon/Operational",
     "event_id": 12,
     "process": "Explorer.EXE",
     "parent": "",
     "command_line": "",
     "user": ""
    },
    {
     "timestamp": "2020-09-21T22:58:34.668Z",
     "host": "WORKSTATION5.theshire.local",
     "channel": "Microsoft-Windows-Sysmon/Operational",
     "event_id": 13,
     "process": "Explorer.EXE",
     "parent": "",
     "command_line": "",
     "user": ""
    },
    {
     "timestamp": "2020-09-21T22:58:34.668Z",
     "host": "WORKSTATION5.theshire.local",
     "channel": "Microsoft-Windows-Sysmon/Operational",
     "event_id": 10,
     "process": "svchost.exe",
     "parent": "",
     "command_line": "",
     "user": ""
    }
   ],
   "tokens": [
    "-0000",
    "-0001",
    "-0002",
    "-0003",
    "-0004",
    "-embedding",
    "-secured",
    ".default",
    ".net",
    "0x00000000-0x10b91093",
    "0x01d69062-0x70007011",
    "0x01d6906a-0xcaf52ee9",
    "0x01d6906a-0xcaf5e813",
    "0x01d6906a-0xd1c4d811",
    "0x01d69073-0x33894011",
    "0x1000",
    "0x1478",
    "0x3000",
    "0x40",
    "1008d",
    "106fe",
    "108a0",
    "10daa",
    "111b6",
    "1260d",
    "1364b",
    "1460a",
    "1497b",
    "16.0",
    "172.18.38.5",
    "176b9",
    "177c",
    "179a6",
    "1852f",
    "19e3b",
    "1a172",
    "1a207",
    "1a72",
    "1be93",
    "1bf95",
    "1c32b",
    "1c9af",
    "1e507",
    "1e509",
    "1e689",
    "1e6a5",
    "1e7be",
    "1e899",
    "2.0",
    "222a3",
    "2231c",
    "223f5",
    "29e00",
    "2d2f4",
    "2fba",
    "305fe",
    "3081d",
    "30b5b",
    "314c9",
    "32-bit",
    "37b1c",
    "44b1f",
    "47d23",
    "47d62",
    "55ec3",
    "567b6",
    "59e1a",
    "5af4",
    "6aec5",
    "6ce5f",
    "763a",
    "76a53",
    "895c",
    "8bd0",
    "9c534",
    "9d104",
    "9d8e4",
    "a5df",
    "adapters",
    "advanced",
    "advapi32.dll",
    "and",
    "anonymous",
    "api",
    "apis",
    "appmodel",
    "assembly",
    "authorization",
    "authz.dll",
    "b72e",
    "b83c",
    "b84ab",
    "base",
    "based",
    "basesrv.dll",
    "bcrypt.dll",
    "bcryptprimitives.dll",
    "binary",
    "bindpaths",
    "bindrules",
    "cabinet",
    "cabinet.dll",
    "call",
    "captureenabled",
    "card",
    "catalog",
    "ch:microsoft-windows-powershell/operational",
    "ch:microsoft-windows-sysmon/operational",
    "ch:microsoft-windows-wmi-activity/operational",
    "ch:security",
    "ch:windows powershell",
    "checking",
    "cimwin32.dll",
    "class",
    "clbcatq.dll",
    "client",
    "clients",
    "clienttelemetry",
    "com",
    "combase.dll",
    "common",
    "component",
    "configuration",
    "conhost.exe",
    "connections",
    "control",
    "controlset001",
    "credential",
    "crt",
    "cryptdll.dll",
    "cryptographic",
    "cryptography",
    "csrsrv.dll",
    "ctfmon.exe",
    "currentcontrolset",
    "currentversion",
    "custom",
    "d4c82",
    "da036",
    "data",
    "default",
    "desktop",
    "device",
    "devinfoset.dll",
    "dia",
    "diasymreader.dll",
    "diffie-hellman",
    "displays",
    "dll",
    "dss",
    "dssenh.dll",
    "dwm.exe",
    "dword",
    "eid:1",
    "eid:10",
    "eid:11",
    "eid:12",
    "eid:13",
    "eid:17",
    "eid:18",
    "eid:22",
    "eid:23",
    "eid:3",
    "eid:400",
    "eid:4103",
    "eid:4624",
    "eid:4627",
    "eid:4634",
    "eid:4656",
    "eid:4658",
    "eid:4662",
    "eid:4663",
    "eid:4670",
    "eid:4672",
    "eid:4673",
    "eid:4688",
    "eid:4689",
    "eid:4690",
    "eid:4703",
    "eid:4769",
    "eid:5",
    "eid:5140",
    "eid:5145",
    "eid:5156",
    "eid:5158",
    "eid:5857",
    "eid:600",
    "eid:7",
    "eid:800",
    "eid:9",
    "enhanced",
    "environment",
    "eventlog",
    "explorer.exe",
    "f2e6",
    "f6ba",
    "f7ad",
    "f97f",
    "fastprox.dll",
    "ff97",
    "file",
    "filter",
    "filterlib.dll",
    "filterlist",
    "filters",
    "fontdrvhost.exe",
    "for",
    "framedyn.dll",
    "framework",
    "functionality",
    "gdi",
    "gdi32",
    "helper",
    "helpers",
    "hid",
    "hid.dll",
    "hkcr",
    "hklm",
    "hku",
    "host",
    "i_afadd6d4-2be5-4ac5-8d57-50bfe5187e66",
    "img:-",
    "img:conhost.exe",
    "img:csrss.exe",
    "img:explorer.exe",
    "img:lsass.exe",
    "img:networkwatcheragent.exe",
    "img:officeclicktorun.exe",
    "img:powershell.exe",
    "img:services.exe",
    "img:svchost.exe",
    "img:system",
    "img:tiworker.exe",
    "img:trustedinstaller.exe",
    "img:whoami.exe",
    "img:wmiprvse.exe",
    "imm32",
    "information",
    "inputapp_cw5n1h2txyewy",
    "installation",
    "interface",
    "interfaces",
    "internet",
    "kerberos",
    "kerberos.dll",
    "kernel",
    "kernel.appcore.dll",
    "kernel32",
    "kernel32.dll",
    "kernelbase.dll",
    "lastalive1.dat",
    "layer",
    "ldap",
    "libraries",
    "library",
    "light-weight",
    "linkage",
    "logfiles",
    "logged",
    "logon",
    "logoncli.dll",
    "lookup",
    "lsa",
    "lsasrv.dll",
    "lsass.exe",
    "lsm.dll",
    "machine",
    "manager",
    "marshaller",
    "microsoft",
    "microsoft.wsman.management.dll",
    "mordordc",
    "msvcp_win.dll",
    "msvcrt.dll",
    "multi-user",
    "nativeimages_v4.0.30319_64",
    "ncobjapi.dll",
    "ndiscap",
    "net",
    "netapi32.dll",
    "nettrace",
    "netutils.dll",
    "networksetup2",
    "nsi",
    "ntdll.dll",
    "objects",
    "office",
    "officeclicktorun.exe",
    "oleaut32.dll",
    "operating",
    "package",
    "panel",
    "par:powershell.exe",
    "par:powershell.exe\"",
    "par:svchost.exe",
    "parameters",
    "performance",
    "perfos.dll",
    "pipe",
    "power",
    "powershell.exe",
    "powrprof.dll",
    "prefetch",
    "primitives",
    "procedure",
    "profile",
    "properties",
    "protocollist",
    "protocols",
    "provider",
    "psched",
    "psmserviceexthost.dll",
    "qword",
    "refcount",
    "registry",
    "remote",
    "rpcrt4.dll",
    "rpcss.dll",
    "rtbackup",
    "rulesmetadata",
    "runtime",
    "sam",
    "samlib.dll",
    "scm",
    "sddl",
    "sdk",
    "sechost.dll",
    "securetimeconfidence",
    "securetimeestimated",
    "securetimehigh",
    "securetimelimits",
    "securetimelow",
    "securetimetickcount",
    "security",
    "server",
    "service",
    "services",
    "servicestate",
    "servicing",
    "session",
    "set",
    "settings",
    "setup",
    "setupapi.dll",
    "shell",
    "shlwapi.dll",
    "sihost.exe",
    "skipndisadapterskeygeneration",
    "smart",
    "socket",
    "software",
    "srvcli.dll",
    "sspicli.dll",
    "sspisrv.dll",
    "start",
    "starttime",
    "state",
    "support",
    "svchost.exe",
    "symreader",
    "sysmain.dll",
    "system",
    "system.ni.dll",
    "system32",
    "systemapps",
    "sysvol",
    "tcpip",
    "temp",
    "tirunning",
    "tiworker.exe",
    "transcodedimagecount",
    "trustedinstaller.exe",
    "types",
    "ucrtbase.dll",
    "ulscategoriesseverities",
    "ulsmonitor",
    "ulstagids0",
    "upperbind",
    "user",
    "user32",
    "utility",
    "v1.0",
    "vault",
    "vaultcli.dll",
    "version",
    "version.dll",
    "vfuprovider",
    "w32time",
    "wbem",
    "wbemcomn.dll",
    "wbemprox.dll",
    "wbemsvc.dll",
    "wfplwfs",
    "whoami",
    "whoami.exe",
    "whoami.exe-b8288e39.pf",
    "win32",
    "win32u",
    "win32u.dll",
    "windows",
    "windows.staterepository.dll",
    "windowspowershell",
    "winlogon",
    "winscard.dll",
    "winsta.dll",
    "winstation",
    "winsxs",
    "wintypes.dll",
    "wkscli.dll",
    "wldap32.dll",
    "wmi",
    "wmi.dll",
    "wmiclnt.dll",
    "wmiprvsd.dll",
    "wmiprvse.exe",
    "wmiprvse.exe-1628051c.pf",
    "wmiutils.dll",
    "workstation",
    "workstation5",
    "ws2_32.dll"
   ]
  },
  {
   "dataset_id": "SDWIN-190319023812",
   "title": "Empire Userland Registry Run Keys",
   "techniques": [
    "T1547"
   ],
   "tactics": [
    "TA0003"
   ],
   "event_count": 20000,
   "sample_events": [
    {
     "timestamp": "2020-09-04T07:06:11.274Z",
     "host": "WORKSTATION6.theshire.local",
     "channel": "Microsoft-Windows-Sysmon/Operational",
     "event_id": 13,
     "process": "lsass.exe",
     "parent": "",
     "command_line": "",
     "user": ""
    },
    {
     "timestamp": "2020-09-04T07:06:11.275Z",
     "host": "WORKSTATION6.theshire.local",
     "channel": "Microsoft-Windows-Sysmon/Operational",
     "event_id": 13,
     "process": "lsass.exe",
     "parent": "",
     "command_line": "",
     "user": ""
    },
    {
     "timestamp": "2020-09-04T07:06:11.276Z",
     "host": "WORKSTATION6.theshire.local",
     "channel": "Microsoft-Windows-Sysmon/Operational",
     "event_id": 13,
     "process": "lsass.exe",
     "parent": "",
     "command_line": "",
     "user": ""
    },
    {
     "timestamp": "2020-09-04T07:06:11.276Z",
     "host": "WORKSTATION6.theshire.local",
     "channel": "Microsoft-Windows-Sysmon/Operational",
     "event_id": 12,
     "process": "lsass.exe",
     "parent": "",
     "command_line": "",
     "user": ""
    },
    {
     "timestamp": "2020-09-04T07:06:11.276Z",
     "host": "WORKSTATION6.theshire.local",
     "channel": "Microsoft-Windows-Sysmon/Operational",
     "event_id": 13,
     "process": "lsass.exe",
     "parent": "",
     "command_line": "",
     "user": ""
    },
    {
     "timestamp": "2020-09-04T07:06:11.277Z",
     "host": "WORKSTATION6.theshire.local",
     "channel": "Microsoft-Windows-Sysmon/Operational",
     "event_id": 13,
     "process": "lsass.exe",
     "parent": "",
     "command_line": "",
     "user": ""
    },
    {
     "timestamp": "2020-09-04T07:06:11.278Z",
     "host": "WORKSTATION6.theshire.local",
     "channel": "Microsoft-Windows-Sysmon/Operational",
     "event_id": 13,
     "process": "lsass.exe",
     "parent": "",
     "command_line": "",
     "user": ""
    },
    {
     "timestamp": "2020-09-04T07:06:11.278Z",
     "host": "WORKSTATION6.theshire.local",
     "channel": "Microsoft-Windows-Sysmon/Operational",
     "event_id": 13,
     "process": "lsass.exe",
     "parent": "",
     "command_line": "",
     "user": ""
    },
    {
     "timestamp": "2020-09-04T07:06:11.278Z",
     "host": "WORKSTATION6.theshire.local",
     "channel": "Microsoft-Windows-Sysmon/Operational",
     "event_id": 13,
     "process": "lsass.exe",
     "parent": "",
     "command_line": "",
     "user": ""
    },
    {
     "timestamp": "2020-09-04T07:06:11.279Z",
     "host": "WORKSTATION6.theshire.local",
     "channel": "Microsoft-Windows-Sysmon/Operational",
     "event_id": 12,
     "process": "lsass.exe",
     "parent": "",
     "command_line": "",
     "user": ""
    },
    {
     "timestamp": "2020-09-04T07:06:11.279Z",
     "host": "WORKSTATION6.theshire.local",
     "channel": "Microsoft-Windows-Sysmon/Operational",
     "event_id": 13,
     "process": "lsass.exe",
     "parent": "",
     "command_line": "",
     "user": ""
    },
