    {
     "timestamp": "2020-09-20T06:57:18.388Z",
     "host": "WORKSTATION6.theshire.local",
     "channel": "Microsoft-Windows-Sysmon/Operational",
     "event_id": 13,
     "process": "svchost.exe",
     "parent": "",
     "command_line": "",
     "user": ""
    }
   ],
   "tokens": [
    "-0000",
    "-0001",
    "-0002",
    "-0003",
    "-0004",
    "-embedding",
    "-enc",
    "-filename",
    "-forcev1",
    "-ge",
    "-mode",
    "-nop",
    "-secured",
    "-sta",
    ".assembly.gettype",
    ".default",
    ".net",
    ".netframework",
    ".ps1",
    ".ps1xml",
    "0.000000",
    "0.876168",
    "0.925272",
    "0x00000000-0x00000000",
    "0x00000000-0x00000927",
    "0x00000000-0x00000a41",
    "0x00000000-0x00013c78",
    "0x00000000-0x00015649",
    "0x00000000-0x00bb8cde",
    "0x00000000-0x00dcb99c",
    "0x00000000-0x0823c56f",
    "0x00000000-0x08800000",
    "0x00000000-0x45100000",
    "0x00000000-0x4d900000",
    "0x00000000-0x4fbbbca0",
    "0x01d68f13-0x280eda58",
    "0x01d68f1b-0x6081dd1c",
    "0x01d68f1b-0x6082e5b9",
    "0x01d68f1b-0x84458698",
    "0x01d68f1b-0x8445e634",
    "0x01d68f1b-0x89d34258",
    "0x01d68f23-0xeb97aa58",
    "0x01d68f65-0x726c6c45",
    "0x01d68f65-0xa90b813b",
    "0x01d68f66-0xb9a5bd3f",
    "0x01d68f66-0xefd9b7e4",
    "0x1000",
    "0x1410",
    "0x1478",
    "0x3000",
    "0x40",
    "10.10.10.5",
    "1008d",
    "106fe",
    "108a0",
    "10daa",
    "111b6",
    "1172e",
    "1184f",
    "1260d",
    "134fb",
    "1364b",
    "1497b",
    "149f7",
    "172.18.38.5",
    "172.18.39.6",
    "176b9",
    "177c",
    "179a6",
    "1852f",
    "19e3b",
    "1a172",
    "1a207",
    "1a72",
    "1b1ac",
    "1be93",
    "1bf95",
    "1c32b",
    "1c9af",
    "1e509",
    "1e689",
    "1e6a5",
    "1e7be",
    "1e899",
    "1fe7",
    "1wimc",
    "2.0",
    "222a3",
    "24cb1",
    "251fa",
    "29e00",
    "2d2f4",
    "2fba",
    "305fe",
    "3081d",
    "30b5b",
    "314c9",
    "32-bit",
    "37b1c",
    "4.18.2008.9-0",
    "40.91.80.89",
    "44b1f",
    "47d23",
    "47d62",
    "55ec3",
    "567b6",
    "59e1a",
    "5af4",
    "5fd9",
    "6866.getvalue",
    "6aec5",
    "6ce5f",
    "6ead",
    "763a",
    "76a53",
    "895c",
    "8bd0",
    "9c534",
    "9d104",
    "9d8e4",
    "__psscriptpolicytest_0kg2yseq.oke.psm1",
    "__psscriptpolicytest_r0h5clvp.e5m.ps1",
    "a5df",
    "access",
    "accessflags",
    "accounts",
    "adapters",
    "advanced",
    "advapi32.dll",
    "amsi.dll",
    "and",
    "anonymous",
    "anti-malware",
    "api",
    "api32",
    "apis",
    "appdata",
    "applicationframehost.exe",
    "appmodel",
    "appvshnotify.exe",
    "appx",
    "appxsip.dll",
    "asn.1",
    "assembly",
    "atl",
    "atl.dll",
    "audiodg.exe",
    "authorization",
    "authroot",
    "authz.dll",
    "autodial",
    "awareness",
    "b234",
    "b72e",
    "bam",
    "base",
    "basesrv.dll",
    "basic",
    "bcrypt.dll",
    "bcryptprimitives.dll",
    "bf82",
    "bfbdn",
    "binary",
    "bindpaths",
    "bindrules",
    "bing",
    "bkdownloadratepct",
    "branding",
    "bzh",
    "cache",
    "cachedgrouppolicysettings",
    "cachedsizes",
    "cacheserverconnectioncount",
    "cachesizebytes",
    "call",
    "callername",
    "captureenabled",
    "catalog",
    "cdnconnectioncount",
    "cdnurl",
    "certificates",
    "cfgmgr32.dll",
    "ch:microsoft-windows-powershell/operational",
    "ch:microsoft-windows-sysmon/operational",
    "ch:microsoft-windows-wmi-activity/operational",
    "ch:security",
    "ch:system",
    "ch:windows powershell",
    "checking",
    "cimom",
    "cimwin32.dll",
    "class",
    "clbcatq.dll",
    "click-to-run",
    "clicktorun",
    "client",
    "clients",
    "clr.dll",
    "clrjit.dll",
    "cmd",
    "cmd.exe",
    "cmd.exe-4a81b364.pf",
    "code",
    "collectguestlogs",
    "collectguestlogs.exe",
    "collectguestlogs.exe-d33bfa9a.pf",
    "collectguestlogstemp",
    "com",
    "combase.dll",
    "coml2.dll",
    "command",
    "commands",
    "common",
    "compiler",
    "comspec",
    "config",
    "configuration",
    "conhost.exe",
    "conhost.exe-1f3e9d7e.pf",
    "connctiond",
    "connection",
    "connections",
    "console",
    "control",
    "controlset001",
    "correlationvector",
    "crls",
    "crt",
    "crypt32.dll",
    "cryptbase.dll",
    "crypto",
    "cryptographic",
    "cryptsp.dll",
    "cscapi.dll",
    "csrsrv.dll",
    "csrss.exe",
    "ctfmon.exe",
    "ctls",
    "currentcontrolset",
    "currentversion",
    "custom",
    "da036",
    "data",
    "default",
    "defender",
    "deleteflag",
    "deliveryoptimization",
    "demand",
    "desktop",
    "device",
    "dhcp",
    "dhcpcsvc.dll",
    "dhcpcsvc6.dll",
    "dhcpv6",
    "disallowed",
    "displayname",
    "displays",
    "dll",
    "dllhost.exe",
    "dns",
    "dnsapi",
    "dodownloadmode",
    "downlinkbps",
    "downloaddurationmsecs",
    "downloadmode_backcompat",
    "downloadmonthlycdnbytes",
    "downloadmonthlyinternetbytes",
    "downloadmonthlylanbytes",
    "downloadmonthlyratebkbps",
    "downloadmonthlyratefrbps",
    "downloadstats",
    "dsrole.dll",
    "dwm.exe",
    "dwmapi.dll",
    "dword",
    "e-mail",
    "e40b",
    "eid:1",
    "eid:10",
    "eid:11",
    "eid:12",
    "eid:13",
    "eid:17",
    "eid:18",
    "eid:22",
    "eid:23",
    "eid:3",
    "eid:400",
    "eid:40961",
    "eid:40962",
    "eid:4103",
    "eid:4104",
    "eid:4624",
    "eid:4627",
    "eid:4634",
    "eid:4656",
    "eid:4658",
    "eid:4663",
    "eid:4670",
    "eid:4672",
    "eid:4673",
    "eid:4688",
    "eid:4689",
    "eid:4690",
    "eid:4697",
    "eid:4703",
    "eid:4776",
    "eid:5",
    "eid:5140",
    "eid:5145",
    "eid:5156",
    "eid:5158",
    "eid:53504",
    "eid:5857",
    "eid:600",
    "eid:7",
    "eid:7009",
    "eid:7040",
    "eid:7045",
    "eid:800",
    "eid:9",
    "enablescriptb",
    "enablescriptblockinvocationlogging",
    "engine",
    "enhanced",
    "enterprisecertificates",
    "environment",
    "errorcontrol",
    "event",
    "eventlog",
    "execution",
    "expireatoverride",
    "expireattimeft",
    "explorer",
    "explorer.exe",
    "extension",
    "extensions",
    "f2e6",
    "f6ba",
    "f7ad",
    "f97f",
    "fastprox.dll",
    "ff97",
    "file",
    "files",
    "filterlist",
    "filters",
    "fontdrvhost.exe",
    "for",
    "framedyn.dll",
    "framework",
    "frdownloadratepct",
    "fwp",
    "fwpuclnt.dll",
    "gdi",
    "gdi32",
    "getfie",
    "gpapi.dll",
    "group",
    "groupconnectioncount",
    "harddiskvolume2",
    "hashid",
    "helper",
    "helpers",
    "hkcr",
    "hklm",
    "hku",
    "host",
    "hrdfj",
    "http",
    "httpconnectioncount",
    "i_cae5f14f-6210-49cd-8685-60acee77f7c8",
    "i_df4d73a6-25f6-4acb-b987-0e0e7ddea703",
    "iertutil.dll",
    "ilixz.2.104",
    "imagepath",
    "img:-",
    "img:cmd.exe",
    "img:collectguestlogs.exe",
    "img:conhost.exe",
    "img:csrss.exe",
    "img:lsass.exe",
    "img:networkwatcheragent.exe",
    "img:powershell.exe",
    "img:services.exe",
    "img:svchost.exe",
    "img:system",
    "img:whoami.exe",
    "img:windowsazureguestagent.exe",
    "img:wmiprvse.exe",
    "imm32",
    "information",
    "inputapp_cw5n1h2txyewy",
    "installation",
    "installer",
    "interface",
    "interfaces",
    "internet",
    "internetconnectioncount",
    "iofficeantivirus",
    "ipc",
    "iphlpapi.dll",
    "ipsec",
    "ispinned",
    "just-in-time",
    "kernel",
    "kernel.appcore.dll",
    "kernel32",
    "kernel32.dll",
    "kernelbase.dll",
    "lanconnectioncount",
    "language",
    "lastalive0.dat",
    "lastalive1.dat",
    "layer",
    "ldap",
    "libraries",
    "library",
    "light-weight",
    "linkage",
    "linklocalconnectioncount",
    "local",
    "localhost",
    "localsystem",
    "location",
    "lockdown",
    "locklogging",
    "logfiles",
    "logged",
    "logon",
    "logoncli.dll",
    "logonui.exe",
    "lookup",
    "lsa",
    "lsasrv.dll",
    "lsass.exe",
    "lsm.dll",
    "lyfaow8xzeaz8xis.2.103",
    "lzf",
    "machine",
    "management",
    "manager",
    "marshaller",
    "memcompression",
    "microsoft",
    "microsoft.management.infrastructure.dll",
    "microsoft.powershell.consolehost",
    "microsoft.powershell.consolehost.dll",
    "microsoft.powershell.security.dll",
    "microsoftsearchinbing.exe",
    "mintdh.dll",
    "module",
    "monthid",
    "monthlyuploadrestriction",
    "moveexcel4.exe",
    "mpclient.dll",
    "mpoav.dll",
    "msasn1.dll",
    "mscoree.dll",
    "mscoreei.dll",
    "mscorlib.dll",
    "msctf",
    "msctf.dll",
    "msi",
    "msisip.dll",
    "msmpeng.exe",
    "msvcp_win.dll",
    "msvcrt.dll",
    "mswsock.dll",
    "multi-user",
    "name",
    "naming",
    "napinsp.dll",
    "native",
    "nativeimages_v4.0.30319_64",
    "ncobjapi.dll",
    "ndiscap",
    "net",
    "netapi32.dll",
    "nettrace",
    "netutils.dll",
    "network",
    "networkservice",
    "networksetup2",
    "nlaapi.dll",
    "normaldownloadcount",
    "normaldownloadpendingcount",
    "nsi",
    "nsi.dll",
    "ntdll.dll",
    "ntsvcs",
    "null",
    "objectname",
    "office",
    "officeclicktorun.exe",
    "offline",
    "ohee2cyvbx.2.82",
    "ole",
    "ole32",
    "ole32.dll",
    "oleaut32.dll",
    "ondemandconnroutehelper.dll",
    "onpublic",
    "opc",
    "opcservices.dll",
    "operating",
    "package",
    "par:\"cmd\"",
    "par:\"collectguestlogs.exe\"",
    "par:cmd.exe",
    "par:collectguestlogs.exe",
    "par:powershell",
    "par:powershell.exe",
    "par:services.exe",
    "par:svchost.exe",
    "par:waappagent.exe",
    "parameters",
    "peercount",
    "peerhttp",
    "peerid",
    "peerinfocount",
    "pgujloakfqfvomhgfqpx",
    "pgustavo",
    "pipe",
    "pksdxqsv.2.81",
    "platform",
    "pnctgqfi6u",
    "pnrp",
    "pnrpnsp.dll",
    "policies",
    "policy",
    "power",
    "powershell",
    "powershell.exe",
    "powershell.exe-920bba2a.pf",
    "powrprof.dll",
    "prefetch",
    "primitives",
    "prioritydownloadcount",
    "prioritydownloadpendingcount",
    "procedure",
    "process",
    "processor",
    "profapi.dll",
    "profile",
    "program",
    "programdata",
    "properties",
    "protocollist",
    "protocols",
    "provider",
    "providers",
    "psapi",
    "psched",
    "psmserviceexthost.dll",
    "psversiontable.psversion.major",
    "publishing",
    "pwrshsip.dll",
    "qword",
    "rank",
    "rasadhlp.dll",
    "rasapi32.dll",
    "rasman.dll",
    "rawbytes",
    "rdpclip.exe",
    "ref",
    "refcount",
    "registry",
    "remote",
    "resources",
    "rnr",
    "rnz",
    "root",
    "route",
    "routing",
    "rpcrt4.dll",
    "rpcss.dll",
    "rsaenh.dll",
    "rtbackup",
    "rtutils.dll",
    "run",
    "runtime",
    "runtimebroker.exe",
    "samcli.dll",
    "scan",
    "schannel",
    "schannel.dll",
    "schedcli.dll",
    "scheduler",
    "scm",
    "script",
    "scriptb",
    "sddl",
    "sdk",
    "search",
    "searchindexer.exe",
    "sechost.dll",
    "secur32.dll",
    "securetimeconfidence",
    "securetimeestimated",
    "securetimehigh",
    "securetimelimits",
    "securetimelow",
    "securetimetickcount",
    "security",
    "security.dll",
    "securityhealthhost.exe",
    "securityhealthservice.exe",
    "securityhealthsystray.exe",
    "securityproviders",
    "server",
    "service",
    "serviceprofiles",
    "services",
    "services.exe",
    "servicesactive",
    "servicestate",
    "session",
    "sessionid",
    "settings",
    "setup",
    "sgrmbroker.exe",
    "shared",
    "shcore",
    "shcore.dll",
    "shell",
    "shell32.dll",
    "shim",
    "shlwapi.dll",
    "signature",
    "signing",
    "sihost.exe",
    "sip",
    "skipndisadapterskeygeneration",
    "smartcardroot",
    "smartscreen.exe",
    "smss.exe",
    "socket",
    "sockets",
    "software",
    "space",
    "spoolsv.exe",
    "srvcli.dll",
    "srvsvc",
    "ssl",
    "sspicli.dll",
    "sspisrv.dll",
    "start",
    "starttime",
    "state",
    "static",
    "status",
    "storage",
    "storagepolicy",
    "storagesense",
    "studio",
    "subject",
    "support",
    "svchost.exe",
    "swarmcount",
    "swarms",
    "sysmain.dll",
    "sysmon.exe",
    "system",
    "system.configuration.dll",
    "system.configuration.install.dll",
    "system.core.dll",
    "system.data.dll",
    "system.directoryservices.dll",
    "system.dll",
    "system.management.automation",
    "system.management.automation.dll",
    "system.management.automation.utils",
    "system.management.dll",
    "system.ni.dll",
    "system.numerics.dll",
    "system.security.dll",
    "system.transactions.dll",
    "system.xml.dll",
    "system32",
    "systemapps",
    "systemcertificates",
    "taskhostw.exe",
    "tcpip",
    "tdh.dll",
    "temp",
    "time",
    "tls",
    "trace",
    "tracing",
    "trust",
    "trustedpeople",
    "type",
    "ucrtbase.dll",
    "ucrtbase_clr0400.dll",
    "udo5isq",
    "unicode",
    "unsecapp.exe",
    "uplinkbps",
    "upload",
    "uploadcount",
    "uploadforsecs",
    "uploadmonthlyinternetbytes",
    "uploadmonthlylanbytes",
    "uploadratepct",
    "uploadstats",
    "upperbind",
    "urlmon.dll",
    "usage",
    "user",
    "user-mode",
    "user32",
    "userenv",
    "userenv.dll",
    "users",
    "usersettings",
    "utilities",
    "utility",
    "uxtheme",
    "uxtheme.dll",
    "v1.0",
    "validbytes",
    "vcruntime140_clr0400.dll",
    "verification",
    "verifying",
    "version",
    "version.dll",
    "vfuprovider",
    "visual",
    "w32time",
    "wbem",
    "wbemcomn.dll",
    "wbemprox.dll",
    "wbemsvc.dll",
    "wfplwfs",
    "whoami",
    "whoami.exe",
    "whoami.exe-b8288e39.pf",
    "win32",
    "win32u",
    "win32u.dll",
    "winbrand.dll",
    "window",
    "windows",
    "windows.storage.dll",
    "windowsazure",
    "windowspowershell",
    "winhttp.dll",
    "wininit.exe",
    "winlogon",
    "winlogon.exe",
    "winrnr",
    "winrt",
    "wintrust",
    "wintrust.dll",
    "wkscli.dll",
    "wkssvc",
    "wldp.dll",
    "wmi",
    "wminet_utils.dll",
    "wmiprvsd.dll",
    "wmiprvse.exe",
    "wmiprvse.exe-1628051c.pf",
    "wmiutils.dll",
    "workingdir",
    "workstation",
    "ws2_32.dll",
    "wshbth.dll",
    "wshext.dll",
    "wsman",
    "x86",
    "xmllite",
    "xmllite.dll"
   ]
  },
  {
   "dataset_id": "SDWIN-190518210652",
   "title": "Empire Invoke PsExec",
   "techniques": [
    "T1021"
   ],
   "tactics": [
    "TA0002",
    "TA0008"
   ],
   "event_count": 4348,
   "sample_events": [
    {
     "timestamp": "2020-09-20T16:16:09.362Z",
     "host": "WORKSTATION5.theshire.local",
     "channel": "Microsoft-Windows-Sysmon/Operational",
     "event_id": 10,
     "process": "svchost.exe",
     "parent": "",
     "command_line": "",
     "user": ""
    },
    {
     "timestamp": "2020-09-20T16:16:09.363Z",
     "host": "WORKSTATION5.theshire.local",
     "channel": "Microsoft-Windows-Sysmon/Operational",
     "event_id": 10,
     "process": "svchost.exe",
     "parent": "",
     "command_line": "",
     "user": ""
    },
    {
     "timestamp": "2020-09-20T16:16:09.363Z",
     "host": "WORKSTATION5.theshire.local",
     "channel": "Microsoft-Windows-Sysmon/Operational",
     "event_id": 10,
     "process": "svchost.exe",
     "parent": "",
     "command_line": "",
     "user": ""
    },
    {
     "timestamp": "2020-09-20T16:16:09.364Z",
     "host": "WORKSTATION5.theshire.local",
     "channel": "Microsoft-Windows-Sysmon/Operational",
     "event_id": 10,
     "process": "svchost.exe",
     "parent": "",
     "command_line": "",
     "user": ""
    },
    {
     "timestamp": "2020-09-20T16:16:09.368Z",
     "host": "WORKSTATION6.theshire.local",
     "channel": "Microsoft-Windows-Sysmon/Operational",
     "event_id": 10,
     "process": "svchost.exe",
     "parent": "",
     "command_line": "",
     "user": ""
    },
    {
     "timestamp": "2020-09-20T16:16:09.369Z",
     "host": "WORKSTATION6.theshire.local",
     "channel": "Microsoft-Windows-Sysmon/Operational",
     "event_id": 10,
     "process": "svchost.exe",
     "parent": "",
     "command_line": "",
     "user": ""
    },
    {
     "timestamp": "2020-09-20T16:16:09.369Z",
     "host": "WORKSTATION6.theshire.local",
     "channel": "Microsoft-Windows-Sysmon/Operational",
     "event_id": 10,
     "process": "svchost.exe",
     "parent": "",
     "command_line": "",
     "user": ""
    },
    {
     "timestamp": "2020-09-20T16:16:10.369Z",
     "host": "WORKSTATION5.theshire.local",
     "channel": "Microsoft-Windows-Sysmon/Operational",
     "event_id": 10,
     "process": "svchost.exe",
     "parent": "",
     "command_line": "",
     "user": ""
    },
    {
     "timestamp": "2020-09-20T16:16:10.370Z",
     "host": "WORKSTATION5.theshire.local",
     "channel": "Microsoft-Windows-Sysmon/Operational",
     "event_id": 10,
     "process": "svchost.exe",
     "parent": "",
     "command_line": "",
     "user": ""
    },
    {
     "timestamp": "2020-09-20T16:16:10.371Z",
     "host": "WORKSTATION5.theshire.local",
     "channel": "Microsoft-Windows-Sysmon/Operational",
     "event_id": 10,
     "process": "svchost.exe",
     "parent": "",
     "command_line": "",
     "user": ""
    },
    {
     "timestamp": "2020-09-20T16:16:10.372Z",
     "host": "WORKSTATION5.theshire.local",
     "channel": "Microsoft-Windows-Sysmon/Operational",
     "event_id": 10,
     "process": "svchost.exe",
     "parent": "",
     "command_line": "",
     "user": ""
    },
    {
     "timestamp": "2020-09-20T16:16:10.372Z",
     "host": "WORKSTATION6.theshire.local",
     "channel": "Microsoft-Windows-Sysmon/Operational",
     "event_id": 10,
     "process": "svchost.exe",
     "parent": "",
     "command_line": "",
     "user": ""
    }
   ],
   "tokens": [
    "-0000",
    "-0001",
    "-0002",
    "-0003",
    "-0004",
    "-embedding",
    "-enc",
    "-forcev1",
    "-ge",
    "-nop",
    "-secured",
    "-sta",
    ".assembly.gettype",
    ".default",
    ".net",
    ".netframework",
    ".ps1",
    ".ps1xml",
    "0x00000000-0x00000000",
    "0x00000000-0x00dcb99c",
    "0x00000000-0x53a29710",
    "0x01d68f68-0xbe278309",
    "0x01d68f68-0xbe7d57da",
    "0x01d68f68-0xdcd34d0e",
    "0x01d68f68-0xdd1d360b",
    "0x01d68f68-0xe0e0a8de",
    "0x01d68f68-0xe0eef6c6",
    "0x01d68f69-0x1abc2bd5",
    "0x01d68f69-0x1af5643a",
    "0x01d68f69-0x77e78731",
    "0x01d68f69-0x77ecafac",
    "0x01d68f69-0x9bac767c",
    "0x01d68f69-0x9bad1320",
    "0x1000",
    "0x1400",
    "0x1478",
    "0x3000",
    "0x40",
    "10.10.10.5",
    "1008d",
    "106fe",
    "108a0",
    "10daa",
    "111b6",
    "1172e",
    "1184f",
    "1260d",
    "13.107.6.158",
    "1364b",
    "1497b",
    "16.0",
    "172.18.38.5",
    "172.18.39.6",
    "176b9",
    "177c",
    "179a6",
    "1852f",
    "19e3b",
    "1a172",
    "1a207",
    "1a72",
    "1a9f",
    "1acb",
    "1ade",
    "1b1ac",
    "1b5c",
    "1ba6",
    "1be93",
    "1bf95",
    "1c32b",
    "1c362",
    "1c37",
    "1c9af",
    "1d7f",
    "1de1",
    "1e509",
    "1e689",
    "1e6a5",
    "1e7be",
    "1e899",
    "1f43",
    "2.0",
    "222a3",
    "241f",
    "29e00",
    "2d2f4",
    "2fba",
    "305fe",
    "3081d",
    "30b5b",
    "314c9",
    "32-bit",
    "37b1c",
    "38f63",
    "4169f",
    "41a71",
    "43de2",
    "43de2.getvalue",
    "44b1f",
    "45e8",
    "47d23",
    "47d62",
    "4bd68",
    "55ec3",
    "567b6",
    "577e9",
    "59e1a",
    "5a7a6",
    "5af4",
    "5b76",
    "5fd9",
    "6aec5",
    "6ce5f",
    "6ead",
    "712db",
    "763a",
    "76a53",
    "88a0",
    "895c",
    "8bd0",
    "97c5",
    "97d6",
    "9c534",
    "9d104",
    "9d8e4",
    "9f29",
    "__psscriptpolicytest_0fyffo3l.wpz.psm1",
    "__psscriptpolicytest_ejosqewc.qxu.ps1",
    "a256",
    "a5df",
    "a77f",
    "access",
    "accessflags",
    "accounts",
    "active",
    "adapters",
    "advanced",
    "advapi32.dll",
    "af5a",
    "all",
    "amsi.dll",
    "and",
    "anonymous",
    "anti-malware",
    "api",
    "api32",
    "apiclient.dll",
    "apis",
    "appdata",
    "appmodel",
    "appx",
    "appxsip.dll",
    "asn.1",
    "assembly",
    "atl",
    "atl.dll",
    "authentication",
    "authorization",
    "authroot",
    "authz.dll",
    "autodial",
    "awareness",
    "b234",
    "b72e",
    "b84ab",
    "backend",
    "base",
    "based",
    "basesrv.dll",
    "basic",
    "bcrypt.dll",
    "bcryptprimitives.dll",
    "bf82",
    "bfd2",
    "binary",
    "bindpaths",
    "bindrules",
    "bkdownloadratepct",
    "branding",
    "cabinet",
    "cabinet.dll",
    "cachedgrouppolicysettings",
    "cachedsizes",
    "cachesizebytes",
    "cadrespri.7db",
    "call",
    "captureenabled",
    "catalog",
    "cb03",
    "cdnconnectioncount",
    "certificates",
    "cfgbkend.dll",
    "cfgmgr32.dll",
    "ch:microsoft-windows-powershell/operational",
    "ch:microsoft-windows-sysmon/operational",
    "ch:microsoft-windows-taskscheduler/operational",
    "ch:microsoft-windows-wmi-activity/operational",
    "ch:security",
    "ch:system",
    "ch:windows powershell",
    "checking",
    "cimom",
    "cimwin32.dll",
    "class",
    "clbcatq.dll",
    "click-to-run",
    "clicktorun",
    "client",
    "clients",
    "clienttelemetry",
    "clockdata",
    "clr.dll",
    "clrjit.dll",
    "cmd.exe",
    "cmd.exe-4a81b364.pf",
    "code",
    "com",
    "combase.dll",
    "comctl32.dll",
    "coml2.dll",
    "command",
    "commands",
    "common",
    "compiler",
    "component",
    "comspec",
    "config",
    "configcontextdata",
    "configuration",
    "conhost.exe",
    "conhost.exe-1f3e9d7e.pf",
    "connctiond",
    "connection",
    "connections",
    "connectivity",
    "console",
    "control",
    "controls",
    "controlset001",
    "cortana.bing.com_mbi_ssl",
    "crls",
    "crt",
    "crypt32.dll",
    "cryptbase.dll",
    "cryptdll.dll",
    "crypto",
    "cryptographic",
    "cryptography",
    "cryptsp.dll",
    "cscapi.dll",
    "csrsrv.dll",
    "ctfmon.exe",
    "ctls",
    "currentcontrolset",
    "currentversion",
    "custom",
    "d2d",
    "d2d1",
    "d74de",
    "d778",
    "da036",
    "data",
    "dav",
    "davclnt.dll",
    "davhlpr.dll",
    "dcat.update.microsoft.com_mbi_ssl",
    "default",
    "deleteflag",
    "deliveryoptimization",
    "demand",
    "desktop",
    "dhcp",
    "dhcpcsvc.dll",
    "dhcpcsvc6.dll",
    "dhcpv6",
    "dia",
    "diasymreader.dll",
    "directory",
    "directx",
    "disallowed",
    "displaylevel",
    "displayname",
    "displays",
    "dll",
    "dns",
    "dnsapi",
    "dodownloadmode",
    "domain",
    "downlinkbps",
    "downloadmode_backcompat",
    "downloadmonthlycdnbytes",
    "downloadmonthlyinternetbytes",
    "downloadmonthlylanbytes",
    "downloadmonthlyratebkbps",
    "downloadmonthlyratefrbps",
    "dpapi.dll",
    "drprov.dll",
    "dsparse.dll",
    "dsrole.dll",
    "dwm.exe",
    "dwmapi.dll",
    "dword",
    "dxcore",
    "dxcore.dll",
    "dxgi.dll",
    "dynamicinfo",
    "dynrespri.7db",
    "e-mail",
    "e40b",
    "ec7a",
    "ecs",
    "eid:1",
    "eid:10",
    "eid:11",
    "eid:12",
    "eid:129",
    "eid:13",
    "eid:17",
    "eid:18",
    "eid:22",
    "eid:23",
    "eid:3",
    "eid:400",
    "eid:40961",
    "eid:40962",
    "eid:4103",
    "eid:4104",
    "eid:4624",
    "eid:4627",
    "eid:4634",
    "eid:4656",
    "eid:4658",
    "eid:4662",
    "eid:4663",
    "eid:4670",
    "eid:4672",
    "eid:4673",
    "eid:4674",
    "eid:4688",
    "eid:4689",
    "eid:4690",
    "eid:4697",
    "eid:4703",
    "eid:4769",
    "eid:5",
    "eid:5140",
    "eid:5145",
    "eid:5156",
    "eid:5158",
    "eid:53504",
    "eid:5857",
    "eid:600",
    "eid:7",
    "eid:7000",
    "eid:7009",
    "eid:7036",
    "eid:7040",
    "eid:7045",
    "eid:800",
    "eid:9",
    "en-us",
    "enablededitinglanguages",
    "enablescriptb",
    "engine",
    "enhanced",
    "enterprisecertificates",
    "environment",
    "error",
    "errorcode",
    "errorcontrol",
    "event",
    "eventlog",
    "execution",
    "experience",
    "experiment",
    "experimentation",
    "experimentconfigs",
    "experimentecs",
    "explorer",
    "explorer.exe",
    "extension",
    "extensions",
    "externalfeatureoverrides",
    "f2e6",
    "f537",
    "f6ba",
    "f7ad",
    "f97f",
    "failuretype",
    "false",
    "fastprox.dll",
    "ff97",
    "file",
    "files",
    "filterlist",
    "filters",
    "firstsession",
    "fontdrvhost.exe",
    "for",
    "framedyn.dll",
    "framework",
    "frdownloadratepct",
    "frequentupdate",
    "fwp",
    "fwpuclnt.dll",
    "gdi",
    "gdi32",
    "gdiext",
    "geo",
    "geo.prod.do.dsp.mp.microsoft.com",
    "geo_endpointfulluri",
    "geover.prod.do.dsp.mp.microsoft.com",
    "geoversion",
    "geoversion_endpointfulluri",
    "getfie",
    "gpapi.dll",
    "graphics",
    "group",
    "groupconnectioncount",
    "helper",
    "helpers",
    "hkcr",
    "hklm",
    "hku",
    "hlink.dll",
    "host",
    "http",
    "https",
    "i_cae5f14f-6210-49cd-8685-60acee77f7c8",
    "i_df4d73a6-25f6-4acb-b987-0e0e7ddea703",
    "identitycrl",
    "iertutil.dll",
    "imagepath",
    "img:-",
    "img:cmd.exe",
    "img:conhost.exe",
    "img:csrss.exe",
    "img:explorer.exe",
    "img:logonui.exe",
    "img:lsass.exe",
    "img:microsoftsearchinbing.exe",
    "img:networkwatcheragent.exe",
    "img:officec2rclient.exe",
    "img:officeclicktorun.exe",
    "img:powershell.exe",
    "img:runtimebroker.exe",
    "img:searchfilterhost.exe",
    "img:searchprotocolhost.exe",
    "img:services.exe",
    "img:svchost.exe",
    "img:system",
    "img:waappagent.exe",
    "img:whoami.exe",
    "img:windowsazureguestagent.exe",
    "img:wmiprvse.exe",
    "imm32",
    "information",
    "infrastructure",
    "inputapp_cw5n1h2txyewy",
    "installation",
    "installer",
    "interface",
    "interfaces",
    "internet",
    "internetconnectioncount",
    "iofficeantivirus",
    "iphlpapi.dll",
    "ipsec",
    "just-in-time",
    "kerberos",
    "kerberos.dll",
    "kernel",
    "kernel.appcore.dll",
    "kernel32",
    "kernel32.dll",
    "kernelbase.dll",
    "lan",
    "lanconnectioncount",
    "language",
    "languageresources",
    "lastaccountpersistentfailuretimestamp",
    "lastalive0.dat",
    "lastalive1.dat",
    "lastresprigentime",
    "lastsuccessfulrequesttimestamp",
    "layer",
    "ldap",
    "libraries",
    "library",
    "licensing",
    "light-weight",
    "linkage",
    "linklocalconnectioncount",
    "list",
    "local",
    "localhost",
    "localsystem",
    "location",
    "lockdown",
    "locklogging",
    "logfiles",
    "logged",
    "logon",
    "logoncli.dll",
    "lookup",
    "lsa",
    "lsasrv.dll",
    "lsass.exe",
    "lsm.dll",
    "machine",
    "machine.acc",
    "management",
    "manager",
    "marshaller",
    "memcompression",
    "microsoft",
    "microsoft.management.infrastructure.dll",
    "microsoft.powershell.consolehost",
    "microsoft.powershell.consolehost.dll",
    "microsoft.powershell.security.dll",
    "microsoft.wsman.management.dll",
    "migrated",
    "migration.dat",
    "migration.dat.log1",
    "migration.dat.log2",
    "mintdh.dll",
    "module",
    "monthid",
    "monthlyuploadrestriction",
    "mpclient.dll",
    "mpoav.dll",
    "msasn1.dll",
    "mscoree.dll",
    "mscoreei.dll",
    "mscorlib.dll",
    "msctf",
    "msctf.dll",
    "msi",
    "msi.dll",
    "msisip.dll",
    "msvcp140.dll",
    "msvcp_win.dll",
    "msvcrt.dll",
    "mswsock.dll",
    "multi-user",
    "name",
    "naming",
    "napinsp.dll",
    "native",
    "nativeimages_v4.0.30319_64",
    "ncobjapi.dll",
    "ncrypt",
    "ncrypt.dll",
    "ndiscap",
    "negativecache",
    "negativecachestate",
    "net",
    "netapi32.dll",
    "netprofm.dll",
    "netprofmsvc.dll",
    "netsetupsvc",
    "netsvcs",
    "nettrace",
    "netutils.dll",
    "network",
    "networking",
    "networkservice",
    "networksetup2",
    "nlaapi.dll",
    "normaldownloadcount",
    "normaldownloadpendingcount",
    "notifications",
    "npfproxy.dll",
    "nsi",
    "nsi.dll",
    "ntasn1.dll",
    "ntdll.dll",
    "ntlanman.dll",
    "null",
    "objectname",
    "office",
    "officec2rclient.exe",
    "officec2rclient.exe.db-shm",
    "officec2rclient.exe.db-wal",
    "officeclicktorun",
    "officeclicktorun.exe",
    "offline",
    "ole",
    "ole32",
    "ole32.dll",
    "oleaut32.dll",
    "ondemandconnroutehelper.dll",
    "onecoreuap",
    "onecoreuapcommonproxystub.dll",
    "onlineid",
    "onpublic",
    "opc",
    "opcservices.dll",
    "operating",
    "oprocsessid.dat",
    "otele",
    "overrides",
    "package",
    "par:cmd.exe",
    "par:powershell",
    "par:powershell.exe",
    "par:services.exe",
    "par:svchost.exe",
    "parameters",
    "peerinfocount",
    "pipe",
    "pnrp",
    "pnrpnsp.dll",
    "policies",
    "policy",
    "power",
    "powershell",
    "powershell.exe",
    "powershell.exe-920bba2a.pf",
    "powrprof.dll",
    "prefetch",
    "primitives",
    "prioritydownloadcount",
    "prioritydownloadpendingcount",
    "privateregmigrate",
    "procedure",
    "process",
    "processor",
    "profapi.dll",
    "profile",
    "program",
    "properties",
    "protection",
    "protocollist",
    "protocols",
    "provider",
    "providers",
    "proxy",
    "psapi",
    "psched",
    "psmserviceexthost.dll",
    "psversiontable.psversion.major",
    "publishing",
    "pwrshsip.dll",
    "qword",
    "rasadhlp.dll",
    "rasapi32.dll",
    "rasman.dll",
    "ref",
    "refcount",
    "regapi.dll",
    "registry",
    "remote",
    "reporting",
    "requestcount",
    "resource",
    "resourcepolicyclient.dll",
    "resourcepolicyserver.dll",
    "resources",
    "rnr",
    "root",
    "route",
    "router",
    "routing",
    "rpc",
    "rpcrt4.dll",
    "rpcss.dll",
    "rsaenh.dll",
    "rtbackup",
    "rtutils.dll",
    "rulesmetadata",
    "run",
    "runtime",
    "samcli.dll",
    "samsrv.dll",
    "scan",
    "schannel",
    "schannel.dll",
    "schedcli.dll",
    "schedsvc.dll",
    "schedule",
    "scheduledtask",
    "scheduler",
    "scm",
    "script",
    "scriptb",
    "sddl",
    "sdk",
    "sechost.dll",
    "secrets",
    "secur32.dll",
    "security",
    "security.dll",
    "securityproviders",
    "server",
    "service",
    "serviceinstances",
    "serviceprofiles",
    "services",
    "services.exe",
    "servicesactive",
    "servicestate",
    "session",
    "settings",
    "setup",
    "setupapi.dll",
    "shared",
    "shcore",
    "shcore.dll",
    "shell",
    "shell32.dll",
    "shim",
    "shlwapi.dll",
    "signature",
    "signing",
    "sip",
    "skipndisadapterskeygeneration",
    "slc.dll",
    "smartcardroot",
    "socket",
    "sockets",
    "software",
    "space",
    "sppc.dll",
    "srvcli.dll",
    "srvsvc",
    "ssl",
    "sspicli.dll",
    "sspisrv.dll",
    "start",
    "startedtime",
    "starttime",
    "state",
    "static",
    "status",
    "storage",
    "storagepolicy",
    "storagesense",
    "storageusage.dll",
    "store",
    "stub",
    "studio",
    "subject",
    "superfetch",
    "support",
    "svchost.exe",
    "swarmcount",
    "symreader",
    "sysmain.dll",
    "system",
    "system.configuration.dll",
    "system.configuration.install.dll",
    "system.core.dll",
    "system.data.dll",
    "system.directoryservices.dll",
    "system.dll",
    "system.management.automation",
    "system.management.automation.dll",
    "system.management.automation.utils",
    "system.management.dll",
    "system.ni.dll",
    "system.numerics.dll",
    "system.security.dll",
    "system.transactions.dll",
    "system.xml.dll",
    "system32",
    "systemapps",
    "systemcertificates",
    "systemprofile",
    "sysvol",
    "taskcache",
    "tasks",
    "tcpip",
    "tdh.dll",
    "temp",
    "termreason",
    "throttlecache",
    "throttlecount",
    "throttlestartedtime",
    "time",
    "tls",
    "trace",
    "tracelevel",
    "tracing",
    "trust",
    "trustcenter",
    "trustedpeople",
    "tscfgwmi.dll",
    "type",
    "ubpm.dll",
    "ucrtbase.dll",
    "ucrtbase_clr0400.dll",
    "ulscategoriesseverities",
    "ulsmonitor",
    "ulstagids0",
    "unicode",
    "updater",
    "uplinkbps",
    "uploadcount",
    "uploadmonthlyinternetbytes",
    "uploadmonthlylanbytes",
    "uploadratepct",
    "upperbind",
    "urlmon.dll",
    "usage",
    "user",
    "user-mode",
    "user32",
    "userenv",
    "userenv.dll",
    "utildll.dll",
    "utilities",
    "utility",
    "uxtheme",
    "uxtheme.dll",
    "v1.0",
    "vcruntime140.dll",
    "vcruntime140_1.dll",
    "vcruntime140_clr0400.dll",
    "verification",
    "verifying",
    "version",
    "version.dll",
    "vfuprovider",
    "visual",
    "volatile",
    "watson.telemetry.microsoft.com_mbi_ssl",
    "wbem",
    "wbemcomn.dll",
    "wbemprox.dll",
    "wbemsvc.dll",
    "web",
    "wer.dll",
    "wfplwfs",
    "whoami",
    "whoami.exe",
    "whoami.exe-b8288e39.pf",
    "win32",
    "win32u",
    "win32u.dll",
    "winbrand.dll",
    "window",
    "windows",
    "windows.networking.connectivity.dll",
    "windows.storage.dll",
    "windowspowershell",
    "winhttp.dll",
    "wininet.dll",
    "winlogon",
    "winnsi.dll",
    "winrnr",
    "winrt",
    "winsta.dll",
    "winstation",
    "wintrust",
    "wintrust.dll",
    "wkscli.dll",
    "wkssvc",
    "wldp.dll",
    "wmi",
    "wminet_utils.dll",
    "wmiprvsd.dll",
    "wmiprvse.exe",
    "wmiprvse.exe-1628051c.pf",
    "wmiutils.dll",
    "workstation",
    "workstation6",
    "workstation6-20200920-1216.log",
    "ws2_32.dll",
    "wshbth.dll",
    "wshext.dll",
    "wsman",
    "wtsapi32.dll",
    "www.microsoft.com_mbi_ssl",
    "xmllite",
    "xmllite.dll"
   ]
  },
  {
   "dataset_id": "SDWIN-190518211052",
   "title": "Empire Invoke DCOM ShellWindows",
   "techniques": [
    "T1021"
   ],
   "tactics": [
    "TA0002",
    "TA0008"
   ],
   "event_count": 20000,
   "sample_events": [
    {
     "timestamp": "2020-09-18T17:07:52.019Z",
     "host": "WORKSTATION6.theshire.local",
     "channel": "Microsoft-Windows-Sysmon/Operational",
     "event_id": 10,
     "process": "WaAppAgent.exe",
     "parent": "",
     "command_line": "",
     "user": ""
    },
    {
     "timestamp": "2020-09-18T17:07:52.019Z",
     "host": "WORKSTATION6.theshire.local",
     "channel": "Microsoft-Windows-Sysmon/Operational",
     "event_id": 10,
     "process": "WaAppAgent.exe",
     "parent": "",
     "command_line": "",
     "user": ""
    },
    {
     "timestamp": "2020-09-18T17:07:52.019Z",
     "host": "WORKSTATION6.theshire.local",
     "channel": "Microsoft-Windows-Sysmon/Operational",
     "event_id": 10,
     "process": "WaAppAgent.exe",
     "parent": "",
     "command_line": "",
     "user": ""
    },
    {
     "timestamp": "2020-09-18T17:07:52.019Z",
     "host": "WORKSTATION6.theshire.local",
     "channel": "Microsoft-Windows-Sysmon/Operational",
     "event_id": 10,
     "process": "WaAppAgent.exe",
     "parent": "",
     "command_line": "",
     "user": ""
    },
    {
     "timestamp": "2020-09-18T17:07:52.020Z",
     "host": "WORKSTATION6.theshire.local",
     "channel": "Microsoft-Windows-Sysmon/Operational",
     "event_id": 10,
     "process": "WaAppAgent.exe",
     "parent": "",
     "command_line": "",
     "user": ""
    },
    {
     "timestamp": "2020-09-18T17:07:52.021Z",
     "host": "WORKSTATION6.theshire.local",
     "channel": "Microsoft-Windows-Sysmon/Operational",
     "event_id": 10,
     "process": "WaAppAgent.exe",
     "parent": "",
     "command_line": "",
     "user": ""
    },
    {
     "timestamp": "2020-09-18T17:07:52.022Z",
     "host": "WORKSTATION6.theshire.local",
     "channel": "Microsoft-Windows-Sysmon/Operational",
     "event_id": 10,
     "process": "WaAppAgent.exe",
     "parent": "",
     "command_line": "",
     "user": ""
    },
    {
     "timestamp": "2020-09-18T17:07:52.022Z",
     "host": "WORKSTATION6.theshire.local",
     "channel": "Microsoft-Windows-Sysmon/Operational",
     "event_id": 10,
     "process": "WaAppAgent.exe",
     "parent": "",
     "command_line": "",
     "user": ""
    },
    {
     "timestamp": "2020-09-18T17:07:52.023Z",
     "host": "WORKSTATION6.theshire.local",
     "channel": "Microsoft-Windows-Sysmon/Operational",
     "event_id": 10,
     "process": "WaAppAgent.exe",
     "parent": "",
     "command_line": "",
     "user": ""
    },
    {
     "timestamp": "2020-09-18T17:07:52.023Z",
     "host": "WORKSTATION6.theshire.local",
     "channel": "Microsoft-Windows-Sysmon/Operational",
     "event_id": 10,
     "process": "WaAppAgent.exe",
     "parent": "",
     "command_line": "",
     "user": ""
    },
    {
     "timestamp": "2020-09-18T17:07:52.024Z",
     "host": "WORKSTATION6.theshire.local",
     "channel": "Microsoft-Windows-Sysmon/Operational",
     "event_id": 10,
     "process": "WaAppAgent.exe",
     "parent": "",
     "command_line": "",
     "user": ""
    },
