  {
   "dataset_id": "SDWIN-200806030120",
   "title": "Covenant SharpSC Start",
   "techniques": [
    "T1021"
   ],
   "tactics": [
    "TA0008"
   ],
   "event_count": 6046,
   "sample_events": [
    {
     "timestamp": "2020-08-06T07:01:21.407Z",
     "host": "MORDORDC.theshire.local",
     "channel": "Microsoft-Windows-Sysmon/Operational",
     "event_id": 11,
     "process": "svchost.exe",
     "parent": "",
     "command_line": "",
     "user": ""
    },
    {
     "timestamp": "2020-08-06T07:01:23.408Z",
     "host": "MORDORDC.theshire.local",
     "channel": "Microsoft-Windows-Sysmon/Operational",
     "event_id": 7,
     "process": "svchost.exe",
     "parent": "",
     "command_line": "",
     "user": ""
    },
    {
     "timestamp": "2020-08-06T07:01:23.408Z",
     "host": "MORDORDC.theshire.local",
     "channel": "Microsoft-Windows-Sysmon/Operational",
     "event_id": 7,
     "process": "svchost.exe",
     "parent": "",
     "command_line": "",
     "user": ""
    },
    {
     "timestamp": "2020-08-06T07:01:23.409Z",
     "host": "WORKSTATION6.theshire.local",
     "channel": "Microsoft-Windows-Sysmon/Operational",
     "event_id": 11,
     "process": "svchost.exe",
     "parent": "",
     "command_line": "",
     "user": ""
    },
    {
     "timestamp": "2020-08-06T07:01:25.420Z",
     "host": "WORKSTATION5.theshire.local",
     "channel": "Microsoft-Windows-Sysmon/Operational",
     "event_id": 13,
     "process": "lsass.exe",
     "parent": "",
     "command_line": "",
     "user": ""
    },
    {
     "timestamp": "2020-08-06T07:01:25.420Z",
     "host": "WORKSTATION5.theshire.local",
     "channel": "Microsoft-Windows-Sysmon/Operational",
     "event_id": 13,
     "process": "lsass.exe",
     "parent": "",
     "command_line": "",
     "user": ""
    },
    {
     "timestamp": "2020-08-06T07:01:25.420Z",
     "host": "WORKSTATION5.theshire.local",
     "channel": "Microsoft-Windows-Sysmon/Operational",
     "event_id": 13,
     "process": "lsass.exe",
     "parent": "",
     "command_line": "",
     "user": ""
    },
    {
     "timestamp": "2020-08-06T07:01:25.420Z",
     "host": "WORKSTATION5.theshire.local",
     "channel": "Microsoft-Windows-Sysmon/Operational",
     "event_id": 12,
     "process": "lsass.exe",
     "parent": "",
     "command_line": "",
     "user": ""
    },
    {
     "timestamp": "2020-08-06T07:01:25.421Z",
     "host": "WORKSTATION5.theshire.local",
     "channel": "Microsoft-Windows-Sysmon/Operational",
     "event_id": 13,
     "process": "lsass.exe",
     "parent": "",
     "command_line": "",
     "user": ""
    },
    {
     "timestamp": "2020-08-06T07:01:25.421Z",
     "host": "WORKSTATION5.theshire.local",
     "channel": "Microsoft-Windows-Sysmon/Operational",
     "event_id": 13,
     "process": "lsass.exe",
     "parent": "",
     "command_line": "",
     "user": ""
    },
    {
     "timestamp": "2020-08-06T07:01:25.421Z",
     "host": "WORKSTATION5.theshire.local",
     "channel": "Microsoft-Windows-Sysmon/Operational",
     "event_id": 13,
     "process": "lsass.exe",
     "parent": "",
     "command_line": "",
     "user": ""
    },
    {
     "timestamp": "2020-08-06T07:01:25.421Z",
     "host": "WORKSTATION5.theshire.local",
     "channel": "Microsoft-Windows-Sysmon/Operational",
     "event_id": 13,
     "process": "lsass.exe",
     "parent": "",
     "command_line": "",
     "user": ""
    }
   ],
   "tokens": [
    "-0.details.json",
    "-0.mof",
    "-0000",
    "-0001",
    "-0002",
    "-0003",
    "-argumentlist",
    "-embedding",
    "-eq",
    "-erroraction",
    "-name",
    "-off",
    "-option",
    "-typename",
    "-value",
    "-version",
    ".addressfamily.tostring",
    ".default",
    ".net",
    ".netframework",
    ".ps1",
    ".ps1xml",
    ".value",
    "0x00000000-0x01331864",
    "0x00000000-0x013318e1",
    "0x00000000-0x013c9355",
    "0x01d66bb7-0x02d49003",
    "0x01d66bb7-0x08b0f9b9",
    "0x01d66bb7-0x10b17e8c",
    "0x01d66bbf-0x6498f803",
    "0x01d66bbf-0x6a7561b9",
    "0x01d66bbf-0x7275e68c",
    "0x01d66bbf-0x7af7f418",
    "0x01d66bbf-0x7af858a4",
    "0x01d66bc7-0xc65d6003",
    "0x01d66bc7-0xcc39c9b9",
    "0x01d66bc7-0xd43a4e8c",
    "0x1000",
    "0x1410",
    "0x1478",
    "0x3000",
    "0x40",
    "1.0.0",
    "1008d",
    "106fe",
    "107a4",
    "108a0",
    "10d20",
    "10daa",
    "111b6",
    "11e74",
    "11e83",
    "11fa7",
    "1265e",
    "129af",
    "12b34",
    "1364b",
    "1436c",
    "1451a",
    "149ab",
    "15d08",
    "15d56",
    "172.18.38.5",
    "172.18.39.6",
    "173c",
    "176ae",
    "177c",
    "1792a",
    "17a99",
    "184bf",
    "19e3b",
    "1a172",
    "1a207",
    "1a21a",
    "1a379",
    "1a42",
    "1a5b4",
    "1a72",
    "1a801",
    "1b233",
    "1b95a",
    "1b9b",
    "1bf95",
    "1c32b",
    "1c74",
    "1c9af",
    "1cd9f",
    "1e509",
    "1e689",
    "1e6a5",
    "1e7be",
    "1e830",
    "1e899",
    "1ea7e",
    "1eb89",
    "1edcc",
    "1ee93",
    "1ef1e",
    "1ef46",
    "1f138",
    "1f2c6",
    "1f662",
    "1f872",
    "2.0",
    "2.1.1",
    "2.16.0.0",
    "201f5",
    "2049d",
    "205a4",
    "212ee",
    "2199f",
    "21ee8",
    "221c5",
    "222a3",
    "2321e",
    "268b5",
    "2726e",
    "29d90",
    "2a418",
    "2aaa9",
    "2d14a",
    "2d2c4",
    "2da52",
    "2e5cf",
    "2fb89",
    "2fba",
    "2fda",
    "3.0",
    "3065e",
    "3081d",
    "30b5b",
    "30eb8",
    "311c2",
    "3132f",
    "314c9",
    "31ff3",
    "32-bit",
    "324b",
    "352a8",
    "37a4c",
    "3b9e3",
    "3e889",
    "44b1f",
    "451e3",
    "47d23",
    "47d62",
    "49ee7",
    "4ae94",
    "5af4",
    "5b413",
    "5e2a",
    "5f36a",
    "6.40.10614",
    "64db0",
    "6a27f",
    "6a7f5",
    "6c175",
    "6ce5f",
    "9c534",
    "9d104",
    "9d8e4",
    "9fc24",
    "__cmdletization_bindcommonparameters",
    "__cmdletization_defaultvalueispresent",
    "__cmdletization_methodparameter",
    "__cmdletization_objectmodelwrapper",
    "__cmdletization_value",
    "__psscriptpolicytest_3bne2ps2.50p.psm1",
    "__psscriptpolicytest_rmn5iftb.4ff.ps1",
    "a07f4",
    "a0fb4",
    "a60c",
    "ac61",
    "accepting",
    "access",
    "action",
    "active",
    "adapter",
    "adapters",
    "add",
    "address",
    "advanced",
    "advapi32.dll",
    "again",
    "allscope",
    "also",
    "among",
    "amsi.dll",
    "and",
    "anonymous",
    "anti-malware",
    "api",
    "api32",
    "apis",
    "appmodel",
    "appresolver.dll",
    "appx",
    "appxsip.dll",
    "asjob",
    "asn.1",
    "author",
    "authorization",
    "authroot",
    "authz.dll",
    "autodetect",
    "autodial",
    "awareness",
    "b1c3b",
    "b2ee",
    "b5270",
    "b5f6",
    "base",
    "basesrv.dll",
    "basic",
    "bcrypt.dll",
    "bcryptprimitives.dll",
    "be39",
    "bfbb",
    "bfd2",
    "binary",
    "bindings",
    "bindpaths",
    "bindrules",
    "c1c8",
    "c540",
    "cache",
    "call",
    "captureenabled",
    "catalog",
    "catch",
    "cbdhsvc.dll",
    "certca",
    "certenroll",
    "certificate",
    "certificates",
    "certpkicmdlet",
    "cfgmgr32.dll",
    "ch:microsoft-windows-powershell/operational",
    "ch:microsoft-windows-sysmon/operational",
    "ch:microsoft-windows-wmi-activity/operational",
    "ch:security",
    "ch:system",
    "ch:windows powershell",
    "checking",
    "checks",
    "cim",
    "cimcmdlets",
    "cimom",
    "cimsession",
    "cimwin32.dll",
    "class",
    "classname",
    "classversion",
    "clbcatq.dll",
    "client",
    "clients",
    "clr.dll",
    "clrjit.dll",
    "cmdlet.",
    "cmdlets",
    "code",
    "codec",
    "com",
    "combase.dll",
    "coml2.dll",
    "commands",
    "common",
    "company",
    "companyname",
    "compiler",
    "component",
    "config",
    "configuration",
    "configurationstatus",
    "confirmenablemessage",
    "connections",
    "control",
    "controlset001",
    "convertfrom-stringdata",
    "core",
    "corporation",
    "correct",
    "counters",
    "credential",
    "crls",
    "crt",
    "crypt32.dll",
    "cryptbase.dll",
    "cryptdll.dll",
    "crypto",
    "cryptographic",
    "cryptography",
    "cryptsp.dll",
    "csrsrv.dll",
    "ctls",
    "current",
    "currentcontrolset",
    "currentversion",
    "custom",
    "da036",
    "data",
    "datastore",
    "db4a6",
    "dbgcore.dll",
    "dbghelp.dll",
    "dcname",
    "dea4",
    "debugging",
    "default",
    "df94",
    "dfsr",
    "dhcp",
    "dhcpcsvc.dll",
    "dhcpcsvc6.dll",
    "dhcpv6",
    "directory",
    "disallowed",
    "dism",
    "dismapi.dll",
    "dismcore.dll",
    "dll",
    "dns",
    "dnsapi",
    "dnsclientcim.dll",
    "does",
    "domain",
    "dpapi.dll",
    "dsc",
    "dsccore.dll",
    "dscenginecache.mof",
    "dscpspluginwkr.dll",
    "dscresourcestatecache.mof",
    "dscstatushistory.mof",
    "dsparse.dll",
    "dwm.exe",
    "dword",
    "e-mail",
    "e21a",
    "e40b",
    "e575",
    "ea4e",
    "ebf0",
    "eid:1",
    "eid:10",
    "eid:11",
    "eid:12",
    "eid:13",
    "eid:17",
    "eid:18",
    "eid:22",
    "eid:23",
    "eid:3",
    "eid:400",
    "eid:4103",
    "eid:4104",
    "eid:4611",
    "eid:4624",
    "eid:4627",
    "eid:4634",
    "eid:4656",
    "eid:4658",
    "eid:4663",
    "eid:4670",
    "eid:4672",
    "eid:4673",
    "eid:4688",
    "eid:4689",
    "eid:4690",
    "eid:4703",
    "eid:5",
    "eid:5058",
    "eid:5061",
    "eid:5140",
    "eid:5145",
    "eid:5156",
    "eid:5157",
    "eid:5158",
    "eid:53504",
    "eid:5857",
    "eid:600",
    "eid:7",
    "eid:7040",
    "eid:800",
    "eid:9",
    "else",
    "enable",
    "endtimehi",
    "endtimelo",
    "engine",
    "enhanced",
    "enrollment",
    "enterprisecertificates",
    "environment",
    "errorcategory",
    "errorid",
    "errormessage",
    "erroronusernamemessage",
    "errorrecord",
    "event",
    "eventlog",
    "exception",
    "executing",
    "execution",
    "exist",
    "explorer",
    "extension",
    "extension-list",
    "extensions",
    "f170",
    "f2e7",
    "f334",
    "f6ba",
    "f7ad",
    "f97f",
    "failure",
    "false",
    "fastprox.dll",
    "fe80",
    "feature",
    "featurenotfounderror",
    "ff97",
    "file",
    "files",
    "filterlist",
    "filters",
    "fontdrvhost.exe",
    "for",
    "format.",
    "found",
    "framedyn.dll",
    "framework",
    "from",
    "function",
    "functionality",
    "fwp",
    "fwpuclnt.dll",
    "gcai",
    "gcim",
    "gcls",
    "gcms",
    "gdi",
    "gdi32",
    "get",
    "get-cimassociatedinstance",
    "get-cimclass",
    "get-ciminstance",
    "get-cimsession",
    "get-targetresource",
    "given",
    "gives",
    "gmt",
    "gpapi.dll",
    "group",
    "groups",
    "guid",
    "helper",
    "helpers",
    "history",
    "hkcr",
    "hklm",
    "hku",
    "host",
    "i_e82ace90-99ef-4292-b368-0bbcf2296fd2",
    "icim",
    "identify",
    "iertutil.dll",
    "ike",
    "ikeext",
    "ikeext.dll",
    "image",
    "img:-",
    "img:csrss.exe",
    "img:dfsrs.exe",
    "img:dns.exe",
    "img:grunthttp.exe",
    "img:lsass.exe",
    "img:microsoft.activedirectory.webservices.exe",
    "img:networkwatcheragent.exe",
    "img:runtimebroker.exe",
    "img:services.exe",
    "img:svchost.exe",
    "img:system",
    "img:wmiprvse.exe",
    "information",
    "infrastructure",
    "install",
    "installation",
    "installer",
    "instrumentation",
    "interface",
    "interfaces",
    "internet",
    "internetwork.tostring",
    "intranetname",
    "invalidoperation",
    "invalidresultfromgetscripterror",
    "invoke-cimmethod",
    "iofficeantivirus",
    "ipc",
    "iphlpapi.dll",
    "ipsec",
    "isslowlink",
    "isvaluepresent",
    "ization_defaultvalue",
    "just-in-time",
    "kerberos",
    "kerberos.dll",
    "kernel",
    "kernel.appcore.dll",
    "kernel32",
    "kernel32.dll",
    "kernelbase.dll",
    "ksp",
    "ktm",
    "ktmw32",
    "language",
    "lastalive0.dat",
    "lastalive1.dat",
    "lastextensionmadesyncrequest",
    "layer",
    "ldap",
    "libraries",
    "library",
    "light-weight",
    "linkage",
    "localhost",
    "localized",
    "location",
    "lockdown",
    "logfiles",
    "loggingstatus",
    "logon",
    "logoncli.dll",
    "lookup",
    "lsa",
    "lsasrv.dll",
    "lsass",
    "lsass.exe",
    "lsm.dll",
    "machine",
    "management",
    "manager",
    "marshaller",
    "mi.dll",
    "microsoft",
    "microsoft.activedirectory.management",
    "microsoft.activedirectory.management.dll",
    "microsoft.activedirectory.trlparser.dll",
    "microsoft.csharp.dll",
    "microsoft.management.infrastructure.dll",
    "microsoft.management.ui",
    "microsoft.management.ui.dll",
    "microsoft.powershell.core",
    "microsoft.powershell.security.dll",
    "microsoft.windows.servermanager.common",
    "microsoft.wsman.management.dll",
    "microsoft.wsman.runtime.dll",
    "mimofcodec.dll",
    "mintdh.dll",
    "miutils.dll",
    "module",
    "module.",
    "moduleversion",
    "mof",
    "mofd.dll",
    "mordordc",
    "mpclient.dll",
    "mpoav.dll",
    "msasn1.dll",
    "mscoree.dll",
    "mscoreei.dll",
    "mscorlib.dll",
    "msdtc.exe",
    "msft_roleresource.psd1",
    "msft_roleresourcestrings.psd1",
    "msft_scriptresourcestrings.psd1",
    "msi",
    "msisip.dll",
    "msvcp_win.dll",
    "msvcr120_clr0400.dll",
    "msvcrt.dll",
    "mswsock.dll",
    "multi-user",
    "mymodule",
    "mypsboundparameters",
    "mypsboundparameters.containskey",
    "name",
    "naming",
    "napinsp.dll",
    "native",
    "ncim",
    "ncms",
    "ncobjapi.dll",
    "ncrypt",
    "ncrypt.dll",
    "ncryptprov.dll",
    "ncso",
    "ndiscap",
    "net",
    "netapi32.dll",
    "netsvcs",
    "nettrace",
    "netutils.dll",
    "network",
    "networkname",
    "networksetup2",
    "new-ciminstance",
    "new-cimsession",
    "new-cimsessionoption",
    "new-object",
    "nextrefreshmode",
    "nextrefreshreason",
    "nlaapi.dll",
    "not",
    "nsi",
    "nsi.dll",
    "ntasn1.dll",
    "ntdll.dll",
    "nthis",
    "ntsvcs",
    "null",
    "number",
    "object",
    "objects",
    "ole",
    "ole32",
    "ole32.dll",
    "oleaut32.dll",
    "opc",
    "opcservices.dll",
    "operating",
    "package",
    "par:services.exe",
    "par:svchost.exe",
    "param",
    "parameters",
    "parametertype",
    "passthru",
    "perfctrs.dll",
    "performance",
    "perfos.dll",
    "pipe",
    "pki",
    "please",
    "policies",
    "policy",
    "policyoverdue",
    "power",
    "powershell",
    "powrprof.dll",
    "prefetch",
    "primitives",
    "procedure",
    "process",
    "profapi.dll",
    "profile",
    "properties",
    "property",
    "propsys.dll",
    "protection",
    "protocollist",
    "protocols",
    "provider",
    "providers",
    "proxybypass",
    "ps_dnsclientnrptpolicy",
    "psapi",
    "psboundparameters.containskey",
    "psched",
    "psloc",
    "psmserviceexthost.dll",
    "publishing",
    "pwrshsip.dll",
    "qword",
    "rasadhlp.dll",
    "rcie",
    "rcim",
    "rcms",
    "rdpclip.exe",
    "readonly",
    "ref",
    "refcount",
    "register-cimindicationevent",
    "registry",
    "remote",
    "remove-ciminstance",
    "remove-cimsession",
    "replica",
    "replication",
    "requested",
    "requires",
    "resource",
    "results",
    "rmclient.dll",
    "rnr",
    "root",
    "router",
    "rpc",
    "rpcrt4.dll",
    "rpcss.dll",
    "rsaenh.dll",
    "rtbackup",
    "run",
    "runtime",
    "scan",
    "scim",
    "scm",
    "script",
    "sddl",
    "sdk",
    "search",
    "sechost.dll",
    "secur32.dll",
    "securetimeconfidence",
    "securetimeestimated",
    "securetimehigh",
    "securetimelimits",
    "securetimelow",
    "securetimetickcount",
    "security",
    "security.dll",
    "server",
    "servercomponentdeploymentwizardextension",
    "servermanager.deploymentprovider.dll",
    "service",
    "serviceinstances",
    "services",
    "services.exe",
    "servicesactive",
    "servicestate",
    "session",
    "set",
    "set-alias",
    "set-ciminstance",
    "set-strictmode",
    "setscript",
    "setscriptwhatifmessage",
    "settargetresourceinstallwhatifmessage",
    "settargetresourceuninstallwhatifmessage",
    "settings",
    "shcore",
    "shcore.dll",
    "shell",
    "shell32.dll",
    "shim",
    "shlwapi.dll",
    "signature",
    "signing",
    "silentlycontinue",
    "sip",
    "skipndisadapterskeygeneration",
    "smartcardroot",
    "smdiagnostics.dll",
    "socket",
    "sockets",
    "software",
    "source",
    "specified",
    "srvsvc",
    "sspicli.dll",
    "sspisrv.dll",
    "start",
    "starttime",
    "starttimehi",
    "starttimelo",
    "state",
    "status",
    "storage",
    "storagepolicy",
    "storagesense",
    "store",
    "studio",
    "subject",
    "supplied",
    "support",
    "svchost.exe",
    "svchost.exe-237487c2.pf",
    "sysmain.dll",
    "system",
    "system.configuration.dll",
    "system.configuration.install.dll",
    "system.core.dll",
    "system.data.dll",
    "system.directoryservices.dll",
    "system.directoryservices.protocols.dll",
    "system.dll",
    "system.identitymodel.dll",
    "system.invalidoperationexception",
    "system.management.automation",
    "system.management.automation.dll",
    "system.management.automation.errorrecord",
    "system.management.dll",
    "system.net.ipaddress",
    "system.net.sockets.addressfamily",
    "system.numerics.dll",
    "system.runtime.serialization.dll",
    "system.security.dll",
    "system.servicemodel.dll",
    "system.servicemodel.internals.dll",
    "system.string",
    "system.transactions.dll",
    "system.xml.dll",
    "system32",
    "systemcertificates",
    "sysvol",
    "szname",
    "sztargetname",
    "target",
    "tcpip",
    "tdh.dll",
    "temp",
    "test",
    "that",
    "the",
    "theshire",
    "this",
    "those",
    "throttlelimit",
    "throw",
    "throwinvalidargumenterror",
    "time",
    "trace",
    "true",
    "trust",
    "trustedpeople",
    "try",
    "trying",
    "tryparse",
    "ucrtbase.dll",
    "uncasintranet",
    "unicode",
    "uninstall",
    "uniquely",
    "upperbind",
    "urlmon.dll",
    "used",
    "user",
    "user-mode",
    "user32",
    "userenv",
    "userenv.dll",
    "users",
    "utility",
    "validatenotnullorempty",
    "value",
    "values",
    "vendor",
    "verification",
    "verifying",
    "version",
    "version.dll",
    "vfuprovider",
    "visual",
    "volume",
    "volumes",
    "w32time",
    "wbem",
    "wbemcomn.dll",
    "wbemprox.dll",
    "wbemsvc.dll",
    "wfplwfs",
    "will",
    "win32",
    "win32u",
    "win32u.dll",
    "windows",
    "windows.staterepository.dll",
    "windows.storage.dll",
    "wininit.exe",
    "winlogon",
    "winnsi.dll",
    "winrnr",
    "winrt",
    "wintrust",
    "wintrust.dll",
    "with",
    "wkssvc",
    "wldap32.dll",
    "wldp.dll",
    "wmi",
    "wmi.dll",
    "wmiclnt.dll",
    "wmidcom.dll",
    "wminet_utils.dll",
    "wmiprvsd.dll",
    "wmiprvse.exe",
    "wmitomi.dll",
    "wmiutils.dll",
    "workstation",
    "ws2_32.dll",
    "wshbth.dll",
    "wshext.dll",
    "wsman",
    "xdnsserveraddress",
    "xdnsserveraddress.schema.mof",
    "xmllite",
    "xmllite.dll",
    "zonemap"
   ]
  },
  {
   "dataset_id": "SDWIN-200806035621",
   "title": "Covenant SharpWMI Exec",
   "techniques": [
    "T1047"
   ],
   "tactics": [
    "TA0002",
    "TA0008"
   ],
   "event_count": 2343,
   "sample_events": [
    {
     "timestamp": "2020-08-06T07:56:22.794Z",
     "host": "WORKSTATION5.theshire.local",
     "channel": "Microsoft-Windows-Sysmon/Operational",
     "event_id": 10,
     "process": "svchost.exe",
     "parent": "",
     "command_line": "",
     "user": ""
    },
    {
     "timestamp": "2020-08-06T07:56:22.794Z",
     "host": "WORKSTATION5.theshire.local",
     "channel": "Microsoft-Windows-Sysmon/Operational",
     "event_id": 10,
     "process": "svchost.exe",
     "parent": "",
     "command_line": "",
     "user": ""
    },
    {
     "timestamp": "2020-08-06T07:56:22.794Z",
     "host": "WORKSTATION5.theshire.local",
     "channel": "Microsoft-Windows-Sysmon/Operational",
     "event_id": 10,
     "process": "svchost.exe",
     "parent": "",
     "command_line": "",
     "user": ""
    },
    {
     "timestamp": "2020-08-06T07:56:22.794Z",
     "host": "WORKSTATION5.theshire.local",
     "channel": "Microsoft-Windows-Sysmon/Operational",
     "event_id": 10,
     "process": "svchost.exe",
     "parent": "",
     "command_line": "",
     "user": ""
    },
    {
     "timestamp": "2020-08-06T07:56:22.795Z",
     "host": "WORKSTATION5.theshire.local",
     "channel": "Microsoft-Windows-Sysmon/Operational",
     "event_id": 10,
     "process": "svchost.exe",
     "parent": "",
     "command_line": "",
     "user": ""
    },
    {
     "timestamp": "2020-08-06T07:56:22.796Z",
     "host": "WORKSTATION5.theshire.local",
     "channel": "Microsoft-Windows-Sysmon/Operational",
     "event_id": 10,
     "process": "svchost.exe",
     "parent": "",
     "command_line": "",
     "user": ""
    },
    {
     "timestamp": "2020-08-06T07:56:22.796Z",
     "host": "WORKSTATION5.theshire.local",
     "channel": "Microsoft-Windows-Sysmon/Operational",
     "event_id": 10,
     "process": "svchost.exe",
     "parent": "",
     "command_line": "",
     "user": ""
    },
    {
     "timestamp": "2020-08-06T07:56:22.797Z",
     "host": "WORKSTATION5.theshire.local",
     "channel": "Microsoft-Windows-Sysmon/Operational",
     "event_id": 10,
     "process": "svchost.exe",
     "parent": "",
     "command_line": "",
     "user": ""
    },
    {
     "timestamp": "2020-08-06T07:56:22.797Z",
     "host": "WORKSTATION5.theshire.local",
     "channel": "Microsoft-Windows-Sysmon/Operational",
     "event_id": 12,
     "process": "NetworkWatcherAgent.exe",
     "parent": "",
     "command_line": "",
     "user": ""
    },
    {
     "timestamp": "2020-08-06T07:56:22.797Z",
     "host": "WORKSTATION5.theshire.local",
     "channel": "Microsoft-Windows-Sysmon/Operational",
     "event_id": 12,
     "process": "NetworkWatcherAgent.exe",
     "parent": "",
     "command_line": "",
     "user": ""
    },
    {
     "timestamp": "2020-08-06T07:56:22.798Z",
     "host": "WORKSTATION5.theshire.local",
     "channel": "Microsoft-Windows-Sysmon/Operational",
     "event_id": 12,
     "process": "NetworkWatcherAgent.exe",
     "parent": "",
     "command_line": "",
     "user": ""
    },
    {
     "timestamp": "2020-08-06T07:56:22.798Z",
     "host": "WORKSTATION5.theshire.local",
     "channel": "Microsoft-Windows-Sysmon/Operational",
     "event_id": 12,
     "process": "NetworkWatcherAgent.exe",
     "parent": "",
     "command_line": "",
     "user": ""
    }
   ],
   "tokens": [
    "-0000",
    "-0001",
    "-0002",
    "-0003",
    "-embedding",
    "-forcev1",
    "-secured",
    ".default",
    ".net",
    ".netframework",
    "0x00000000-0x00000000",
    "0x00000000-0x01657353",
    "0x00000000-0x01657391",
    "0x00000000-0x016eee63",
    "0x01d66b8f-0x37e9d626",
    "0x01d66b8f-0x3f436146",
    "0x01d66b94-0xc7978b5e",
    "0x01d66b94-0xc7a641f1",
    "0x01d66b94-0xcd24a9ec",
    "0x01d66b94-0xcd3c824c",
    "0x01d66bbe-0xb1a559cb",
    "0x01d66bbe-0xb7a774b9",
    "0x01d66bbe-0xbfb6516c",
    "0x01d66bbe-0xbfcc9b51",
    "0x01d66bc7-0x134dfa39",
    "0x01d66bc7-0x1369c1cb",
    "0x01d66bc7-0x17ef15c6",
    "0x01d66bc7-0x180846d5",
    "0x01d66bc7-0x18d35659",
    "0x01d66bc7-0x196bdcb9",
    "0x01d66bc7-0x217ab96c",
    "0x01d66bc7-0x21910351",
    "0x01d66bc7-0x29ec01c9",
    "0x01d66bc7-0x29ece837",
    "0x01d66bc7-0x483563c7",
    "0x01d66bc7-0x4db0dcc2",
    "0x01d66bc7-0x4db16963",
    "0x01d66bcf-0x752e29cb",
    "0x01d66bcf-0x7b3044b9",
    "0x01d66bcf-0x833f216c",
    "0x01d66bcf-0x83556b51",
    "0x1000",
    "0x1478",
    "0x2000",
    "0x3000",
    "0x40",
    "10.10.10.5",
    "1008d",
    "106fe",
    "108a0",
    "10d20",
    "10daa",
    "10de0",
    "10e5f",
    "111b6",
    "1172e",
    "1184f",
    "11e83",
    "1260d",
    "1265e",
    "129af",
    "12b34",
    "13.107.252.10",
    "13.107.4.50",
    "1364b",
    "149ab",
    "163d0",
    "163fe",
    "164de",
    "172.18.38.5",
    "172.18.39.5",
    "172.18.39.6",
    "176ae",
    "177c",
    "1792a",
    "184bf",
    "19e3b",
    "1a172",
    "1a207",
    "1a72",
    "1b9b",
    "1bf95",
    "1c00",
    "1c32b",
    "1c480",
    "1c9af",
    "1e509",
    "1e689",
    "1e6a5",
    "1e7be",
    "1e899",
    "2.0",
    "202.30ghz",
    "20cpu",
    "20e5-2673",
    "20machine",
    "20v4",
    "20xeon",
    "222a3",
    "23.96.98.40",
    "2726e",
    "28r",
    "29d90",
    "2d2c4",
    "2fba",
    "3081d",
    "30b5b",
    "314c9",
    "32-bit",
    "324b",
    "37a4c",
    "3e853",
    "44b1f",
    "47d23",
    "47d62",
    "52.114.158.91",
    "52.167.249.196",
    "5af4",
    "5b413",
    "5f36a",
    "5fd9",
    "631a",
    "64db0",
    "6a27f",
    "6a7f5",
    "6c175",
    "6ce5f",
    "763a",
    "80e4f",
    "84df4",
    "895c",
    "8bd0",
    "9c534",
    "9d104",
    "9d8e4",
    "9fc24",
    "a07f4",
    "a5df",
    "access",
    "adapters",
    "advanced",
    "advapi32.dll",
    "amp",
    "amsi.dll",
    "and",
    "anonymous",
    "anti-malware",
    "api",
    "api32",
    "apis",
    "appcompatflags",
    "applicationframehost.exe",
    "appmodel",
    "appraiser",
    "appraiserserver",
    "asn.1",
    "attrdataver",
    "authroot",
    "autodial",
    "autoupdate",
    "avstatus",
    "awareness",
    "b2ee",
    "b72e",
    "base",
    "basenamedobjects",
    "basesrv.dll",
    "basic",
    "bcrypt.dll",
    "bcryptprimitives.dll",
    "binary",
    "bindpaths",
    "bindrules",
    "buffersdroppedetw",
    "build",
    "byfid",
    "c6f6",
    "cache",
    "cachedsizes",
    "call",
    "captureenabled",
    "catalog",
    "certificates",
    "cfgmgr32.dll",
    "ch:microsoft-windows-sysmon/operational",
    "ch:microsoft-windows-taskscheduler/operational",
    "ch:microsoft-windows-wmi-activity/operational",
    "ch:security",
    "ch:system",
    "checking",
    "checks",
    "cimwin32.dll",
    "class",
    "clbcatq.dll",
    "client",
    "clients",
    "clientstate",
    "clockdata",
    "clr.dll",
    "clrjit.dll",
    "com",
    "combase.dll",
    "common",
    "compatibility",
    "compattelrunner.exe",
    "compiler",
    "compressedbytesuploaded",
    "condrv",
    "config",
    "configuration",
    "conhost.exe",
    "conhost.exe-1f3e9d7e.pf",
    "connctiond",
    "connection",
    "connections",
    "connectivitynonetworktime",
    "connectivityrestrictednetworktime",
    "console",
    "consumereventcount",
    "consumption",
    "control",
    "controlset001",
    "counters",
    "criticaldataeventdroppeddb",
    "criticaldataeventdroppedthrottled",
    "criticaleventdroppeddb",
    "criticaloverflowenterscounter",
    "crls",
    "crt",
    "crypt32.dll",
    "cryptbase.dll",
    "crypto",
    "cryptographic",
    "cryptsp.dll",
    "csrsrv.dll",
    "ctac",
    "ctfmon.exe",
    "ctls",
    "currentcontrolset",
    "currentversion",
    "custom",
    "da036",
    "data",
    "datastore",
    "db4a6",
    "dcname",
    "dcntel",
    "dcntel.dll",
    "default",
    "demand",
    "desktop",
    "device",
    "devicecensus",
    "devinv",
    "dfsr",
    "dhcp",
    "dhcpcsvc.dll",
    "dhcpcsvc6.dll",
    "dhcpv6",
    "diagnosis",
    "diagnostics",
    "diagtrack",
    "disallowed",
    "disallowedcertlastsynctime",
    "dll",
    "dns",
    "dnsapi",
    "downloadedsettings",
    "downloadscheduled",
    "dpapi.dll",
    "dwm.exe",
    "dwmapi.dll",
    "dword",
    "dynamicinfo",
    "e-mail",
    "e575",
    "ea4e",
    "ebf0",
    "eid:1",
    "eid:10",
    "eid:11",
    "eid:12",
    "eid:129",
    "eid:13",
    "eid:17",
    "eid:18",
    "eid:22",
    "eid:23",
    "eid:3",
    "eid:4624",
    "eid:4627",
    "eid:4634",
    "eid:4656",
    "eid:4658",
    "eid:4663",
    "eid:4670",
    "eid:4672",
    "eid:4673",
    "eid:4674",
    "eid:4688",
    "eid:4689",
    "eid:4690",
    "eid:4702",
    "eid:4703",
    "eid:5",
    "eid:5140",
    "eid:5145",
    "eid:5156",
    "eid:5158",
    "eid:5857",
    "eid:7",
    "eid:7040",
    "eid:9",
    "empty",
    "endpointerrors",
    "endtimehi",
    "endtimelo",
    "engine",
    "enhanced",
    "enteringcriticaloverflowdroppedcounter",
    "enterprisecertificates",
    "environment",
    "etag",
    "etagqueryparameters",
    "eventdroppedconsumer",
    "eventdroppeddb",
    "eventdroppeddecoding",
    "eventdroppedetw",
    "eventdroppedfailuredb",
    "eventdroppedfulldb",
    "eventdroppedthrottled",
    "eventdroppeduploader",
    "eventing",
    "eventlog",
    "eventmonitors",
    "eventsdroppedfulltriggerbuffer",
    "eventsn",
    "eventspersistedcounter",
    "eventstoreeventcount",
    "eventstorelifetimereset",
    "eventstorereset",
    "eventstoreresetsizesum",
    "eventsuploaded",
    "execution",
    "expid",
    "explorer",
    "explorer.exe",
    "extension-list",
    "f2e6",
    "f2e7",
    "f6ba",
    "f7ad",
    "f97f",
    "fastprox.dll",
    "fe80",
    "ff97",
    "fids",
    "file",
    "filterlist",
    "filters",
    "firecount",
    "firsteventsn",
    "firstsentinelsn",
    "flighting",
    "flightingbranchname",
    "folders",
    "fontdrvhost.exe",
    "for",
    "framedyn.dll",
    "framework",
    "fwp",
    "fwpuclnt.dll",
    "gdi",
    "gdi32",
    "gpapi.dll",
    "group",
    "groups",
    "grunthttp2.exe",
    "grunthttp2.exe-6fa237f2.pf",
    "heartbeats",
    "heartbeatsequencenumber",
    "helper",
    "history",
    "hkcr",
    "hklm",
    "hku",
    "host",
    "hostconnectionerrors",
    "http",
    "i_059e0e4c-6d44-492c-8e74-0c6e7bfc6612",
    "identitycrl",
    "img:-",
    "img:compattelrunner.exe",
    "img:conhost.exe",
    "img:csrss.exe",
    "img:dfsrs.exe",
    "img:dns.exe",
    "img:grunthttp.exe",
    "img:grunthttp2.exe",
    "img:lsass.exe",
    "img:microsoft.activedirectory.webservices.exe",
    "img:networkwatcheragent.exe",
    "img:runtimebroker.exe",
    "img:services.exe",
    "img:svchost.exe",
    "img:system",
    "img:wmiprvse.exe",
    "imm32",
    "information",
    "inputapp_cw5n1h2txyewy",
    "inputcount",
    "installation",
    "intel",
    "interface",
    "interfaces",
    "internet",
    "invagent",
    "invalidhttpcodes",
    "iofficeantivirus",
    "ipc",
    "iphlpapi.dll",
    "ipsec",
    "isretailos",
    "isslowlink",
    "just-in-time",
    "kernel",
    "kernel.appcore.dll",
    "kernel32",
    "kernel32.dll",
    "kernelbase.dll",
    "language",
    "lastalive0.dat",
    "lastalive1.dat",
    "lastconnectivityheartbeattime",
    "lastconnectivitystate",
    "lastdownloadtime",
    "lasteventsizeoffender",
    "lastextensionmadesyncrequest",
    "lastfilewrittenpath",
    "lastfilewrittentime",
    "lastfreenetworklosstime",
    "lastheartbeattime",
    "lasthostconnectionerror",
    "lastinvalidhttpcode",
    "lastnormalrun",
    "lastsuccessfulnormaluploadtime",
    "lastsuccessfuluploadtime",
    "lastsynctime",
    "lasttelsettingsringid",
    "lasttelsettingsringname",
    "layer",
    "ldap",
    "libraries",
    "library",
    "light-weight",
    "linkage",
    "location",
    "lockdown",
    "logfiles",
    "loggingstatus",
    "lookup",
    "lsa",
    "lsasrv.dll",
    "lsass",
    "lsass.exe",
    "lsm.dll",
    "machine",
    "manager",
    "marshaller",
    "marta",
    "maxactiveagentconnections",
    "maxinusescenarios",
    "microsoft",
    "microsoft.windows.sentinels.normal_0",
    "microsoft.windows.sentinels.realtime_0",
    "module",
    "monitorsn",
    "mordordc",
    "mpclient.dll",
    "mpoav.dll",
    "msasn1.dll",
    "mscoree.dll",
    "mscoreei.dll",
    "mscorlib.dll",
    "msctf",
    "msctf.dll",
    "msvcp_win.dll",
    "msvcrt.dll",
    "mswsock.dll",
    "multi-user",
    "name",
    "naming",
    "napinsp.dll",
    "ncobjapi.dll",
    "ndiscap",
    "nettrace",
    "network",
    "networkname",
    "networksetup2",
    "nextrefreshmode",
    "nextrefreshreason",
    "nlaapi.dll",
    "nsi",
    "nsi.dll",
    "ntdll.dll",
    "ntmarta.dll",
    "objects",
    "oemmodel",
    "ole",
    "ole32.dll",
    "oleaut32.dll",
    "ondemandconnroutehelper.dll",
    "operating",
    "overridedownloadpolicies",
    "par:compattelrunner.exe",
    "par:grunthttp2.exe",
    "par:grunthttp2.exe\"",
    "par:svchost.exe",
    "par:wmiprvse.exe",
    "parameters",
    "perfctrs.dll",
    "performance",
    "perfos.dll",
    "permissionschecktestkey",
    "persistent",
    "pinruleslastsynctime",
    "pipe",
    "pnrp",
    "pnrpnsp.dll",
    "policies",
    "policy",
    "policyoverdue",
    "power",
    "powrprof.dll",
    "prefetch",
    "primitives",
    "privacyblockedcounter",
    "procedure",
    "process",
    "processormodel",
    "profapi.dll",
    "profile",
    "programdata",
    "properties",
    "protection",
    "protocollist",
    "protocols",
    "provider",
    "psapi",
    "psched",
    "psmserviceexthost.dll",
    "qword",
    "rasadhlp.dll",
    "rasapi32.dll",
    "rasman.dll",
    "raspbfile",
    "refcount",
    "refreshinterval",
    "registry",
    "remote",
    "repeateduploadfailuredropped",
    "replica",
    "replication",
    "retail",
    "rnr",
    "root",
    "route",
    "routing",
    "rpc",
    "rpcrt4.dll",
    "rpcss.dll",
    "rsaenh.dll",
    "rtbackup",
    "rtutils.dll",
    "runsblocked",
    "runtime",
    "runtimebroker.exe",
    "runtimebroker.exe-5efad463.pf",
    "scan",
    "schedule",
    "scheduler",
    "scm",
    "sddl",
    "sdk",
    "sechost.dll",
    "secur32.dll",
    "securetimeconfidence",
    "securetimeestimated",
    "securetimehigh",
    "securetimelimits",
    "securetimelow",
    "securetimetickcount",
    "security",
    "sentinelsn",
    "server",
    "service",
    "serviceinstances",
    "services",
    "servicesactive",
    "servicestate",
    "session",
    "set",
    "settings",
    "settingshttpattempts",
    "settingshttpfailures",
    "settingsparsetype",
    "settingspayloadtype",
    "settingspriority",
    "settingsregistrationtype",
    "settingsrequests",
    "settingstype",
    "shcore",
    "shcore.dll",
    "shell",
    "shell32.dll",
    "shim",
    "shlwapi.dll",
    "sihost.exe",
    "skipndisadapterskeygeneration",
    "sku",
    "slotcount",
    "sm0",
    "smartcardroot",
    "socket",
    "sockets",
    "software",
    "source",
    "space",
    "sspicli.dll",
    "sspisrv.dll",
    "start",
    "starttime",
    "starttimehi",
    "starttimelo",
    "state",
    "status",
    "storage",
    "storagepolicy",
    "storagesense",
    "store",
    "studio",
    "support",
    "svchost.exe",
    "sysmain.dll",
    "system",
    "system.configuration.dll",
    "system.core.dll",
    "system.dll",
    "system.xml.dll",
    "system32",
    "systemapps",
    "systemcertificates",
    "sysvol",
    "szname",
    "sztargetname",
    "task",
    "taskcache",
    "tasks",
    "taskschd.dll",
    "tcpip",
    "telemetry",
    "telemetry.asm-windowssq",
    "telemetry.asm-windowssq.json",
    "telemetry.asm-windowssq.json.new",
    "telemetrycontroller",
    "temp",
    "theshire",
    "tracing",
    "triggereventcount",
    "trust",
    "trustedpeople",
    "ucrtbase.dll",
    "ucrtbase_clr0400.dll",
    "unknown",
    "uploadedeventcount",
    "upperbind",
    "user",
    "user-mode",
    "user32",
    "userenv",
    "userenv.dll",
    "utc.tracing",
    "utc.tracing.json",
    "utc.tracing.json.new",
    "utcutil.dll",
    "utilities",
    "utility",
    "utils",
    "uxtheme",
    "uxtheme.dll",
    "value",
    "vcruntime140_clr0400.dll",
    "verification",
    "version",
    "version.dll",
    "vfuprovider",
    "virtual",
    "visual",
    "volume",
    "volumes",
    "vortexfailurestimeout",
    "vortexhttpattempts",
    "vortexhttpfailures4xx",
    "vortexhttpfailures5xx",
    "vortexhttpresponsefailures",
    "vortexhttpresponseswithdroppedevents",
    "w32time",
    "wbem",
    "wbemcomn.dll",
    "wbemcore.dll",
    "wbemprox.dll",
    "wbemsvc.dll",
    "wevtapi.dll",
    "wfplwfs",
    "wilstaging_02",
    "wilstaging_02_p0",
    "wilstaging_02_p0h",
    "win32",
    "win32u",
    "win32u.dll",
    "window",
    "windows",
    "windows.storage.dll",
    "windowsselfhost",
    "winhttp.dll",
    "winlogon",
    "winnsi.dll",
    "winrnr",
    "winrt",
    "winsock2",
    "wintrust.dll",
    "wldp.dll",
    "wmi",
    "wmidcom.dll",
    "wmiprvsd.dll",
    "wmiprvse.exe",
    "wmiprvse.exe-1628051c.pf",
    "wmiutils.dll",
    "workstation",
    "workstation6",
    "wosc",
    "wpad",
    "writepermissionscheck",
    "ws2_32.dll",
    "wshbth.dll",
    "wudfhost.exe",
    "xmllite",
    "xmllite.dll"
   ]
  },
  {
   "dataset_id": "SDWIN-200806115603",
   "title": "Covenant PowerShell Remoting Command",
   "techniques": [
    "T1021"
   ],
   "tactics": [
    "TA0002",
    "TA0008"
   ],
   "event_count": 4284,
   "sample_events": [
    {
     "timestamp": "2020-08-06T15:56:07.158Z",
     "host": "MORDORDC.theshire.local",
     "channel": "Microsoft-Windows-Sysmon/Operational",
     "event_id": 18,
     "process": "dns.exe",
     "parent": "",
     "command_line": "",
     "user": ""
    },
    {
     "timestamp": "2020-08-06T15:56:07.158Z",
     "host": "MORDORDC.theshire.local",
     "channel": "Microsoft-Windows-Sysmon/Operational",
     "event_id": 10,
     "process": "svchost.exe",
     "parent": "",
     "command_line": "",
     "user": ""
    },
    {
     "timestamp": "2020-08-06T15:56:07.158Z",
     "host": "MORDORDC.theshire.local",
     "channel": "Microsoft-Windows-Sysmon/Operational",
     "event_id": 10,
     "process": "svchost.exe",
     "parent": "",
     "command_line": "",
     "user": ""
    },
    {
     "timestamp": "2020-08-06T15:56:08.170Z",
     "host": "WORKSTATION6.theshire.local",
     "channel": "Microsoft-Windows-Sysmon/Operational",
     "event_id": 12,
     "process": "svchost.exe",
     "parent": "",
     "command_line": "",
     "user": ""
    },
    {
     "timestamp": "2020-08-06T15:56:08.171Z",
     "host": "WORKSTATION6.theshire.local",
     "channel": "Microsoft-Windows-Sysmon/Operational",
     "event_id": 12,
     "process": "svchost.exe",
     "parent": "",
     "command_line": "",
     "user": ""
    },
    {
     "timestamp": "2020-08-06T15:56:10.185Z",
     "host": "MORDORDC.theshire.local",
     "channel": "Microsoft-Windows-Sysmon/Operational",
     "event_id": 12,
     "process": "Microsoft.ActiveDirectory.WebServices.exe",
     "parent": "",
     "command_line": "",
     "user": ""
    },
    {
     "timestamp": "2020-08-06T15:56:10.186Z",
     "host": "MORDORDC.theshire.local",
     "channel": "Microsoft-Windows-Sysmon/Operational",
     "event_id": 12,
     "process": "Microsoft.ActiveDirectory.WebServices.exe",
     "parent": "",
     "command_line": "",
     "user": ""
    },
    {
     "timestamp": "2020-08-06T15:56:10.188Z",
     "host": "WORKSTATION6.theshire.local",
     "channel": "Microsoft-Windows-Sysmon/Operational",
     "event_id": 10,
     "process": "svchost.exe",
     "parent": "",
     "command_line": "",
     "user": ""
    },
    {
     "timestamp": "2020-08-06T15:56:10.188Z",
     "host": "WORKSTATION6.theshire.local",
     "channel": "Microsoft-Windows-Sysmon/Operational",
     "event_id": 10,
     "process": "svchost.exe",
     "parent": "",
     "command_line": "",
     "user": ""
    },
    {
     "timestamp": "2020-08-06T15:56:11.198Z",
     "host": "WORKSTATION6.theshire.local",
     "channel": "Microsoft-Windows-Sysmon/Operational",
     "event_id": 10,
     "process": "svchost.exe",
     "parent": "",
     "command_line": "",
     "user": ""
    },
    {
     "timestamp": "2020-08-06T15:56:11.198Z",
     "host": "WORKSTATION6.theshire.local",
     "channel": "Microsoft-Windows-Sysmon/Operational",
     "event_id": 10,
     "process": "svchost.exe",
     "parent": "",
     "command_line": "",
     "user": ""
    },
