    {
     "timestamp": "2020-09-20T21:38:58.496Z",
     "host": "WORKSTATION5.theshire.local",
     "channel": "Microsoft-Windows-Sysmon/Operational",
     "event_id": 9,
     "process": "svchost.exe",
     "parent": "",
     "command_line": "",
     "user": ""
    }
   ],
   "tokens": [
    "-0000",
    "-0001",
    "-0002",
    "-0003",
    "-0004",
    "-embedding",
    "-enc",
    "-forcev1",
    "-ge",
    "-nop",
    "-secured",
    "-sta",
    ".assembly.gettype",
    ".default",
    ".net",
    ".netframework",
    ".ps1",
    ".ps1xml",
    "0x00000000-0x0b4971b1",
    "0x00000000-0x10cadce9",
    "0x01d68d60-0xc9882202",
    "0x01d68d64-0xfa77d96d",
    "0x01d68f8e-0x17eed9b7",
    "0x01d68f8e-0x2e5183ad",
    "0x01d68f96-0x7386a452",
    "0x01d68f96-0x73873e84",
    "0x01d68f96-0x79b341b7",
    "0x01d68f96-0x9015ebad",
    "0x01d68f96-0x9748c2f6",
    "0x01d68f96-0x974944f9",
    "0x01d68f96-0x9aec4697",
    "0x01d68f9e-0xdb77a9b7",
    "0x01d68f9e-0xf1da53ad",
    "0x1000",
    "0x1478",
    "0x3000",
    "0x40",
    "10.10.10.5",
    "1008d",
    "106fe",
    "108a0",
    "10daa",
    "111b6",
    "1172e",
    "1184f",
    "1260d",
    "134fb",
    "1364b",
    "1497b",
    "149f7",
    "16.0",
    "172.18.38.5",
    "172.18.39.6",
    "176b9",
    "177c",
    "179a6",
    "1852f",
    "19e3b",
    "1a172",
    "1a207",
    "1a72",
    "1be93",
    "1bf95",
    "1c32b",
    "1c362",
    "1c9af",
    "1e509",
    "1e689",
    "1e6a5",
    "1e7be",
    "1e899",
    "2.0",
    "202.30ghz",
    "20cpu",
    "20e5-2673",
    "20machine",
    "20v4",
    "20xeon",
    "222a3",
    "28r",
    "29e00",
    "2ad02",
    "2d2f4",
    "2fba",
    "305fe",
    "3081d",
    "30b5b",
    "314c9",
    "32-bit",
    "37b1c",
    "3a89",
    "3b35",
    "3e853",
    "43de2",
    "43de2.getvalue",
    "44b1f",
    "47d23",
    "47d62",
    "52.167.249.196",
    "52e4",
    "55ec3",
    "567b6",
    "59e1a",
    "5af4",
    "5fd9",
    "6aec5",
    "6ce5f",
    "712db",
    "763a",
    "76a53",
    "80e4f",
    "84df4",
    "895c",
    "8bd0",
    "9c534",
    "9d104",
    "9d39",
    "9d8e4",
    "__psscriptpolicytest_5p0kpgah.bk1.psm1",
    "__psscriptpolicytest_bh3uvdhj.opz.ps1",
    "__psscriptpolicytest_kgqkecjz.ogx.ps1",
    "__psscriptpolicytest_ntt2teph.rw0.psm1",
    "a3c8",
    "a5df",
    "ac05",
    "access",
    "accounts",
    "adapters",
    "advanced",
    "advapi32.dll",
    "alink.dll",
    "amp",
    "amsi.dll",
    "and",
    "anonymous",
    "anti-malware",
    "api",
    "api32",
    "apis",
    "appdata",
    "appmodel",
    "appx",
    "appxsip.dll",
    "asn.1",
    "assembly",
    "atl",
    "atl.dll",
    "attrdataver",
    "authorization",
    "authroot",
    "authz.dll",
    "autodial",
    "awareness",
    "b3f9",
    "b46d",
    "b72e",
    "b75b",
    "b907",
    "bam",
    "base",
    "based",
    "basenamedobjects",
    "basesrv.dll",
    "basic",
    "bcrypt.dll",
    "bcryptprimitives.dll",
    "bfd2",
    "binary",
    "bindpaths",
    "bindrules",
    "branding",
    "build",
    "byfid",
    "cachedgrouppolicysettings",
    "cachedsizes",
    "call",
    "captureenabled",
    "catalog",
    "catalogchangelistener-bf0-0",
    "certificates",
    "cfgmgr32.dll",
    "ch:microsoft-windows-powershell/operational",
    "ch:microsoft-windows-sysmon/operational",
    "ch:microsoft-windows-wmi-activity/operational",
    "ch:security",
    "ch:system",
    "ch:windows powershell",
    "checking",
    "cimom",
    "cimwin32.dll",
    "class",
    "clbcatq.dll",
    "clicktorun",
    "client",
    "clients",
    "clientstate",
    "clienttelemetry",
    "clockdata",
    "clr.dll",
    "clrjit.dll",
    "cmd.exe",
    "cmd.exe-4a81b364.pf",
    "code",
    "coff",
    "com",
    "combase.dll",
    "coml2.dll",
    "command",
    "commands",
    "common",
    "compatibilityadapter",
    "compiler",
    "condrv",
    "configuration",
    "conhost.exe",
    "conhost.exe-1f3e9d7e.pf",
    "connctiond",
    "connection",
    "connections",
    "console",
    "control",
    "controlset001",
    "conversion",
    "crls",
    "crt",
    "crypt32.dll",
    "cryptbase.dll",
    "cryptdll.dll",
    "crypto",
    "cryptographic",
    "cryptography",
    "cryptsp.dll",
    "cryptsvc.dll",
    "csc.exe",
    "csc.exe-67679278.pf",
    "csc594d868f2d264a5093e01373b69913b.tmp",
    "csc8d687190b6d64c029e57e486e78a8a2d.tmp",
    "cscapi.dll",
    "csrsrv.dll",
    "ctac",
    "ctfmon.exe",
    "ctls",
    "currentcontrolset",
    "currentversion",
    "custom",
    "cvtres.exe",
    "cvtres.exe-f2b7602e.pf",
    "da036",
    "data",
    "dcntel",
    "dcntel.dll",
    "default",
    "demand",
    "desktop",
    "device",
    "dhcp",
    "dhcpcsvc.dll",
    "dhcpcsvc6.dll",
    "dhcpv6",
    "dia",
    "diagnosis",
    "diagnostics",
    "diagtrack",
    "diasymreader.dll",
    "disallowed",
    "displays",
    "dll",
    "dns",
    "dnsapi",
    "downloadedsettings",
    "downloadscheduled",
    "dsrole.dll",
    "dwm.exe",
    "dwmapi.dll",
    "dword",
    "dynamicinfo",
    "e-mail",
    "ec7a",
    "eid:1",
    "eid:10",
    "eid:11",
    "eid:12",
    "eid:13",
    "eid:17",
    "eid:18",
    "eid:22",
    "eid:23",
    "eid:3",
    "eid:400",
    "eid:40961",
    "eid:40962",
    "eid:4103",
    "eid:4104",
    "eid:4624",
    "eid:4627",
    "eid:4634",
    "eid:4656",
    "eid:4658",
    "eid:4663",
    "eid:4670",
    "eid:4672",
    "eid:4673",
    "eid:4674",
    "eid:4688",
    "eid:4689",
    "eid:4690",
    "eid:4703",
    "eid:4769",
    "eid:5",
    "eid:5140",
    "eid:5145",
    "eid:5154",
    "eid:5156",
    "eid:5158",
    "eid:53504",
    "eid:5857",
    "eid:600",
    "eid:7",
    "eid:7040",
    "eid:800",
    "eid:9",
    "enablescriptb",
    "engine",
    "enhanced",
    "enterprisecertificates",
    "environment",
    "esscli.dll",
    "etag",
    "etagqueryparameters",
    "event",
    "eventlog",
    "execution",
    "expid",
    "explorer",
    "extension",
    "extensions",
    "f2e6",
    "f537",
    "f6ba",
    "f7ad",
    "f97f",
    "fastprox.dll",
    "ff97",
    "fids",
    "file",
    "files",
    "filterlist",
    "filters",
    "flighting",
    "flightingbranchname",
    "folders",
    "fontdrvhost.exe",
    "for",
    "framedyn.dll",
    "framework",
    "framework64",
    "fullpaths",
    "fwbase.dll",
    "fwp",
    "fwpuclnt.dll",
    "gdi",
    "gdi32",
    "generator",
    "getfie",
    "gpapi.dll",
    "group",
    "harddiskvolume2",
    "helper",
    "helpers",
    "hkcr",
    "hklm",
    "hku",
    "host",
    "http",
    "i_cae5f14f-6210-49cd-8685-60acee77f7c8",
    "i_df4d73a6-25f6-4acb-b987-0e0e7ddea703",
    "identitycrl",
    "iertutil.dll",
    "image",
    "imagehlp.dll",
    "img:-",
    "img:cmd.exe",
    "img:conhost.exe",
    "img:csc.exe",
    "img:csrss.exe",
    "img:cvtres.exe",
    "img:lsass.exe",
    "img:msbuild.exe",
    "img:networkwatcheragent.exe",
    "img:officeclicktorun.exe",
    "img:powershell.exe",
    "img:services.exe",
    "img:svchost.exe",
    "img:system",
    "img:whoami.exe",
    "img:windowsazureguestagent.exe",
    "img:wmiprvse.exe",
    "imm32",
    "information",
    "inputapp_cw5n1h2txyewy",
    "installation",
    "installer",
    "intel",
    "interface",
    "interfaces",
    "internet",
    "iofficeantivirus",
    "ipc",
    "iphlpapi.dll",
    "ipsec",
    "isretailos",
    "ix86",
    "just-in-time",
    "kerberos",
    "kerberos.dll",
    "kernel",
    "kernel.appcore.dll",
    "kernel32",
    "kernel32.dll",
    "kernelbase.dll",
    "language",
    "lastalive0.dat",
    "lastalive1.dat",
    "lastdownloadtime",
    "lastfilewrittenpath",
    "lastfilewrittentime",
    "lasttelsettingsringid",
    "lasttelsettingsringname",
    "layer",
    "ldap",
    "libraries",
    "library",
    "light-weight",
    "line",
    "linkage",
    "linker",
    "local",
    "localhost",
    "location",
    "lockdown",
    "locklogging",
    "logfiles",
    "logged",
    "logon",
    "logoncli.dll",
    "lookup",
    "lsa",
    "lsasrv.dll",
    "lsass.exe",
    "lsm.dll",
    "machine",
    "management",
    "manager",
    "marshaller",
    "marta",
    "microsoft",
    "microsoft.management.infrastructure.dll",
    "microsoft.net",
    "microsoft.powershell.consolehost",
    "microsoft.powershell.consolehost.dll",
    "microsoft.powershell.security.dll",
    "microsoft.wsman.management.dll",
    "mintdh.dll",
    "module",
    "mpclient.dll",
    "mpoav.dll",
    "mpssvc.dll",
    "msasn1.dll",
    "msbuild.exe",
    "msbuild.exe-7983d223.pf",
    "mscoree.dll",
    "mscoreei.dll",
    "mscorlib.dll",
    "mscorpehost.dll",
    "msctf",
    "msctf.dll",
    "msi",
    "msisip.dll",
    "msvcp_win.dll",
    "msvcrt.dll",
    "mswsock.dll",
    "multi-user",
    "name",
    "naming",
    "napinsp.dll",
    "native",
    "nativeimages_v4.0.30319_64",
    "ncobjapi.dll",
    "ndiscap",
    "net",
    "netapi32.dll",
    "nettrace",
    "netutils.dll",
    "network",
    "networksetup2",
    "nlaapi.dll",
    "noconfig",
    "nologo",
    "notifications",
    "nsi",
    "nsi.dll",
    "ntdll.dll",
    "ntmarta.dll",
    "null",
    "object",
    "oemmodel",
    "office",
    "officeclicktorun.exe",
    "offline",
    "ole",
    "ole32",
    "ole32.dll",
    "oleaut32.dll",
    "ondemandconnroutehelper.dll",
    "onpublic",
    "opc",
    "opcservices.dll",
    "operating",
    "out",
    "overridedownloadpolicies",
    "package",
    "par:cmd.exe",
    "par:csc.exe",
    "par:csc.exe\"",
    "par:msbuild.exe",
    "par:powershell.exe",
    "par:powershell.exe\"",
    "par:svchost.exe",
    "par:wmiprvse.exe",
    "parameters",
    "persistent",
    "pgustavo",
    "pipe",
    "pnrp",
    "pnrpnsp.dll",
    "policies",
    "policy",
    "power",
    "powershell",
    "powershell.exe",
    "powershell.exe-920bba2a.pf",
    "powrprof.dll",
    "prefetch",
    "primitives",
    "procedure",
    "process",
    "processor",
    "processormodel",
    "profapi.dll",
    "profile",
    "program",
    "programdata",
    "properties",
    "protocollist",
    "protocols",
    "provider",
    "providers",
    "psapi",
    "psched",
    "pshell.xml",
    "psmserviceexthost.dll",
    "psversiontable.psversion.major",
    "publishing",
    "pwrshsip.dll",
    "qu22daba",
    "qu22daba.0.cs",
    "qu22daba.cmdline",
    "qu22daba.dll",
    "qu22daba.err",
    "qu22daba.out",
    "qu22daba.pdb",
    "qu22daba.tmp",
    "qword",
    "rasadhlp.dll",
    "rasapi32.dll",
    "rasman.dll",
    "raspbfile",
    "readonly",
    "ref",
    "refcount",
    "refreshinterval",
    "registry",
    "remote",
    "resb2e0.tmp",
    "resb580.tmp",
    "resource",
    "resources",
    "retail",
    "rnr",
    "root",
    "route",
    "routing",
    "rpcrt4.dll",
    "rpcss.dll",
    "rsaenh.dll",
    "rtbackup",
    "rtutils.dll",
    "rulesmetadata",
    "run",
    "runtime",
    "sam",
    "samcli.dll",
    "scan",
    "schannel",
    "schannel.dll",
    "schedcli.dll",
    "schedule",
    "scheduler",
    "scm",
    "script",
    "scriptb",
    "sddl",
    "sdk",
    "sechost.dll",
    "secur32.dll",
    "securetimeconfidence",
    "securetimeestimated",
    "securetimehigh",
    "securetimelimits",
    "securetimelow",
    "securetimetickcount",
    "security",
    "security.dll",
    "securityproviders",
    "self.events.data.microsoft.com",
    "server",
    "service",
    "services",
    "servicesactive",
    "servicestate",
    "session",
    "settings",
    "settingsparsetype",
    "settingspayloadtype",
    "settingspriority",
    "settingsregistrationtype",
    "settingsrequests",
    "settingstype",
    "setup",
    "shared",
    "shcore",
    "shcore.dll",
    "shell",
    "shell32.dll",
    "shim",
    "shlwapi.dll",
    "signature",
    "signatures",
    "signing",
    "sip",
    "skipndisadapterskeygeneration",
    "sku",
    "sm0",
    "smartcardroot",
    "socket",
    "sockets",
    "software",
    "space",
    "srvcli.dll",
    "srvsvc",
    "ssl",
    "sspicli.dll",
    "sspisrv.dll",
    "start",
    "starttime",
    "state",
    "static",
    "status",
    "stdprov.dll",
    "storage",
    "storagepolicy",
    "storagesense",
    "studio",
    "subject",
    "support",
    "svchost.exe",
    "symreader",
    "sysmain.dll",
    "system",
    "system.configuration.dll",
    "system.configuration.install.dll",
    "system.core.dll",
    "system.data.dll",
    "system.directoryservices.dll",
    "system.dll",
    "system.management.automation",
    "system.management.automation.dll",
    "system.management.automation.utils",
    "system.management.dll",
    "system.ni.dll",
    "system.numerics.dll",
    "system.security.dll",
    "system.transactions.dll",
    "system.xml.dll",
    "system32",
    "systemapps",
    "systemcertificates",
    "taskcache",
    "tasks",
    "tcpip",
    "tdh.dll",
    "telemetry",
    "telemetry.asm-windowssq",
    "telemetry.asm-windowssq.json",
    "telemetry.asm-windowssq.json.new",
    "temp",
    "tfmbbev2",
    "tfmbbev2.0.cs",
    "tfmbbev2.cmdline",
    "tfmbbev2.dll",
    "tfmbbev2.err",
    "tfmbbev2.out",
    "tfmbbev2.pdb",
    "tfmbbev2.tmp",
    "time",
    "tls",
    "trace",
    "tracing",
    "trust",
    "trustedpeople",
    "ucrtbase.dll",
    "ucrtbase_clr0400.dll",
    "ulscategoriesseverities",
    "ulsmonitor",
    "ulstagids0",
    "unicode",
    "unknown",
    "upperbind",
    "urlmon.dll",
    "user",
    "user-mode",
    "user32",
    "userenv",
    "userenv.dll",
    "users",
    "usersettings",
    "utc.tracing",
    "utc.tracing.json",
    "utc.tracing.json.new",
    "utcutil.dll",
    "utilities",
    "utility",
    "utils",
    "uxtheme",
    "uxtheme.dll",
    "v1.0",
    "v4.0.30319",
    "vcruntime140_clr0400.dll",
    "verification",
    "verifying",
    "version",
    "version.dll",
    "vfuprovider",
    "virtual",
    "visual",
    "w32time",
    "wbem",
    "wbemcomn.dll",
    "wbemcore.dll",
    "wbemprox.dll",
    "wbemsvc.dll",
    "wfplwfs",
    "whoami",
    "whoami.exe",
    "whoami.exe-b8288e39.pf",
    "wilstaging_02",
    "wilstaging_02_p0",
    "wilstaging_02_p0h",
    "win32",
    "win32u",
    "win32u.dll",
    "winbrand.dll",
    "window",
    "windows",
    "windows.storage.dll",
    "windowspowershell",
    "windowsselfhost",
    "winhttp.dll",
    "winlogon",
    "winrnr",
    "winrt",
    "winsock2",
    "wintrust",
    "wintrust.dll",
    "wkscli.dll",
    "wkssvc",
    "wldp.dll",
    "wmi",
    "wminet_utils.dll",
    "wmiprvsd.dll",
    "wmiprvse.exe",
    "wmiprvse.exe-1628051c.pf",
    "wmiutils.dll",
    "workstation",
    "workstation6",
    "wosc",
    "ws2_32.dll",
    "wshbth.dll",
    "wshext.dll",
    "wsman",
    "xmllite",
    "xmllite.dll"
   ]
  },
  {
   "dataset_id": "SDWIN-190518221344",
   "title": "Empire Invoke DLLInjection",
   "techniques": [
    "T1055"
   ],
   "tactics": [
    "TA0004",
    "TA0005"
   ],
   "event_count": 12200,
   "sample_events": [
    {
     "timestamp": "2020-07-22T04:00:48.786Z",
     "host": "MORDORDC.mordor.local",
     "channel": "Microsoft-Windows-Sysmon/Operational",
     "event_id": 13,
     "process": "svchost.exe",
     "parent": "",
     "command_line": "",
     "user": ""
    },
    {
     "timestamp": "2020-07-22T04:00:49.784Z",
     "host": "WORKSTATION5.mordor.local",
     "channel": "Microsoft-Windows-Sysmon/Operational",
     "event_id": 12,
     "process": "powershell.exe",
     "parent": "",
     "command_line": "",
     "user": ""
    },
    {
     "timestamp": "2020-07-22T04:00:49.786Z",
     "host": "WORKSTATION5.mordor.local",
     "channel": "Microsoft-Windows-Sysmon/Operational",
     "event_id": 10,
     "process": "svchost.exe",
     "parent": "",
     "command_line": "",
     "user": ""
    },
    {
     "timestamp": "2020-07-22T04:00:49.787Z",
     "host": "WORKSTATION5.mordor.local",
     "channel": "Microsoft-Windows-Sysmon/Operational",
     "event_id": 12,
     "process": "svchost.exe",
     "parent": "",
     "command_line": "",
     "user": ""
    },
    {
     "timestamp": "2020-07-22T04:00:49.787Z",
     "host": "WORKSTATION5.mordor.local",
     "channel": "Microsoft-Windows-Sysmon/Operational",
     "event_id": 13,
     "process": "svchost.exe",
     "parent": "",
     "command_line": "",
     "user": ""
    },
    {
     "timestamp": "2020-07-22T04:00:49.788Z",
     "host": "WORKSTATION5.mordor.local",
     "channel": "Microsoft-Windows-Sysmon/Operational",
     "event_id": 13,
     "process": "svchost.exe",
     "parent": "",
     "command_line": "",
     "user": ""
    },
    {
     "timestamp": "2020-07-22T04:00:49.788Z",
     "host": "WORKSTATION5.mordor.local",
     "channel": "Microsoft-Windows-Sysmon/Operational",
     "event_id": 13,
     "process": "svchost.exe",
     "parent": "",
     "command_line": "",
     "user": ""
    },
    {
     "timestamp": "2020-07-22T04:00:49.788Z",
     "host": "WORKSTATION5.mordor.local",
     "channel": "Microsoft-Windows-Sysmon/Operational",
     "event_id": 5,
     "process": "backgroundTaskHost.exe",
     "parent": "",
     "command_line": "",
     "user": ""
    },
    {
     "timestamp": "2020-07-22T04:00:49.789Z",
     "host": "WORKSTATION5.mordor.local",
     "channel": "Microsoft-Windows-Sysmon/Operational",
     "event_id": 13,
     "process": "backgroundTaskHost.exe",
     "parent": "",
     "command_line": "",
     "user": ""
    },
    {
     "timestamp": "2020-07-22T04:00:49.789Z",
     "host": "WORKSTATION5.mordor.local",
     "channel": "Microsoft-Windows-Sysmon/Operational",
     "event_id": 12,
     "process": "svchost.exe",
     "parent": "",
     "command_line": "",
     "user": ""
    },
    {
     "timestamp": "2020-07-22T04:00:49.789Z",
     "host": "WORKSTATION5.mordor.local",
     "channel": "Microsoft-Windows-Sysmon/Operational",
     "event_id": 12,
     "process": "svchost.exe",
     "parent": "",
     "command_line": "",
     "user": ""
    },
    {
     "timestamp": "2020-07-22T04:00:49.790Z",
     "host": "WORKSTATION5.mordor.local",
     "channel": "Microsoft-Windows-Sysmon/Operational",
     "event_id": 12,
     "process": "svchost.exe",
     "parent": "",
     "command_line": "",
     "user": ""
    }
   ],
   "tokens": [
    "-0.details.json",
    "-0.mof",
    "-200",
    "-201",
    "-312650030",
    "-451559063",
    "-458435971",
    "-459061233",
    "-601",
    "-602",
    "-603",
    "-609537441",
    "-alias",
    "-and",
    "-childpath",
    "-contains",
    "-embedding",
    "-eq",
    "-erroraction",
    "-exact",
    "-function",
    "-members",
    "-message",
    "-name",
    "-ne",
    "-not",
    "-notin",
    "-off",
    "-option",
    "-parent",
    "-path",
    "-resourcename",
    "-value",
    "-version",
    ".addressfamily.tostring",
    ".default",
    ".externalhelp",
    ".net",
    ".netframework",
    ".ps1",
    ".ps1xml",
    ".synopsis",
    ".value",
    "0x00000000-0x01400000",
    "0x00000000-0x0c486d44",
    "0x01d65f12-0x79fec4d4",
    "0x01d65f49-0xf2de33b5",
    "0x01d65f88-0x3fc324ae",
    "0x01d65f88-0x3fe54870",
    "0x01d65f95-0xe6559103",
    "0x01d65fa5-0x80563b4a",
    "0x01d65fbf-0xe943eb61",
    "0x01d65fd0-0x8774f3da",
    "0x01d65fd0-0xd2ae4e33",
    "0x01d65fd0-0xd2b57550",
    "0x01d65fd4-0x5ffb6a23",
    "0x01d65fdc-0x87c3dc8c",
    "0x01d65fdc-0x8b20ab3d",
    "0x01d65fdc-0xae1a02da",
    "0x01d65fdc-0xaefb3c30",
    "0x01d65fdc-0xb02ca408",
    "0x01d65fdc-0xb06f60a4",
    "0x01d65fdc-0xb0fbfb30",
    "0x01d65fdc-0xb5b63422",
    "0x01d65fdc-0xb5b7b080",
    "0x01d65fdc-0xb9b73fd3",
    "0x01d65fdc-0xba855fae",
    "0x01d65fdc-0xc129af49",
    "0x01d65fdc-0xc1bfd223",
    "0x01d65fdc-0xc34145e3",
    "0x01d65fdc-0xc36f7262",
    "0x01d65fdc-0xc371d647",
    "0x01d65fdc-0xc3a80d83",
    "0x01d65fdc-0xc3b1c6bb",
    "0x01d65fdc-0xc3b43972",
    "0x01d65fdc-0xc40e6ad9",
    "0x01d65fdc-0xcab39c9c",
    "0x01d65fdc-0xccc95b36",
    "0x01d65fdc-0xcd993dc3",
    "0x01d65fdc-0xd43efeff",
    "0x01d65fdc-0xd653f12c",
    "0x01d65fdc-0xd721db42",
    "0x01d65fdc-0xd97895c2",
    "0x01d65fdc-0xd97a0cce",
    "0x01d65fdc-0xdfdd1b12",
    "0x01d65fdc-0xe0ab48c8",
    "0x01d65fdc-0xe74fcb90",
    "0x01d65fdc-0xe965ccee",
    "0x01d65fdc-0xea3527e4",
    "0x01d65fdc-0xf0d7a1aa",
    "0x01d65fdc-0xf2ee8b7e",
    "0x01d65fdc-0xf3be8983",
    "0x01d65fdc-0xfa607952",
    "0x01d65fdc-0xfc792950",
    "0x01d65fdc-0xfd3cad3b",
    "0x01d65fdc-0xfd3dea88",
    "0x01d65fdc-0xfd49d7c0",
    "0x01d65fdd-0x03e96a91",
    "0x01d65fdd-0x06034a18",
    "0x01d65fdd-0x06d40209",
    "0x01d65fdd-0x0d755b82",
    "0x01d65fdd-0x0f8c2caf",
    "0x01d65fdd-0x105d9cbb",
    "0x01d65fdd-0x16ffa3f6",
    "0x01d65fdd-0x191432af",
    "0x01d65fdd-0x19e6ee45",
    "0x01d65fdd-0x1c65c0d0",
    "0x01d65fdd-0x20897223",
    "0x01d65fdd-0x2100174f",
    "0x01d65fdd-0x21004d55",
    "0x01d65fdd-0x229e21e5",
    "0x01d65fdd-0x236ea75e",
    "0x01d65fdd-0x2c28a1c9",
    "0x01d65fdd-0x2cf803ac",
    "0x01d65fdd-0x33999be4",
    "0x01d65fdd-0x35b11642",
    "0x01d65fdd-0x36813ea4",
    "0x01d65fdd-0x3d22c69a",
    "0x01d65fdd-0x3f3be568",
    "0x01d65fdd-0x400b7a21",
    "0x01d65fdd-0x44c27460",
    "0x01d65fdd-0x44c58063",
    "0x01d65fe5-0x23843a23",
    "0x1000",
    "0x1040",
    "0x1400",
    "0x1410",
    "0x1478",
    "0x2000",
    "0x3000",
    "0x40",
    "1.0",
    "1.0.0",
    "1.0.0.0",
    "10.10.10.5",
    "1008d",
    "106fe",
    "108a0",
    "10d20",
    "10daa",
    "111b6",
    "11e74",
    "11fa7",
    "1265e",
    "129af",
    "12b34",
    "1364b",
    "1436c",
    "1451a",
    "149ab",
    "15d08",
    "15d56",
    "16e5",
    "172.18.38.255",
    "172.18.38.5",
    "172.18.38.6",
    "172.18.39.5",
    "172.18.39.6",
    "173c",
    "1756a",
    "176ae",
    "177c",
    "1780b",
    "1792a",
    "17a99",
    "17bd4",
    "184bf",
    "197a4",
    "19e3b",
    "1a172",
    "1a207",
    "1a21a",
    "1a379",
    "1a42",
    "1a5b4",
    "1a72",
    "1a801",
    "1a9a",
    "1b233",
    "1b95a",
    "1bf95",
    "1c32b",
    "1c74",
    "1c9af",
    "1cd9f",
    "1cda2",
    "1d5a0",
    "1d60",
    "1e509",
    "1e689",
    "1e6a5",
    "1e7be",
    "1e899",
    "1np14r77-02r7-4r5q-o744-2ro1nr5198o7",
    "2.0",
    "2.1.1",
    "2.16.0.0",
    "2.9.0.0",
    "20ced",
    "212c",
    "212ee",
    "2199f",
    "222a3",
    "2726e",
    "29d90",
    "2a418",
    "2aaa9",
    "2c88",
    "2d14a",
    "2d244",
    "2d2c4",
    "2da52",
    "2e5cf",
    "2f655",
    "2fb89",
    "2fba",
    "2fda",
    "3.0",
    "3065e",
    "3081d",
    "30b5b",
    "30eb8",
    "311c2",
    "3132f",
    "314c9",
    "31ff3",
    "32-bit",
    "33cb",
    "345b4",
    "34e3",
    "352a8",
    "36ee2",
    "36f9c",
    "37a4c",
    "3b9e3",
    "3e889",
    "44b1f",
    "451e3",
    "47d23",
    "47d62",
    "49ee7",
    "4a18",
    "4ae94",
    "4f558",
    "4f5ae",
    "4feeb",
    "5068e",
    "52.167.249.196",
    "58bcc",
    "5af4",
    "5b413",
    "5e2a",
    "5f36a",
    "5fd9",
    "6.40.10614",
    "64.4.48.201",
    "6a27f",
    "6a7f5",
    "6c175",
    "6c96",
    "6ce5f",
    "6d4c",
    "72a89",
    "8b2b7",
    "9a36b",
    "9a6a8",
    "9c534",
    "9d104",
    "9d8e4",
    "9dcf",
    "9f29",
    "9f39",
    "9fc24",
    "__cmdletization_bindcommonparameters",
    "__cmdletization_defaultvalue",
    "__cmdletization_defaultvalueispresent",
    "__cmdletization_exceptionhasbeenthrown",
    "__cmdletization_methodinvocationinfo",
    "__cmdletization_methodparameter",
    "__cmdletization_methodparameters.add",
    "__cmdletization_objectmodelwrapper",
    "__cmdletization_passthru",
    "__cmdletization_querybuilder",
    "__cmdletization_value",
    "__psscriptpolicytest_0bvwv0xe.vhm.ps1",
    "__psscriptpolicytest_1rfon1no.g1g.ps1",
    "__psscriptpolicytest_mnl0hei3.vqi.psm1",
    "__psscriptpolicytest_mzpjspwe.3dd.psm1",
    "a07f4",
    "a0fb4",
    "a17db",
    "a182b",
    "a60c",
    "abgrcnq.rkr",
    "accepting",
    "access",
    "accounts",
    "acpi.sys",
    "acpi.sys.mui",
    "acpimofresource",
    "action",
    "actions",
    "active",
    "ad9a",
    "adapter",
    "add",
    "address",
    "advanced",
    "advapi32.dll",
    "ae158",
    "ae31c",
    "again",
    "agglfaulthistory.db",
    "agglfgapphistory.db",
    "agglglobalhistory.db",
    "agrobust.db",
    "allscope",
    "also",
    "among",
    "amsi.dll",
    "and",
    "anti-malware",
    "api",
    "api32",
    "apis",
    "app",
    "appdata",
    "applicationframehost.exe",
    "appmodel",
    "appx",
    "appxsip.dll",
    "arg0",
    "asapcp",
    "asjob",
    "asn.1",
    "assembly",
    "associated",
    "ation_methodparameter",
    "aui",
    "author",
    "authroot",
    "autodetect",
    "autodial",
    "awareness",
    "b5f6",
    "b6115",
    "b637",
    "b72e",
    "b74d6",
    "b7d02",
    "backend",
    "backgroundtaskhost.exe",
    "bam",
    "base",
    "based",
    "basesrv.dll",
    "basic",
    "bcp47",
    "bcp47lang.dll",
    "bcrypt.dll",
    "bcryptprimitives.dll",
    "bdf65",
    "bfbb",
    "binary",
    "bindings",
    "blob",
    "bose",
    "browcli.dll",
    "browser",
    "builtin",
    "bydiskname",
    "bydisknumber",
    "bydiskpath",
    "bydiskuniqueid",
    "byfriendlyname",
    "byname",
    "byuniqueid",
    "c665",
    "c8eb",
    "cache",
    "cachedsizes",
    "call",
    "card",
    "catalog",
    "catch",
    "cbsapi.dll",
    "cbscore.dll",
    "cdxml",
    "certca",
    "certenroll",
    "certificate",
    "certificates",
    "certpkicmdlet",
    "cf2b",
    "cfgbkend.dll",
    "cfgmgr32.dll",
    "ch:microsoft-windows-powershell/operational",
    "ch:microsoft-windows-sysmon/operational",
    "ch:microsoft-windows-wmi-activity/operational",
    "ch:security",
    "ch:system",
    "ch:windows powershell",
    "checking",
    "checkingfordiskstatusmessage",
    "cim",
    "cimcmdlets",
    "cimom",
    "cimsession",
    "cimwin32.dll",
    "class",
    "classes",
    "classname",
    "classversion",
    "clbcatq.dll",
    "client",
    "clientstate",
    "clipc.dll",
    "clr.dll",
    "clrjit.dll",
    "cmdlet.",
    "cmdlets",
    "code",
    "codec",
    "com",
    "combase.dll",
    "coml2.dll",
    "commands",
    "commithistory",
    "common",
    "commonresourcehelper.psm1",
    "company",
    "companyname",
    "compiled",
    "compiler",
    "component",
    "componentization",
    "components",
    "computerinfo",
    "computerinfo.osproducttype",
    "computerinfo.osserverlevel",
    "config",
    "configuration",
    "configurationstatus",
    "confirmenablemessage",
    "connctiond",
    "connections",
    "control",
    "controlset001",
    "convertfrom-stringdata",
    "convertto",
    "copy",
    "core",
    "corporation",
    "correct",
    "cortanaui",
    "cortanauwp",
    "count",
    "counters",
    "createsession",
    "creationtime",
    "credential",
    "crls",
    "crt",
    "crypt32.dll",
    "cryptbase.dll",
    "cryptdll.dll",
    "crypto",
    "cryptographic",
    "cryptography",
    "cryptsp.dll",
    "cryptxml.dll",
    "csrsrv.dll",
    "ctac",
    "ctls",
    "current",
    "currentcontrolset",
    "currentversion",
    "custom",
    "d6d8",
    "d9a3",
    "da036",
    "data",
    "datastore",
    "db4a6",
    "dbba",
    "dbeb",
    "dbgcore.dll",
    "dbghelp.dll",
    "dcname",
    "dcntel",
    "dcntel.dll",
    "dea4",
    "debugging",
    "delta",
    "demand",
    "description",
    "desiredstoragetierclass",
    "desktop",
    "df94",
    "dhcp",
    "dhcpcsvc.dll",
    "dhcpcsvc6.dll",
    "dhcpv6",
    "digsig",
    "directory",
    "disabled",
    "disallowed",
    "disk",
    "diskfoundmessage",
    "disknotfoundretryingmessage",
    "dism",
    "dismapi.dll",
    "dismcore.dll",
    "dll",
    "dmiso8601utils",
    "dmiso8601utils.dll",
    "dns",
    "dnsapi",
    "dnsclientcim.dll",
    "does",
    "domain",
    "dpapi.dll",
    "dpx.dll",
    "drive",
    "driver",
    "drivers",
    "drupdate.dll",
    "dsc",
    "dsccore.dll",
    "dscenginecache.mof",
    "dscpspluginwkr.dll",
    "dscresources",
    "dscresourcestatecache.mof",
    "dscstatushistory.mof",
    "dskquota.dll",
    "dsparse.dll",
    "dsrole.dll",
    "dwm.exe",
    "dword",
    "dxdb",
    "dynamic",
    "dynamicinfo",
    "dynamicparam",
    "e-mail",
    "e1a8",
    "e21a",
    "e40b",
    "e42d",
    "e575",
    "ea4e",
    "ebf0",
    "ec7a",
    "eid:1",
    "eid:10",
    "eid:11",
    "eid:12",
    "eid:13",
    "eid:17",
    "eid:18",
    "eid:22",
    "eid:23",
    "eid:3",
    "eid:400",
    "eid:4103",
    "eid:4104",
    "eid:4624",
    "eid:4627",
    "eid:4634",
    "eid:4656",
    "eid:4658",
    "eid:4661",
    "eid:4662",
    "eid:4663",
    "eid:4670",
    "eid:4672",
    "eid:4673",
    "eid:4688",
    "eid:4689",
    "eid:4690",
    "eid:4702",
    "eid:4703",
    "eid:4769",
    "eid:4770",
    "eid:4799",
    "eid:5",
    "eid:5058",
    "eid:5061",
    "eid:5140",
    "eid:5145",
    "eid:5156",
    "eid:5158",
    "eid:53504",
    "eid:5857",
    "eid:600",
    "eid:7",
    "eid:7036",
    "eid:8",
    "eid:800",
    "eid:9",
    "else",
    "empty",
    "en-us",
    "enable",
    "encryptdata",
    "end",
    "endtimehi",
    "endtimelo",
    "engine",
    "enhanced",
    "enrollment",
    "enterprisecertificates",
    "environment",
    "error",
    "erroronusernamemessage",
    "esscli.dll",
    "etag",
    "event",
    "eventlog",
    "events",
    "executing",
    "execution",
    "exist",
    "existingmembers",
    "existingmembers.count",
    "expander",
    "explicit",
    "explorer",
    "explorer.exe",
    "export-modulemember",
    "extension",
    "extension-list",
    "extensions",
    "f170",
    "f2e7",
    "f334",
    "f537",
    "f6ba",
    "f7ad",
    "f97f",
    "failed",
    "failure",
    "false",
    "fastprox.dll",
    "fb12",
    "fcon",
    "fe80",
    "feature",
    "featurenotfounderror",
    "ff97",
    "file",
    "files",
    "flighting",
    "fontdrvhost.exe",
    "for",
    "foreach",
    "format",
    "format.",
    "found",
    "found.",
    "framedyn.dll",
    "framework",
    "frfx",
    "from",
    "fss",
    "function",
    "functionality",
    "fwbase.dll",
    "fwp",
    "fwpuclnt.dll",
    "gcai",
    "gcim",
    "gcls",
    "gcms",
    "gdi",
    "gdi32",
    "generated",
    "get",
    "get-cimassociatedinstance",
    "get-cimclass",
    "get-ciminstance",
    "get-cimsession",
    "get-computerinfo",
    "get-localizeddata",
    "get-targetresource",
    "get-virtualdisksupportedsize",
    "getting",
    "gettingdiskmessage",
    "gettingwaitfordiskstatusmessage",
    "github.com",
    "given",
    "gives",
    "gmt",
    "gpapi.dll",
    "group",
    "groups",
    "guid",
    "guidelines",
    "ham",
    "hash",
    "helper",
    "helpers",
    "highdatetime",
    "history",
    "hkcr",
    "hklm",
    "hku",
    "host",
    "hostactivitymanager",
    "hrzr_pgyfrffvba",
    "http",
    "https",
    "icim",
    "ict",
    "identify",
    "iertutil.dll",
    "image",
    "img:-",
    "img:backgroundtaskhost.exe",
    "img:csrss.exe",
    "img:dns.exe",
    "img:explorer.exe",
    "img:lsass.exe",
    "img:microsoft.activedirectory.webservices.exe",
    "img:networkwatcheragent.exe",
    "img:notepad.exe",
    "img:powershell.exe",
    "img:runtimebroker.exe",
    "img:services.exe",
    "img:sppsvc.exe",
    "img:svchost.exe",
    "img:system",
    "img:taskhostw.exe",
    "img:tiworker.exe",
    "img:trustedinstaller.exe",
    "img:waappagent.exe",
    "img:wmiprvse.exe",
    "imm32",
    "import-module",
    "index",
    "information",
    "infrastructure",
    "inputapp_cw5n1h2txyewy",
    "inputobject",
    "install",
    "installation",
    "installer",
    "instrumentation",
    "integration",
    "intelppm.sys",
    "intelppm.sys.mui",
    "interface",
    "internet",
    "internetwork.tostring",
    "intranetname",
    "invalidaccesspatherror",
    "invaliddriveletterformaterror",
    "invalidresultfromgetscripterror",
    "invoke-cimmethod",
    "iofficeantivirus",
    "iphlpapi.dll",
    "ipsec",
    "isslowlink",
    "isvaluepresent",
    "join-path",
    "just-in-time",
    "kerberos",
    "kerberos.dll",
    "kernel.appcore.dll",
    "kernel32",
    "kernel32.dll",
    "kernelbase.dll",
    "kernelbase.dll.mui",
    "key",
    "knowngamelist",
    "krbtgt",
    "ksp",
    "ktm",
    "ktmw32",
    "language",
    "languagecomponentsinstaller",
    "languagecomponentsinstaller.dll",
    "lastalive0.dat",
    "lastalive1.dat",
    "lastextensionmadesyncrequest",
    "lasthttpcode",
    "lastknowngoodtime",
    "lastrefreshattempted",
    "lastrefreshbyapp",
    "lastupdated",
    "layer",
    "ldap",
    "letter",
    "libraries",
    "library",
    "licensing",
    "light-weight",
    "link",
    "local",
    "localhost",
    "localized",
    "localizeddata",
    "localizedstring.checkingmembers",
    "localizedstring.membershipcountmismatch",
    "location",
    "lockdown",
    "loggingstatus",
    "logon",
    "logoncli.dll",
    "logonui.exe",
    "lookup",
    "lowdatetime",
    "lsa",
    "lsasrv.dll",
    "lsass",
    "lsass.exe",
    "lsm.dll",
    "machine",
    "management",
    "manager",
    "manifest",
    "manifest.",
    "marshaller",
    "marta",
    "master",
    "member",
    "members",
    "members.count",
    "messages",
    "mi.dll",
    "microsoft",
    "microsoft.activedirectory.management",
    "microsoft.activedirectory.management.dll",
    "microsoft.activedirectory.trlparser.dll",
    "microsoft.csharp.dll",
    "microsoft.management.infrastructure.dll",
    "microsoft.management.ui",
    "microsoft.management.ui.dll",
    "microsoft.microsoftedge_8wekyb3d8bbwe",
    "microsoft.powershell",
    "microsoft.powershell.consolehost",
    "microsoft.powershell.consolehost.dll",
    "microsoft.powershell.core",
    "microsoft.powershell.security.dll",
    "microsoft.windows.cortana_cw5n1h2txyewy",
    "microsoft.windows.servermanager.common",
    "microsoft.wsman.management.dll",
    "microsoft.wsman.runtime.dll",
    "microsoftedge.exe",
    "microsoftedgecp.exe",
    "mimofcodec.dll",
    "mintdh.dll",
    "mitigation",
    "miutils.dll",
    "mlmod",
    "module",
    "module.",
    "modules",
    "moduleversion",
    "mof",
    "mofd.dll",
    "mofresource",
    "mofresourcename",
    "monitor.sys",
    "monitorwmi",
    "mordor",
    "mordordc",
    "mpclient.dll",
    "mpoav.dll",
    "mpssvc.dll",
    "msasn1.dll",
    "mscoree.dll",
    "mscoreei.dll",
    "mscorlib.dll",
    "msdtc.exe",
    "msft_offloaddatatransfersetting",
    "msft_physicaldisk",
    "msft_roleresource.psd1",
    "msft_roleresourcestrings.psd1",
    "msft_scriptresourcestrings.psd1",
    "msft_storagereliabilitycounter",
    "msft_targetport",
    "msft_targetportal",
    "msi",
    "msisip.dll",
    "mssmbios.sys",
    "mssmbios.sys.mui",
    "msvcp_win.dll",
    "msvcr120_clr0400.dll",
    "msvcrt.dll",
    "mswsock.dll",
    "multi-user",
    "muse",
    "mymodule",
    "mypsboundparameters",
    "mypsboundparameters.containskey",
    "name",
    "named",
    "naming",
    "nano",
    "nanoserver",
    "napinsp.dll",
    "native",
    "nativeimages_v4.0.30319_64",
    "ncim",
    "ncms",
    "ncobjapi.dll",
    "ncrypt",
    "ncrypt.dll",
    "ncryptprov.dll",
    "ncso",
    "ndis.sys",
    "ndis.sys.mui",
    "ndismofresource",
    "net",
    "netapi32.dll",
    "netutils.dll",
    "netvsc.sys",
    "netvsc.sys.mui",
    "network",
    "networkname",
    "new",
    "new-ciminstance",
    "new-cimsession",
    "new-cimsessionoption",
    "nextrefreshmode",
    "nextrefreshreason",
    "nlaapi.dll",
    "not",
    "notepad.exe",
    "notifications",
    "nsi",
    "nsi.dll",
    "ntasn1.dll",
    "ntdll.dll",
    "nthis",
    "ntmarta.dll",
    "null",
    "number",
    "object",
    "objectmodelwrapper",
    "objects",
    "ole",
    "ole32",
    "ole32.dll",
    "oleaut32.dll",
    "ondemandconnroutehelper.dll",
    "onesettings",
    "online.",
    "opc",
    "opcservices.dll",
    "operating",
    "operationoption",
    "orchestrator",
    "package",
    "panther",
    "par:services.exe",
    "par:svchost.exe",
    "param",
    "parameter",
    "parameters",
    "parametersetname",
    "parametertype",
    "passthru",
    "path",
    "pct",
    "per",
    "perfctrs.dll",
    "performance",
    "perfos.dll",
    "persistent",
    "pgustavo",
    "pkeyhelper.dll",
    "pki",
    "plain",
    "platform",
    "please",
    "plugin",
    "plugins",
    "point",
    "policies",
    "policy",
    "policyoverdue",
    "power",
    "powershell",
    "powrprof.dll",
    "prefetch",
    "primitives",
    "procedure",
    "process",
    "processorwmi",
    "product",
    "profapi.dll",
    "profile",
    "property",
    "propsys.dll",
    "protection",
    "provider",
    "providers",
    "proxybypass",
    "ps_dnsclientnrptpolicy",
    "psapi",
    "psboundparameters.containskey",
    "pscmdlet.parametersetname",
    "psloc",
    "psmserviceexthost.dll",
    "pssa",
    "pssaruleseverities.md",
    "psscriptroot",
    "ptt",
    "publishing",
    "pure",
    "pwrshsip.dll",
    "querystringhash",
    "quota",
    "qword",
    "rasadhlp.dll",
    "rcie",
    "rcim",
    "rcms",
    "readonly",
    "reason",
    "rebootpending",
    "ref",
    "refreshcache",
    "refreshinterval",
    "regapi.dll",
    "register-cimindicationevent",
    "registry",
    "remote",
    "remove-ciminstance",
    "remove-cimsession",
    "remove-duplicatemembers",
    "reporting",
    "requested",
    "requestor",
    "requires",
    "resource",
    "restore",
    "results",
    "return",
    "rnr",
    "root",
    "rootmodule",
    "route",
    "router",
    "rpc",
    "rpcrt4.dll",
    "rpcss.dll",
    "rsaenh.dll",
    "rule",
    "run",
    "runtime",
    "runtimebroker.exe",
    "samcli.dll",
    "scan",
    "schedcli.dll",
    "schedule",
    "scheduler",
    "schema",
    "scim",
    "scm",
    "script",
    "sddl",
    "sdk",
    "search",
    "searchui.exe",
    "sechost.dll",
    "secur32.dll",
    "securetimeconfidence",
    "securetimeestimated",
    "securetimehigh",
    "securetimelimits",
    "securetimelow",
    "securetimetickcount",
    "security",
    "security.dll",
    "securitydescriptor",
    "see",
    "server",
    "server.",
    "servercomponentdeploymentwizardextension",
    "servermanager.deploymentprovider.dll",
    "service",
    "serviceinstances",
    "services",
    "services.exe",
    "servicesessionid",
    "servicestate",
    "servicing",
    "session",
    "sessionidhigh",
    "sessionidlow",
    "set",
    "set-alias",
    "set-ciminstance",
    "set-strictmode",
    "setdiskonlinemessage",
    "setdiskreadwritemessage",
    "setscript",
    "setscriptwhatifmessage",
    "settargetresourceinstallwhatifmessage",
    "settargetresourceuninstallwhatifmessage",
    "setting",
    "settingdiskmessage",
    "settings",
    "settings-win.data.microsoft.com",
    "settingwaitfordiskstatusmessage",
    "setup",
    "setupapi.dll",
    "severity",
    "shadow",
    "shared",
    "shcore",
    "shcore.dll",
    "shell",
    "shell32.dll",
    "shellexperiencehost.exe",
    "shellexperiencehost_cw5n1h2txyewy",
    "shim",
    "shlwapi.dll",
    "signature",
    "signing",
    "silentlycontinue",
    "sip",
    "smart",
    "smartcardroot",
    "smdiagnostics.dll",
    "socket",
    "sockets",
    "software",
    "softwareprotectionplatform",
    "source",
    "sourcecaller",
    "specified",
    "split-path",
    "spp.dll",
    "sppc.dll",
    "sppcext.dll",
    "sppobjs.dll",
    "sppsvc.exe",
    "sppwinob.dll",
    "sppwmi.dll",
    "srclient.dll",
    "srvcli.dll",
    "srvsvc",
    "sspicli.dll",
    "sspisrv.dll",
    "start",
    "startmenuexperiencehost.exe",
    "starttime",
    "starttimehi",
    "starttimelo",
    "state",
    "statements",
    "status",
    "storage",
    "storagecommon",
    "storagegroveler",
    "storagepool.cdxml-help.xml",
    "storagesense",
    "store",
    "studio",
    "subject",
    "successfully",
    "supplied",
    "support",
    "suppressed",
    "svchost.exe",
    "svcrestarttask",
    "switch",
    "sysmain.dll",
    "sysntfy.dll",
    "system",
    "system.boolean",
    "system.configuration.dll",
    "system.configuration.install.dll",
    "system.core.dll",
    "system.data.dll",
    "system.directoryservices.dll",
    "system.directoryservices.protocols.dll",
    "system.dll",
    "system.drawing.dll",
    "system.identitymodel.dll",
    "system.management.automation",
    "system.management.automation.dll",
    "system.management.dll",
    "system.net.ipaddress",
    "system.net.sockets.addressfamily",
    "system.ni.dll",
    "system.numerics.dll",
    "system.runtime.serialization.dll",
    "system.security.dll",
    "system.servicemodel.dll",
    "system.servicemodel.internals.dll",
    "system.string",
    "system.transactions.dll",
    "system.xml.dll",
    "system32",
    "systemappdata",
    "systemapps",
    "systemcertificates",
    "systemroot",
    "sysvol",
    "szname",
    "sztargetname",
    "target",
    "task",
    "taskcache",
    "taskhostw.exe",
    "taskhostw.exe-3e0b74c8.pf",
    "tasks",
    "taskschd.dll",
    "tcpip",
    "tdh.dll",
    "telemetry",
    "temp",
    "ter",
    "terminator",
    "termreason",
    "test",
    "test-command",
    "test-isnanoserver",
    "tests",
    "that",
    "the",
    "themeservice.dll",
    "this",
    "those",
    "throttlelimit",
    "throw",
    "time",
    "tirunning",
    "tiworker.exe",
    "tiworker.exe-9321fc1d.pf",
    "tization_passthru",
    "trace",
    "tracing",
    "tree",
    "triggers",
    "true",
    "trust",
    "trustedinstaller",
    "trustedinstaller.exe",
    "trustedinstaller.exe-3cc531e5.pf",
    "trustedpeople",
    "try",
    "trying",
    "tryparse",
    "tscfgwmi.dll",
    "twinapi.dll",
    "twinui.dll",
    "twinui.pcshell.dll",
    "ubpm",
    "ubpm.dll",
    "ucrtbase.dll",
    "ucrtbase_clr0400.dll",
    "uncasintranet",
    "unicode",
    "uninstall",
    "uniquely",
    "unit",
    "unknown",
    "uri",
    "urlmon.dll",
    "used",
    "user",
    "user-mode",
    "user32",
    "userassist",
    "userawaysignal",
    "userenv",
    "userenv.dll",
    "users",
    "usersettings",
    "useuserimpersonate",
    "utcutil.dll",
    "utildll.dll",
    "utility",
    "utils",
    "uxtheme",
    "uxtheme.dll",
    "valid.",
    "validates",
    "value",
    "values",
    "vcruntime140_clr0400.dll",
    "vds",
    "vdswmi.dll",
    "vendor",
    "verification",
    "verifying",
    "version",
    "version.dll",
    "vfuprovider",
    "visual",
    "volatilenotifications",
    "volume",
    "vssapi.dll",
    "vsstrace.dll",
    "w32time",
    "wait",
    "waiting",
    "wbem",
    "wbemcomn.dll",
    "wbemprox.dll",
    "wbemsvc.dll",
    "wcp.dll",
    "wdm",
    "wdscore.dll",
    "web",
    "webservices.dll",
    "will",
    "win32",
    "win32u",
    "win32u.dll",
    "windows",
    "windows.storage.dll",
    "windowsupdate",
    "winhttp.dll",
    "winlogon",
    "winnsi.dll",
    "winrnr",
    "winrt",
    "winscard.dll",
    "winstation",
    "winsxs",
    "wintrust",
    "wintrust.dll",
    "with",
    "wkssvc",
    "wldap32.dll",
    "wldp.dll",
    "wmi",
    "wmi.dll",
    "wmiclnt.dll",
    "wmidcom.dll",
    "wminet_utils.dll",
    "wmiprov.log",
    "wmiprvsd.dll",
    "wmiprvse.exe",
    "wmitomi.dll",
    "wmiutils.dll",
    "worker",
    "workstation",
    "wosc",
    "wosc.dll",
    "wpa",
    "write-verbose",
    "writer",
    "ws2_32.dll",
    "wshbth.dll",
    "wshext.dll",
    "wsman",
    "xdnsserveraddress",
    "xdnsserveraddress.schema.mof",
    "xml",
    "xmllite",
    "xmllite.dll",
    "xstorage",
    "zonemap"
   ]
  },
  {
   "dataset_id": "SDWIN-190518224039",
   "title": "Empire Find Local Admin Access",
   "techniques": [
    "T1069"
   ],
   "tactics": [
    "TA0007"
   ],
   "event_count": 4570,
   "sample_events": [
    {
     "timestamp": "2020-09-22T06:16:01.911Z",
     "host": "WORKSTATION6.theshire.local",
     "channel": "Microsoft-Windows-Sysmon/Operational",
     "event_id": 10,
     "process": "svchost.exe",
     "parent": "",
     "command_line": "",
     "user": ""
    },
    {
     "timestamp": "2020-09-22T06:16:01.911Z",
     "host": "WORKSTATION6.theshire.local",
     "channel": "Microsoft-Windows-Sysmon/Operational",
     "event_id": 10,
     "process": "svchost.exe",
     "parent": "",
     "command_line": "",
     "user": ""
    },
    {
     "timestamp": "2020-09-22T06:16:01.912Z",
     "host": "WORKSTATION6.theshire.local",
     "channel": "Microsoft-Windows-Sysmon/Operational",
     "event_id": 10,
     "process": "svchost.exe",
     "parent": "",
     "command_line": "",
     "user": ""
    },
    {
     "timestamp": "2020-09-22T06:16:01.912Z",
     "host": "WORKSTATION6.theshire.local",
     "channel": "Microsoft-Windows-Sysmon/Operational",
     "event_id": 10,
     "process": "svchost.exe",
     "parent": "",
     "command_line": "",
     "user": ""
    },
    {
     "timestamp": "2020-09-22T06:16:01.913Z",
     "host": "WORKSTATION6.theshire.local",
     "channel": "Microsoft-Windows-Sysmon/Operational",
     "event_id": 10,
     "process": "svchost.exe",
     "parent": "",
     "command_line": "",
     "user": ""
    },
    {
     "timestamp": "2020-09-22T06:16:01.913Z",
     "host": "WORKSTATION6.theshire.local",
     "channel": "Microsoft-Windows-Sysmon/Operational",
     "event_id": 10,
     "process": "svchost.exe",
     "parent": "",
     "command_line": "",
     "user": ""
    },
    {
     "timestamp": "2020-09-22T06:16:01.914Z",
     "host": "WORKSTATION6.theshire.local",
     "channel": "Microsoft-Windows-Sysmon/Operational",
     "event_id": 10,
     "process": "svchost.exe",
     "parent": "",
     "command_line": "",
     "user": ""
    },
    {
     "timestamp": "2020-09-22T06:16:01.915Z",
     "host": "WORKSTATION6.theshire.local",
     "channel": "Microsoft-Windows-Sysmon/Operational",
     "event_id": 10,
     "process": "svchost.exe",
     "parent": "",
     "command_line": "",
     "user": ""
    },
    {
     "timestamp": "2020-09-22T06:16:01.915Z",
     "host": "WORKSTATION6.theshire.local",
     "channel": "Microsoft-Windows-Sysmon/Operational",
     "event_id": 10,
     "process": "svchost.exe",
     "parent": "",
     "command_line": "",
     "user": ""
    },
    {
     "timestamp": "2020-09-22T06:16:01.915Z",
     "host": "WORKSTATION6.theshire.local",
     "channel": "Microsoft-Windows-Sysmon/Operational",
     "event_id": 10,
     "process": "svchost.exe",
     "parent": "",
     "command_line": "",
     "user": ""
    },
    {
     "timestamp": "2020-09-22T06:16:01.916Z",
     "host": "WORKSTATION6.theshire.local",
     "channel": "Microsoft-Windows-Sysmon/Operational",
     "event_id": 10,
     "process": "svchost.exe",
     "parent": "",
     "command_line": "",
     "user": ""
    },
