    {
     "timestamp": "2019-12-25T04:52:02.811Z",
     "host": "IT001.shire.com",
     "channel": "Microsoft-Windows-Sysmon/Operational",
     "event_id": 10,
     "process": "svchost.exe",
     "parent": "",
     "command_line": "",
     "user": ""
    }
   ],
   "tokens": [
    "-upload",
    "0x1000",
    "0x1400",
    "0x40",
    "106fe",
    "108a0",
    "10d20",
    "10ed8",
    "111b6",
    "11e33",
    "1260e",
    "1295f",
    "12ae4",
    "13.86.101.172",
    "1364b",
    "172.18.39.102",
    "172.18.39.103",
    "172.18.39.5",
    "172.18.39.8",
    "19e3b",
    "1a172",
    "1a207",
    "1bc03",
    "222a3",
    "2730e",
    "2d2d4",
    "2fba",
    "3082d",
    "33cd5",
    "36fad",
    "3751b",
    "37a5c",
    "45d13",
    "45d52",
    "5af4",
    "5c056",
    "5e4c0",
    "64db0",
    "6a685",
    "6be35",
    "6ce7f",
    "78da",
    "910b",
    "9c524",
    "9d0f4",
    "9d8d4",
    "9fc24",
    "a101",
    "a409",
    "aadtenantinfo",
    "access",
    "advanced",
    "advapi32.dll",
    "amazon",
    "amazon-ssm-agent.exe",
    "api",
    "apis",
    "appdata",
    "appmodel",
    "assembly",
    "b43a",
    "base",
    "basesrv.dll",
    "bcryptprimitives.dll",
    "browser_broker.exe",
    "call",
    "catalog",
    "cfn-bootstrap",
    "ch:microsoft-windows-powershell/operational",
    "ch:microsoft-windows-sysmon/operational",
    "ch:security",
    "ch:windows powershell",
    "checks",
    "clbcatq.dll",
    "client",
    "com",
    "combase.dll",
    "comctl32.dll",
    "config",
    "configuration",
    "conhost.exe",
    "connections",
    "control",
    "controls",
    "controlset001",
    "counters",
    "crt",
    "cryptographic",
    "csrsrv.dll",
    "ctfmon.exe",
    "currentcontrolset",
    "currentversion",
    "d9be",
    "da036",
    "data",
    "db4a6",
    "dfsr",
    "dll",
    "dllhost.exe",
    "dwm.exe",
    "dword",
    "e575",
    "ea4e",
    "ebf0",
    "ec2config.exe",
    "ec2configservice",
    "ec7a",
    "eid:1",
    "eid:10",
    "eid:11",
    "eid:12",
    "eid:13",
    "eid:18",
    "eid:3",
    "eid:4103",
    "eid:4624",
    "eid:4627",
    "eid:4634",
    "eid:4656",
    "eid:4657",
    "eid:4658",
    "eid:4662",
    "eid:4663",
    "eid:4672",
    "eid:4673",
    "eid:4688",
    "eid:4689",
    "eid:4690",
    "eid:5",
    "eid:5156",
    "eid:5158",
    "eid:7",
    "eid:800",
    "error",
    "eventlog",
    "experience",
    "explorer.exe",
    "f537",
    "f6ba",
    "f7ad",
    "f97f",
    "fe80",
    "file",
    "files",
    "fontdrvhost.exe",
    "for",
    "gdi",
    "gdi32",
    "groups",
    "hklm",
    "hku",
    "host",
    "hvsi",
    "img:-",
    "img:csrss.exe",
    "img:dfsrs.exe",
    "img:dns.exe",
    "img:lsass.exe",
    "img:microsoft.activedirectory.webservices.exe",
    "img:powershell.exe",
    "img:svchost.exe",
    "img:wermgr.exe",
    "imm32",
    "information",
    "inputapp_cw5n1h2txyewy",
    "internet",
    "kernel.appcore.dll",
    "kernel32",
    "kernel32.dll",
    "kernelbase.dll",
    "lastalive0.dat",
    "lastalive1.dat",
    "layer",
    "library",
    "list",
    "liteagent.exe",
    "lmcompatibilitylevel",
    "local",
    "logonui.exe",
    "lookup",
    "lsa",
    "lsass",
    "lsm.dll",
    "machine",
    "machine.acc",
    "manager",
    "marta",
    "microsoft",
    "microsoft.microsoftedge_8wekyb3d8bbwe",
    "microsoft.photos.exe",
    "microsoft.windows.cortana_cw5n1h2txyewy",
    "microsoftedge.exe",
    "microsoftedgecp.exe",
    "microsoftedgesh.exe",
    "msv1_0",
    "msvcp110_win.dll",
    "msvcp_win.dll",
    "msvcrt.dll",
    "multi-user",
    "nativeimages_v4.0.30319_64",
    "netprofm.dll",
    "network",
    "npfproxy.dll",
    "ntdll.dll",
    "ntlmminclientsec",
    "ntmarta.dll",
    "objects",
    "oleaut32.dll",
    "onedrive",
    "onedrive.exe",
    "operating",
    "par:svchost.exe",
    "parameters",
    "perfctrs.dll",
    "performance",
    "perfos.dll",
    "pgustavo",
    "policy",
    "policymanager.dll",
    "powershell.exe",
    "primitives",
    "problem",
    "procedure",
    "program",
    "provider",
    "proxy",
    "psmserviceexthost.dll",
    "rasmans.dll",
    "rdpclip.exe",
    "registry",
    "remote",
    "replica",
    "replication",
    "reporting",
    "restrictsendingntlmtraffic",
    "rpcrt4.dll",
    "rpcss.dll",
    "runtime",
    "scm",
    "sddl",
    "searchindexer.exe",
    "searchui.exe",
    "sechost.dll",
    "secrets",
    "securityhealthhost.exe",
    "securityhealthsystray.exe",
    "services",
    "servicestate",
    "set",
    "settings",
    "shcore",
    "shcore.dll",
    "shellexperiencehost.exe",
    "shellexperiencehost_cw5n1h2txyewy",
    "skypeapp.exe",
    "skypebackgroundhost.exe",
    "smartscreen.exe",
    "software",
    "source",
    "spoolsv.exe",
    "ssm",
    "startmenuexperiencehost.exe",
    "stl110",
    "svchost.exe",
    "sysmon.exe",
    "system",
    "system.ni.dll",
    "system32",
    "systemapps",
    "tcpip",
    "ubpm.dll",
    "ucrtbase.dll",
    "unsecapp.exe",
    "user",
    "user32",
    "users",
    "v1.0",
    "volume",
    "volumes",
    "wbem",
    "wer.dll",
    "wermgr",
    "wermgr.exe",
    "win32u",
    "win32u.dll",
    "windows",
    "windows.warp.jitservice.exe",
    "windowsapps",
    "windowspowershell",
    "winhup.exe",
    "winlogon.exe",
    "winstore.app.exe",
    "wudfhost.exe",
    "xentools"
   ]
  },
  {
   "dataset_id": "SDWIN-200609225055",
   "title": "MSF Record Mic",
   "techniques": [
    "T1123"
   ],
   "tactics": [
    "TA0009"
   ],
   "event_count": 6202,
   "sample_events": [
    {
     "timestamp": "2020-06-10T02:50:56.537Z",
     "host": "WORKSTATION6.mordor.local",
     "channel": "Microsoft-Windows-Sysmon/Operational",
     "event_id": 13,
     "process": "SearchUI.exe",
     "parent": "",
     "command_line": "",
     "user": ""
    },
    {
     "timestamp": "2020-06-10T02:50:56.537Z",
     "host": "WORKSTATION6.mordor.local",
     "channel": "Microsoft-Windows-Sysmon/Operational",
     "event_id": 12,
     "process": "SearchUI.exe",
     "parent": "",
     "command_line": "",
     "user": ""
    },
    {
     "timestamp": "2020-06-10T02:50:56.537Z",
     "host": "WORKSTATION6.mordor.local",
     "channel": "Microsoft-Windows-Sysmon/Operational",
     "event_id": 13,
     "process": "SearchUI.exe",
     "parent": "",
     "command_line": "",
     "user": ""
    },
    {
     "timestamp": "2020-06-10T02:50:56.537Z",
     "host": "WORKSTATION6.mordor.local",
     "channel": "Microsoft-Windows-Sysmon/Operational",
     "event_id": 13,
     "process": "SearchUI.exe",
     "parent": "",
     "command_line": "",
     "user": ""
    },
    {
     "timestamp": "2020-06-10T02:50:56.538Z",
     "host": "WORKSTATION6.mordor.local",
     "channel": "Microsoft-Windows-Sysmon/Operational",
     "event_id": 13,
     "process": "SearchUI.exe",
     "parent": "",
     "command_line": "",
     "user": ""
    },
    {
     "timestamp": "2020-06-10T02:50:56.538Z",
     "host": "WORKSTATION6.mordor.local",
     "channel": "Microsoft-Windows-Sysmon/Operational",
     "event_id": 13,
     "process": "SearchUI.exe",
     "parent": "",
     "command_line": "",
     "user": ""
    },
    {
     "timestamp": "2020-06-10T02:50:56.538Z",
     "host": "WORKSTATION6.mordor.local",
     "channel": "Microsoft-Windows-Sysmon/Operational",
     "event_id": 10,
     "process": "RuntimeBroker.exe",
     "parent": "",
     "command_line": "",
     "user": ""
    },
    {
     "timestamp": "2020-06-10T02:50:56.539Z",
     "host": "WORKSTATION6.mordor.local",
     "channel": "Microsoft-Windows-Sysmon/Operational",
     "event_id": 10,
     "process": "RuntimeBroker.exe",
     "parent": "",
     "command_line": "",
     "user": ""
    },
    {
     "timestamp": "2020-06-10T02:50:56.539Z",
     "host": "WORKSTATION6.mordor.local",
     "channel": "Microsoft-Windows-Sysmon/Operational",
     "event_id": 10,
     "process": "RuntimeBroker.exe",
     "parent": "",
     "command_line": "",
     "user": ""
    },
    {
     "timestamp": "2020-06-10T02:50:56.539Z",
     "host": "WORKSTATION6.mordor.local",
     "channel": "Microsoft-Windows-Sysmon/Operational",
     "event_id": 13,
     "process": "SearchUI.exe",
     "parent": "",
     "command_line": "",
     "user": ""
    },
    {
     "timestamp": "2020-06-10T02:50:56.539Z",
     "host": "WORKSTATION6.mordor.local",
     "channel": "Microsoft-Windows-Sysmon/Operational",
     "event_id": 9,
     "process": "SearchUI.exe",
     "parent": "",
     "command_line": "",
     "user": ""
    },
    {
     "timestamp": "2020-06-10T02:50:56.539Z",
     "host": "WORKSTATION6.mordor.local",
     "channel": "Microsoft-Windows-Sysmon/Operational",
     "event_id": 9,
     "process": "SearchUI.exe",
     "parent": "",
     "command_line": "",
     "user": ""
    }
   ],
   "tokens": [
    "-200",
    "-201",
    "-312650030",
    "-451559063",
    "-458435971",
    "-459061233",
    "-609537441",
    "-embedding",
    "-filename",
    "-forcev1",
    "-mode",
    "-servername",
    ".3g2",
    ".3gp",
    ".3gp2",
    ".3gpp",
    ".aac",
    ".adt",
    ".adts",
    ".aif",
    ".aifc",
    ".aiff",
    ".asf",
    ".asx",
    ".au",
    ".avi",
    ".bmp",
    ".cab",
    ".cdxml",
    ".css",
    ".dds",
    ".default",
    ".dib",
    ".dll",
    ".docx",
    ".emf",
    ".exe",
    ".flac",
    ".fon",
    ".gif",
    ".htm",
    ".html",
    ".ico",
    ".ini",
    ".jfif",
    ".jpe",
    ".jpeg",
    ".jpg",
    ".jxr",
    ".lnk",
    ".m1v",
    ".m2t",
    ".m2ts",
    ".m2v",
    ".m3u",
    ".m4a",
    ".m4v",
    ".mht",
    ".mhtml",
    ".mid",
    ".midi",
    ".mk3d",
    ".mka",
    ".mkv",
    ".mod",
    ".mov",
    ".mp2",
    ".mp2v",
    ".mp3",
    ".mp4",
    ".mp4v",
    ".mpa",
    ".mpe",
    ".mpeg",
    ".mpg",
    ".mpv2",
    ".mts",
    ".netframework",
    ".ocx",
    ".odt",
    ".otf",
    ".png",
    ".ps1xml",
    ".pssc",
    ".rle",
    ".rmi",
    ".rtf",
    ".scf",
    ".search-ms",
    ".snd",
    ".sys",
    ".tif",
    ".tiff",
    ".ts",
    ".ttc",
    ".ttf",
    ".tts",
    ".txt",
    ".wav",
    ".wax",
    ".wdp",
    ".wm",
    ".wma",
    ".wmf",
    ".wmv",
    ".wmx",
    ".wpl",
    ".wvx",
    ".xml",
    ".xsl",
    ".zip",
    "0.495282",
    "0x00000000-0x00000000",
    "0x00000000-0x0000038a",
    "0x00000000-0x01400000",
    "0x00000000-0x0298c073",
    "0x00000000-0x04555b33",
    "0x00000000-0x049f0089",
    "0x01d63ec9-0xd4b44877",
    "0x01d63ed1-0x5a9a4fc7",
    "0x01d63ed1-0x5c4c498d",
    "0x01d63ed1-0xde714dd0",
    "0x01d63ed1-0xf68b4989",
    "0x01d63ed1-0xf720b304",
    "0x01d63ed1-0xf7e790e4",
    "0x01d63ed1-0xf8f80bbf",
    "0x01d63ed1-0xf8f91a5d",
    "0x01d63ed1-0xfcbfafbb",
    "0x01d63ed1-0xfe121c84",
    "0x01d63ed1-0xfe337cea",
    "0x01d63ed1-0xfefe2567",
    "0x01d63ed1-0xff02ec6c",
    "0x01d63ed2-0x00151e50",
    "0x01d63ed2-0x00a98697",
    "0x01d63ed2-0x0170e453",
    "0x01d63ed2-0x026bbe16",
    "0x01d63ed2-0x026e2095",
    "0x01d63ed2-0x099cb15b",
    "0x01d63ed2-0x0a33c3b5",
    "0x01d63ed2-0x0afa3c84",
    "0x01d63ed2-0x13278967",
    "0x01d63ed2-0x13bef097",
    "0x01d63ed2-0x14820995",
    "0x01d63ed2-0x19fba509",
    "0x01d63ed2-0x1cb10183",
    "0x01d63ed2-0x1cbaf863",
    "0x01d63ed2-0x1cbc7a52",
    "0x01d63ed2-0x1d484723",
    "0x01d63ed2-0x1d4adb0a",
    "0x01d63ed2-0x1e0b4890",
    "0x01d63ed2-0x212a3197",
    "0x01d63ed2-0x263a7b94",
    "0x01d63ed2-0x26d1045c",
    "0x01d63ed2-0x279411b3",
    "0x01d63ed2-0x2fc3fdd3",
    "0x01d63ed2-0x30589643",
    "0x01d63ed2-0x311d7352",
    "0x01d63ed2-0x3678b077",
    "0x01d63ed2-0x394d6cbd",
    "0x01d63ed2-0x39e4c7a4",
    "0x01d63ed2-0x3aa7ae99",
    "0x01d63eda-0x983d1877",
    "0x01d640ed-0xe853d6dd",
    "0x1000",
    "0x1010",
    "0x1040",
    "0x1400",
    "0x1478",
    "0x2000",
    "0x3000",
    "0x40",
    "1.0",
    "1008d",
    "106fe",
    "108a0",
    "10c46",
    "10d20",
    "10daa",
    "10de0",
    "10e5f",
    "10f4a",
    "10ffd",
    "111b6",
    "1172e",
    "1184f",
    "1273a",
    "12da4",
    "13.68.92.143",
    "133e",
    "1364b",
    "139b5",
    "140c9",
    "1436c",
    "15c0d",
    "15d08",
    "15d56",
    "1605e",
    "167cb",
    "168fa",
    "16e35",
    "16e5",
    "172.18.38.255",
    "172.18.38.5",
    "172.18.38.6",
    "172.18.39.6",
    "173c",
    "1756a",
    "176ae",
    "1780b",
    "1792a",
    "17a99",
    "17bd4",
    "17f00",
    "17f07",
    "184bf",
    "192.168.5.2",
    "193.108.88.128",
    "197a4",
    "198a2",
    "19e3b",
    "1a172",
    "1a19e",
    "1a207",
    "1a273",
    "1a42",
    "1a5b4",
    "1a72",
    "1a801",
    "1a9a",
    "1afd4",
    "1b233",
    "1b559",
    "1b6fc",
    "1b95a",
    "1bd2c",
    "1be6e",
    "1bf95",
    "1c00",
    "1c2e3",
    "1c32b",
    "1c362",
    "1c468",
    "1c826",
    "1c995",
    "1c9af",
    "1ca89",
    "1cac8",
    "1cbfe",
    "1cc69",
    "1cc88",
    "1cd9f",
    "1cda2",
    "1cf63",
    "1cfe0",
    "1d246",
    "1d3a1",
    "1d5a0",
    "1d60",
    "1d6ee",
    "1e509",
    "1e689",
    "1e6a5",
    "1e7be",
    "1e830",
    "1e899",
    "2.0",
    "201f5",
    "205.251.193.140",
    "212ee",
    "2199f",
    "21afb",
    "21e38",
    "222a3",
    "2321e",
    "25bc5",
    "261d",
    "264d5",
    "2712d",
    "2726e",
    "29b74",
    "2b612",
    "2c36d",
    "2d0ea",
    "2d1e4",
    "2d2c4",
    "2d868",
    "2d9f2",
    "2dd0c",
    "2e37a",
    "2e483",
    "2ea1f",
    "2f655",
    "2f7b7",
    "2f86a",
    "2fba",
    "2fda",
    "3065e",
    "3081d",
    "30b5b",
    "30eb8",
    "310c0",
    "311c2",
    "3132f",
    "314c9",
    "31c45",
    "32-bit",
    "345b4",
    "373ce",
    "37a4c",
    "37aa1",
    "37b9f",
    "37d8f",
    "37ea0",
    "38be",
    "3961f",
    "398b3",
    "3a5b",
    "3b983",
    "3c8b9",
    "3c8df",
    "3c98e",
    "3caeb",
    "3ccfd",
    "40.90.4.4",
    "41c90",
    "41d36",
    "41ffd",
    "449a6",
    "44b1f",
    "451e3",
    "47d23",
    "47d62",
    "4942c",
    "49ee7",
    "4ae94",
    "4po8oo71o1909q56n9r54q3r6p9oqrs4",
    "52.179.129.229",
    "59a1",
    "5af4",
    "5b413",
    "5cb9",
    "5e2a",
    "5f36a",
    "5fd9",
    "60b7f",
    "60fe",
    "631a",
    "65c0",
    "67f1",
    "6a27f",
    "6a7f5",
    "6ba5",
    "6c175",
    "6ce5f",
    "6d15",
    "6d4c",
    "708fc",
    "76cbd",
    "7a8cb",
    "7bd2",
    "7f50",
    "82ab",
    "8577b",
    "8593d",
    "8bce",
    "96df",
    "9c17",
    "9c534",
    "9cb3bb26b6454d01a4e09d8e1c4bdef9_1",
    "9cb3bb26b6454d01a4e09d8e1c4bdef9_1.",
    "9d104",
    "9d8e4",
    "9dcf",
    "9f29",
    "9f39",
    "9fc24",
    "_charmap_exe",
    "_cleanmgr_exe",
    "_cmd_exe",
    "_comexp_msc",
    "_common",
    "_dfrgui_exe",
    "_iscsicpl_exe",
    "_magnify_exe",
    "_mdsched_exe",
    "_msconfig_exe",
    "_msinfo32_exe",
    "_mspaint_exe",
    "_narrator_exe",
    "_notepad_exe",
    "_odbcad32_exe",
    "_osk_exe",
    "_printmanagement_msc",
    "_psr_exe",
    "_quickassist_exe",
    "_recoverydrive_exe",
    "_regedit_exe",
    "_services_msc",
    "_snippingtool_exe",
    "_wf_msc",
    "_wfs_exe",
    "_windows",
    "_windowspowershell_v1_0_powershell_exe",
    "a07f4",
    "a0fb4",
    "a29ad",
    "a30b6",
    "a5cc",
    "a9d4",
    "a9da",
    "aad",
    "access",
    "accessflags",
    "acm",
    "acpi.sys",
    "acpi.sys.mui",
    "acpimofresource",
    "action",
    "actionmgr.dll",
    "actions",
    "activationmanager.dll",
    "activationtype",
    "active",
    "ad9a",
    "advanced",
    "advapi32.dll",
    "aliases",
    "aliaseslastupdated",
    "allow",
    "and",
    "api",
    "api32",
    "apis",
    "app",
    "appcontainer",
    "appdata",
    "apphelp",
    "appiconcache",
    "appindexer",
    "application",
    "applicationframehost.exe",
    "applicationmodel",
    "appmodel",
    "apps",
    "apps_",
    "appsconstraintindex",
    "arc.msn.com",
    "arg0",
    "arg1",
    "arg2",
    "asn.1",
    "audio",
    "audiodg.exe",
    "audioses.dll",
    "audiosrv.dll",
    "audiosrvpolicymanager.dll",
    "aui",
    "authentication",
    "author",
    "authorization",
    "autodial",
    "availability",
    "availabilityforallcontentids",
    "avrt.dll",
    "b56fb",
    "b637",
    "ba2b5fa7816946458ea8acf8a55e83a6_1",
    "ba2b5fa7816946458ea8acf8a55e83a6_1.",
    "backend",
    "background",
    "backgroundaccessapplications",
    "backgroundtaskhost.exe",
    "bam",
    "base",
    "basesrv.dll",
    "basic",
    "batches",
    "batchstate",
    "bcp47",
    "bcp47lang.dll",
    "bcp47mrm.dll",
    "bcrypt.dll",
    "bcryptprimitives.dll",
    "bdce5",
    "beaconcache",
    "bf56",
    "bfd2",
    "binary",
    "binding",
    "bing",
    "bingconfigurationclient.dll",
    "bisrv.dll",
    "bitbucket",
    "bits",
    "biwinrt.dll",
    "bkdownloadratepct",
    "branding",
    "broker",
    "brokerid",
    "browcli.dll",
    "browser",
    "browser_broker.exe",
    "builtin",
    "bzbjrbnfdbfnl",
    "c3f7",
    "c59e",
    "c665",
    "c6f6",
    "cabfolder",
    "cache",
    "cacheprefix",
    "cacheserverconnectioncount",
    "cachesizebytes",
    "cachestate",
    "call",
    "callername",
    "capabilities",
    "capability",
    "capabilityaccessmanager",
    "capabilityaccessmanager.dll",
    "capabilityaccessmanagerclient.dll",
    "capauthz",
    "capauthz.dll",
    "capture",
    "card",
    "catalog",
    "cdnconnectioncount",
    "cdnurl",
    "cdp",
    "cdp.dll",
    "ceeb",
    "certca",
    "certenroll",
    "certificate",
    "certificates",
    "cfgbkend.dll",
    "cfgmgr32.dll",
    "ch:microsoft-windows-sysmon/operational",
    "ch:microsoft-windows-wmi-activity/operational",
    "ch:security",
    "ch:system",
    "cimom",
    "cimwin32.dll",
    "classes",
    "clbcatq.dll",
    "cldapi.dll",
    "client",
    "clipc.dll",
    "cloud",
    "clouddomainjoin",
    "cloudstore",
    "clsid",
    "cmd",
    "cmd.exe",
    "codecs",
    "collectguestlogs",
    "collectguestlogs.exe",
    "collectguestlogstemp",
    "collection",
    "com",
    "combase.dll",
    "comctl32.dll",
    "command",
    "commandline",
    "commithistory",
    "common",
    "compatibility",
    "compiled",
    "components",
    "compressedfolder",
    "conditions",
    "config",
    "configuration",
    "conhost.exe",
    "connctiond",
    "connections",
    "connectivity",
    "consecutiverenderfailurecount",
    "consentstore",
    "console",
    "constraintindex",
    "content",
    "contentdeliverymanager",
    "contentdeliverymanager.utilities",
    "contentdeliverymanager.utilities.dll",
    "contentid",
    "contentmanagementsdk",
    "control",
    "controls",
    "controlset001",
    "cookie",
    "cookies",
    "core",
    "coremessaging",
    "coremessaging.dll",
    "coreuicomponents.dll",
    "correlationvector",
    "cortana",
    "cortana.backgroundtask.dll",
    "cortanaui",
    "counters",
    "crawlscopemanager",
    "creationtime",
    "creatives",
    "crls",
    "crt",
    "crypt32.dll",
    "cryptbase.dll",
    "cryptdll.dll",
    "cryptnet.dll",
    "crypto",
    "cryptographic",
    "cryptography",
    "cryptowinrt.dll",
    "cryptsp.dll",
    "cryptxml.dll",
    "csa",
    "cscapi.dll",
    "csrsrv.dll",
    "csrss.exe",
    "cssfile",
    "ctfmon.exe",
    "ctls",
    "currentconstraintindexcabpath",
    "currentcontrolset",
    "currentversion",
    "custom",
    "d07a",
    "d80f",
    "da036",
    "data",
    "db4a6",
    "dbeb",
    "dcef",
    "dd5d",
    "ddsfile",
    "dea4",
    "decoders",
    "default",
    "defender",
    "delegatefolders",
    "deliveryoptimization",
    "demand",
    "description",
    "desktop",
    "device",
    "devinfoset.dll",
    "df94",
    "diagnostics",
    "digsig",
    "directory",
    "disallowed",
    "discover",
    "dll",
    "dllfile",
    "dllhost.exe",
    "dns",
    "dnsapi",
    "docxfile",
    "dodownloadmode",
    "domain",
    "downlinkbps",
    "download",
    "downloaddurationmsecs",
    "downloadmode_backcompat",
    "downloadmonthlycdnbytes",
    "downloadmonthlyinternetbytes",
    "downloadmonthlylanbytes",
    "downloadmonthlyratebkbps",
    "downloadmonthlyratefrbps",
    "downloadstats",
    "dpapi.dll",
    "driver",
    "drivers",
    "dsparse.dll",
    "dsreg",
    "dsreg.dll",
    "dsregcmd.exe",
    "dsrole.dll",
    "duedatetime",
    "dusmapi.dll",
    "dwm.exe",
    "dword",
    "dynamicinfo",
    "dzh",
    "e21a",
    "e42d",
    "e532",
    "e575",
    "e592",
    "ea4e",
    "eb21",
    "ebf0",
    "ec7a",
    "edp",
    "edputil.dll",
    "ef13",
    "efb0",
    "eid:1",
    "eid:10",
    "eid:11",
    "eid:12",
    "eid:13",
    "eid:18",
    "eid:2",
    "eid:22",
    "eid:23",
    "eid:3",
    "eid:4624",
    "eid:4627",
    "eid:4634",
    "eid:4656",
    "eid:4657",
    "eid:4658",
    "eid:4661",
    "eid:4663",
    "eid:4670",
    "eid:4672",
    "eid:4673",
    "eid:4688",
    "eid:4689",
    "eid:4690",
    "eid:4702",
    "eid:4703",
    "eid:4799",
    "eid:4957",
    "eid:5",
    "eid:5140",
    "eid:5156",
    "eid:5158",
    "eid:5447",
    "eid:5857",
    "eid:5858",
    "eid:7",
    "eid:7036",
    "eid:7040",
    "eid:9",
    "emffile",
    "empty",
    "en-us",
    "endpoint",
    "enhanced",
    "enrollment",
    "enterprisecertificates",
    "environment",
    "error",
    "esscli.dll",
    "eventbeacons.dat",
    "eventbeacons.dat.",
    "eventlog",
    "eventparameters",
    "events",
    "eventtype",
    "execmodelclient",
    "execmodelclient.dll",
    "execmodelproxy",
    "execmodelproxy.dll",
    "exefile",
    "experience",
    "expireatoverride",
    "expireattimeft",
    "explorer",
    "explorer.exe",
    "extendedregistrationdata",
    "extension",
    "extensions",
    "f170",
    "f2e7",
    "f3be",
    "f52c",
    "f537",
    "f635",
    "f6ba",
    "f7ad",
    "f97f",
    "fae4",
    "failed",
    "fastprox.dll",
    "fb0d",
    "fb12",
    "fe71",
    "fe80",
    "featuremanagement",
    "fee7",
    "ff97",
    "fileexts",
    "files",
    "files_microsoft",
    "filter",
    "filterlib.dll",
    "firewall",
    "firewallapi.dll",
    "flags",
    "flushplacementseventcachetask",
    "folders",
    "fonfile",
    "fontdrvhost.exe",
    "for",
    "foundation",
    "framedyn.dll",
    "framework",
    "frdownloadratepct",
    "functionality",
    "fwbase.dll",
    "fwp",
    "fwpuclnt.dll",
    "fzdl",
    "gdi",
    "gdi32",
    "giffile",
    "globalization",
    "groupconnectioncount",
    "ham",
    "harddiskvolume4",
    "hascontent",
    "hash",
    "hashid",
    "health",
    "healthevaluation",
    "helper",
    "helpers",
    "highdatetime",
    "hightime",
    "history",
    "hkcr",
    "hklm",
    "hku",
    "host",
    "hostactivitymanager",
    "htmlfile",
    "http",
    "httpconnectioncount",
    "httpstatus",
    "icofile",
    "iconcachehighcontrastscheme",
    "ict",
    "iertutil.dll",
    "img:&lt;unknown process&gt;",
    "img:-",
    "img:audiodg.exe",
    "img:backgroundtaskhost.exe",
    "img:cmd.exe",
    "img:collectguestlogs.exe",
    "img:conhost.exe",
    "img:csrss.exe",
    "img:ctfmon.exe",
    "img:dns.exe",
    "img:dsregcmd.exe",
    "img:explorer.exe",
    "img:lsass.exe",
    "img:microsoft.activedirectory.webservices.exe",
    "img:powershell.exe",
    "img:runtimebroker.exe",
    "img:searchfilterhost.exe",
    "img:searchindexer.exe",
    "img:searchprotocolhost.exe",
    "img:searchui.exe",
    "img:services.exe",
    "img:settingsynchost.exe",
    "img:sihost.exe",
    "img:sppsvc.exe",
    "img:startmenuexperiencehost.exe",
    "img:svchost.exe",
    "img:system",
    "img:taskhostw.exe",
    "img:waappagent.exe",
    "img:wmiprvse.exe",
    "imm32",
    "imprbeacons.dat",
    "imprbeacons.dat.",
    "impressionrecords",
    "impressiontimeforselectedindex",
    "index",
    "indexedlanguage",
    "information",
    "infrastructure",
    "inifile",
    "input_",
    "inputapp_cw5n1h2txyewy",
    "inputhost",
    "inputhost.dll",
    "installedwin32appsrevision",
    "instance",
    "intelppm.sys",
    "intelppm.sys.mui",
    "interface",
    "interfaces",
    "internet",
    "internetconnectioncount",
    "ipc",
    "iphlpapi.dll",
    "ipsec",
    "ispinned",
    "item",
    "journal",
    "jpegfile",
    "kerberos",
    "kerberos.dll",
    "kernel.appcore.dll",
    "kernel32",
    "kernel32.dll",
    "kernelbase.dll",
    "kernelbase.dll.mui",
    "key",
    "ksp",
    "ksuser.dll",
    "lanconnectioncount",
    "language",
    "languageoverlayutil.dll",
    "lastaccessed",
    "lastalive0.dat",
    "lastalive1.dat",
    "lastconstraintindexbuildcompleted",
    "lasticoncacherefreshtime",
    "lastimpressiontimes",
    "lastknowngoodtime",
    "lastrenderedtimes",
    "lastselectionempty",
    "lastupdated",
    "lastusedtimestart",
    "lastusedtimestop",
    "latestcachefilename",
    "latestconstraintindexfolder",
    "layer",
    "layoutbound",
    "lbr",
    "ldap",
    "library",
    "licensing",
    "light-weight",
    "linklocalconnectioncount",
    "list",
    "lnkfile",
    "local",
    "localhost",
    "localized",
    "localstate",
    "lockdown",
    "logon",
    "logoncli.dll",
    "logonui.exe",
    "lookup",
    "lowdatetime",
    "lowtime",
    "lsa",
    "lsasrv.dll",
    "lsass",
    "lsass.exe",
    "lsm.dll",
    "machine",
    "management",
    "manager",
    "managing",
    "mapper",
    "marshaller",
    "marta",
    "media",
    "metadata",
    "mfperf",
    "mfperfhelper.dll",
    "mhtmlfile",
    "microphone",
    "microsoft",
    "microsoft.microsoftedge_8wekyb3d8bbwe",
    "microsoft.powershellxmldata.1",
    "microsoft.windows.cortana_cw5n1h2txyewy",
    "microsoft.windowsstore_8wekyb3d8bbwe",
    "microsoft_autogenerated_",
    "microsoft_bingweather_8wekyb3d8bbwe",
    "microsoft_gethelp_8wekyb3d8bbwe",
    "microsoft_getstarted_8wekyb3d8bbwe",
    "microsoft_internetexplorer_default",
    "microsoft_messaging_8wekyb3d8bbwe",
    "microsoft_microsoft3dviewer",
    "microsoft_microsoftedge_8wekyb3d8bbwe",
    "microsoft_microsoftofficehub",
    "microsoft_mspaint",
    "microsoft_mspaint_8wekyb3d8bbwe",
    "microsoft_office_onenote_8wekyb3d8bbwe",
    "microsoft_oneconnect_8wekyb3d8bbwe",
    "microsoft_onenoteim",
    "microsoft_people_8wekyb3d8bbwe",
    "microsoft_ppiprojection",
    "microsoft_ppiprojection_cw5n1h2txyewy",
    "microsoft_print3d_8wekyb3d8bbwe",
    "microsoft_screensketch_8wekyb3d8bbwe",
    "microsoft_skydrive_desktop",
    "microsoft_skypeapp_kzf8qxf38zg5c",
    "microsoft_windows_administrativetools",
    "microsoft_windows_computer",
    "microsoft_windows_controlpanel",
    "microsoft_windows_explorer",
    "microsoft_windows_immersivecontrolpanel",
    "microsoft_windows_mediaplayer32",
    "microsoft_windows_photos_8wekyb3d8bbwe",
    "microsoft_windows_remotedesktop",
    "microsoft_windows_shell_rundialog",
    "microsoft_windowsalarms_8wekyb3d8bbwe",
    "microsoft_windowscamera_8wekyb3d8bbwe",
    "microsoft_windowslive_calendar",
    "microsoft_windowslive_mail",
    "microsoft_windowsmaps_8wekyb3d8bbwe",
    "microsoft_windowsstore_8wekyb3d8bbwe",
    "microsoft_xboxapp",
    "microsoft_xboxapp_8wekyb3d8bbwe",
    "microsoft_yourphone_8wekyb3d8bbwe",
    "microsoft_zunemusic",
    "microsoft_zunemusic_8wekyb3d8bbwe",
    "microsoft_zunevideo",
    "microsoft_zunevideo_8wekyb3d8bbwe",
    "microsoftedge",
    "microsoftedge.exe",
    "microsoftedgecp.exe",
    "microsoftedgesh.exe",
    "midi",
    "midimap.dll",
    "mlang.dll",
    "mmdevapi.dll",
    "mmdevice",
    "mmdevices",
    "mode",
    "mof",
    "mofd.dll",
    "mofresource",
    "mofresourcename",
    "monitor.sys",
    "monitorwmi",
    "monthid",
    "monthlyuploadrestriction",
    "mordor",
    "mpssvc.dll",
    "mrm",
    "mrmcore.dll",
    "msacm32.acm",
    "msasn1.dll",
    "msauddecmft.dll",
    "msctf",
    "msctf.dll",
    "msfltr32.acm",
    "mskeyprotect.dll",
    "mssmbios.sys",
    "mssmbios.sys.mui",
    "mssprxy.dll",
    "msvcp110_win.dll",
    "msvcp_win.dll",
    "msvcrt.dll",
    "mswsock.dll",
    "multi",
    "multi-user",
    "multimedia",
    "name",
    "namespace",
    "ncobjapi.dll",
    "ncrypt",
    "ncrypt.dll",
    "ncryptprov.dll",
    "ncryptsslp.dll",
    "ndis.sys",
    "ndis.sys.mui",
    "ndismofresource",
    "net",
    "netapi32.dll",
    "netutils.dll",
    "netvsc.sys",
    "netvsc.sys.mui",
    "network",
    "networking",
    "networkservice",
    "nextrefreshtimes",
    "nextrotationtimes",
    "nonpackaged",
    "noop",
    "normaldownloadcount",
    "normaldownloadpendingcount",
    "notification",
    "notifications",
    "notifyicon",
    "npfproxy.dll",
    "nsi",
    "nsi.dll",
    "nt_accessories_wordpad_exe",
    "ntasn1.dll",
    "ntdll.dll",
    "ntdsapi.dll",
    "ntmarta.dll",
    "ntshrui.dll",
    "objects",
    "ocxfile",
    "odtfile",
    "oebotmvm6esa7jc1.1.1.0.0.21.2.17",
    "offline",
    "ole",
    "ole32",
    "ole32.dll",
    "oleaut32.dll",
    "on7o0sn2361491903rn3nps3n00r38n1",
    "ondemandconnroutehelper.dll",
    "onecore",
    "onecorecommonproxystub.dll",
    "onecoreuap",
    "onecoreuapcommonproxystub.dll",
    "onesettings_waas_featuremanagement",
    "onlineid",
    "openwithprogids",
    "operating",
    "otffile",
    "overlaid",
    "package",
    "packageflags",
    "packagefullname",
    "packagerelativeappname",
    "packages",
    "paint.picture",
    "par:\"cmd\"",
    "par:\"collectguestlogs.exe\"",
    "par:cmd.exe",
    "par:collectguestlogs.exe",
    "par:dsregcmd.exe",
    "par:services.exe",
    "par:svchost.exe",
    "par:waappagent.exe",
    "parameters",
    "pbzhpp",
    "pct",
    "peercount",
    "peerhttp",
    "peerid",
    "peerinfocount",
    "perfctrs.dll",
    "perfmmfilename",
    "performance",
    "perfos.dll",
    "phase",
    "pjpegfile",
    "pkeyhelper.dll",
    "placement-subscribedcontent-310093",
    "placement-subscribedcontent-314559",
    "placements",
    "plain",
    "platform",
    "plugin",
    "plugins",
    "pngfile",
    "policies",
    "policy",
    "policymanager.dll",
    "power",
    "powershell.exe",
    "powrprof.dll",
    "prefetch",
    "previouscontentrotationtime",
    "primitives",
    "prioritydownloadcount",
    "prioritydownloadpendingcount",
    "procedure",
    "process",
    "processor",
    "processorwmi",
    "product",
    "profapi.dll",
    "profext",
    "profext.dll",
    "profile",
    "property",
    "propsys.dll",
    "protection",
    "protocol",
    "provider",
    "providers",
    "provides",
    "proxy",
    "psmactivationtype",
    "psmserviceexthost.dll",
    "psmsrv.dll",
    "ptt",
    "publishing",
    "pure",
    "push",
    "query",
    "qword",
    "rank",
    "rasadhlp.dll",
    "rawbytes",
    "rbhrhz",
    "rdp",
    "rdpclip.exe",
    "rdpendp.dll",
    "realtime",
    "reason",
    "regapi.dll",
    "registration",
    "registrationtype",
    "registry",
    "related",
    "remote",
    "remotecapture",
    "renderedcreativeids",
    "renderfinishedforoneshot",
    "reporting",
    "requestid",
    "resource",
    "resources",
    "resources.",
    "retryupdaterendertriggers",
    "rf28b93b6.tmp",
    "rf28b9442.tmp",
    "rf28b9452.tmp",
    "rf28b94bf.tmp",
    "rf28b954c.tmp",
    "rf28b959a.tmp",
    "rf28b95aa.tmp",
    "rf28b9646.tmp",
    "ris.api.iris.microsoft.com",
    "rlefile",
    "rmclient.dll",
    "roamingstate",
    "route",
    "router",
    "rpc",
    "rpcrt4.dll",
    "rpcss.dll",
    "rsaenh.dll",
    "rtffile",
    "run",
    "runtime",
    "runtimebroker.exe",
    "runtimebroker.exe-e560e5bd.pf",
    "sbeavers",
    "schannel",
    "schannel.dll",
    "schedule",
    "scheduledworkitems",
    "scheduler",
    "schema",
    "scm",
    "sddl",
    "sdk",
    "search",
    "searchfilterhost.exe",
    "searchfolder",
    "searchindexer.exe",
    "searchprotocolhost.exe",
    "searchui.exe",
    "sechealthui",
    "sechost.dll",
    "secur32.dll",
    "securetimeconfidence",
    "securetimeestimated",
    "securetimehigh",
    "securetimelimits",
    "securetimelow",
    "securetimetickcount",
    "security",
    "securitydescriptor",
    "securityhealthhost.exe",
    "securityhealthservice.exe",
    "securityhealthsystray.exe",
    "securitymanager",
    "securityproviders",
    "see",
    "selectedplacementids",
    "server",
    "servererrorcode",
    "servererrorsubcode",
    "servermessage",
    "serveroperation",
    "service",
    "serviceprofiles",
    "services",
    "services.exe",
    "servicesessionid",
    "servicestate",
    "session",
    "sessionid",
    "set",
    "settings",
    "settingsynchost.exe",
    "setup",
    "setupapi.dll",
    "sgrmbroker.exe",
    "shared_ink_mip_exe",
    "sharing",
    "shcmdfile",
    "shcore",
    "shcore.dll",
    "shell",
    "shell32.dll",
    "shellexperiencehost.exe",
    "shellexperiencehost_cw5n1h2txyewy",
    "shlwapi.dll",
    "shortcontentid",
    "sihost.exe",
    "slc.dll",
    "smart",
    "smartscreen.exe",
    "smss.exe",
    "sndvolsso.dll",
    "socket",
    "sockets",
    "software",
    "softwareprotectionplatform",
    "sound",
    "source",
    "spoolsv.exe",
    "sppc.dll",
    "sppcext.dll",
    "sppobjs.dll",
    "sppsvc.exe",
    "sppwinob.dll",
    "sppwmi.dll",
    "srvcli.dll",
    "srvsvc",
    "ssl",
    "sspicli.dll",
    "sspisrv.dll",
    "start",
    "startmenuexperiencehost.exe",
    "starttime",
    "state",
    "staterepository",
    "status",
    "stl110",
    "storage",
    "storagesense",
    "store",
    "structured",
    "structuredquery.dll",
    "stub",
    "subscribedcontent",
    "subscribedcontent-202914",
    "subscribedcontent-280815",
    "subscribedcontent-310091",
    "subscribedcontent-310093",
    "subscribedcontent-314559",
    "subscribedcontent-338387",
    "subscribedcontent-338388",
    "subscribedcontent-338389",
    "subscribedcontent-353694",
    "subscribedcontent-353698",
    "subscribedcontent-88000045",
    "subscribedcontent-88000161",
    "subscribedcontent-88000163",
    "subscribedcontent-88000165",
    "subscriptions",
    "successfully",
    "suggestedapps",
    "support",
    "supportedrendertriggers",
    "svchost.exe",
    "svcrestarttask",
    "swarmcount",
    "swarms",
    "syncrootmanager",
    "sysfile",
    "sysmain.dll",
    "sysmon.exe",
    "system",
    "system32",
    "systemappdata",
    "systemapps",
    "systemcertificates",
    "systemindex",
    "systemroot",
    "targetedcontentcache",
    "task",
    "taskcache",
    "taskentrypoint",
    "taskexecutioncountsincelastreset",
    "taskhostw.exe",
    "taskhostw.exe-3e0b74c8.pf",
    "tasks",
    "taskschd.dll",
    "taskschdps.dll",
    "taskwatchdog",
    "tcpip",
    "terminator",
    "termreason",
    "termsrv.dll",
    "textinputframework.dynlink",
    "themeservice.dll",
    "threadpool",
    "threadpoolwinrt.dll",
    "tifimage.document",
    "time",
    "timestamp",
    "tls",
    "tmp",
    "token",
    "tokenbinding.dll",
    "tokenbroker.dll",
    "tool",
    "tracing",
    "tree",
    "triggerevent",
    "triggers",
    "trust",
    "tscfgwmi.dll",
    "ttcfile",
    "ttffile",
    "twinapi.appcore",
    "twinapi.appcore.dll",
    "twinapi.dll",
    "twinui.dll",
    "twinui.pcshell.dll",
    "txtfile",
    "types",
    "ubpm.dll",
    "ucrtbase.dll",
    "undefined",
    "unsecapp.exe",
    "updatedrivenbyexpiration",
    "uplinkbps",
    "upload",
    "uploadcount",
    "uploadforsecs",
    "uploadmonthlyinternetbytes",
    "uploadmonthlylanbytes",
    "uploadratepct",
    "uploadstats",
    "uri",
    "urlmon.dll",
    "usage",
    "user",
    "user-mode",
    "user32",
    "user32.dll",
    "userenv",
    "userenv.dll",
    "users",
    "usersettings",
    "usersid",
    "util",
    "utildll.dll",
    "utility",
    "uxtheme",
    "uxtheme.dll",
    "v1.0",
    "validbytes",
    "value",
    "verification",
    "version",
    "vfuprovider",
    "visited",
    "volatile",
    "volatilenotifications",
    "volume",
    "vssvc.exe",
    "w32time",
    "waseveractivated",
    "wbem",
    "wbemcomn.dll",
    "wbemprox.dll",
    "wbemsvc.dll",
    "wdm",
    "wdmaud.drv",
    "wdpfile",
    "web",
    "webservices.dll",
    "win32",
    "win32u",
    "win32u.dll",
    "winbrand.dll",
    "wincorlib.dll",
    "window",
    "windows",
    "windows.applicationmodel.dll",
    "windows.cloudstore.schema.shell.dll",
    "windows.cortana.onecore.dll",
    "windows.cortana.pal.desktop",
    "windows.cortana.pal.desktop.dll",
    "windows.globalization.dll",
    "windows.networking.connectivity.dll",
    "windows.services.targetedcontent",
    "windows.services.targetedcontent.dll",
    "windows.staterepository.dll",
    "windows.staterepositorycore.dll",
    "windows.staterepositoryps.dll",
    "windows.storage.applicationdata.dll",
    "windows.storage.dll",
    "windows.storage.search",
    "windows.storage.search.dll",
    "windows.ui.dll",
    "windows.warp.jitservice.exe",
    "windows.web.dll",
    "windows.web.http",
    "windows.web.http.dll",
    "windowsazure",
    "windowscodecs",
    "windowspowershell",
    "winhttp.dll",
    "wininet.dll",
    "wininit.exe",
    "winlogon.exe",
    "winmm",
    "winnsi.dll",
    "winrt",
    "winscard.dll",
    "winsta.dll",
    "winstation",
    "wintrust",
    "wintrust.dll",
    "wintypes.dll",
    "wkscli.dll",
    "wkssvc",
    "wldap32.dll",
    "wldp.dll",
    "wmffile",
    "wmi",
    "wmi.dll",
    "wmiclnt.dll",
    "wmidcom.dll",
    "wmiprov.log",
    "wmiprvsd.dll",
    "wmiprvse.exe",
    "wmiutils.dll",
    "wmp11.assocfile.3g2",
    "wmp11.assocfile.3gp",
    "wmp11.assocfile.adts",
    "wmp11.assocfile.aiff",
    "wmp11.assocfile.asf",
    "wmp11.assocfile.asx",
    "wmp11.assocfile.au",
    "wmp11.assocfile.avi",
    "wmp11.assocfile.flac",
    "wmp11.assocfile.m2ts",
    "wmp11.assocfile.m3u",
    "wmp11.assocfile.m4a",
    "wmp11.assocfile.midi",
    "wmp11.assocfile.mk3d",
    "wmp11.assocfile.mka",
    "wmp11.assocfile.mkv",
    "wmp11.assocfile.mov",
    "wmp11.assocfile.mp3",
    "wmp11.assocfile.mp4",
    "wmp11.assocfile.mpeg",
    "wmp11.assocfile.tts",
    "wmp11.assocfile.wav",
    "wmp11.assocfile.wax",
    "wmp11.assocfile.wma",
    "wmp11.assocfile.wmv",
    "wmp11.assocfile.wpl",
    "wmp11.assocfile.wvx",
    "work",
    "workfoldersshell.dll",
    "workingdir",
    "workitems",
    "workstation",
    "wpa",
    "wpad",
    "wpnapps.dll",
    "ws2_32.dll",
    "wtsapi32.dll",
    "wudfhost.exe",
    "x27e26f40ye031y48a6yb130yd1f20388991ax",
    "x4c7a3b7dy2188y46d4ya362y19ac5a5805e5x",
    "xml",
    "xmlfile",
    "xmllite",
    "xmllite.dll",
    "xslfile",
    "zpdllz"
   ]
  },
  {
   "dataset_id": "SDWIN-200721232741",
   "title": "Empire Regsvr32 Execution",
   "techniques": [
    "T1218"
   ],
   "tactics": [
    "TA0005"
   ],
   "event_count": 2390,
   "sample_events": [
    {
     "timestamp": "2020-07-22T03:27:43.468Z",
     "host": "MORDORDC.mordor.local",
     "channel": "Microsoft-Windows-Sysmon/Operational",
     "event_id": 11,
     "process": "svchost.exe",
     "parent": "",
     "command_line": "",
     "user": ""
    },
    {
     "timestamp": "2020-07-22T03:27:43.468Z",
     "host": "WORKSTATION6.mordor.local",
     "channel": "Microsoft-Windows-Sysmon/Operational",
     "event_id": 10,
     "process": "Explorer.EXE",
     "parent": "",
     "command_line": "",
     "user": ""
    },
    {
     "timestamp": "2020-07-22T03:27:43.469Z",
     "host": "WORKSTATION6.mordor.local",
     "channel": "Microsoft-Windows-Sysmon/Operational",
     "event_id": 10,
     "process": "Explorer.EXE",
     "parent": "",
     "command_line": "",
     "user": ""
    },
    {
     "timestamp": "2020-07-22T03:27:43.469Z",
     "host": "WORKSTATION6.mordor.local",
     "channel": "Microsoft-Windows-Sysmon/Operational",
     "event_id": 10,
     "process": "Explorer.EXE",
     "parent": "",
     "command_line": "",
     "user": ""
    },
    {
     "timestamp": "2020-07-22T03:27:43.469Z",
     "host": "WORKSTATION6.mordor.local",
     "channel": "Microsoft-Windows-Sysmon/Operational",
     "event_id": 10,
     "process": "Explorer.EXE",
     "parent": "",
     "command_line": "",
     "user": ""
    },
    {
     "timestamp": "2020-07-22T03:27:43.469Z",
     "host": "WORKSTATION6.mordor.local",
     "channel": "Microsoft-Windows-Sysmon/Operational",
     "event_id": 10,
     "process": "Explorer.EXE",
     "parent": "",
     "command_line": "",
     "user": ""
    },
    {
     "timestamp": "2020-07-22T03:27:43.470Z",
     "host": "WORKSTATION6.mordor.local",
     "channel": "Microsoft-Windows-Sysmon/Operational",
     "event_id": 10,
     "process": "Explorer.EXE",
     "parent": "",
     "command_line": "",
     "user": ""
    },
    {
     "timestamp": "2020-07-22T03:27:43.470Z",
     "host": "WORKSTATION6.mordor.local",
     "channel": "Microsoft-Windows-Sysmon/Operational",
     "event_id": 10,
     "process": "Explorer.EXE",
     "parent": "",
     "command_line": "",
     "user": ""
    },
    {
     "timestamp": "2020-07-22T03:27:45.486Z",
     "host": "MORDORDC.mordor.local",
     "channel": "Microsoft-Windows-Sysmon/Operational",
     "event_id": 13,
     "process": "svchost.exe",
     "parent": "",
     "command_line": "",
     "user": ""
    },
    {
     "timestamp": "2020-07-22T03:27:46.504Z",
     "host": "MORDORDC.mordor.local",
     "channel": "Microsoft-Windows-Sysmon/Operational",
     "event_id": 12,
     "process": "NetworkWatcherAgent.exe",
     "parent": "",
     "command_line": "",
     "user": ""
    },
    {
     "timestamp": "2020-07-22T03:27:46.504Z",
     "host": "MORDORDC.mordor.local",
     "channel": "Microsoft-Windows-Sysmon/Operational",
     "event_id": 12,
     "process": "NetworkWatcherAgent.exe",
     "parent": "",
     "command_line": "",
     "user": ""
    },
