    {
     "timestamp": "2020-07-22T03:27:46.504Z",
     "host": "MORDORDC.mordor.local",
     "channel": "Microsoft-Windows-Sysmon/Operational",
     "event_id": 12,
     "process": "NetworkWatcherAgent.exe",
     "parent": "",
     "command_line": "",
     "user": ""
    }
   ],
   "tokens": [
    "-embedding",
    "-enc",
    "-forcev1",
    "-ge",
    "-nop",
    "-secured",
    "-servername",
    "-sta",
    ".assembly.gettype",
    ".default",
    ".net",
    ".netframework",
    ".ps1",
    ".ps1xml",
    "0x00000000-0x01400000",
    "0x01d65fd8-0x0f865f72",
    "0x01d65fd8-0x119d8ca4",
    "0x01d65fd8-0x126e84b3",
    "0x01d65fd8-0x158a0219",
    "0x01d65fd8-0x1989431b",
    "0x01d65fd8-0x19894773",
    "0x01d65fd8-0x1b27cd77",
    "0x01d65fd8-0x1bf832a1",
    "0x01d65fd8-0x229a38e9",
    "0x01d65fd8-0x24b2af5c",
    "0x01d65fd8-0x25814531",
    "0x01d65fd8-0x28e38a2e",
    "0x01d65fd8-0x29b094dd",
    "0x01d65fd8-0x29b55ae0",
    "0x01d65fd8-0x2c235128",
    "0x1000",
    "0x1010",
    "0x1400",
    "0x1410",
    "0x1478",
    "0x2000",
    "0x40",
    "10.10.10.5",
    "1008d",
    "106fe",
    "107a4",
    "108a0",
    "10d20",
    "10daa",
    "111b6",
    "1172e",
    "1184f",
    "125bc",
    "1260d",
    "126aa",
    "12cd4",
    "1364b",
    "139e2",
    "1415b",
    "1451a",
    "149ab",
    "1595388506.",
    "1604e",
    "167bb",
    "168ea",
    "16e80",
    "172.18.38.5",
    "172.18.38.6",
    "172.18.39.5",
    "1734c",
    "176ae",
    "177c",
    "1780b",
    "1792a",
    "17bd4",
    "184bf",
    "19e3b",
    "1a172",
    "1a207",
    "1a72",
    "1a9a",
    "1be93",
    "1c74",
    "1c9af",
    "1cda2",
    "1d5a0",
    "1d60",
    "1dbfa",
    "1e830",
    "1ea7e",
    "1eb89",
    "1ecb7",
    "1edcc",
    "1ee93",
    "1ef1e",
    "1ef46",
    "1f138",
    "1f2c6",
    "1f662",
    "1f872",
    "1np14r77-02r7-4r5q-o744-2ro1nr5198o7",
    "2.0",
    "2.5",
    "201f5",
    "2049d",
    "205a4",
    "21ee8",
    "221c5",
    "222a3",
    "2321e",
    "244b4",
    "268b5",
    "2726e",
    "2762f",
    "28a4c",
    "29a50",
    "29d90",
    "2a418",
    "2aaa9",
    "2d2c4",
    "2dbeb",
    "2dc6a",
    "2e5cf",
    "2f655",
    "2fb89",
    "2fba",
    "3081d",
    "30b5b",
    "30dbf",
    "310c0",
    "314c9",
    "31ff3",
    "32-bit",
    "345b4",
    "35ae1",
    "37a4c",
    "38be",
    "3a5b",
    "3e409",
    "3fad3",
    "449a6",
    "47d23",
    "47d62",
    "48ac6",
    "4b1d",
    "5.0",
    "52.167.250.154",
    "547e",
    "550a",
    "56b9d",
    "57af0",
    "57af0.getvalue",
    "582ec",
    "585e3",
    "590aee7bdd69b59b.customdestinations-ms",
    "5af4",
    "5b0a4",
    "5b1a7",
    "5b413",
    "5b76",
    "5bd06",
    "5f36a",
    "5fd9",
    "66d62",
    "67f1",
    "6a7f5",
    "6ba5",
    "6c175",
    "6ce5f",
    "6d4c",
    "72a89",
    "763a",
    "785b2",
    "78a5c",
    "7a332",
    "7a39a",
    "7bd2",
    "7c0d1",
    "7e999",
    "7ed2",
    "7f50",
    "7fbb6",
    "8.27.81.27",
    "800be",
    "806f",
    "829c4",
    "82c5e",
    "82d47",
    "82e02",
    "83d6",
    "83dc",
    "8464d",
    "846b",
    "849e0",
    "88a0",
    "895c",
    "8b5e",
    "8bd0",
    "8d1e5",
    "91e69",
    "922c7",
    "922ea",
    "94d36",
    "973f9",
    "978ff",
    "97c5",
    "97d6",
    "97f16",
    "9827b",
    "991c3",
    "9c534",
    "9d104",
    "9d8e4",
    "9dcf",
    "9fc24",
    "9suglj70wbomw3rov62v.temp",
    "__psscriptpolicytest_dfz15bah.1xr.ps1",
    "__psscriptpolicytest_jsb2zrvt.2f4.psm1",
    "a256",
    "a3f99",
    "a3fb8",
    "a4293",
    "a4310",
    "a4576",
    "a46d1",
    "a5df",
    "a77f",
    "aad",
    "ac61",
    "access",
    "accounts",
    "aclayers.dll",
    "activationmanager.dll",
    "activationtype",
    "active",
    "activitydatamodel",
    "ad9a",
    "advanced",
    "advapi32.dll",
    "amsi.dll",
    "and",
    "anti-malware",
    "api",
    "api32",
    "apis",
    "app",
    "appcontainer",
    "appdata",
    "apphelp",
    "application",
    "applicationframehost.exe",
    "applicationmodel",
    "applicationviewmanagement",
    "appmodel",
    "appresolver.dll",
    "appx",
    "appxsip.dll",
    "arc.msn.com",
    "asn.1",
    "assembly",
    "assistant",
    "atl",
    "atl.dll",
    "aui",
    "authentication",
    "authroot",
    "autodetect",
    "autodial",
    "awareness",
    "b1c3b",
    "b5270",
    "b5f6",
    "b72e",
    "background",
    "backgroundaccessapplications",
    "backgroundmodel",
    "backgroundtaskhost.exe",
    "bam",
    "base",
    "basesrv.dll",
    "basic",
    "batches",
    "batchstate",
    "bcp47",
    "bcp47lang.dll",
    "bcp47mrm.dll",
    "bcrypt.dll",
    "bcryptprimitives.dll",
    "be39",
    "bfd2",
    "binary",
    "binding",
    "bisrv.dll",
    "bitbucket",
    "biwinrt.dll",
    "branding",
    "broker",
    "brokerid",
    "c156",
    "c1c8",
    "c540",
    "c5f7",
    "c9646",
    "c9e63",
    "cache",
    "cachedgrouppolicysettings",
    "cacheprefix",
    "cachestate",
    "call",
    "capauthz",
    "catalog",
    "cbdhsvc.dll",
    "cbjrefuryy.rkr",
    "cdp",
    "cdp.dll",
    "certca",
    "certenroll",
    "certificate",
    "certificates",
    "cf160",
    "cfgmgr32.dll",
    "ch:microsoft-windows-powershell/operational",
    "ch:microsoft-windows-sysmon/operational",
    "ch:microsoft-windows-wmi-activity/operational",
    "ch:security",
    "ch:windows powershell",
    "checking",
    "cimom",
    "cimwin32.dll",
    "class",
    "classes",
    "clbcatq.dll",
    "cldapi.dll",
    "client",
    "cloud",
    "clr.dll",
    "clrjit.dll",
    "code",
    "com",
    "combase.dll",
    "comctl32.dll",
    "coml2.dll",
    "commands",
    "commithistory",
    "common",
    "compatibility",
    "compiler",
    "component",
    "components",
    "conditions",
    "config",
    "configuration",
    "conhost.exe",
    "conhost.exe-1f3e9d7e.pf",
    "connctiond",
    "connection",
    "connections",
    "connectivity",
    "consecutiverefreshcachefailurecount",
    "console",
    "content",
    "contentdeliverymanager",
    "contentdeliverymanager.utilities",
    "contentdeliverymanager.utilities.dll",
    "contentmanagementsdk",
    "control",
    "controls",
    "controlset001",
    "cookie",
    "cookies",
    "core",
    "coremessaging",
    "coremessaging.dll",
    "coreuicomponents.dll",
    "count",
    "counters",
    "crawlscopemanager",
    "creationtime",
    "creatives",
    "crls",
    "crt",
    "crypt32.dll",
    "cryptbase.dll",
    "cryptnet.dll",
    "crypto",
    "cryptographic",
    "cryptowinrt.dll",
    "cryptsp.dll",
    "cscapi.dll",
    "csrsrv.dll",
    "ctls",
    "currentcontrolset",
    "currentversion",
    "custom",
    "customdestinations",
    "d0eb",
    "da036",
    "data",
    "datasignature",
    "db4a6",
    "dbeb",
    "dcaf",
    "dd1d",
    "default",
    "defender",
    "delegatefolders",
    "demand",
    "deprecatedcreatives",
    "desktop",
    "device",
    "devicetokens",
    "dhcp",
    "dhcpcsvc.dll",
    "dhcpcsvc6.dll",
    "dhcpv6",
    "diagnostic",
    "directory",
    "disallowed",
    "dll",
    "dns",
    "dnsapi",
    "domain",
    "dpapi.dll",
    "driver",
    "dsparse.dll",
    "dsreg.dll",
    "dsrole.dll",
    "duedatetime",
    "dusmapi.dll",
    "dwmapi.dll",
    "dword",
    "e-mail",
    "e40b",
    "e575",
    "e625f",
    "e6411",
    "e64af",
    "e6511",
    "e732",
    "e93c",
    "e94a",
    "ea4e",
    "ebb9",
    "ebf0",
    "ed4f",
    "ed7c",
    "edp",
    "edputil.dll",
    "efd0",
    "eid:1",
    "eid:10",
    "eid:11",
    "eid:12",
    "eid:13",
    "eid:17",
    "eid:18",
    "eid:2",
    "eid:22",
    "eid:23",
    "eid:3",
    "eid:400",
    "eid:40961",
    "eid:40962",
    "eid:4103",
    "eid:4104",
    "eid:4624",
    "eid:4627",
    "eid:4634",
    "eid:4656",
    "eid:4658",
    "eid:4663",
    "eid:4670",
    "eid:4672",
    "eid:4673",
    "eid:4688",
    "eid:4689",
    "eid:4690",
    "eid:4703",
    "eid:5",
    "eid:5156",
    "eid:5158",
    "eid:53504",
    "eid:5857",
    "eid:600",
    "eid:7",
    "eid:800",
    "eid:9",
    "empty",
    "enablescriptb",
    "engine",
    "enhanced",
    "enrollment",
    "enterprisecertificates",
    "environment",
    "error",
    "event",
    "evententities",
    "eventlog",
    "eventparameters",
    "events",
    "eventtype",
    "excludedentities",
    "execution",
    "experience",
    "explorer",
    "explorer.exe",
    "extendedregistrationdata",
    "extension",
    "extensions",
    "f09b",
    "f2e6",
    "f4d5",
    "f6ba",
    "f7938",
    "f7a00",
    "f7ad",
    "f8f13",
    "f904f",
    "f9416",
    "f97f",
    "faa4",
    "facd",
    "fastprox.dll",
    "fe31",
    "fea7",
    "feedbackprovidedentities",
    "ff97",
    "ffc2",
    "ffd7",
    "file",
    "files",
    "filledopportunities",
    "filter",
    "filterlib.dll",
    "firewall",
    "firewallapi.dll",
    "flags",
    "flow",
    "flushplacementseventcachetask",
    "for",
    "foundation",
    "framedyn.dll",
    "framework",
    "fusion",
    "fwbase.dll",
    "fwp",
    "fwpuclnt.dll",
    "gdi",
    "gdi32",
    "getfie",
    "globalization",
    "gpapi.dll",
    "group",
    "ham",
    "harddiskvolume2",
    "hasheduseridentity",
    "health",
    "healthevaluation",
    "helper",
    "helpers",
    "history",
    "hkcr",
    "hklm",
    "hku",
    "host",
    "hostactivitymanager",
    "hrzr_pgyfrffvba",
    "http",
    "i1.0",
    "identitycrl",
    "iertutil.dll",
    "img:-",
    "img:backgroundtaskhost.exe",
    "img:conhost.exe",
    "img:csrss.exe",
    "img:ctfmon.exe",
    "img:dns.exe",
    "img:explorer.exe",
    "img:lsass.exe",
    "img:microsoft.activedirectory.webservices.exe",
    "img:networkwatcheragent.exe",
    "img:powershell.exe",
    "img:regsvr32.exe",
    "img:runtimebroker.exe",
    "img:searchindexer.exe",
    "img:services.exe",
    "img:sihost.exe",
    "img:svchost.exe",
    "img:system",
    "img:wmiprvse.exe",
    "imm32",
    "impressionrecords",
    "information",
    "infrastructure",
    "input",
    "inputapp_cw5n1h2txyewy",
    "inputhost",
    "inputhost.dll",
    "insights",
    "installation",
    "installer",
    "interface",
    "internet",
    "intranetname",
    "iofficeantivirus",
    "iphlpapi.dll",
    "ipsec",
    "jscript",
    "jscript.dll",
    "jumplistdata",
    "just-in-time",
    "jvaqbjfcbjrefuryy",
    "kernel.appcore.dll",
    "kernel32",
    "kernel32.dll",
    "kernelbase.dll",
    "key",
    "ksp",
    "language",
    "lastalive0.dat",
    "lastalive1.dat",
    "lastknowngoodtime",
    "lastrefreshtimes",
    "lastsuccessfuladrequesttime",
    "launcher.sct",
    "layer",
    "ldap",
    "libraries",
    "library",
    "licensing",
    "light-weight",
    "linkinfo.dll",
    "list",
    "local",
    "localhost",
    "localstate",
    "localsystemnetworkrestricted",
    "location",
    "lockdown",
    "locklogging",
    "logon",
    "logoncli.dll",
    "lookup",
    "lsa",
    "lsasrv.dll",
    "lsass.exe",
    "lsm.dll",
    "machine",
    "management",
    "manager",
    "marshaller",
    "marta",
    "metadata",
    "microsoft",
    "microsoft.management.infrastructure.dll",
    "microsoft.microsoftedge_8wekyb3d8bbwe",
    "microsoft.oneconnect_8wekyb3d8bbwe",
    "microsoft.powershell.consolehost",
    "microsoft.powershell.consolehost.dll",
    "microsoft.powershell.security.dll",
    "microsoft.windows.cortana_cw5n1h2txyewy",
    "microsoftedge.exe",
    "microsoftedgecp.exe",
    "mintdh.dll",
    "missedopportunities",
    "mlang.dll",
    "mode",
    "module",
    "mpclient.dll",
    "mpoav.dll",
    "mpr.dll",
    "mrm",
    "mrmcore.dll",
    "msa",
    "msasn1.dll",
    "mscoree.dll",
    "mscoreei.dll",
    "mscorlib.dll",
    "msctf",
    "msctf.dll",
    "msi",
    "msisip.dll",
    "mskeyprotect.dll",
    "mssprxy.dll",
    "msvcp110_win.dll",
    "msvcp_win.dll",
    "msvcrt.dll",
    "mswsock.dll",
    "multi",
    "multi-user",
    "multiple",
    "name",
    "namespace",
    "naming",
    "napinsp.dll",
    "native",
    "nativeimages_v4.0.30319_64",
    "ncobjapi.dll",
    "ncrypt",
    "ncrypt.dll",
    "ncryptprov.dll",
    "ncryptsslp.dll",
    "net",
    "netapi32.dll",
    "netprofm.dll",
    "netutils.dll",
    "network",
    "networkerrorwaitperiod",
    "networking",
    "nextrefreshtimes",
    "nextrotationtimes",
    "nlaapi.dll",
    "notificationcontroller",
    "notificationcontrollerps.dll",
    "notifications",
    "npfproxy.dll",
    "npsmdesktopprovider.dll",
    "nsi",
    "nsi.dll",
    "ntasn1.dll",
    "ntdll.dll",
    "ntmarta.dll",
    "ntshrui.dll",
    "null",
    "objects",
    "offline",
    "offlineimpressioncount",
    "offlineimpressioncountdatapoints",
    "offlinetimedatapoints",
    "ole",
    "ole32",
    "ole32.dll",
    "oleaut32.dll",
    "ondemandconnroutehelper.dll",
    "onecore",
    "onecorecommonproxystub.dll",
    "onecoreuap",
    "onecoreuapcommonproxystub.dll",
    "onlineid",
    "onpublic",
    "opc",
    "opcservices.dll",
    "operating",
    "package",
    "packageflags",
    "packagefullname",
    "packagerelativeappname",
    "packages",
    "par:powershell.exe",
    "par:powershell.exe\"",
    "par:regsvr32.exe",
    "par:regsvr32.exe\"",
    "par:services.exe",
    "par:svchost.exe",
    "parameters",
    "pcadm.dll",
    "pct",
    "perfctrs.dll",
    "performance",
    "perfos.dll",
    "pgustavo",
    "placement-subscribedcontent-310091",
    "placements",
    "pnrp",
    "pnrpnsp.dll",
    "policies",
    "policy",
    "policymanager.dll",
    "power",
    "powershell",
    "powershell.exe",
    "powershell.exe-920bba2a.pf",
    "powrprof.dll",
    "prefetch",
    "preinstalltasks",
    "primitives",
    "procedure",
    "process",
    "profapi.dll",
    "profext",
    "profext.dll",
    "profile",
    "program",
    "prompt",
    "property",
    "propsys.dll",
    "protection",
    "protocol",
    "provider",
    "providers",
    "proxy",
    "proxybypass",
    "psapi",
    "psmactivationtype",
    "psmserviceexthost.dll",
    "psmsrv.dll",
    "psversiontable.psversion.major",
    "ptt",
    "publishing",
    "pure",
    "pwrshsip.dll",
    "query",
    "qword",
    "rasadhlp.dll",
    "rasapi32.dll",
    "rasman.dll",
    "rdpclip.exe",
    "readerrevisioninfo",
    "reason",
    "recent",
    "ref",
    "register",
    "registration",
    "registry",
    "regsvr32.exe",
    "regsvr32.exe-8461dbee.pf",
    "related",
    "remote",
    "reporting",
    "requirereschedule",
    "resolver",
    "resource",
    "resourcepolicyserver.dll",
    "resources",
    "rfc191cb7.tmp",
    "rfc199f36.tmp",
    "rmclient.dll",
    "rnr",
    "roaming",
    "root",
    "route",
    "router",
    "routing",
    "rpc",
    "rpcrt4.dll",
    "rpcss.dll",
    "rsaenh.dll",
    "rtutils.dll",
    "run",
    "runtime",
    "runtimebroker.exe",
    "samcli.dll",
    "scan",
    "schannel",
    "schannel.dll",
    "schedcli.dll",
    "scheduledworkitems",
    "scheduler",
    "scm",
    "script",
    "scriptb",
    "scrobj.dll",
    "scrrun.dll",
    "sddl",
    "sdk",
    "search",
    "searchui.exe",
    "sechost.dll",
    "secur32.dll",
    "security",
    "security.dll",
    "securitymanager",
    "securityproviders",
    "selectedplacementids",
    "sequencenumber",
    "server",
    "service",
    "services",
    "services.exe",
    "servicestate",
    "session",
    "sessioninfo",
    "settings",
    "setup",
    "sfc.dll",
    "sfc_os.dll",
    "sharing",
    "shcore",
    "shcore.dll",
    "shell",
    "shell32.dll",
    "shellexperiencehost.exe",
    "shellexperiencehost_cw5n1h2txyewy",
    "shim",
    "shlwapi.dll",
    "signature",
    "signing",
    "sip",
    "slc.dll",
    "smartcardroot",
    "socket",
    "sockets",
    "software",
    "space",
    "spooler",
    "sppc.dll",
    "srvcli.dll",
    "srvsvc",
    "ssl",
    "sspicli.dll",
    "sspisrv.dll",
    "startmenuexperiencehost.exe",
    "starttime",
    "state",
    "staterepository",
    "static",
    "status",
    "stl110",
    "storage",
    "store",
    "structured",
    "structuredquery.dll",
    "stub",
    "studio",
    "subject",
    "subscribedcontent-310091",
    "support",
    "svchost.exe",
    "svchost.exe-dac49ac4.pf",
    "sxs.dll",
    "syncrootmanager",
    "system",
    "system.configuration.dll",
    "system.configuration.install.dll",
    "system.core.dll",
    "system.data.dll",
    "system.directoryservices.dll",
    "system.dll",
    "system.management.automation",
    "system.management.automation.dll",
    "system.management.automation.utils",
    "system.management.dll",
    "system.ni.dll",
    "system.numerics.dll",
    "system.transactions.dll",
    "system.xml.dll",
    "system32",
    "systemappdata",
    "systemapps",
    "systemcertificates",
    "systemindex",
    "task",
    "taskentrypoint",
    "taskexecutioncountlastresettime",
    "taskexecutioncountsincelastreset",
    "taskflowdataengine.dll",
    "taskwatchdog",
    "tcpip",
    "tdh.dll",
    "temp",
    "terminator",
    "termreason",
    "textinputframework.dynlink",
    "themeservice.dll",
    "threadpool",
    "threadpoolwinrt.dll",
    "time",
    "timestamp",
    "tls",
    "tmp",
    "token",
    "tokenbinding.dll",
    "tokenbroker.dll",
    "trace",
    "tracing",
    "tracking",
    "triggerevent",
    "trust",
    "trustedpeople",
    "twinapi.appcore",
    "twinapi.appcore.dll",
    "twinapi.dll",
    "twinui.dll",
    "twinui.pcshell.dll",
    "types",
    "ucrtbase.dll",
    "ucrtbase_clr0400.dll",
    "uncasintranet",
    "unicode",
    "urlmon.dll",
    "usage",
    "user",
    "user-mode",
    "user32",
    "userassist",
    "userenv",
    "userenv.dll",
    "useridentity",
    "users",
    "usersettings",
    "usersid",
    "util",
    "utilities",
    "utility",
    "uxtheme",
    "uxtheme.dll",
    "v1.0",
    "value",
    "vcruntime140_clr0400.dll",
    "verification",
    "verifying",
    "version",
    "version.dll",
    "vfuprovider",
    "virtualdesktop",
    "visited",
    "visual",
    "volatile",
    "volatilenotifications",
    "volume",
    "w32",
    "w32time",
    "wbem",
    "wbemcomn.dll",
    "wbemprox.dll",
    "wbemsvc.dll",
    "wdi.dll",
    "wdisystemhost",
    "web",
    "win32",
    "win32u",
    "win32u.dll",
    "winbrand.dll",
    "wincorlib.dll",
    "window",
    "windows",
    "windows.applicationmodel.dll",
    "windows.globalization.dll",
    "windows.networking.connectivity.dll",
    "windows.networking.hostname",
    "windows.networking.hostname.dll",
    "windows.services.targetedcontent",
    "windows.services.targetedcontent.dll",
    "windows.shell.servicehostbuilder",
    "windows.shell.servicehostbuilder.dll",
    "windows.staterepository.dll",
    "windows.staterepositoryps.dll",
    "windows.storage.applicationdata.dll",
    "windows.storage.dll",
    "windows.storage.search",
    "windows.storage.search.dll",
    "windows.ui.dll",
    "windows.web.dll",
    "windows.web.http",
    "windows.web.http.dll",
    "windowspowershell",
    "winhttp.dll",
    "wininet.dll",
    "winlogon",
    "winnsi.dll",
    "winrnr",
    "winrt",
    "winspool.drv",
    "wintrust",
    "wintrust.dll",
    "wintypes.dll",
    "withdrawncreatives",
    "wkscli.dll",
    "wkssvc",
    "wldap32.dll",
    "wldp.dll",
    "wmi",
    "wmidcom.dll",
    "wminet_utils.dll",
    "wmiprvsd.dll",
    "wmiprvse.exe",
    "wmiprvse.exe-1628051c.pf",
    "wmiutils.dll",
    "workitems",
    "workstation",
    "ws2_32.dll",
    "wshbth.dll",
    "wshext.dll",
    "wshom.ocx",
    "wsman",
    "wtsapi32.dll",
    "xmllite",
    "xmllite.dll",
    "zonemap"
   ]
  },
  {
   "dataset_id": "SDWIN-200722001847",
   "title": "Empire Elevated Registry Run Keys",
   "techniques": [
    "T1547"
   ],
   "tactics": [
    "TA0003"
   ],
   "event_count": 657,
   "sample_events": [
    {
     "timestamp": "2020-07-22T04:18:49.998Z",
     "host": "MORDORDC.mordor.local",
     "channel": "Microsoft-Windows-Sysmon/Operational",
     "event_id": 3,
     "process": "dns.exe",
     "parent": "",
     "command_line": "",
     "user": ""
    },
    {
     "timestamp": "2020-07-22T04:18:49.998Z",
     "host": "MORDORDC.mordor.local",
     "channel": "Microsoft-Windows-Sysmon/Operational",
     "event_id": 3,
     "process": "dns.exe",
     "parent": "",
     "command_line": "",
     "user": ""
    },
    {
     "timestamp": "2020-07-22T04:18:51.000Z",
     "host": "WORKSTATION5.mordor.local",
     "channel": "Microsoft-Windows-Sysmon/Operational",
     "event_id": 12,
     "process": "powershell.exe",
     "parent": "",
     "command_line": "",
     "user": ""
    },
    {
     "timestamp": "2020-07-22T04:18:51.007Z",
     "host": "MORDORDC.mordor.local",
     "channel": "Microsoft-Windows-Sysmon/Operational",
     "event_id": 9,
     "process": "lsass.exe",
     "parent": "",
     "command_line": "",
     "user": ""
    },
    {
     "timestamp": "2020-07-22T04:18:51.008Z",
     "host": "MORDORDC.mordor.local",
     "channel": "Microsoft-Windows-Sysmon/Operational",
     "event_id": 9,
     "process": "lsass.exe",
     "parent": "",
     "command_line": "",
     "user": ""
    },
    {
     "timestamp": "2020-07-22T04:18:51.008Z",
     "host": "MORDORDC.mordor.local",
     "channel": "Microsoft-Windows-Sysmon/Operational",
     "event_id": 18,
     "process": "System",
     "parent": "",
     "command_line": "",
     "user": ""
    },
    {
     "timestamp": "2020-07-22T04:18:51.008Z",
     "host": "MORDORDC.mordor.local",
     "channel": "Microsoft-Windows-Sysmon/Operational",
     "event_id": 18,
     "process": "System",
     "parent": "",
     "command_line": "",
     "user": ""
    },
    {
     "timestamp": "2020-07-22T04:18:51.008Z",
     "host": "MORDORDC.mordor.local",
     "channel": "Microsoft-Windows-Sysmon/Operational",
     "event_id": 18,
     "process": "System",
     "parent": "",
     "command_line": "",
     "user": ""
    },
    {
     "timestamp": "2020-07-22T04:18:51.008Z",
     "host": "MORDORDC.mordor.local",
     "channel": "Microsoft-Windows-Sysmon/Operational",
     "event_id": 18,
     "process": "System",
     "parent": "",
     "command_line": "",
     "user": ""
    },
    {
     "timestamp": "2020-07-22T04:18:51.008Z",
     "host": "MORDORDC.mordor.local",
     "channel": "Microsoft-Windows-Sysmon/Operational",
     "event_id": 3,
     "process": "svchost.exe",
     "parent": "",
     "command_line": "",
     "user": ""
    },
    {
     "timestamp": "2020-07-22T04:18:51.008Z",
     "host": "MORDORDC.mordor.local",
     "channel": "Microsoft-Windows-Sysmon/Operational",
     "event_id": 3,
     "process": "lsass.exe",
     "parent": "",
     "command_line": "",
     "user": ""
    },
    {
     "timestamp": "2020-07-22T04:18:52.013Z",
     "host": "MORDORDC.mordor.local",
     "channel": "Microsoft-Windows-Sysmon/Operational",
     "event_id": 3,
     "process": "lsass.exe",
     "parent": "",
     "command_line": "",
     "user": ""
    }
   ],
   "tokens": [
    "-enc",
    "-win",
    ".debug",
    "0x01d65fdf-0x36966894",
    "0x01d65fdf-0x38b2b2dc",
    "0x01d65fdf-0x39703e82",
    "0x01d65fdf-0x39716c65",
    "0x01d65fdf-0x397e6787",
    "0x01d65fdf-0x40200c49",
    "0x01d65fdf-0x423c4d4d",
    "0x01d65fdf-0x4307d38d",
    "0x01d65fdf-0x49ababbe",
    "0x01d65fdf-0x4bc5a3ae",
    "0x01d65fdf-0x4c912219",
    "0x1000",
    "0x3000",
    "0x40",
    "10.10.10.5",
    "106fe",
    "108a0",
    "111b6",
    "172.18.38.5",
    "172.18.38.6",
    "1a207",
    "1bf95",
    "1c32b",
    "1e509",
    "1e689",
    "1e6a5",
    "1e7be",
    "1e899",
    "2726e",
    "37a4c",
    "44b1f",
    "6a7f5",
    "9c534",
    "api",
    "builtin",
    "ch:microsoft-windows-powershell/operational",
    "ch:microsoft-windows-sysmon/operational",
    "ch:security",
    "ch:windows powershell",
    "config",
    "connections",
    "counters",
    "currentcontrolset",
    "currentversion",
    "da036",
    "data",
    "debug",
    "dll",
    "dpapi.dll",
    "eid:10",
    "eid:11",
    "eid:12",
    "eid:13",
    "eid:18",
    "eid:3",
    "eid:4103",
    "eid:4624",
    "eid:4627",
    "eid:4634",
    "eid:4656",
    "eid:4658",
    "eid:4661",
    "eid:4663",
    "eid:4672",
    "eid:4689",
    "eid:4690",
    "eid:4703",
    "eid:5",
    "eid:5140",
    "eid:5145",
    "eid:5156",
    "eid:5158",
    "eid:7",
    "eid:800",
    "eid:9",
    "eventlog",
    "f6ba",
    "f7ad",
    "f97f",
    "hidden",
    "hklm",
    "hku",
    "img:-",
    "img:dns.exe",
    "img:lsass.exe",
    "img:microsoft.activedirectory.webservices.exe",
    "img:powershell.exe",
    "img:svchost.exe",
    "img:system",
    "img:wmiprvse.exe",
    "internet",
    "ipc",
    "kernelbase.dll",
    "lastalive0.dat",
    "lastknowngoodtime",
    "local",
    "logonui.exe",
    "lsass",
    "lsm.dll",
    "machine",
    "microsoft",
    "mordor",
    "ntdll.dll",
    "objects",
    "operating",
    "parameters",
    "perfctrs.dll",
    "performance",
    "perfos.dll",
    "powershell",
    "powershell.exe",
    "protection",
    "qword",
    "registry",
    "rpcrt4.dll",
    "run",
    "services",
    "servicestate",
    "servicing",
    "settings",
    "software",
    "starttime",
    "svchost.exe",
    "sysmain.dll",
    "system",
    "system32",
    "tcpip",
    "tiworker.exe",
    "trustedinstaller.exe",
    "updater",
    "v1.0",
    "vfuprovider",
    "w32time",
    "windows",
    "windowspowershell",
    "winsxs",
    "wmi",
    "wmidcom.dll",
    "wpad"
   ]
  },
  {
   "dataset_id": "SDWIN-200724174200",
   "title": "Covenant Remote WMI Eventing ActiveScriptEventConsumers",
   "techniques": [
    "T1047"
   ],
   "tactics": [
    "TA0002",
    "TA0008"
   ],
   "event_count": 3719,
   "sample_events": [
    {
     "timestamp": "2020-09-02T01:43:36.775Z",
     "host": "WORKSTATION6.theshire.local",
     "channel": "Microsoft-Windows-Sysmon/Operational",
     "event_id": 12,
     "process": "Explorer.EXE",
     "parent": "",
     "command_line": "",
     "user": ""
    },
    {
     "timestamp": "2020-09-02T01:43:36.776Z",
     "host": "WORKSTATION6.theshire.local",
     "channel": "Microsoft-Windows-Sysmon/Operational",
     "event_id": 13,
     "process": "Explorer.EXE",
     "parent": "",
     "command_line": "",
     "user": ""
    },
    {
     "timestamp": "2020-09-02T01:43:36.776Z",
     "host": "WORKSTATION6.theshire.local",
     "channel": "Microsoft-Windows-Sysmon/Operational",
     "event_id": 10,
     "process": "svchost.exe",
     "parent": "",
     "command_line": "",
     "user": ""
    },
    {
     "timestamp": "2020-09-02T01:43:36.776Z",
     "host": "WORKSTATION6.theshire.local",
     "channel": "Microsoft-Windows-Sysmon/Operational",
     "event_id": 10,
     "process": "svchost.exe",
     "parent": "",
     "command_line": "",
     "user": ""
    },
    {
     "timestamp": "2020-09-02T01:43:36.777Z",
     "host": "WORKSTATION6.theshire.local",
     "channel": "Microsoft-Windows-Sysmon/Operational",
     "event_id": 10,
     "process": "svchost.exe",
     "parent": "",
     "command_line": "",
     "user": ""
    },
    {
     "timestamp": "2020-09-02T01:43:39.814Z",
     "host": "MORDORDC.theshire.local",
     "channel": "Microsoft-Windows-Sysmon/Operational",
     "event_id": 7,
     "process": "svchost.exe",
     "parent": "",
     "command_line": "",
     "user": ""
    },
    {
     "timestamp": "2020-09-02T01:43:39.815Z",
     "host": "MORDORDC.theshire.local",
     "channel": "Microsoft-Windows-Sysmon/Operational",
     "event_id": 7,
     "process": "svchost.exe",
     "parent": "",
     "command_line": "",
     "user": ""
    },
    {
     "timestamp": "2020-09-02T01:43:40.811Z",
     "host": "MORDORDC.theshire.local",
     "channel": "Microsoft-Windows-Sysmon/Operational",
     "event_id": 13,
     "process": "lsass.exe",
     "parent": "",
     "command_line": "",
     "user": ""
    },
    {
     "timestamp": "2020-09-02T01:43:40.812Z",
     "host": "MORDORDC.theshire.local",
     "channel": "Microsoft-Windows-Sysmon/Operational",
     "event_id": 13,
     "process": "lsass.exe",
     "parent": "",
     "command_line": "",
     "user": ""
    },
    {
     "timestamp": "2020-09-02T01:43:40.813Z",
     "host": "MORDORDC.theshire.local",
     "channel": "Microsoft-Windows-Sysmon/Operational",
     "event_id": 13,
     "process": "lsass.exe",
     "parent": "",
     "command_line": "",
     "user": ""
    },
    {
     "timestamp": "2020-09-02T01:43:40.813Z",
     "host": "MORDORDC.theshire.local",
     "channel": "Microsoft-Windows-Sysmon/Operational",
     "event_id": 12,
     "process": "lsass.exe",
     "parent": "",
     "command_line": "",
     "user": ""
    },
    {
     "timestamp": "2020-09-02T01:43:40.814Z",
     "host": "MORDORDC.theshire.local",
     "channel": "Microsoft-Windows-Sysmon/Operational",
     "event_id": 13,
     "process": "lsass.exe",
     "parent": "",
     "command_line": "",
     "user": ""
    }
   ],
   "tokens": [
    "-embedding",
    "-secured",
    "-servername",
    ".default",
    ".net",
    ".netframework",
    "0x00000000-0x01400000",
    "0x00000000-0x02bcc5d3",
    "0x00000000-0x02bcc69e",
    "0x00000000-0x02c057b4",
    "0x00000000-0x02c22c84",
    "0x01d67fdf-0x3633d750",
    "0x01d67fdf-0x7dbcd450",
    "0x01d68048-0x7f9f1e25",
    "0x01d68048-0xc7281b25",
    "0x01d68065-0xfe166176",
    "0x01d68065-0xfe1b269b",
    "0x01d680c2-0x33ea3de7",
    "0x01d680c2-0x3507e3ea",
    "0x01d680c2-0x352452cc",
    "0x01d680ca-0x878e6e3f",
    "0x01d680ca-0x87906e35",
    "0x01d680ca-0x8db6ec6c",
    "0x01d680ca-0x8e32e782",
    "0x01d680ca-0x8e37ac48",
    "0x01d680ca-0x95aea5e7",
    "0x01d680ca-0x96651c55",
    "0x01d680ca-0x96cc4bea",
    "0x01d680ca-0x96e8bacc",
    "0x01d680ca-0x9877e8ad",
    "0x01d680ca-0xab52fde7",
    "0x01d680ca-0xab536c67",
    "0x01d680ca-0xcf14f9e2",
    "0x01d680ca-0xcf16e6b5",
    "0x01d680d2-0xf7730de7",
    "0x01d680d2-0xf890b3ea",
    "0x01d680d2-0xf8ad22cc",
    "0x01d680f9-0x8b640bd0",
    "0x01d680f9-0xd2ed08d0",
    "0x1000",
    "0x1400",
    "0x1410",
    "0x1478",
    "0x3000",
    "0x40",
    "10.10.10.5",
    "1008d",
    "106fe",
    "108a0",
    "10daa",
    "111b6",
    "1172e",
    "1184f",
    "1260d",
    "128a",
    "1364b",
    "1460a",
    "1493b",
    "172.18.38.5",
    "172.18.39.5",
    "172.18.39.6",
    "1763e",
    "177c",
    "178ba",
    "1844f",
    "192.175.48.42",
    "19e3b",
    "1a172",
    "1a207",
    "1a72",
    "1be93",
    "1bf95",
    "1c32b",
    "1c362",
    "1c9af",
    "1e507",
    "1e509",
    "1e689",
    "1e6a5",
    "1e7be",
    "1e899",
    "1ea7e",
    "1eb89",
    "1edcc",
    "1ee93",
    "1ef1e",
    "1ef46",
    "1f138",
    "1f2c6",
    "1f662",
    "1f872",
    "2.0",
    "2.5",
    "202.60ghz",
    "203f1",
    "2049d",
    "205a4",
    "208171m",
    "20cpu",
    "20machine",
    "20platinum",
    "20xeon",
    "2126e",
    "21ee8",
    "221c5",
    "222a3",
    "2231c",
    "223f5",
    "224.0.0.252",
    "26ce",
    "271ee",
    "28r",
    "29d20",
    "29f20",
    "2a3a8",
    "2a883",
    "2a9c9",
    "2aa39",
    "2b24b",
    "2d2c4",
    "2e55f",
    "2fb19",
    "2fba",
    "3081d",
    "30b5b",
    "314c9",
    "31f83",
    "32-bit",
    "37a4c",
    "44b1f",
    "47d23",
    "47d62",
    "4f558",
    "4f5ae",
    "4feeb",
    "52.167.249.196",
    "5af4",
    "5b393",
    "5bc86",
    "5f2ea",
    "5fd9",
    "6.39.18.172.in-addr.arpa.",
    "6a775",
    "6ce5f",
    "763a",
    "7bd2",
    "864b",
    "895c",
    "8b2b7",
    "8bd0",
    "9c534",
    "9d104",
    "9d8e4",
    "9fc24",
    "a5df",
    "ac61",
    "access",
    "activitydatamodel",
    "advanced",
    "advapi32.dll",
    "amp",
    "amsi.dll",
    "and",
    "anti-malware",
    "api",
    "api32",
    "apis",
    "appdata",
    "apphelp",
    "application",
    "applicationframehost.exe",
    "applicationmodel",
    "appmodel",
    "appresolver.dll",
    "aria",
    "asn.1",
    "assembly",
    "attrdataver",
    "audience",
    "audienceid",
    "audiodg.exe",
    "aui",
    "authorization",
    "authz.dll",
    "autodial",
    "awareness",
    "b36b",
    "b5270",
    "b72e",
    "b7e2b",
    "b83c",
    "background",
    "backgroundmodel",
    "base",
    "based",
    "basenamedobjects",
    "basesrv.dll",
    "basic",
    "bcp47",
    "bcp47lang.dll",
    "bcp47mrm.dll",
    "bcrypt.dll",
    "bcryptprimitives.dll",
    "bd7c",
    "bfd2",
    "binary",
    "biwinrt.dll",
    "broker",
    "build",
    "byfid",
    "c1c8",
    "c540",
    "call",
    "capauthz",
    "catalog",
    "cbdhsvc.dll",
    "cfgmgr32.dll",
    "ch:microsoft-windows-powershell/operational",
    "ch:microsoft-windows-sysmon/operational",
    "ch:microsoft-windows-wmi-activity/operational",
    "ch:security",
    "ch:windows powershell",
    "checking",
    "checks",
    "cimom",
    "cimv2",
    "cimwin32.dll",
    "class",
    "classes",
    "clbcatq.dll",
    "client",
    "clientstate",
    "clockdata",
    "clr.dll",
    "clrjit.dll",
    "com",
    "combase.dll",
    "commithistory",
    "common",
    "communications",
    "compatibility",
    "compiler",
    "component",
    "components",
    "config",
    "configsettings",
    "configuration",
    "conhost.exe",
    "connctiond",
    "connection",
    "connections",
    "connectivity",
    "consumer",
    "control",
    "controlset001",
    "core",
    "coremessaging",
    "coremessaging.dll",
    "coreuicomponents.dll",
    "counters",
    "creationtime",
    "crt",
    "crypt32.dll",
    "cryptbase.dll",
    "cryptdll.dll",
    "crypto",
    "cryptographic",
    "cryptography",
    "cryptsp.dll",
    "csrsrv.dll",
    "ctac",
    "ctfmon.exe",
    "currentcontrolset",
    "currentversion",
    "custom",
    "d46f2",
    "da036",
    "data",
    "dcntel",
    "dcntel.dll",
    "demand",
    "desktop",
    "dfsr",
    "dfsrs.exe",
    "dhcp",
    "dhcpcsvc.dll",
    "dhcpcsvc6.dll",
    "dhcpv6",
    "dia",
    "diagnosis",
    "diagnostics",
    "diagtrack",
    "diasymreader.dll",
    "directx",
    "dll",
    "dllhost.exe",
    "dns",
    "dnsapi",
    "downloadedsettings",
    "downloadscheduled",
    "dpapi.dll",
    "dsrole.dll",
    "dusmapi.dll",
    "dwm.exe",
    "dword",
    "dwrite",
    "dynamicinfo",
    "e-mail",
    "ec7a",
    "eid:1",
    "eid:10",
    "eid:11",
    "eid:12",
    "eid:13",
    "eid:18",
    "eid:19",
    "eid:20",
    "eid:21",
    "eid:22",
    "eid:23",
    "eid:3",
    "eid:4103",
    "eid:4104",
    "eid:4624",
    "eid:4627",
    "eid:4634",
    "eid:4648",
    "eid:4656",
    "eid:4658",
    "eid:4663",
    "eid:4670",
    "eid:4672",
    "eid:4673",
    "eid:4674",
    "eid:4688",
    "eid:4689",
    "eid:4690",
    "eid:4703",
    "eid:4769",
    "eid:5",
    "eid:5140",
    "eid:5145",
    "eid:5156",
    "eid:5158",
    "eid:5857",
    "eid:5861",
    "eid:7",
    "eid:800",
    "eid:9",
    "energy",
    "engine",
    "enhanced",
    "environment",
    "error",
    "ess",
    "esscli.dll",
    "etag",
    "etagqueryparameters",
    "event",
    "eventlog",
    "execution",
    "expid",
    "explorer.exe",
    "f2e6",
    "f537",
    "f6ba",
    "f7ad",
    "f97f",
    "fastprox.dll",
    "fe80",
    "ff02",
    "ff97",
    "fids",
    "file",
    "files",
    "flighting",
    "flightingbranchname",
    "fontdrvhost.exe",
    "for",
    "foundation",
    "framedyn.dll",
    "framedynos.dll",
    "framework",
    "fusion",
    "fwp",
    "fwpuclnt.dll",
    "gdi",
    "gdi32",
    "globalization",
    "gpapi.dll",
    "group",
    "groups",
    "ham",
    "helper",
    "hkcr",
    "hkey_current_user",
    "hklm",
    "hku",
    "host",
    "hostactivitymanager",
    "http",
    "hx.ipc.server",
    "hxcomm.dll",
    "hxcommalwaysonlog.etl",
    "hxcommalwaysonlog_old.etl",
    "hxoutlookbackground.dll",
    "hxtsr.exe",
    "identitycrl",
    "img:-",
    "img:audiodg.exe",
    "img:conhost.exe",
    "img:csrss.exe",
    "img:dfsrs.exe",
    "img:dfssvc.exe",
    "img:dns.exe",
    "img:dwm.exe",
    "img:explorer.exe",
    "img:hxtsr.exe",
    "img:lsass.exe",
    "img:microsoft.activedirectory.webservices.exe",
    "img:movewmi.exe",
    "img:powershell.exe",
    "img:runtimebroker.exe",
    "img:scrcons.exe",
    "img:sihost.exe",
    "img:smartscreen.exe",
    "img:svchost.exe",
    "img:system",
    "img:tiworker.exe",
    "img:trustedinstaller.exe",
    "img:windowsazureguestagent.exe",
    "img:wmiprvse.exe",
    "imm32",
    "information",
    "infrastructure",
    "inputapp_cw5n1h2txyewy",
    "inputhost",
    "inputhost.dll",
    "installation",
    "intel",
    "interface",
    "internet",
    "iofficeantivirus",
    "ipc",
    "iphlpapi.dll",
    "ipsec",
    "isariaenabled",
    "isretailos",
    "isuserinteractivityupsampled",
    "isutcenabled",
    "just-in-time",
    "kerberos",
    "kerberos.dll",
    "kernel.appcore.dll",
    "kernel32",
    "kernel32.dll",
    "kernelbase.dll",
    "language",
    "lastalive0.dat",
    "lastalive1.dat",
    "lastdownloadtime",
    "lastfilewrittenpath",
    "lastfilewrittentime",
    "lasttelsettingsringid",
    "lasttelsettingsringname",
    "layer",
    "ldap",
    "libraries",
    "library",
    "light-weight",
    "list",
    "local",
    "localstate",
    "location",
    "lockdown",
    "logon",
    "logoncli.dll",
    "logonui.exe",
    "lookup",
    "lsa",
    "lsasrv.dll",
    "lsass",
    "lsass.exe",
    "lsm.dll",
    "machine",
    "management",
    "manager",
    "marshaller",
    "marta",
    "metadata",
    "microsoft",
    "microsoft.oneconnect_8wekyb3d8bbwe",
    "microsoft.powershell.editor",
    "microsoft.powershell.editor.dll",
    "mixed",
    "module",
    "movewmi",
    "movewmi.exe",
    "movewmi.exe-fb59e0f0.pf",
    "mpclient.dll",
    "mpoav.dll",
    "mpr.dll",
    "mrm",
    "mrmcore.dll",
    "msasn1.dll",
    "mscoree.dll",
    "mscoreei.dll",
    "mscorlib.dll",
    "msv1_0.dll",
    "msvcp140_app.dll",
    "msvcp140_clr0400.dll",
    "msvcp_win.dll",
    "msvcrt.dll",
    "mswsock.dll",
    "multi-user",
    "multiple",
    "name",
    "naming",
    "napinsp.dll",
    "nativeimages_v4.0.30319_64",
    "ncobjapi.dll",
    "net",
    "netprofm.dll",
    "network",
    "networking",
    "networkstats",
    "nlaapi.dll",
    "notifications",
    "npfproxy.dll",
    "nsi",
    "nsi.dll",
    "ntdll.dll",
    "ntmarta.dll",
    "objects",
    "oemmodel",
    "office",
    "ole",
    "ole32.dll",
    "oleaut32.dll",
    "ondemandconnroutehelper.dll",
    "onecore",
    "onecorecommonproxystub.dll",
    "onecoreuap",
    "onecoreuapcommonproxystub.dll",
    "operating",
    "outlook",
    "overridedownloadpolicies",
    "package",
    "packages",
    "panel",
    "par:powershell.exe",
    "par:powershell.exe\"",
    "par:svchost.exe",
    "parameters",
    "pct",
    "perfctrs.dll",
    "performance",
    "perfos.dll",
    "persistent",
    "pgustavo",
    "platform",
    "pnrp",
    "pnrpnsp.dll",
    "policy",
    "power",
    "powershell.exe",
    "powrprof.dll",
    "ppleae38af2e007f4358a809ac99a64a67c1",
    "prefetch",
    "preinstalltasks",
    "presentationcore.dll",
    "presentationframework.dll",
    "presentationnative_v0400.dll",
    "primitives",
    "procedure",
    "process",
    "processormodel",
    "profapi.dll",
    "profile",
    "program",
    "programdata",
    "prompt",
    "property",
    "propsys.dll",
    "protection",
    "provider",
    "proxy",
    "psapi",
    "psmserviceexthost.dll",
    "ptt",
    "qword",
    "rasadhlp.dll",
    "rasapi32.dll",
    "rasman.dll",
    "rdpclip.exe",
    "readerrevisioninfo",
    "reason",
    "refreshinterval",
    "registry",
    "remote",
    "replica",
    "replication",
    "reporting",
    "requirereschedule",
    "resource",
    "retail",
    "retryremaining",
    "rmclient.dll",
    "rnr",
    "rometadata.dll",
    "root",
    "route",
    "router",
    "routing",
    "rpc",
    "rpcrt4.dll",
    "rpcss.dll",
    "rsaenh.dll",
    "rtutils.dll",
    "runtime",
    "runtimebroker.exe",
    "runtimebroker.exe-5efad463.pf",
    "sam",
    "scan",
    "schedule",
    "scm",
    "scrcons",
    "scrcons.exe",
    "scrcons.exe-969ea702.pf",
    "script",
    "scripting",
    "scrrun.dll",
    "sddl",
    "sdk",
    "search",
    "searchindexer.exe",
    "sechost.dll",
    "secur32.dll",
    "securetimeconfidence",
    "securetimeestimated",
    "securetimehigh",
    "securetimelimits",
    "securetimelow",
    "securetimetickcount",
    "security",
    "securityhealthhost.exe",
    "securityhealthsystray.exe",
    "securitymanager",
    "server",
    "service",
    "services",
    "servicestate",
    "servicing",
    "session",
    "sessions",
    "set",
    "settings",
    "settingsparsetype",
    "settingspayloadtype",
    "settingspriority",
    "settingsregistrationtype",
    "settingsrequests",
    "settingstype",
    "setup",
    "shcore",
    "shcore.dll",
    "shell",
    "shell32.dll",
    "shim",
    "shlwapi.dll",
    "sihost.exe",
    "sku",
    "sm0",
    "smartscreen.exe",
    "socket",
    "sockets",
    "software",
    "source",
    "space",
    "spoolsv.exe",
    "sspicli.dll",
    "sspisrv.dll",
    "standard",
    "starttime",
    "staterepository",
    "status",
    "storage",
    "store",
    "stub",
    "studio",
    "support",
    "svchost.exe",
    "sxs.dll",
    "symreader",
    "sysmain.dll",
    "sysmon.exe",
    "system",
    "system.configuration.dll",
    "system.core.dll",
    "system.data.dll",
    "system.dll",
    "system.management.dll",
    "system.ni.dll",
    "system.web.dll",
    "system.xaml.dll",
    "system.xml.dll",
    "system32",
    "systemappdata",
    "systemapps",
    "sysvol",
    "taskcache",
    "taskentrypoint",
    "taskhostw.exe",
    "tasks",
    "tcpip",
    "telemetry",
    "telemetry.asm-windowssq",
    "telemetry.asm-windowssq.json",
    "telemetry.asm-windowssq.json.new",
    "terminator",
    "termreason",
    "textinputframework.dynlink",
    "threadpool",
    "threadpoolwinrt.dll",
    "tirunning",
    "tiworker.exe",
    "tracing",
    "transcodedimagecount",
    "trust",
    "trustedinstaller.exe",
    "twinapi.appcore",
    "twinapi.appcore.dll",
    "types",
    "typography",
    "ucrtbase.dll",
    "ucrtbase_clr0400.dll",
    "unknown",
    "unsecapp.exe",
    "unsuccessfulbootstsr",
    "usage",
    "user",
    "user-mode",
    "user32",
    "userenv",
    "userenv.dll",
    "users",
    "utc.tracing",
    "utc.tracing.json",
    "utc.tracing.json.new",
    "utcutil.dll",
    "utilities",
    "utility",
    "utils",
    "uxtheme",
    "uxtheme.dll",
    "v1.0",
    "vbscript",
    "vbscript.dll",
    "vccorlib140_app.dll",
    "vcruntime140_app.dll",
    "vcruntime140_clr0400.dll",
    "verification",
    "version",
    "version.dll",
    "vfuprovider",
    "virtual",
    "visual",
    "volatile",
    "volatilenotifications",
    "volume",
    "volumes",
    "w32time",
    "waseveractivated",
    "watchroot",
    "wbem",
    "wbemcomn.dll",
    "wbemdisp.dll",
    "wbemprox.dll",
    "wbemsvc.dll",
    "wilstaging_02",
    "wilstaging_02_p0",
    "wilstaging_02_p0h",
    "win32",
    "win32u",
    "win32u.dll",
    "windows",
    "windows.applicationmodel.dll",
    "windows.energy.dll",
    "windows.globalization.dll",
    "windows.networking.connectivity.dll",
    "windows.networking.hostname",
    "windows.networking.hostname.dll",
    "windows.staterepository.dll",
    "windows.staterepositorycore.dll",
    "windows.storage.applicationdata.dll",
    "windows.storage.dll",
    "windows.ui.dll",
    "windowsapps",
    "windowsbase.dll",
    "windowspowershell",
    "windowsselfhost",
    "winhttp.dll",
    "winlogon",
    "winlogon.exe",
    "winnsi.dll",
    "winrnr",
    "winrt",
    "winrttracing.dll",
    "winsock2",
    "winsxs",
    "wintrust.dll",
    "wintypes.dll",
    "wkssvc",
    "wldp.dll",
    "wmi",
    "wmidcom.dll",
    "wminet_utils.dll",
    "wmiprvsd.dll",
    "wmiprvse.exe",
    "wmiprvse.exe-1628051c.pf",
    "wmiutils.dll",
    "workstation",
    "workstation5",
    "workstation6",
    "wosc",
    "wpad",
    "wpfgfx_v0400.dll",
    "ws2_32.dll",
    "wshbth.dll",
    "wshom.ocx"
   ]
  },
  {
   "dataset_id": "SDWIN-200805020926",
   "title": "Covenant DCSync",
   "techniques": [
    "T1003"
   ],
   "tactics": [
    "TA0006"
   ],
   "event_count": 869,
   "sample_events": [
    {
     "timestamp": "2020-08-05T06:09:29.626Z",
     "host": "WORKSTATION5.theshire.local",
     "channel": "Microsoft-Windows-Sysmon/Operational",
     "event_id": 11,
     "process": "svchost.exe",
     "parent": "",
     "command_line": "",
     "user": ""
    },
    {
     "timestamp": "2020-08-05T06:09:29.626Z",
     "host": "WORKSTATION5.theshire.local",
     "channel": "Microsoft-Windows-Sysmon/Operational",
     "event_id": 9,
     "process": "svchost.exe",
     "parent": "",
     "command_line": "",
     "user": ""
    },
    {
     "timestamp": "2020-08-05T06:09:29.628Z",
     "host": "WORKSTATION5.theshire.local",
     "channel": "Microsoft-Windows-Sysmon/Operational",
     "event_id": 12,
     "process": "svchost.exe",
     "parent": "",
     "command_line": "",
     "user": ""
    },
    {
     "timestamp": "2020-08-05T06:09:31.636Z",
     "host": "MORDORDC.theshire.local",
     "channel": "Microsoft-Windows-Sysmon/Operational",
     "event_id": 7,
     "process": "svchost.exe",
     "parent": "",
     "command_line": "",
     "user": ""
    },
    {
     "timestamp": "2020-08-05T06:09:31.636Z",
     "host": "MORDORDC.theshire.local",
     "channel": "Microsoft-Windows-Sysmon/Operational",
     "event_id": 7,
     "process": "svchost.exe",
     "parent": "",
     "command_line": "",
     "user": ""
    },
    {
     "timestamp": "2020-08-05T06:09:31.637Z",
     "host": "MORDORDC.theshire.local",
     "channel": "Microsoft-Windows-Sysmon/Operational",
     "event_id": 11,
     "process": "svchost.exe",
     "parent": "",
     "command_line": "",
     "user": ""
    },
    {
     "timestamp": "2020-08-05T06:09:45.679Z",
     "host": "WORKSTATION5.theshire.local",
     "channel": "Microsoft-Windows-Sysmon/Operational",
     "event_id": 9,
     "process": "svchost.exe",
     "parent": "",
     "command_line": "",
     "user": ""
    },
    {
     "timestamp": "2020-08-05T06:09:45.679Z",
     "host": "WORKSTATION5.theshire.local",
     "channel": "Microsoft-Windows-Sysmon/Operational",
     "event_id": 12,
     "process": "svchost.exe",
     "parent": "",
     "command_line": "",
     "user": ""
    },
    {
     "timestamp": "2020-08-05T06:09:45.679Z",
     "host": "WORKSTATION5.theshire.local",
     "channel": "Microsoft-Windows-Sysmon/Operational",
     "event_id": 12,
     "process": "svchost.exe",
     "parent": "",
     "command_line": "",
     "user": ""
    },
    {
     "timestamp": "2020-08-05T06:09:50.719Z",
     "host": "MORDORDC.theshire.local",
     "channel": "Microsoft-Windows-Sysmon/Operational",
     "event_id": 7,
     "process": "svchost.exe",
     "parent": "",
     "command_line": "",
     "user": ""
    },
    {
     "timestamp": "2020-08-05T06:09:50.719Z",
     "host": "MORDORDC.theshire.local",
     "channel": "Microsoft-Windows-Sysmon/Operational",
     "event_id": 7,
     "process": "svchost.exe",
     "parent": "",
     "command_line": "",
     "user": ""
    },
