    {
     "timestamp": "2020-09-22T03:28:44.410Z",
     "host": "WORKSTATION5.theshire.local",
     "channel": "Microsoft-Windows-Sysmon/Operational",
     "event_id": 10,
     "process": "svchost.exe",
     "parent": "",
     "command_line": "",
     "user": ""
    }
   ],
   "tokens": [
    "-0000",
    "-0001",
    "-0002",
    "-0003",
    "-0004",
    "-200",
    "-201",
    "-embedding",
    "-eq",
    "-erroraction",
    "-in",
    "-message",
    "-name",
    "-off",
    "-option",
    "-value",
    "-version",
    ".addressfamily.tostring",
    ".default",
    ".net",
    ".netframework",
    ".ps1",
    ".ps1xml",
    ".value",
    "0.1",
    "0.10",
    "0.11",
    "0.12",
    "0.13",
    "0.14",
    "0.15",
    "0.16",
    "0.17",
    "0.18",
    "0.19",
    "0.2",
    "0.20",
    "0.3",
    "0.4",
    "0.5",
    "0.6",
    "0.7",
    "0.8",
    "0.9",
    "0x00000000-0x00000000",
    "0x00000000-0x0000002d",
    "0x00000000-0x012f7abc",
    "0x00000000-0x11b0429e",
    "0x00000000-0x5f696fc4",
    "0x00000174-0xb3dc9952",
    "0x00000174-0xb3dc9957",
    "0x00000174-0xb3dc995c",
    "0x00000174-0xb3dc9960",
    "0x00000174-0xb3dc9964",
    "0x00000174-0xb3dc9967",
    "0x00000174-0xb3dc996b",
    "0x00000174-0xb3dc996e",
    "0x00000174-0xb3dc9972",
    "0x00000174-0xb3dc9975",
    "0x00000174-0xb3dc9979",
    "0x00000174-0xb3dc997c",
    "0x00000174-0xb3dc9a46",
    "0x01d68d04-0xeef472c0",
    "0x01d68d06-0xaa8f100c",
    "0x01d69088-0x28283f39",
    "0x01d69088-0x72b28ee5",
    "0x01d69090-0x82e9a3fe",
    "0x01d69090-0x82ea937e",
    "0x01d69090-0x89eca739",
    "0x01d69090-0xa6ac24bd",
    "0x01d69090-0xa6acccde",
    "0x01d69090-0xb64d8025",
    "0x01d69090-0xb65f3465",
    "0x01d69090-0xca6f7e4f",
    "0x01d69090-0xca71b712",
    "0x01d69090-0xd476f6e5",
    "0x01d69090-0xee32a0f3",
    "0x01d69090-0xee32c3a5",
    "0x01d69091-0x11f5e3bd",
    "0x01d69091-0x11f665c7",
    "0x01d69098-0xebb10f39",
    "0x01d69099-0x363b5ee5",
    "0x1000",
    "0x1400",
    "0x1438",
    "0x1478",
    "0x2000",
    "0x3000",
    "0x40",
    "1.0",
    "1.0.0",
    "1.0.1810.13001",
    "1.0.1810.9001",
    "1.0.1906.25001",
    "1.0.1908.16006",
    "1.0.1908.6002",
    "1.0.1911.25002",
    "1.0.2005.22008",
    "1.0.2008.24003",
    "1.0.2008.6002",
    "1.0.2008.6006",
    "1.0.2009.19001",
    "1.1",
    "1.1.0",
    "1.10",
    "1.11",
    "1.12",
    "1.13",
    "1.14",
    "1.2",
    "1.2.0",
    "1.3",
    "1.4",
    "1.5",
    "1.6",
    "1.7",
    "1.8",
    "1.9",
    "1008d",
    "106fe",
    "107a4",
    "108a0",
    "10daa",
    "111b6",
    "1172e",
    "1184f",
    "1260d",
    "128a",
    "13.107.4.50",
    "1364b",
    "1451a",
    "1460a",
    "1497b",
    "16.0",
    "163d0",
    "163fe",
    "164de",
    "172.18.38.5",
    "172.18.39.6",
    "176b9",
    "177c",
    "1780b",
    "179a6",
    "17aa0",
    "17bd4",
    "1852f",
    "19e3b",
    "1a172",
    "1a207",
    "1a72",
    "1a9a",
    "1be93",
    "1bf95",
    "1c32b",
    "1c362",
    "1c480",
    "1c74",
    "1c871",
    "1c9af",
    "1d60",
    "1e507",
    "1e509",
    "1e689",
    "1e6a5",
    "1e7be",
    "1e830",
    "1e899",
    "2.0",
    "2.0.2009.18005",
    "2.1.1",
    "2.16.0.0",
    "2.5",
    "201f5",
    "2020-02-11t17",
    "204d1",
    "222a3",
    "2231c",
    "223f5",
    "2321e",
    "29e00",
    "2a488",
    "2a883",
    "2ab19",
    "2d2f4",
    "2d3be",
    "2dd6c",
    "2e63f",
    "2ea7f",
    "2f655",
    "2f817",
    "2fba",
    "2fbf9",
    "3.0",
    "305fe",
    "3081d",
    "30b5b",
    "314c9",
    "32-bit",
    "345b4",
    "34z",
    "37b1c",
    "44b1f",
    "47d23",
    "47d62",
    "4bea4",
    "52.109.4.5",
    "52.113.194.132",
    "52.114.158.91",
    "55ec3",
    "567b6",
    "577e9",
    "59e1a",
    "5af4",
    "5fd9",
    "6.40.10614",
    "6aec5",
    "6ce5f",
    "6d4c",
    "72a89",
    "76a53",
    "895c",
    "972c",
    "9c534",
    "9d104",
    "9d8e4",
    "9dcf",
    "9f29",
    "__cmdletization_bindcommonparameters",
    "__cmdletization_defaultvalue",
    "__cmdletization_defaultvalueispresent",
    "__cmdletization_methodparameter",
    "__cmdletization_methodparameters.add",
    "__cmdletization_objectmodelwrapper",
    "__cmdletization_returnvalue",
    "__cmdletization_value",
    "__psscriptpolicytest_13o23yct.021.psm1",
    "__psscriptpolicytest_f3h3q1iz.u01.ps1",
    "accepting",
    "access",
    "action",
    "actions",
    "activationstatus",
    "ad9a",
    "adapters",
    "add",
    "addincommands",
    "address",
    "advanced",
    "advapi32.dll",
    "again",
    "alias",
    "allscope",
    "also",
    "amd64",
    "among",
    "amsi.dll",
    "and",
    "anonymous",
    "anti-malware",
    "api",
    "api32",
    "apis",
    "app-v",
    "appdata",
    "apphelp",
    "application",
    "appmodel",
    "appvisvsubsystemcontroller.dll",
    "appvisvsubsystems32",
    "appvisvsubsystems32.dll",
    "appvisvvirtualization.dll",
    "appx",
    "appxsip.dll",
    "arameter",
    "asjob",
    "asn.1",
    "assembly",
    "author",
    "authorization",
    "authroot",
    "authz.dll",
    "autodetect",
    "autodial",
    "autoupdate",
    "b5f6",
    "b637",
    "b72e",
    "b84ab",
    "background",
    "base",
    "basesrv.dll",
    "basic",
    "bcrypt.dll",
    "bcryptprimitives.dll",
    "be39",
    "bfd2",
    "binary",
    "bindingevents",
    "bindings",
    "bindpaths",
    "bindrules",
    "bool",
    "broker",
    "buffersdroppedetw",
    "c2r32.dll",
    "cache.lock",
    "cachedsizes",
    "cachetimestamp",
    "call",
    "camsvc",
    "capabilities",
    "capability",
    "capabilityaccessmanager",
    "capabilityaccessmanager.dll",
    "capabilityaccessmanagerclient.dll",
    "capauthz",
    "capauthz.dll",
    "captureenabled",
    "catalog",
    "catch",
    "categories",
    "certificates",
    "cfgmgr32.dll",
    "ch:directory service",
    "ch:microsoft-windows-powershell/operational",
    "ch:microsoft-windows-sysmon/operational",
    "ch:microsoft-windows-taskscheduler/operational",
    "ch:microsoft-windows-wmi-activity/operational",
    "ch:security",
    "ch:system",
    "ch:windows powershell",
    "checking",
    "chunkcount",
    "cimsession",
    "class",
    "classname",
    "classversion",
    "clbcatq.dll",
    "clicktorun",
    "client",
    "clients",
    "clienttelemetry",
    "clockdata",
    "clr.dll",
    "clrjit.dll",
    "cmdlet.",
    "cmdletoutput",
    "code",
    "com",
    "combase.dll",
    "comctl32.dll",
    "coml2.dll",
    "commands",
    "common",
    "company",
    "companyname",
    "compatibility",
    "compiler",
    "component",
    "compressedbytesuploaded",
    "compressedfile",
    "computer",
    "concrt140.dll",
    "concurrency",
    "configcontextdata",
    "configids",
    "configuration",
    "confirmenablemessage",
    "conflict.",
    "conhost.exe",
    "connctiond",
    "connections",
    "connectivitynonetworktime",
    "connectivityrestrictednetworktime",
    "console",
    "consumption",
    "context",
    "control",
    "controllerconnectedservicesstate",
    "controls",
    "controlset001",
    "convertfrom-stringdata",
    "coremessaging",
    "coremessaging.dll",
    "corporation",
    "correct",
    "cpu",
    "crashpersistence",
    "credential",
    "criticaldataeventdroppeddb",
    "criticaldataeventdroppedthrottled",
    "criticaleventdroppeddb",
    "criticaloverflowenterscounter",
    "crls",
    "crt",
    "crypt32.dll",
    "cryptbase.dll",
    "cryptdll.dll",
    "crypto",
    "cryptographic",
    "cryptography",
    "cryptsp.dll",
    "csrsrv.dll",
    "ctfmon.exe",
    "ctls",
    "culture",
    "current",
    "currentcontrolset",
    "currentversion",
    "customxmlparts",
    "da036",
    "daproxyservername",
    "data",
    "default",
    "demand",
    "description",
    "desktop",
    "dhcp",
    "dhcpcsvc.dll",
    "dhcpcsvc6.dll",
    "dhcpv6",
    "diagnosticdataconsentconsenttime",
    "diagnosticdataconsentlevel",
    "diagnosticdataconsentlevelsourcelocation",
    "diagnostics",
    "diagtrack",
    "disabled",
    "disallowed",
    "disallowedcertlastsynctime",
    "displayname",
    "dll",
    "dmsclient",
    "dns",
    "dnsapi",
    "dnsclientnrptrule",
    "dnssecenable",
    "dnssecipsecencryptiontype",
    "dnssecipsecrequired",
    "dnssecqueryipsecrequired",
    "dnssecvalidationrequired",
    "documentevents",
    "does",
    "domain",
    "downloadcontentstate",
    "downloadcontentstateconsenttime",
    "downloadcontentstatesourcelocation",
    "dpapi.dll",
    "dparameter",
    "dsc",
    "dwm.exe",
    "dword",
    "dynamicinfo",
    "e40b",
    "ec7a",
    "ecs",
    "ecs.office.com",
    "eid:1",
    "eid:10",
    "eid:11",
    "eid:12",
    "eid:129",
    "eid:13",
    "eid:17",
    "eid:18",
    "eid:22",
    "eid:23",
    "eid:3",
    "eid:400",
    "eid:4103",
    "eid:4104",
    "eid:4611",
    "eid:4624",
    "eid:4627",
    "eid:4634",
    "eid:4656",
    "eid:4658",
    "eid:4662",
    "eid:4663",
    "eid:4670",
    "eid:4672",
    "eid:4673",
    "eid:4688",
    "eid:4689",
    "eid:4690",
    "eid:4702",
    "eid:4703",
    "eid:4769",
    "eid:4957",
    "eid:5",
    "eid:5058",
    "eid:5061",
    "eid:5140",
    "eid:5145",
    "eid:5156",
    "eid:5158",
    "eid:53504",
    "eid:5447",
    "eid:5857",
    "eid:600",
    "eid:7",
    "eid:700",
    "eid:701",
    "eid:7040",
    "eid:800",
    "eid:9",
    "else",
    "empty",
    "emulation",
    "en-us",
    "enable",
    "enablededitinglanguages",
    "end",
    "endpointerrors",
    "endutcticks",
    "engine",
    "enhanced",
    "ensure",
    "enteringcriticaloverflowdroppedcounter",
    "enterprisecertificates",
    "environment",
    "error",
    "errorcode",
    "erroronusernamemessage",
    "etag",
    "eter",
    "etwmonitor",
    "event",
    "eventdroppedconsumer",
    "eventdroppeddb",
    "eventdroppeddecoding",
    "eventdroppedetw",
    "eventdroppedfailuredb",
    "eventdroppedfulldb",
    "eventdroppedthrottled",
    "eventdroppeduploader",
    "eventing",
    "eventlog",
    "eventsdroppedfulltriggerbuffer",
    "eventspersistedcounter",
    "eventstorelifetimereset",
    "eventstorereset",
    "eventstoreresetsizesum",
    "eventsuploaded",
    "excel",
    "execmodelclient",
    "execmodelclient.dll",
    "execmodelproxy",
    "execmodelproxy.dll",
    "executing",
    "execution",
    "exist",
    "existingdomainmembererror",
    "existingmembers",
    "experience",
    "experimentation",
    "experimentconfigs",
    "expires",
    "explorer",
    "explorer.exe",
    "extension",
    "extensions",
    "f2e6",
    "f537",
    "f6ba",
    "f7ad",
    "f97f",
    "failure",
    "false",
    "feature",
    "featurenotfounderror",
    "ff97",
    "file",
    "files",
    "filterlist",
    "filters",
    "firstsession",
    "fontdrvhost.exe",
    "for",
    "foreach",
    "format.",
    "found",
    "framework",
    "from",
    "function",
    "fusion",
    "fwp",
    "fwpuclnt.dll",
    "gcai",
    "gcim",
    "gcls",
    "gcms",
    "gdi",
    "gdi32",
    "get",
    "get-cimassociatedinstance",
    "get-cimclass",
    "get-ciminstance",
    "get-cimsession",
    "get-targetresource",
    "given",
    "gives",
    "globaleventcounter",
    "gmt",
    "gpapi.dll",
    "gponame",
    "group",
    "groups",
    "guid",
    "hash",
    "heartbeats",
    "heartbeatsequencenumber",
    "helper",
    "hkcr",
    "hklm",
    "hku",
    "host",
    "hostactivitymanager",
    "hostconnectionerrors",
    "http",
    "i_afadd6d4-2be5-4ac5-8d57-50bfe5187e66",
    "icim",
    "identify",
    "identitycrl",
    "iertutil.dll",
    "ike",
    "ikeext",
    "ikeext.dll",
    "img:-",
    "img:conhost.exe",
    "img:csrss.exe",
    "img:explorer.exe",
    "img:lsass.exe",
    "img:microsoft.photos.exe",
    "img:networkwatcheragent.exe",
    "img:officeclicktorun.exe",
    "img:powershell.exe",
    "img:runtimebroker.exe",
    "img:sc.exe",
    "img:sdxhelper.exe",
    "img:services.exe",
    "img:sihost.exe",
    "img:sppsvc.exe",
    "img:svchost.exe",
    "img:system",
    "img:taskhostw.exe",
    "img:uhssvc.exe",
    "img:windowsazureguestagent.exe",
    "img:wmiprvse.exe",
    "imm32",
    "index",
    "information",
    "inputapp_cw5n1h2txyewy",
    "inputcount",
    "install",
    "installation",
    "installed",
    "installed.",
    "installer",
    "instancecounts",
    "int64_t",
    "interface",
    "interfaces",
    "internet",
    "internetwork.tostring",
    "intranetname",
    "invaliddomainerror",
    "invalidhttpcodes",
    "invalidresultfromgetscripterror",
    "invoke-cimmethod",
    "iofficeantivirus",
    "ipc",
    "iphlpapi.dll",
    "ipsec",
    "isvaluepresent",
    "j3vjbwxqauovvfzwmgcek2z4e",
    "just-in-time",
    "kerberos",
    "kerberos.dll",
    "kernel",
    "kernel.appcore.dll",
    "kernel32",
    "kernel32.dll",
    "kernelbase.dll",
    "key",
    "ktybxb6y3yi",
    "ktybxfvz6tq",
    "language",
    "languageresources",
    "lastalive0.dat",
    "lastalive1.dat",
    "lastconnectivityheartbeattime",
    "lastconnectivitystate",
    "lasteventsizeoffender",
    "lastfreenetworklosstime",
    "lastheartbeattime",
    "lasthostconnectionerror",
    "lastinvalidhttpcode",
    "lastsuccessfulnormaluploadtime",
    "lastsuccessfuluploadtime",
    "lasttimemaintenanceran",
    "lastupdatetime",
    "layer",
    "libraries",
    "library",
    "licensing",
    "light-weight",
    "linkage",
    "list",
    "local",
    "localized",
    "localizeddata",
    "localizedstring",
    "localizedstring.membernotindesiredstate",
    "localizedstring.membershipindesiredstate",
    "localstate",
    "lockdown",
    "logfiles",
    "logging",
    "lookup",
    "lsa",
    "lsasrv.dll",
    "lsass",
    "lsass.exe",
    "lsm.dll",
    "lude",
    "machine",
    "maintenanceruns",
    "management",
    "manager",
    "mandatory",
    "marta",
    "maxactiveagentconnections",
    "maxinusescenarios",
    "mdletization_defaultvalue",
    "member",
    "membersandincludeexcludeerror",
    "memberstoexclude",
    "messages",
    "microsoft",
    "microsoft.management.infrastructure.dll",
    "microsoft.powershell.consolehost",
    "microsoft.powershell.consolehost.dll",
    "microsoft.powershell.core",
    "microsoft.powershell.security.dll",
    "microsoft.windows.photos_8wekyb3d8bbwe",
    "microsoft.wsman.management.dll",
    "mintdh.dll",
    "module",
    "module.",
    "moduleversion",
    "mordordc",
    "mpclient.dll",
    "mpoav.dll",
    "mrodevicemgr.officeapps.live.com",
    "msasn1.dll",
    "mscoree.dll",
    "mscoreei.dll",
    "mscorlib.dll",
    "msctf",
    "msctf.dll",
    "msft_dnsclient",
    "msft_dnsclientcache",
    "msft_dnsclientglobalsetting",
    "msft_dnsclientserveraddress",
    "msft_roleresource.psd1",
    "msft_roleresourcestrings.psd1",
    "msft_scriptresourcestrings.psd1",
    "msi",
    "msi.dll",
    "msisip.dll",
    "mskeyprotect.dll",
    "mso20win32client.dll",
    "mso30win32client.dll",
    "mssprxy.dll",
    "msv1_0.dll",
    "msvcp110_win.dll",
    "msvcp140.dll",
    "msvcp_win.dll",
    "msvcrt.dll",
    "mswsock.dll",
    "multi-user",
    "mymodule",
    "mypsboundparameters",
    "mypsboundparameters.containskey",
    "name",
    "native",
    "nativeimages_v4.0.30319_64",
    "ncim",
    "ncms",
    "ncrypt",
    "ncrypt.dll",
    "ncryptsslp.dll",
    "ncso",
    "ndiscap",
    "netprofm.dll",
    "netprofmsvc.dll",
    "netsvcs",
    "nettrace",
    "network",
    "networksetup2",
    "new-ciminstance",
    "new-cimsession",
    "new-cimsessionoption",
    "ngc",
    "normaliz.dll",
    "normalization",
    "not",
    "notifications",
    "npfproxy.dll",
    "nsi",
    "nsi.dll",
    "nt64",
    "ntasn1.dll",
    "ntdll.dll",
    "nthis",
    "ntmarta.dll",
    "null",
    "number",
    "numberofunresolvedbgruns",
    "object",
    "objectmodelwrapper",
    "office",
    "office16",
    "officeclicktorun.exe",
    "ole",
    "ole32",
    "ole32.dll",
    "oleaut32.dll",
    "ondemandconnroutehelper.dll",
    "onecore",
    "onecorecommonproxystub.dll",
    "onecoreuap",
    "onecoreuapcommonproxystub.dll",
    "opc",
    "opcservices.dll",
    "operating",
    "oprocsessid.dat",
    "osftaskengine.dll",
    "out",
    "p-e-29662-2-3",
    "p-e-38231-2-4",
    "p-e-50448-2-3",
    "p-e-62030-2-3",
    "p-r-34019-4-3",
    "p-r-38306-c17-3",
    "p-r-40049-2-19",
    "p-r-49872-2-10",
    "p-r-52213-2-7",
    "p-r-52214-2-6",
    "p-r-52215-2-7",
    "p-r-53138-2-4",
    "p-r-53257-2-4",
    "p-r-53486-2-5",
    "p-r-53487-2-5",
    "p-r-53697-2-5",
    "p-r-53785-18-5",
    "p-r-54658-18-19",
    "p-r-54698-16-16",
    "p-r-54728-16-23",
    "p-r-55468-18-28",
    "p-r-61147-18-2",
    "p-r-63802-2-4",
    "p-r-63947-18-2",
    "package",
    "panel",
    "par:powershell.exe",
    "par:powershell.exe\"",
    "par:services.exe",
    "par:svchost.exe",
    "param",
    "parameter",
    "parameters",
    "parametersetname",
    "parametertype",
    "pgustavo",
    "pinruleslastsynctime",
    "pipe",
    "plain",
    "please",
    "policies",
    "policy",
    "policymanager.dll",
    "position",
    "power",
    "powershell",
    "powrprof.dll",
    "prefetch",
    "pregenkeys",
    "primitives",
    "privacy",
    "privacyblockedcounter",
    "procedure",
    "process",
    "profapi.dll",
    "profile",
    "program",
    "properties",
    "protection",
    "protocollist",
    "protocols",
    "provider",
    "providers",
    "proxy",
    "proxybypass",
    "ps_dnsclientnrptglobal",
    "ps_dnsclientnrptpolicy",
    "ps_dnsclientnrptrule",
    "psapi",
    "psboundparameters.containskey",
    "psched",
    "psloc",
    "psmserviceexthost.dll",
    "publishing",
    "pwrshsip.dll",
    "query",
    "qword",
    "rasadhlp.dll",
    "rcie",
    "rcim",
    "rcms",
    "readonly",
    "recommended",
    "ref",
    "refcount",
    "register-cimindicationevent",
    "registry",
    "remediation",
    "remote",
    "remove-ciminstance",
    "remove-cimsession",
    "remove2",
    "repeateduploadfailuredropped",
    "requested",
    "requires",
    "resource",
    "restart",
    "results",
    "return",
    "returnvalue",
    "rmclient.dll",
    "role",
    "rolenotfounderror",
    "root",
    "route",
    "router",
    "rpc",
    "rpcrt4.dll",
    "rpcss.dll",
    "rsaenh.dll",
    "rstrtmgr.dll",
    "rtbackup",
    "rulesmetadata",
    "run",
    "runtime",
    "runtimebroker.exe",
    "sampling",
    "sc.exe",
    "sc.exe-945d79ae.pf",
    "scan",
    "schannel",
    "schannel.dll",
    "schedule",
    "scheduler",
    "schema",
    "scim",
    "scm",
    "script",
    "sddl",
    "sdx",
    "sdxclientcontextdatacache",
    "sdxhelpe",
    "sdxhelper",
    "sdxhelper.exe",
    "sdxhelper.exe-c93c59e9.pf",
    "sdxinstallerlastruntime",
    "sdxinstallerlastupdatetime",
    "sdxpackage",
    "search",
    "sechost.dll",
    "secur32.dll",
    "securetimeconfidence",
    "securetimeestimated",
    "securetimehigh",
    "securetimelimits",
    "securetimelow",
    "securetimetickcount",
    "security",
    "security.dll",
    "securitydescriptor",
    "securitymanager",
    "server",
    "service",
    "serviceconnectionstate",
    "serviceconnectionstateconsenttime",
    "serviceconnectionstatesourcelocation",
    "services",
    "services.exe",
    "servicesactive",
    "servicestate",
    "session",
    "sessionsummarydata",
    "set",
    "set-alias",
    "set-ciminstance",
    "set-strictmode",
    "set3",
    "setscript",
    "setscriptwhatifmessage",
    "settargetresourceinstallwhatifmessage",
    "settargetresourceuninstallwhatifmessage",
    "settings",
    "settingshttpattempts",
    "settingshttpfailures",
    "shared",
    "shcore",
    "shcore.dll",
    "shell",
    "shell32.dll",
    "shlwapi.dll",
    "should",
    "signature",
    "signing",
    "sihost.exe",
    "silentlycontinue",
    "sip",
    "skipndisadapterskeygeneration",
    "slc.dll",
    "slotcount",
    "smartcardroot",
    "socket",
    "sockets",
    "software",
    "softwareprotectionplatform",
    "solutionpackages",
    "source",
    "specified",
    "sppc.dll",
    "sppsvc.exe",
    "ssl",
    "sspicli.dll",
    "sspisrv.dll",
    "standardcimv2",
    "start",
    "starttime",
    "state",
    "staterepository",
    "status",
    "std",
    "stl110",
    "stop",
    "storage",
    "storagepolicy",
    "storagesense",
    "store",
    "string",
    "structured",
    "structuredquery.dll",
    "stub",
    "studio",
    "subject",
    "supplied",
    "support",
    "svchost.exe",
    "svchost.exe-237487c2.pf",
    "svchost.exe-d2cccc85.pf",
    "svcrestarttask",
    "sxs.dll",
    "sysmain.dll",
    "system",
    "system.configuration.dll",
    "system.configuration.install.dll",
    "system.core.dll",
    "system.dll",
    "system.int32",
    "system.management.automation",
    "system.management.automation.dll",
    "system.net.ipaddress",
    "system.net.sockets.addressfamily",
    "system.ni.dll",
    "system.nullable",
    "system.string",
    "system.xml.dll",
    "system32",
    "systemappdata",
    "systemapps",
    "systemcache",
    "systemcertificates",
    "systemroot",
    "sysvol",
    "target",
    "task",
    "taskcache",
    "tasks",
    "taskschd.dll",
    "tcpip",
    "tdh.dll",
    "telemetry",
    "telemetryupdatehealthtools",
    "temp",
    "test",
    "test-membership",
    "that",
    "the",
    "themeservice.dll",
    "this",
    "those",
    "throttlelimit",
    "throw",
    "time",
    "tls",
    "token",
    "tool",
    "tpm",
    "trace",
    "transcodedimagecount",
    "transfer",
    "tree",
    "triggers",
    "true",
    "trust",
    "try",
    "trying",
    "tryparse",
    "twinapi.appcore",
    "twinapi.appcore.dll",
    "twinapi.dll",
    "twinui.dll",
    "twinui.pcshell.dll",
    "types",
    "ubpm.dll",
    "ucrtbase.dll",
    "ucrtbase_clr0400.dll",
    "uint16_t",
    "uint64_t",
    "ulscategoriesseverities",
    "ulsmonitor",
    "ulstagids0",
    "uncasintranet",
    "unicode",
    "uninstall",
    "uniquely",
    "upperbind",
    "uri",
    "urlmon.dll",
    "used",
    "user",
    "user-mode",
    "user32",
    "usercategory",
    "usercontentdependentstate",
    "usercontentdependentstateconsenttime",
    "usercontentdependentstatesourcelocation",
    "userenv",
    "userenv.dll",
    "users",
    "utility",
    "uxtheme",
    "uxtheme.dll",
    "v10.events.data.microsoft.com",
    "validatenotnull",
    "validatenotnullorempty",
    "value",
    "valuefrompipelinebypropertyname",
    "values",
    "vcruntime140.dll",
    "vcruntime140_clr0400.dll",
    "vendor",
    "verification",
    "verifying",
    "version",
    "version.dll",
    "versionid",
    "vfuprovider",
    "virtualization",
    "visual",
    "vortexfailurestimeout",
    "vortexhttpattempts",
    "vortexhttpfailures4xx",
    "vortexhttpfailures5xx",
    "vortexhttpresponsefailures",
    "vortexhttpresponseswithdroppedevents",
    "w32time",
    "wa104381125",
    "waseveractivated",
    "wbem",
    "web",
    "webio.dll",
    "webservices.dll",
    "wef",
    "wevtapi.dll",
    "wfplwfs",
    "will",
    "win32",
    "win32u",
    "win32u.dll",
    "windows",
    "windows.staterepository.dll",
    "windows.staterepositoryps.dll",
    "windows.storage.dll",
    "windows.storage.search",
    "windows.storage.search.dll",
    "winhttp.dll",
    "wininet.dll",
    "winlogon",
    "winnsi.dll",
    "winrt",
    "wintrust",
    "wintrust.dll",
    "wintypes.dll",
    "with",
    "wlbsctrl.dll",
    "wldp.dll",
    "wmi",
    "wmiprvse.exe",
    "workstation",
    "workstation6",
    "wow64",
    "wow64.dll",
    "wow64cpu.dll",
    "wow64lg2.dll",
    "wpad",
    "write-verbose",
    "wrong",
    "ws2_32.dll",
    "wshext.dll",
    "wsman",
    "wstring",
    "x86",
    "xdnsserveraddress",
    "xdnsserveraddress.schema.mof",
    "xmllite",
    "xmllite.dll",
    "yptiontype",
    "zonemap"
   ]
  },
  {
   "dataset_id": "SDWIN-190518182022",
   "title": "Empire VBS Execution",
   "techniques": [
    "T1059"
   ],
   "tactics": [
    "TA0002"
   ],
   "event_count": 2067,
   "sample_events": [
    {
     "timestamp": "2020-09-04T20:09:40.845Z",
     "host": "WORKSTATION5.theshire.local",
     "channel": "Microsoft-Windows-Sysmon/Operational",
     "event_id": 11,
     "process": "svchost.exe",
     "parent": "",
     "command_line": "",
     "user": ""
    },
    {
     "timestamp": "2020-09-04T20:09:40.845Z",
     "host": "WORKSTATION6.theshire.local",
     "channel": "Microsoft-Windows-Sysmon/Operational",
     "event_id": 10,
     "process": "svchost.exe",
     "parent": "",
     "command_line": "",
     "user": ""
    },
    {
     "timestamp": "2020-09-04T20:09:40.846Z",
     "host": "WORKSTATION6.theshire.local",
     "channel": "Microsoft-Windows-Sysmon/Operational",
     "event_id": 10,
     "process": "svchost.exe",
     "parent": "",
     "command_line": "",
     "user": ""
    },
    {
     "timestamp": "2020-09-04T20:09:40.846Z",
     "host": "WORKSTATION6.theshire.local",
     "channel": "Microsoft-Windows-Sysmon/Operational",
     "event_id": 10,
     "process": "svchost.exe",
     "parent": "",
     "command_line": "",
     "user": ""
    },
    {
     "timestamp": "2020-09-04T20:09:40.847Z",
     "host": "WORKSTATION6.theshire.local",
     "channel": "Microsoft-Windows-Sysmon/Operational",
     "event_id": 10,
     "process": "svchost.exe",
     "parent": "",
     "command_line": "",
     "user": ""
    },
    {
     "timestamp": "2020-09-04T20:09:40.848Z",
     "host": "MORDORDC.theshire.local",
     "channel": "Microsoft-Windows-Sysmon/Operational",
     "event_id": 12,
     "process": "Microsoft.ActiveDirectory.WebServices.exe",
     "parent": "",
     "command_line": "",
     "user": ""
    },
    {
     "timestamp": "2020-09-04T20:09:40.849Z",
     "host": "MORDORDC.theshire.local",
     "channel": "Microsoft-Windows-Sysmon/Operational",
     "event_id": 12,
     "process": "Microsoft.ActiveDirectory.WebServices.exe",
     "parent": "",
     "command_line": "",
     "user": ""
    },
    {
     "timestamp": "2020-09-04T20:09:40.849Z",
     "host": "MORDORDC.theshire.local",
     "channel": "Microsoft-Windows-Sysmon/Operational",
     "event_id": 7,
     "process": "svchost.exe",
     "parent": "",
     "command_line": "",
     "user": ""
    },
    {
     "timestamp": "2020-09-04T20:09:40.851Z",
     "host": "MORDORDC.theshire.local",
     "channel": "Microsoft-Windows-Sysmon/Operational",
     "event_id": 7,
     "process": "svchost.exe",
     "parent": "",
     "command_line": "",
     "user": ""
    },
    {
     "timestamp": "2020-09-04T20:09:42.845Z",
     "host": "MORDORDC.theshire.local",
     "channel": "Microsoft-Windows-Sysmon/Operational",
     "event_id": 3,
     "process": "Microsoft.ActiveDirectory.WebServices.exe",
     "parent": "",
     "command_line": "",
     "user": ""
    },
    {
     "timestamp": "2020-09-04T20:09:42.846Z",
     "host": "MORDORDC.theshire.local",
     "channel": "Microsoft-Windows-Sysmon/Operational",
     "event_id": 3,
     "process": "lsass.exe",
     "parent": "",
     "command_line": "",
     "user": ""
    },
    {
     "timestamp": "2020-09-04T20:09:42.846Z",
     "host": "WORKSTATION6.theshire.local",
     "channel": "Microsoft-Windows-Sysmon/Operational",
     "event_id": 10,
     "process": "svchost.exe",
     "parent": "",
     "command_line": "",
     "user": ""
    }
   ],
   "tokens": [
    "-embedding",
    "-enc",
    "-forcev1",
    "-ge",
    "-nop",
    "-secured",
    "-sta",
    ".assembly.gettype",
    ".default",
    ".net",
    ".netframework",
    ".ps1",
    ".ps1xml",
    ".vbs",
    "0x00000000-0x004e305b",
    "0x01d682ef-0x181cec3c",
    "0x01d682f7-0x5b1c10f5",
    "0x01d682f7-0x5e063e8c",
    "0x01d682f7-0x5e0da823",
    "0x01d682f7-0x79e1543c",
    "0x01d682ff-0xdba5bc3c",
    "0x1000",
    "0x1400",
    "0x1478",
    "0x2000",
    "0x3000",
    "0x40",
    "0xffff",
    "10.10.10.5",
    "1008d",
    "104.40.17.153",
    "106fe",
    "108a0",
    "10daa",
    "111b6",
    "1260d",
    "1364b",
    "13d6d",
    "1460b",
    "1493b",
    "16eed",
    "171c0",
    "172.18.38.5",
    "172.18.39.5",
    "1763e",
    "177c",
    "1780b",
    "178ba",
    "17bd4",
    "1844f",
    "19e3b",
    "1a172",
    "1a207",
    "1a72",
    "1a9a",
    "1be93",
    "1bf95",
    "1c32b",
    "1c9af",
    "1cda2",
    "1d5a0",
    "1d60",
    "1e509",
    "1e689",
    "1e6a5",
    "1e7be",
    "1e899",
    "1fe7",
    "1np14r77-02r7-4r5q-o744-2ro1nr5198o7",
    "2.0",
    "2.5",
    "222a3",
    "223f5",
    "271ee",
    "29d20",
    "2d2c4",
    "2f655",
    "2fba",
    "3081d",
    "30b5b",
    "314c9",
    "32-bit",
    "345b4",
    "36fa1",
    "37a4c",
    "3a89",
    "3b35",
    "3dfb",
    "40.90.4.2",
    "44b1f",
    "47d23",
    "47d62",
    "4f83",
    "5.0",
    "55d7",
    "5af4",
    "5b393",
    "5bc86",
    "5f2ea",
    "5fd9",
    "6866.getvalue",
    "68bb",
    "6a775",
    "6ce5f",
    "6d4c",
    "6dec",
    "72a89",
    "763a",
    "895c",
    "8bd0",
    "9c534",
    "9d104",
    "9d39",
    "9d8e4",
    "9dcf",
    "__psscriptpolicytest_4jth5k1f.rm3.ps1",
    "__psscriptpolicytest_hz532hbm.mwe.psm1",
    "_system32_21f9a9c4a2f8b514.cdf-ms",
    "a3c8",
    "a5df",
    "ac05",
    "access",
    "accounts",
    "ad9a",
    "advanced",
    "advapi32.dll",
    "amsi.dll",
    "and",
    "anonymous",
    "anti-malware",
    "api",
    "api32",
    "apis",
    "app",
    "appdata",
    "applicationassociationtoasts",
    "appmodel",
    "appresolver.dll",
    "appx",
    "appxsip.dll",
    "asn.1",
    "assembly",
    "assistant",
    "atl",
    "atl.dll",
    "authorization",
    "authroot",
    "authz.dll",
    "autodetect",
    "autodial",
    "automaticdestinations",
    "awareness",
    "b3f9",
    "b72e",
    "b75b",
    "b7e2b",
    "b907",
    "base",
    "based",
    "basesrv.dll",
    "basic",
    "bcp47",
    "bcp47lang.dll",
    "bcrypt.dll",
    "bcryptprimitives.dll",
    "binary",
    "branding",
    "browser",
    "cache",
    "cached",
    "cachedgrouppolicysettings",
    "cachedproxy",
    "cachedproxyaccesstype",
    "cachedproxybypass",
    "cachelimit",
    "cacheoptions",
    "cachepath",
    "cacheprefix",
    "cacherelativepath",
    "cacherepair",
    "call",
    "catalog",
    "certificates",
    "cfgmgr32.dll",
    "ch:microsoft-windows-powershell/operational",
    "ch:microsoft-windows-sysmon/operational",
    "ch:microsoft-windows-wmi-activity/operational",
    "ch:security",
    "ch:windows powershell",
    "checking",
    "cimwin32.dll",
    "class",
    "classes",
    "clbcatq.dll",
    "cldapi.dll",
    "client",
    "cloud",
    "clr.dll",
    "clrjit.dll",
    "code",
    "com",
    "combase.dll",
    "comctl32.dll",
    "coml2.dll",
    "commands",
    "common",
    "compatibility",
    "compiler",
    "component",
    "configuration",
    "conhost.exe",
    "conhost.exe-1f3e9d7e.pf",
    "connctiond",
    "connection",
    "connections",
    "console",
    "container.dat",
    "control",
    "controls",
    "controlset001",
    "corporation",
    "count",
    "counters",
    "crls",
    "crt",
    "crypt32.dll",
    "cryptbase.dll",
    "crypto",
    "cryptographic",
    "cryptsp.dll",
    "cscapi.dll",
    "csrsrv.dll",
    "csrss.exe",
    "ctfmon.exe",
    "ctls",
    "currentcontrolset",
    "currentversion",
    "custom",
    "d350e",
    "d3d23",
    "da036",
    "data",
    "defaults",
    "defender",
    "delegatefolders",
    "demand",
    "desktop",
    "desktop.ini",
    "dhcp",
    "dhcpcsvc.dll",
    "dhcpcsvc6.dll",
    "dhcpv6",
    "disallowed",
    "displays",
    "dll",
    "dns",
    "dnsapi",
    "dpapi.dll",
    "dsrole.dll",
    "dwm.exe",
    "dwmapi.dll",
    "dword",
    "e-mail",
    "edp",
    "edputil.dll",
    "eid:1",
    "eid:10",
    "eid:11",
    "eid:12",
    "eid:13",
    "eid:17",
    "eid:18",
    "eid:22",
    "eid:23",
    "eid:3",
    "eid:400",
    "eid:40961",
    "eid:40962",
    "eid:4103",
    "eid:4104",
    "eid:4624",
    "eid:4627",
    "eid:4634",
    "eid:4656",
    "eid:4658",
    "eid:4663",
    "eid:4670",
    "eid:4672",
    "eid:4673",
    "eid:4688",
    "eid:4689",
    "eid:4690",
    "eid:4703",
    "eid:5",
    "eid:5156",
    "eid:5158",
    "eid:53504",
    "eid:5857",
    "eid:600",
    "eid:7",
    "eid:800",
    "eid:9",
    "empty",
    "enablescriptb",
    "enablescriptblockinvocationlogging",
    "engine",
    "enhanced",
    "enterprisecertificates",
    "environment",
    "event",
    "eventlog",
    "execution",
    "experience",
    "explorer",
    "explorer.exe",
    "extensible",
    "extension",
    "extensions",
    "f2e6",
    "f6ba",
    "f7ad",
    "f97f",
    "fastprox.dll",
    "ff97",
    "file",
    "fileexts",
    "filemaps",
    "files",
    "filter",
    "filterlib.dll",
    "fontdrvhost.exe",
    "for",
    "framedyn.dll",
    "framework",
    "fusion",
    "fwbase.dll",
    "fwp",
    "fwpuclnt.dll",
    "gdi",
    "gdi32",
    "getfie",
    "gpapi.dll",
    "group",
    "helper",
    "helpers",
    "history",
    "history.ie5",
    "hkcr",
    "hklm",
    "hku",
    "host",
    "hrzr_pgyfrffvba",
    "http",
    "ieframe.dll",
    "iertutil.dll",
    "img:-",
    "img:conhost.exe",
    "img:csrss.exe",
    "img:dllhost.exe",
    "img:dns.exe",
    "img:explorer.exe",
    "img:lsass.exe",
    "img:microsoft.activedirectory.webservices.exe",
    "img:msmpeng.exe",
    "img:powershell.exe",
    "img:searchindexer.exe",
    "img:services.exe",
    "img:smartscreen.exe",
    "img:svchost.exe",
    "img:system",
    "img:whoami.exe",
    "img:wmiprvse.exe",
    "img:wscript.exe",
    "imm32",
    "information",
    "inputapp_cw5n1h2txyewy",
    "installation",
    "installer",
    "interface",
    "internet",
    "intranetname",
    "iofficeantivirus",
    "iphlpapi.dll",
    "ipsec",
    "isolation",
    "jfpevcg.rkr",
    "jumplistdata",
    "just-in-time",
    "kernel.appcore.dll",
    "kernel32",
    "kernel32.dll",
    "kernelbase.dll",
    "language",
    "lastalive0.dat",
    "lastalive1.dat",
    "lastmapssuccesstime",
    "launcher.lnk",
    "launcher.vbs",
    "layer",
    "ldap",
    "libraries",
    "library",
    "licensing",
    "light-weight",
    "local",
    "localhost",
    "location",
    "lockdown",
    "locklogging",
    "logged",
    "logon",
    "logoncli.dll",
    "lookup",
    "lsa",
    "lsasrv.dll",
    "lsass.exe",
    "lsm.dll",
    "machine",
    "management",
    "manager",
    "marshaller",
    "microsoft",
    "microsoft.management.infrastructure.dll",
    "microsoft.powershell.consolehost",
    "microsoft.powershell.consolehost.dll",
    "microsoft.powershell.security.dll",
    "mintdh.dll",
    "mode",
    "module",
    "moduleanalysiscache",
    "mpclient.dll",
    "mpoav.dll",
    "mpr.dll",
    "mpssvc.dll",
    "mrulist",
    "mrulistex",
    "msasn1.dll",
    "mscoree.dll",
    "mscoreei.dll",
    "mscorlib.dll",
    "msctf",
    "msctf.dll",
    "mshist012020090420200905",
    "msi",
    "msisip.dll",
    "msiso.dll",
    "msvcp_win.dll",
    "msvcrt.dll",
    "mswsock.dll",
    "muicache",
    "multi-user",
    "multiple",
    "name",
    "namespace",
    "naming",
    "napinsp.dll",
    "native",
    "nativeimages_v4.0.30319_64",
    "ncobjapi.dll",
    "net",
    "netapi32.dll",
    "netutils.dll",
    "network",
    "nlaapi.dll",
    "notifications",
    "nsi",
    "nsi.dll",
    "ntdll.dll",
    "null",
    "objects",
    "offline",
    "ole",
    "ole32",
    "ole32.dll",
    "oleaut32.dll",
    "ondemandconnroutehelper.dll",
    "onecore",
    "onecorecommonproxystub.dll",
    "onecoreuap",
    "onecoreuapcommonproxystub.dll",
    "onpublic",
    "opc",
    "opcservices.dll",
    "openwithlist",
    "openwithprogids",
    "operating",
    "package",
    "par:explorer.exe",
    "par:powershell.exe",
    "par:powershell.exe\"",
    "par:svchost.exe",
    "par:wscript.exe",
    "par:wscript.exe\"",
    "parameters",
    "perfctrs.dll",
    "performance",
    "perfos.dll",
    "pgustavo",
    "pipe",
    "pnrp",
    "pnrpnsp.dll",
    "policies",
    "policy",
    "power",
    "powershell",
    "powershell.exe",
    "powershell.exe-920bba2a.pf",
    "powrprof.dll",
    "prefetch",
    "primitives",
    "procedure",
    "process",
    "profapi.dll",
    "profile",
    "profilelist",
    "program",
    "programdata",
    "property",
    "propsys.dll",
    "protection",
    "provider",
    "providers",
    "proxy",
    "proxybypass",
    "psapi",
    "psmserviceexthost.dll",
    "psversiontable.psversion.major",
    "publishing",
    "pwrshsip.dll",
    "qword",
    "rasadhlp.dll",
    "rasapi32.dll",
    "rasman.dll",
    "recent",
    "recentdocs",
    "ref",
    "registeredapplications",
    "registry",
    "remote",
    "reporting",
    "resolver",
    "resource",
    "resources",
    "results",
    "rnr",
    "roaming",
    "root",
    "route",
    "router",
    "routing",
    "rpcrt4.dll",
    "rpcss.dll",
    "rsaenh.dll",
    "rtutils.dll",
    "run",
    "runtime",
    "samcli.dll",
    "scan",
    "scans",
    "schannel",
    "schannel.dll",
    "schedcli.dll",
    "scheduler",
    "scm",
    "script",
    "scriptb",
    "scrobj.dll",
    "scrrun.dll",
    "sddl",
    "sdk",
    "search",
    "searchindexer.exe",
    "sechost.dll",
    "secur32.dll",
    "securetimeconfidence",
    "securetimeestimated",
    "securetimehigh",
    "securetimelimits",
    "securetimelow",
    "securetimetickcount",
    "security",
    "security.dll",
    "securityproviders",
    "server",
    "service",
    "services",
    "servicestate",
    "session",
    "settings",
    "setup",
    "sfc_os.dll",
    "shcore",
    "shcore.dll",
    "shell",
    "shell32.dll",
    "shim",
    "shlwapi.dll",
    "signature",
    "signing",
    "sigupdatetimestampssincelasthb",
    "sip",
    "slc.dll",
    "smartcardroot",
    "smartscreen.exe",
    "socket",
    "sockets",
    "software",
    "space",
    "sppc.dll",
    "spynet",
    "srvcli.dll",
    "srvsvc",
    "ssl",
    "sspicli.dll",
    "sspisrv.dll",
    "start",
    "starttime",
    "staterepository",
    "static",
    "status",
    "storage",
    "store",
    "stub",
    "studio",
    "subject",
    "support",
    "svchost.exe",
    "sxs.dll",
    "syncrootmanager",
    "sysmain.dll",
    "system",
    "system.configuration.dll",
    "system.configuration.install.dll",
    "system.core.dll",
    "system.data.dll",
    "system.directoryservices.dll",
    "system.dll",
    "system.management.automation",
    "system.management.automation.dll",
    "system.management.automation.utils",
    "system.management.dll",
    "system.ni.dll",
    "system.numerics.dll",
    "system.transactions.dll",
    "system.xml.dll",
    "system32",
    "systemapps",
    "systemcertificates",
    "tcpip",
    "tdh.dll",
    "temp",
    "themeservice.dll",
    "time",
    "tls",
    "trace",
    "tracing",
    "trust",
    "trustedpeople",
    "twinapi.dll",
    "twinui.dll",
    "twinui.pcshell.dll",
    "types",
    "ucrtbase.dll",
    "ucrtbase_clr0400.dll",
    "uncasintranet",
    "unicode",
    "urlmon.dll",
    "user",
    "user-mode",
    "user32",
    "userassist",
    "userenv",
    "userenv.dll",
    "users",
    "util",
    "utilities",
    "utility",
    "uxtheme",
    "uxtheme.dll",
    "v1.0",
    "vbscript",
    "vbscript.dll",
    "vbsfile_.vbs",
    "vcruntime140_clr0400.dll",
    "verification",
    "verifying",
    "version",
    "version.dll",
    "vfuprovider",
    "visual",
    "w32time",
    "wbem",
    "wbemcomn.dll",
    "wbemprox.dll",
    "wbemsvc.dll",
    "wdcp.microsoft.com",
    "wdnisdrv",
    "whoami",
    "whoami.exe",
    "whoami.exe-b8288e39.pf",
    "win32",
    "win32u",
    "win32u.dll",
    "winbrand.dll",
    "window",
    "windows",
    "windows.staterepository.dll",
    "windows.staterepositoryps.dll",
    "windows.storage.dll",
    "windows.system.launcher",
    "windows.system.launcher.dll",
    "windows.ui.appdefaults.dll",
    "windowspowershell",
    "winhttp.dll",
    "winlogon",
    "winrnr",
    "winrt",
    "winsxs",
    "wintrust",
    "wintrust.dll",
    "wintypes.dll",
    "wkscli.dll",
    "wkssvc",
    "wldp.dll",
    "wmi",
    "wmidcom.dll",
    "wminet_utils.dll",
    "wmiprvsd.dll",
    "wmiprvse.exe",
    "wmiprvse.exe-1628051c.pf",
    "wmiutils.dll",
    "workstation",
    "ws2_32.dll",
    "wscript.exe",
    "wscript.exe-52cf1f0c.pf",
    "wscript.exe.applicationcompany",
    "wscript.exe.friendlyappname",
    "wshbth.dll",
    "wshext.dll",
    "wshom.ocx",
    "wsman",
    "wudfhost.exe",
    "xmllite",
    "xmllite.dll",
    "zonemap"
   ]
  },
  {
   "dataset_id": "SDWIN-190518184306",
   "title": "Empire Elevated WMI Eventing",
   "techniques": [
    "T1546"
   ],
   "tactics": [
    "TA0003",
    "TA0004"
   ],
   "event_count": 20000,
   "sample_events": [
    {
     "timestamp": "2020-09-04T20:43:07.137Z",
     "host": "WORKSTATION5.theshire.local",
     "channel": "Microsoft-Windows-Sysmon/Operational",
     "event_id": 10,
     "process": "svchost.exe",
     "parent": "",
     "command_line": "",
     "user": ""
    },
    {
     "timestamp": "2020-09-04T20:43:07.138Z",
     "host": "WORKSTATION5.theshire.local",
     "channel": "Microsoft-Windows-Sysmon/Operational",
     "event_id": 10,
     "process": "svchost.exe",
     "parent": "",
     "command_line": "",
     "user": ""
    },
    {
     "timestamp": "2020-09-04T20:43:07.139Z",
     "host": "WORKSTATION5.theshire.local",
     "channel": "Microsoft-Windows-Sysmon/Operational",
     "event_id": 10,
     "process": "svchost.exe",
     "parent": "",
     "command_line": "",
     "user": ""
    },
    {
     "timestamp": "2020-09-04T20:43:07.139Z",
     "host": "WORKSTATION5.theshire.local",
     "channel": "Microsoft-Windows-Sysmon/Operational",
     "event_id": 10,
     "process": "svchost.exe",
     "parent": "",
     "command_line": "",
     "user": ""
    },
    {
     "timestamp": "2020-09-04T20:43:07.140Z",
     "host": "WORKSTATION5.theshire.local",
     "channel": "Microsoft-Windows-Sysmon/Operational",
     "event_id": 12,
     "process": "powershell.exe",
     "parent": "",
     "command_line": "",
     "user": ""
    },
    {
     "timestamp": "2020-09-04T20:43:07.140Z",
     "host": "WORKSTATION6.theshire.local",
     "channel": "Microsoft-Windows-Sysmon/Operational",
     "event_id": 10,
     "process": "svchost.exe",
     "parent": "",
     "command_line": "",
     "user": ""
    },
    {
     "timestamp": "2020-09-04T20:43:07.141Z",
     "host": "WORKSTATION6.theshire.local",
     "channel": "Microsoft-Windows-Sysmon/Operational",
     "event_id": 10,
     "process": "svchost.exe",
     "parent": "",
     "command_line": "",
     "user": ""
    },
    {
     "timestamp": "2020-09-04T20:43:07.141Z",
     "host": "WORKSTATION6.theshire.local",
     "channel": "Microsoft-Windows-Sysmon/Operational",
     "event_id": 10,
     "process": "svchost.exe",
     "parent": "",
     "command_line": "",
     "user": ""
    },
    {
     "timestamp": "2020-09-04T20:43:07.141Z",
     "host": "WORKSTATION6.theshire.local",
     "channel": "Microsoft-Windows-Sysmon/Operational",
     "event_id": 10,
     "process": "svchost.exe",
     "parent": "",
     "command_line": "",
     "user": ""
    },
    {
     "timestamp": "2020-09-04T20:43:08.142Z",
     "host": "WORKSTATION5.theshire.local",
     "channel": "Microsoft-Windows-Sysmon/Operational",
     "event_id": 10,
     "process": "svchost.exe",
     "parent": "",
     "command_line": "",
     "user": ""
    },
    {
     "timestamp": "2020-09-04T20:43:08.143Z",
     "host": "WORKSTATION5.theshire.local",
     "channel": "Microsoft-Windows-Sysmon/Operational",
     "event_id": 10,
     "process": "svchost.exe",
     "parent": "",
     "command_line": "",
     "user": ""
    },
