    {
     "timestamp": "2020-09-22T08:37:48.543Z",
     "host": "WORKSTATION6.theshire.local",
     "channel": "Microsoft-Windows-Sysmon/Operational",
     "event_id": 12,
     "process": "NetworkWatcherAgent.exe",
     "parent": "",
     "command_line": "",
     "user": ""
    },
    {
     "timestamp": "2020-09-22T08:37:48.544Z",
     "host": "WORKSTATION6.theshire.local",
     "channel": "Microsoft-Windows-Sysmon/Operational",
     "event_id": 12,
     "process": "NetworkWatcherAgent.exe",
     "parent": "",
     "command_line": "",
     "user": ""
    },
    {
     "timestamp": "2020-09-22T08:37:48.544Z",
     "host": "WORKSTATION6.theshire.local",
     "channel": "Microsoft-Windows-Sysmon/Operational",
     "event_id": 12,
     "process": "NetworkWatcherAgent.exe",
     "parent": "",
     "command_line": "",
     "user": ""
    },
    {
     "timestamp": "2020-09-22T08:37:48.545Z",
     "host": "WORKSTATION6.theshire.local",
     "channel": "Microsoft-Windows-Sysmon/Operational",
     "event_id": 12,
     "process": "NetworkWatcherAgent.exe",
     "parent": "",
     "command_line": "",
     "user": ""
    },
    {
     "timestamp": "2020-09-22T08:37:48.545Z",
     "host": "WORKSTATION6.theshire.local",
     "channel": "Microsoft-Windows-Sysmon/Operational",
     "event_id": 12,
     "process": "NetworkWatcherAgent.exe",
     "parent": "",
     "command_line": "",
     "user": ""
    },
    {
     "timestamp": "2020-09-22T08:37:48.545Z",
     "host": "WORKSTATION6.theshire.local",
     "channel": "Microsoft-Windows-Sysmon/Operational",
     "event_id": 12,
     "process": "NetworkWatcherAgent.exe",
     "parent": "",
     "command_line": "",
     "user": ""
    },
    {
     "timestamp": "2020-09-22T08:37:48.546Z",
     "host": "WORKSTATION6.theshire.local",
     "channel": "Microsoft-Windows-Sysmon/Operational",
     "event_id": 12,
     "process": "NetworkWatcherAgent.exe",
     "parent": "",
     "command_line": "",
     "user": ""
    },
    {
     "timestamp": "2020-09-22T08:37:48.546Z",
     "host": "WORKSTATION6.theshire.local",
     "channel": "Microsoft-Windows-Sysmon/Operational",
     "event_id": 12,
     "process": "NetworkWatcherAgent.exe",
     "parent": "",
     "command_line": "",
     "user": ""
    }
   ],
   "tokens": [
    "-1121",
    "-devicegroupid",
    "-embedding",
    "-forcev1",
    "-hostarg",
    "-hostguid",
    "-iocanceleventportname",
    "-ioeventportname",
    "-lifetimeid",
    "-nonstatechangingeventportname",
    "-servername",
    "-systemeventportname",
    ".default",
    ".gif",
    ".net",
    "000a",
    "000b",
    "004a",
    "004f",
    "005a",
    "007a",
    "03e9",
    "0x0",
    "0x00000000-0x00000000",
    "0x00000000-0x00001430",
    "0x00000000-0x000060fe",
    "0x00000000-0x0000622b",
    "0x00000000-0x00c4354d",
    "0x00000000-0x01400000",
    "0x00000000-0x12cc1494",
    "0x00000000-0x5f69b7ec",
    "0x00000000-0x7ffc6800",
    "0x01d69062-0xbe47ba1d",
    "0x01d69062-0xc05dca6e",
    "0x01d690b3-0x76e6c440",
    "0x01d690b7-0x0f85b217",
    "0x01d690b7-0x117cc5d8",
    "0x01d690bb-0xad9d9fe1",
    "0x01d690bb-0xad9dd17e",
    "0x01d690bb-0xb03353db",
    "0x01d690bb-0xb1179465",
    "0x01d690bb-0xb2b8e088",
    "0x01d690bb-0xd15ff8c7",
    "0x01d690bb-0xd1605266",
    "0x01d690bb-0xd4af52a1",
    "0x01d690bb-0xd8ab2c40",
    "0x01d690c4-0x3a6f9440",
    "0x1000",
    "0x1400",
    "0x1410",
    "0x1478",
    "0x2000",
    "0x3000",
    "0x40",
    "0x70",
    "1008d",
    "104.210.44.154",
    "106fe",
    "107a4",
    "108a0",
    "10daa",
    "111b6",
    "1172e",
    "1184f",
    "1238b",
    "125ac",
    "1260d",
    "1269a",
    "127a",
    "12cd4",
    "133e",
    "1364b",
    "13f84",
    "1451a",
    "1460a",
    "1497b",
    "15c35",
    "15c7d",
    "15d90",
    "16.0",
    "1603e",
    "160f",
    "167ab",
    "168da",
    "16e15",
    "16f1f",
    "172.18.38.5",
    "172.18.39.5",
    "1734c",
    "176b9",
    "177c",
    "1780b",
    "179a6",
    "17bd4",
    "1852f",
    "18aab",
    "18d6e",
    "18d7f",
    "19b1d",
    "19e3b",
    "1a020",
    "1a172",
    "1a207",
    "1a72",
    "1a9a",
    "1ab64",
    "1b1ac",
    "1b62a",
    "1b670",
    "1ba76",
    "1be93",
    "1bf95",
    "1c208",
    "1c32b",
    "1c362",
    "1c74",
    "1c795",
    "1c9af",
    "1cb2f",
    "1d60",
    "1dee1",
    "1dee9",
    "1e507",
    "1e509",
    "1e689",
    "1e6a5",
    "1e7be",
    "1e830",
    "1e899",
    "1ea7e",
    "1eb89",
    "1ecb7",
    "1edcc",
    "1ee93",
    "1ef1e",
    "1ef46",
    "1f138",
    "1f2c6",
    "1f662",
    "1f872",
    "1fa7e",
    "2.0",
    "2.5",
    "201f5",
    "2020-09-22",
    "2049d",
    "205a4",
    "21ee8",
    "221c5",
    "222a3",
    "2231c",
    "223f5",
    "2321e",
    "23a7e",
    "23c5c",
    "272ce",
    "2748c",
    "2762f",
    "27da4",
    "28bc5",
    "28c69",
    "28f84",
    "297ee",
    "29a50",
    "29e00",
    "29f20",
    "2a488",
    "2aaa9",
    "2ab19",
    "2ac1d",
    "2b32b",
    "2c3d",
    "2c940",
    "2c951",
    "2cb61",
    "2d2f4",
    "2d95e",
    "2dbeb",
    "2dc6a",
    "2e63f",
    "2eba6",
    "2f655",
    "2fa",
    "2fba",
    "2fbf9",
    "3.0.0.00000002",
    "305fe",
    "3081d",
    "30b5b",
    "30dbf",
    "310c0",
    "314c9",
    "32-bit",
    "345b4",
    "35ae1",
    "36f8",
    "37b1c",
    "398a3",
    "3bfd9",
    "3d6a3",
    "4.09.00.0904",
    "4.18.2008.9-0",
    "411e",
    "4169f",
    "41a71",
    "42ea0",
    "43ea7",
    "43fc5",
    "449a6",
    "44b1f",
    "45e8",
    "47d23",
    "47d62",
    "4b1d",
    "4c69",
    "4e75c",
    "4e810",
    "4e865",
    "530e",
    "55d7",
    "55e43",
    "55ec3",
    "567b6",
    "577e9",
    "57cf",
    "582ec",
    "585e3",
    "58ac",
    "5920d",
    "59e1a",
    "5a7a6",
    "5af4",
    "5b0a4",
    "5b1a7",
    "5b76",
    "5b86b",
    "5fd9",
    "672d2",
    "67f1",
    "67f97",
    "68bb",
    "6aec5",
    "6ba5",
    "6c010",
    "6ce51",
    "6ce5f",
    "6d4c",
    "6dec",
    "6e24",
    "71bf",
    "7297b",
    "72a89",
    "730c9",
    "74ba7",
    "75a81",
    "76a53",
    "76aae",
    "76ead",
    "771b2",
    "777d5",
    "777ed",
    "779a",
    "77a2a",
    "77a73",
    "785b2",
    "78a5c",
    "7952e",
    "79fec",
    "7a33b",
    "7a52e",
    "7a56a",
    "7a5b3",
    "7a6d7",
    "7a709",
    "7a714",
    "7bd2",
    "7c351",
    "7e999",
    "7ed2",
    "7f50",
    "7fbb6",
    "800be",
    "806f",
    "82c5e",
    "82d47",
    "82e02",
    "82ef4",
    "83d6",
    "83dc",
    "8464d",
    "846b",
    "849e0",
    "86ab6",
    "88a0",
    "88a2e",
    "895c",
    "8b550",
    "8b5f6",
    "8b8bd",
    "923qq477-5846-686o-n659-0sppq73851n8",
    "936ba",
    "94d36",
    "973f9",
    "978ff",
    "97c5",
    "97d6",
    "97f16",
    "9827b",
    "991c3",
    "9c534",
    "9d104",
    "9d79",
    "9d8e4",
    "9dcf",
    "9e5c",
    "9f29",
    "_system32_21f9a9c4a2f8b514.cdf-ms",
    "a256",
    "a77f",
    "a88a7",
    "aad",
    "ac61",
    "accent",
    "accentcolor",
    "accentcolormenu",
    "accentpalette",
    "access",
    "accessibility",
    "accessibilitysoundagent",
    "account",
    "accounts",
    "action",
    "actionmgr.dll",
    "activationmanager.dll",
    "active",
    "activedownloads",
    "activex",
    "activitydatamodel",
    "activitystoreid",
    "actxprxy.dll",
    "ad97",
    "ad9a",
    "adapter",
    "adapterluid",
    "add",
    "administrative",
    "advanced",
    "advapi32.dll",
    "aeee",
    "aero",
    "aero.msstyles",
    "af1c",
    "af5a",
    "allowlockscreen",
    "amp",
    "amsi.dll",
    "amsiproxy.dll",
    "and",
    "animator",
    "anti-malware",
    "anyabovelockappsactive",
    "anyoneread",
    "api",
    "api32",
    "apis",
    "app",
    "appdata",
    "apphelp",
    "appinfo.dll",
    "application",
    "applicationmodel",
    "applications",
    "applicationviewmanagement",
    "appmodel",
    "appresolver.dll",
    "apps",
    "archive",
    "asn.1",
    "assemblyitem",
    "assistive",
    "atbroker.exe",
    "atbroker.exe-2e15a492.pf",
    "atlthunk.dll",
    "aui",
    "authentication",
    "authorization",
    "autocolor",
    "autodetect",
    "autodial",
    "automation",
    "autorotation",
    "b5270",
    "b5f6",
    "b637",
    "b70gl3kk",
    "b84ab",
    "background",
    "backgroundtaskhost.exe",
    "backgroundtaskhost.exe-a4f5a8b5.pf",
    "bad_edid",
    "bam",
    "base",
    "basecontainers",
    "basesrv.dll",
    "basic",
    "bcp47",
    "bcp47lang.dll",
    "bcp47mrm.dll",
    "bcrypt.dll",
    "bcryptprimitives.dll",
    "be39",
    "bea9",
    "bfd2",
    "binary",
    "bing",
    "bingconfigurationclient.dll",
    "biocredprov.dll",
    "bisrv.dll",
    "bitbucket",
    "biwinrt.dll",
    "bootlogon",
    "broker",
    "c116",
    "c1c6",
    "c1c8",
    "c540",
    "c5b7",
    "cabinet",
    "cabinet.dll",
    "cache",
    "cachedfiles",
    "cachedimage_1440_900_pos1.jpg",
    "cachedlanguagename",
    "cachedsizes",
    "caching",
    "call",
    "capability",
    "capauthz",
    "capauthz.dll",
    "card",
    "catalog",
    "category",
    "cb03",
    "cbdhsvc.dll",
    "cdp",
    "cdp.dll",
    "cdprt.dll",
    "certca",
    "certenroll",
    "certificate",
    "certificates",
    "cf160",
    "cfgmgr32.dll",
    "ch:microsoft-windows-sysmon/operational",
    "ch:microsoft-windows-taskscheduler/operational",
    "ch:microsoft-windows-terminalservices-localsessionmanager/operational",
    "ch:microsoft-windows-terminalservices-remoteconnectionmanager/operational",
    "ch:security",
    "ch:system",
    "chakra",
    "chakra.dll",
    "checkappexec.microsoft.com",
    "checking",
    "class",
    "classes",
    "clbcatq.dll",
    "cldapi.dll",
    "clicktorun",
    "client",
    "clientname",
    "clienttelemetry",
    "clipboard",
    "clipc.dll",
    "cloud",
    "cloudcacheinvalidator",
    "cloudcontent",
    "cloudstore",
    "clsid",
    "codecs",
    "color",
    "colorizationafterglow",
    "colorizationafterglowbalance",
    "colorizationblurbalance",
    "colorizationcolor",
    "colorizationcolorbalance",
    "colorizationglassattribute",
    "colorname",
    "colors",
    "com",
    "combase.dll",
    "combined",
    "comctl32.dll",
    "commithistory",
    "common",
    "compatibility",
    "completed",
    "component",
    "components",
    "composition",
    "config",
    "configuration",
    "conhost.exe",
    "conhost.exe-1f3e9d7e.pf",
    "connctiond",
    "connections",
    "consent",
    "consent.exe",
    "consent.exe-531bd9ea.pf",
    "console",
    "consumption",
    "containerid",
    "control",
    "controller",
    "controls",
    "controlset001",
    "converter",
    "core",
    "coremessaging",
    "coremessaging.dll",
    "coreuicomponents.dll",
    "cortana",
    "cortana.backgroundtask.dll",
    "cortanaapi.proxystub.dynlink",
    "cortanaui",
    "count",
    "creationtime",
    "cred",
    "credential",
    "credprov2fahelper.dll",
    "credprovdatamodel.dll",
    "credprovhelper.dll",
    "credprovhost.dll",
    "credprovs.dll",
    "credprovslegacy.dll",
    "credprovuncompletedinstances",
    "credui.dll",
    "crls",
    "crt",
    "crypt32.dll",
    "cryptbase.dll",
    "cryptnet.dll",
    "crypto",
    "cryptographic",
    "cryptsp.dll",
    "cryptsvc.dll",
    "csrsrv.dll",
    "csrss.exe",
    "ctf",
    "ctfmon.exe",
    "ctls",
    "current",
    "currentactivebit",
    "currentcontrolset",
    "currentversion",
    "cxcredprov.dll",
    "d0ab",
    "d2d",
    "d2d1",
    "d3d",
    "d3d10warp.dll",
    "d3d11.dll",
    "d3d12.dll",
    "d3d12maxfeaturelevel",
    "d3d12minfeaturelevel",
    "d3d9.dll",
    "d3dscache",
    "d3dscache.dll",
    "d74de",
    "d778",
    "da036",
    "data",
    "database",
    "databaseinstanceid",
    "datastore",
    "dbeb",
    "dbgcore.dll",
    "dbghelp.dll",
    "dcaf",
    "dcname",
    "dcomlaunch",
    "dcomp.dll",
    "dd1d",
    "dd89",
    "debugging",
    "dedicatedsystemmemory",
    "dedicatedvideomemory",
    "default",
    "default-first-site-name",
    "default_monitor",
    "defaultaccount",
    "defender",
    "delegatefolders",
    "demand",
    "description",
    "desktop",
    "devdispitemprovider.dll",
    "device",
    "devicecategories.dll",
    "deviceclasses",
    "devicecontainers",
    "devicedriverretrievalclient.dll",
    "deviceid",
    "deviceitem",
    "devicemap",
    "devicemetadatacache",
    "devices",
    "devicesetup",
    "devicesetupmanager.dll",
    "devicesoftwareinstallationclient.dll",
    "devinfoset.dll",
    "devinv.dll",
    "devpropmgr.dll",
    "devquery",
    "devrtl.dll",
    "dhcp",
    "dhcpcsvc.dll",
    "dhcpcsvc6.dll",
    "dhcpv6",
    "diagnostics",
    "diagtrack",
    "diagtrackstatus",
    "dims",
    "dimsjob.dll",
    "direct",
    "direct3d",
    "directcomposition",
    "directmanipulation.dll",
    "directory",
    "directui",
    "directuser",
    "directx",
    "disallowed",
    "display",
    "displays",
    "dll",
    "dllhost.exe",
    "dllname",
    "dmrc.idx.0",
    "dnname",
    "dns",
    "dnsapi",
    "document",
    "domain",
    "domainname",
    "domainusers",
    "dpapi.dll",
    "driver",
    "driverdatabase",
    "driverinffiles",
    "driverpackageextended",
    "driverpackages",
    "drivers",
    "drvstore.dll",
    "dsmsvc",
    "dsparse.dll",
    "dsreg.dll",
    "dui70.dll",
    "duser.dll",
    "dwm",
    "dwm.exe",
    "dwmapi.dll",
    "dword",
    "dwrite",
    "dxcore",
    "dxcore.dll",
    "dxgi",
    "dxgi.dll",
    "dxgiadaptercache.exe",
    "dxilconv.dll",
    "dynamicinfo",
    "e40b",
    "e6f2",
    "ec20",
    "ec2e",
    "ec7a",
    "edp",
    "edputil.dll",
    "eed9",
    "ef13",
    "effects",
    "eid:1",
    "eid:10",
    "eid:11",
    "eid:1149",
    "eid:12",
    "eid:129",
    "eid:13",
    "eid:1501",
    "eid:17",
    "eid:18",
    "eid:22",
    "eid:24",
    "eid:25",
    "eid:261",
    "eid:3",
    "eid:40",
    "eid:4611",
    "eid:4624",
    "eid:4627",
    "eid:4634",
    "eid:4648",
    "eid:4656",
    "eid:4658",
    "eid:4663",
    "eid:4670",
    "eid:4672",
    "eid:4673",
    "eid:4688",
    "eid:4689",
    "eid:4690",
    "eid:4702",
    "eid:4703",
    "eid:4768",
    "eid:4769",
    "eid:4776",
    "eid:4778",
    "eid:4801",
    "eid:5",
    "eid:5058",
    "eid:5059",
    "eid:5061",
    "eid:5140",
    "eid:5145",
    "eid:5156",
    "eid:5158",
    "eid:6416",
    "eid:7",
    "eid:8",
    "eid:9",
    "empty",
    "en-us",
    "enabled",
    "enablewindowcolorization",
    "endtimehi",
    "endtimelo",
    "engine",
    "enhanced",
    "enrollment",
    "enterprisecertificates",
    "enum",
    "enumeration",
    "environment",
    "error",
    "eventing",
    "eventlog",
    "experience",
    "explorer",
    "explorer.exe",
    "extension",
    "extension-list",
    "extensions",
    "f06f",
    "f09c",
    "f2e6",
    "f2f0",
    "f3bb",
    "f3be",
    "f537",
    "f6ba",
    "f7ad",
    "f7f5",
    "f97f",
    "faa4",
    "facd",
    "face",
    "facecredentialprovider.dll",
    "facelogon",
    "fax",
    "fb12",
    "fe31",
    "fea7",
    "ff97",
    "ffc2",
    "ffd7",
    "file",
    "filemaps",
    "files",
    "filter",
    "filterlib.dll",
    "firewall",
    "firewallapi.dll",
    "flags",
    "fntcache.dll",
    "font",
    "fontdrvhost.exe",
    "fontglyphanimator.dll",
    "for",
    "foundation",
    "fp-vs.azureedge.net",
    "framework",
    "fusion",
    "fwbase.dll",
    "fwp",
    "fwpuclnt.dll",
    "gdi",
    "gdi32",
    "gdiext",
    "globalization",
    "globinputhost.dll",
    "glyph",
    "gpapi.dll",
    "gpupdate.exe",
    "gpupdate.exe-4ffd5dfa.pf",
    "graphics",
    "group",
    "gustavo",
    "ham",
    "handler",
    "harddiskvolume2",
    "hardware",
    "health",
    "helper",
    "helpers",
    "hiddendummylayouts",
    "highcontrastenablednew",
    "history",
    "hkcr",
    "hklm",
    "hku",
    "host",
    "hostactivitymanager",
    "hostpid",
    "hrzr_pgyfrffvba",
    "http",
    "i18n",
    "ict",
    "icu",
    "icu.dll",
    "icuin63.dll",
    "icuuc63.dll",
    "iddcx.dll",
    "iddcx0102",
    "ide",
    "idedevicep1t0l0-2",
    "identity",
    "identitycrl",
    "identitystore",
    "idletime",
    "idstore.dll",
    "iertutil.dll",
    "ikeext",
    "image",
    "imagehlp.dll",
    "img:-",
    "img:atbroker.exe",
    "img:backgroundtaskhost.exe",
    "img:conhost.exe",
    "img:consent.exe",
    "img:csrss.exe",
    "img:ctfmon.exe",
    "img:dwm.exe",
    "img:dxgiadaptercache.exe",
    "img:explorer.exe",
    "img:gpupdate.exe",
    "img:logonui.exe",
    "img:lsass.exe",
    "img:networkwatcheragent.exe",
    "img:officeclicktorun.exe",
    "img:rdpclip.exe",
    "img:searchui.exe",
    "img:services.exe",
    "img:sethc.exe",
    "img:sihost.exe",
    "img:smartscreen.exe",
    "img:spoolsv.exe",
    "img:startmenuexperiencehost.exe",
    "img:svchost.exe",
    "img:sysmon.exe",
    "img:system",
    "img:taskhostw.exe",
    "img:taskmgr.exe",
    "img:tstheme.exe",
    "img:windowsinternal.composableshell.experiences.textinput.inputapp.exe",
    "img:winlogon.exe",
    "img:wudfhost.exe",
    "imm32",
    "indirect",
    "indirectkmd",
    "inetcache",
    "information",
    "infrastructure",
    "inproc",
    "input",
    "inputapp_cw5n1h2txyewy",
    "inputhost",
    "inputhost.dll",
    "inputswitch.dll",
    "installation",
    "installedversion",
    "instance",
    "interface",
    "international",
    "internet",
    "intranetname",
    "inventory",
    "inventorydevicecontainer",
    "inventorydeviceinterface",
    "inventorydevicemediaclass",
    "inventorydevicepnp",
    "inventorydeviceusbhubclass",
    "inventorydriverbinary",
    "inventorydriverpackage",
    "ioctltransfermode",
    "ipc",
    "iphlpapi.dll",
    "ipsec",
    "isassignedaccess",
    "isfirstlogonaftersignout",
    "isreadfilter",
    "isslowlink",
    "iswindowshelloactive",
    "itt",
    "job",
    "kbdclass",
    "kbdus.dll",
    "kernel.appcore.dll",
    "kernel32",
    "kernel32.dll",
    "kernelbase.dll",
    "key",
    "keyboard",
    "keyboardclass",
    "keyboardclass7",
    "keyboardlayout",
    "keyroaming",
    "keys",
    "krbtgt",
    "language",
    "languageoverlayutil.dll",
    "languages",
    "lastactivetime",
    "lastalive0.dat",
    "lastalive1.dat",
    "lastautorequest",
    "lastloadeddpi",
    "lastloadeddpiplateaus",
    "lastloadedppi",
    "lastloggedonprovider",
    "lastorientation",
    "lastseen",
    "lastupdate",
    "lastupdated",
    "lastuserlangid",
    "layer",
    "layout",
    "ldap",
    "legacy",
    "libraries",
    "library",
    "licensing",
    "lifetimeid",
    "light-weight",
    "list",
    "loadedbefore",
    "local",
    "localized",
    "localstate",
    "localsystemnetworkrestricted",
    "lockdown",
    "loggingstatus",
    "logon",
    "logoncontroller.dll",
    "logonui",
    "logonui.exe",
    "logonui.exe-09140401.pf",
    "lookup",
    "lsa",
    "lsasrv.dll",
    "lsass",
    "lsass.dmp",
    "lsass.exe",
    "lsm.dll",
    "machine",
    "management",
    "manager",
    "managing",
    "manipulation",
    "marshaling",
    "marta",
    "maxdedicatedvideomemory",
    "maxfeaturelevel",
    "maxobjectnumber",
    "mci",
    "media",
    "memcompression",
    "metadata",
    "microsoft",
    "microsoft.windows.cortana_cw5n1h2txyewy",
    "microsoftsearchinbing.exe",
    "migration",
    "minanimate",
    "minfeaturelevel",
    "mlang.dll",
    "mmdevapi",
    "mode",
    "model",
    "module",
    "monitor",
    "mordordc",
    "mouclass",
    "mpr.dll",
    "mrc",
    "mrc.dll",
    "mrm",
    "mrmcore.dll",
    "msasn1.dll",
    "msctf",
    "msctf.dll",
    "msctfmonitor",
    "msctfmonitor.dll",
    "mskeyprotect.dll",
    "msmpeng.exe",
    "msutb",
    "msutb.dll",
    "msvcp110_win.dll",
    "msvcp_win.dll",
    "msvcrt.dll",
    "mswb7",
    "mswb7.dll",
    "mswsock.dll",
    "multi",
    "multi-user",
    "multimedia",
    "multiple",
    "namespace",
    "ncrypt",
    "ncrypt.dll",
    "ncryptsslp.dll",
    "ne00",
    "ne01",
    "ne02",
    "net",
    "netlogon.ftl",
    "netprofm.dll",
    "netprofmsvc.dll",
    "netsvcs",
    "netutils.dll",
    "network",
    "networkuxbroker",
    "networkuxbroker.dll",
    "newdev.dll",
    "nextinstance",
    "nextlogoncacheable",
    "ngccredprov.dll",
    "ngckeyenum.dll",
    "nodeid",
    "nonpreserve",
    "normalcolor",
    "normalsize",
    "notification",
    "notifications",
    "notificationsplatform",
    "notshownreason",
    "notshowntime",
    "notwithinexpiryperiod",
    "npfproxy.dll",
    "nsi",
    "nsi.dll",
    "ntasn1.dll",
    "ntdll.dll",
    "ntmarta.dll",
    "nul",
    "objectnumberlist",
    "office",
    "officeclicktorun.exe",
    "ole",
    "ole32",
    "ole32.dll",
    "oleacc.dll",
    "oleaut32.dll",
    "ondemandconnroutehelper.dll",
    "onecore",
    "onecorecommonproxystub.dll",
    "onecoreuap",
    "onecoreuapcommonproxystub.dll",
    "onedrive",
    "onenote",
    "onlineid",
    "operating",
    "orchestrator",
    "originfilterkey",
    "overlaid",
    "packages",
    "panel",
    "par:atbroker.exe",
    "par:explorer.exe",
    "par:gpupdate.exe",
    "par:services.exe",
    "par:svchost.exe",
    "par:winlogon.exe",
    "parameters",
    "passport",
    "passwordexpirynotification",
    "passwordneverexpires",
    "pct",
    "pdf",
    "pdh.dll",
    "pedro",
    "performance",
    "permissionschecktestkey",
    "pgustavo",
    "photo",
    "photometadatahandler.dll",
    "plap",
    "platform",
    "playsndsrv.dll",
    "playsound",
    "plugplay",
    "pnpts.dll",
    "pointerclass",
    "pointerclass7",
    "policies",
    "policy",
    "policymanager.dll",
    "policyoverdue",
    "ports",
    "power",
    "powershell.exe",
    "powrprof.dll",
    "preferences",
    "prefetch",
    "preload",
    "primitives",
    "print",
    "printerports",
    "printers",
    "privacy",
    "private",
    "procedure",
    "process",
    "profapi.dll",
    "profile",
    "profilelist",
    "profileservice",
    "program",
    "programdata",
    "properties",
    "property",
    "propsys.dll",
    "protection",
    "prov",
    "provider",
    "providers",
    "provides",
    "proxy",
    "proxybypass",
    "psapi",
    "psmserviceexthost.dll",
    "psmsrv.dll",
    "publishing",
    "pure",
    "push",
    "query",
    "qword",
    "ras",
    "rasadhlp.dll",
    "rascredprov",
    "rasterizer",
    "rdp",
    "rdp-tcp",
    "rdpclip",
    "rdpclip.exe",
    "rdpclip.exe-9067fa0e.pf",
    "rdpidd",
    "rdpidd.dll",
    "rdpidd_indirectdisplay",
    "readerrevisioninfo",
    "realtime",
    "reason",
    "refcount",
    "references",
    "refreshdatetime",
    "registration",
    "registry",
    "related",
    "remote",
    "remotedisplayenum",
    "render",
    "reporting",
    "repository",
    "resolver",
    "resource",
    "resourcepolicyclient.dll",
    "resourcepolicyserver.dll",
    "resources",
    "resources.",
    "retrieval",
    "retrievalmode",
    "rmclient.dll",
    "roaming",
    "roamingstate",
    "robertos-mbp",
    "rometadata.dll",
    "root",
    "route",
    "router",
    "routing",
    "rpc",
    "rpcrt4.dll",
    "rpcss.dll",
    "rsaenh.dll",
    "rtutils.dll",
    "rtworkq.dll",
    "rulesmetadata",
    "run",
    "run32",
    "runtime",
    "runtimebroker.exe",
    "rwtransfermode",
    "sam",
    "samcli.dll",
    "samlib.dll",
    "scan",
    "scdeviceenum",
    "scdeviceenum.dll",
    "schannel",
    "schannel.dll",
    "schedule",
    "scheduler",
    "scm",
    "sddl",
    "sdk",
    "search",
    "searchindexer.exe",
    "sechost.dll",
    "securetimeconfidence",
    "securetimeestimated",
    "securetimehigh",
    "securetimelimits",
    "securetimelow",
    "securetimetickcount",
    "security",
    "securityhealthservice.exe",
    "securityhealthsystray.exe",
    "securitymanager",
    "securityproviders",
    "selectedusersid",
    "sequence",
    "sequencenumber",
    "server",
    "service",
    "serviceinstances",
    "services",
    "services.exe",
    "servicestate",
    "session",
    "session2keyboard0",
    "session2mouse0",
    "sessiondata",
    "sessionenv",
    "sessionid_0002",
    "sessioninfo",
    "sessionname",
    "sessionnumber",
    "set",
    "sethc.exe",
    "sethc.exe-6a2dc453.pf",
    "settings",
    "setup",
    "setupapi.dll",
    "sgrmbroker.exe",
    "shacct.dll",
    "shader",
    "shared",
    "sharedsystemmemory",
    "shcore",
    "shcore.dll",
    "shell",
    "shell32.dll",
    "shlwapi.dll",
    "shortcut",
    "showcasing",
    "showshiftlock",
    "sihost.exe",
    "sitename",
    "sizename",
    "slc.dll",
    "sleepstudy",
    "smart",
    "smartcard",
    "smartcardcredentialprovider.dll",
    "smartcardroot",
    "smartscreen",
    "smartscreen.exe",
    "smartscreen.exe-9b5e4173.pf",
    "smartscreenps",
    "smartscreenps.dll",
    "smoothscroll",
    "smss.exe",
    "socket",
    "sockets",
    "software",
    "softwareadapter",
    "sortorder",
    "spooler",
    "spoolsv.exe",
    "sppc.dll",
    "srp",
    "srpapi.dll",
    "srumapi.dll",
    "srvsvc",
    "ssl",
    "sspicli.dll",
    "sspisrv.dll",
    "standard",
    "startcolormenu",
    "starttime",
    "starttimehi",
    "starttimelo",
    "startupapproved",
    "startupfolder",
    "state",
    "state0",
    "state1",
    "statefilterkey",
    "staterepository",
    "staterepository.core.dll",
    "states",
    "status",
    "stl110",
    "storage",
    "storagepolicy",
    "storagesense",
    "store",
    "storeinit",
    "structured",
    "structuredquery.dll",
    "stub",
    "substitutes",
    "subsystem",
    "support",
    "svchost.exe",
    "svchost.exe-86cdaa18.pf",
    "svchost.exe-f92f3517.pf",
    "swd",
    "switcher",
    "sxs.dll",
    "syncrootmanager",
    "sysmain.dll",
    "sysmon.exe",
    "sysntfy.dll",
    "system",
    "system32",
    "systemappdata",
    "systemapps",
    "systemcertificates",
    "systemmetadata",
    "systemprotecteduserdata",
    "systemroot",
    "sysvol",
    "szname",
    "sztargetname",
    "target",
    "task",
    "taskbaranimations",
    "taskcache",
    "taskflowdataengine.dll",
    "taskhostw.exe",
    "taskhostw.exe-3e0b74c8.pf",
    "taskmanager",
    "taskmgr.exe",
    "taskmgr.exe-5f5f473d.pf",
    "tasks",
    "tbs",
    "tbs.dll",
    "tcpip",
    "technology",
    "temp",
    "terminal",
    "terminator",
    "terminpt",
    "terminput_bus",
    "termreason",
    "termsrv.dll",
    "textinputframework.dynlink",
    "tfll4ylz",
    "themeactive",
    "thememanager",
    "themes",
    "themeservice.dll",
    "theshire",
    "threadpool",
    "threadpoolwinrt.dll",
    "thumbcache.dll",
    "thumbnail",
    "tile",
    "tiledatamodel",
    "tiledatarepository.dll",
    "time",
    "tip",
    "tls",
    "tokenbroker.dll",
    "tools",
    "tracing",
    "trans",
    "transcodedimagecount",
    "troubleshooter",
    "trust",
    "trustedpeople",
    "tstheme",
    "tstheme.exe",
    "tstheme.exe-14ac78ea.pf",
    "tsthemes.exe",
    "twinapi.appcore",
    "twinapi.appcore.dll",
    "twinapi.dll",
    "twinui.dll",
    "twinui.pcshell.dll",
    "types",
    "typography",
    "ubpm.dll",
    "ucrtbase.dll",
    "uhssvc.exe",
    "uiautomationcore.dll",
    "uid256",
    "ulscategoriesseverities",
    "ulsmonitor",
    "ulstagids0",
    "umb",
    "umdf",
    "umdfcommunicationports",
    "uncasintranet",
    "unicode",
    "united",
    "unlocked",
    "unsecapp.exe",
    "update",
    "urlmon.dll",
    "usage",
    "user",
    "user-mode",
    "user32",
    "user32.dll",
    "useractionstatefilter",
    "userassist",
    "userawaysignal",
    "userenv",
    "userenv.dll",
    "userpreferencesmask",
    "users",
    "usersettings",
    "usersid",
    "userswitch",
    "usertileremote",
    "useuserimpersonate",
    "util",
    "utilities",
    "utility",
    "uxtheme",
    "uxtheme.dll",
    "v1.0",
    "vendorid",
    "verification",
    "verifier",
    "verifier.dll",
    "version",
    "version.dll",
    "vfuprovider",
    "video",
    "video82",
    "video83",
    "video84",
    "video85",
    "video86",
    "video87",
    "video88",
    "video89",
    "video90",
    "video91",
    "video92",
    "video93",
    "video94",
    "video95",
    "video96",
    "video97",
    "virtualdesktop",
    "volatile",
    "volatile-keyroam-exclusive",
    "volatilenotifications",
    "volatilesettings",
    "volume",
    "w32",
    "w32time",
    "wbem",
    "wdf",
    "web",
    "wer.dll",
    "wevtapi.dll",
    "win32",
    "win32u",
    "win32u.dll",
    "winbio",
    "wincorlib.dll",
    "window",
    "windowmetrics",
    "windows",
    "windows.applicationmodel.dll",
    "windows.cortana.pal.desktop",
    "windows.cortana.pal.desktop.dll",
    "windows.devices.enumeration",
    "windows.devices.enumeration.dll",
    "windows.globalization.dll",
    "windows.graphics.dll",
    "windows.media.dll",
    "windows.shell.servicehostbuilder",
    "windows.shell.servicehostbuilder.dll",
    "windows.staterepository.dll",
    "windows.staterepositorycore.dll",
    "windows.staterepositoryps.dll",
    "windows.storage.applicationdata.dll",
    "windows.storage.dll",
    "windows.ui.dll",
    "windows.ui.immersive",
    "windows.ui.immersive.dll",
    "windows.ui.logon.dll",
    "windows.ui.xaml",
    "windows.ui.xaml.controls",
    "windows.ui.xaml.controls.dll",
    "windows.ui.xaml.dll",
    "windows.ui.xamlhost.dll",
    "windows.web.dll",
    "windows.web.http",
    "windows.web.http.dll",
    "windowscodecs",
    "windowspowershell",
    "windowsupdate",
    "winhttp.dll",
    "wininet.dll",
    "wininit.exe",
    "winlangdb.dll",
    "winlogon",
    "winlogon.exe",
    "winmm.dll",
    "winmmbase.dll",
    "winnsi.dll",
    "winrt",
    "winrttracing.dll",
    "winscard.dll",
    "winspool",
    "winspool.drv",
    "winsrvext.dll",
    "winsta.dll",
    "winstation",
    "winsxs",
    "wintrust",
    "wintrust.dll",
    "wintypes.dll",
    "wkscli.dll",
    "wkssvc",
    "wldap32.dll",
    "wldp.dll",
    "wlidcredprovider.dll",
    "wlidprov.dll",
    "wmsgapi.dll",
    "workqueue",
    "workstation",
    "workstation5",
    "workstationlockstate",
    "wow6432node",
    "wpnapps.dll",
    "wpprecorder_traceguid",
    "writepermissionscheck",
    "writer",
    "ws2_32.dll",
    "wtsapi32.dll",
    "wuceffects",
    "wudf",
    "wudfdiagnosticinfo",
    "wudfhost.exe",
    "wudfhost.exe-affef87c.pf",
    "wudfplatform.dll",
    "wudfrd",
    "wudfx02000.dll",
    "x86",
    "xaml",
    "xmllite",
    "xmllite.dll",
    "xps",
    "zonemap",
    "zvpebfbsg.nhgbtrarengrq."
   ]
  },
  {
   "dataset_id": "SDWIN-191027223020",
   "title": "Covenant ShellCmd InstallUtil",
   "techniques": [
    "T1218"
   ],
   "tactics": [
    "TA0002",
    "TA0005"
   ],
   "event_count": 1730,
   "sample_events": [
    {
     "timestamp": "2020-09-20T01:17:06.360Z",
     "host": "WORKSTATION6.theshire.local",
     "channel": "Microsoft-Windows-Sysmon/Operational",
     "event_id": 10,
     "process": "svchost.exe",
     "parent": "",
     "command_line": "",
     "user": ""
    },
    {
     "timestamp": "2020-09-20T01:17:07.379Z",
     "host": "WORKSTATION6.theshire.local",
     "channel": "Microsoft-Windows-Sysmon/Operational",
     "event_id": 12,
     "process": "svchost.exe",
     "parent": "",
     "command_line": "",
     "user": ""
    },
    {
     "timestamp": "2020-09-20T01:17:07.379Z",
     "host": "WORKSTATION6.theshire.local",
     "channel": "Microsoft-Windows-Sysmon/Operational",
     "event_id": 10,
     "process": "svchost.exe",
     "parent": "",
     "command_line": "",
     "user": ""
    },
    {
     "timestamp": "2020-09-20T01:17:07.380Z",
     "host": "WORKSTATION6.theshire.local",
     "channel": "Microsoft-Windows-Sysmon/Operational",
     "event_id": 10,
     "process": "svchost.exe",
     "parent": "",
     "command_line": "",
     "user": ""
    },
    {
     "timestamp": "2020-09-20T01:17:07.380Z",
     "host": "WORKSTATION6.theshire.local",
     "channel": "Microsoft-Windows-Sysmon/Operational",
     "event_id": 10,
     "process": "svchost.exe",
     "parent": "",
     "command_line": "",
     "user": ""
    },
    {
     "timestamp": "2020-09-20T01:17:07.380Z",
     "host": "WORKSTATION6.theshire.local",
     "channel": "Microsoft-Windows-Sysmon/Operational",
     "event_id": 10,
     "process": "svchost.exe",
     "parent": "",
     "command_line": "",
     "user": ""
    },
    {
     "timestamp": "2020-09-20T01:17:07.381Z",
     "host": "WORKSTATION5.theshire.local",
     "channel": "Microsoft-Windows-Sysmon/Operational",
     "event_id": 12,
     "process": "OfficeClickToRun.exe",
     "parent": "",
     "command_line": "",
     "user": ""
    },
    {
     "timestamp": "2020-09-20T01:17:07.382Z",
     "host": "WORKSTATION5.theshire.local",
     "channel": "Microsoft-Windows-Sysmon/Operational",
     "event_id": 12,
     "process": "OfficeClickToRun.exe",
     "parent": "",
     "command_line": "",
     "user": ""
    },
    {
     "timestamp": "2020-09-20T01:17:07.382Z",
     "host": "WORKSTATION5.theshire.local",
     "channel": "Microsoft-Windows-Sysmon/Operational",
     "event_id": 12,
     "process": "OfficeClickToRun.exe",
     "parent": "",
     "command_line": "",
     "user": ""
    },
    {
     "timestamp": "2020-09-20T01:17:07.383Z",
     "host": "WORKSTATION5.theshire.local",
     "channel": "Microsoft-Windows-Sysmon/Operational",
     "event_id": 12,
     "process": "OfficeClickToRun.exe",
     "parent": "",
     "command_line": "",
     "user": ""
    },
    {
     "timestamp": "2020-09-20T01:17:07.383Z",
     "host": "WORKSTATION5.theshire.local",
     "channel": "Microsoft-Windows-Sysmon/Operational",
     "event_id": 12,
     "process": "OfficeClickToRun.exe",
     "parent": "",
     "command_line": "",
     "user": ""
    },
    {
     "timestamp": "2020-09-20T01:17:07.383Z",
     "host": "WORKSTATION5.theshire.local",
     "channel": "Microsoft-Windows-Sysmon/Operational",
     "event_id": 12,
     "process": "OfficeClickToRun.exe",
     "parent": "",
     "command_line": "",
     "user": ""
    }
   ],
   "tokens": [
    "-forcev1",
    ".default",
    ".net",
    ".netframework",
    "0.000000",
    "0.876168",
    "0.925272",
    "0x00000000-0x00000000",
    "0x00000000-0x00000927",
    "0x00000000-0x00000a41",
    "0x00000000-0x00013c78",
    "0x00000000-0x00015649",
    "0x00000000-0x00bb8cde",
    "0x00000000-0x00dcb99c",
    "0x00000000-0x06ec7cf5",
    "0x00000000-0x08800000",
    "0x00000000-0x0c6de629",
    "0x00000000-0x45100000",
    "0x00000000-0x4d900000",
    "0x00000000-0x4fbbbca0",
    "0x01d68ee3-0xa8a22d7b",
    "0x01d68ee3-0xbf2905d1",
    "0x01d68eeb-0xe1289c8e",
    "0x01d68eeb-0xe1291542",
    "0x01d68eec-0x04ebe2cd",
    "0x01d68eec-0x04ee0acb",
    "0x01d68eec-0x0a66957b",
    "0x01d68eec-0x20ed6dd1",
    "0x01d68ef4-0x6c2afd7b",
    "0x01d68ef4-0x82b1d5d1",
    "0x01d68f65-0x726c6c45",
    "0x01d68f65-0xa90b813b",
    "0x01d68f66-0xb9a5bd3f",
    "0x01d68f66-0xefd9b7e4",
    "0x1000",
    "0x1400",
    "0x1478",
    "0x3000",
    "0x40",
    "10.10.10.5",
    "106fe",
    "108a0",
    "111b6",
    "1172e",
    "1184f",
    "1260d",
    "134fb",
    "1460a",
    "149f7",
    "16.0",
    "172.18.38.5",
    "176b9",
    "179a6",
    "17bd4",
    "1852f",
    "19e3b",
    "1a172",
    "1a207",
    "1a72",
    "1a9a",
    "1be93",
    "1bf95",
    "1c32b",
    "1d60",
    "1e507",
    "1e509",
    "1e689",
    "1wimc",
    "2.0",
    "222a3",
    "2231c",
    "223f5",
    "2d2f4",
    "2f655",
    "2fba",
    "305fe",
    "3081d",
    "32-bit",
    "37b1c",
    "4.18.2008.9-0",
    "567b6",
    "59e1a",
    "5af4",
    "5fd9",
    "6aec5",
    "6ce5f",
    "76a53",
    "895c",
    "9c534",
    "9d104",
    "9d8e4",
    "9dcf",
    "access",
    "accessflags",
    "ad9a",
    "advanced",
    "advapi32.dll",
    "amsi.dll",
    "and",
    "anonymous",
    "anti-malware",
    "api",
    "api32",
    "apis",
    "appdata",
    "appmodel",
    "asn.1",
    "assembly",
    "autodetect",
    "autodial",
    "awareness",
    "b84ab",
    "bam",
    "base",
    "basesrv.dll",
    "basic",
    "bcrypt.dll",
    "bcryptprimitives.dll",
    "bfbdn",
    "binary",
    "bkdownloadratepct",
    "bzh",
    "cache",
    "cachedsizes",
    "cacheserverconnectioncount",
    "cachesizebytes",
    "call",
    "callername",
    "cdnconnectioncount",
    "cdnurl",
    "cfgmgr32.dll",
    "ch:microsoft-windows-sysmon/operational",
    "ch:security",
    "ch:system",
    "checking",
    "class",
    "click-to-run",
    "client",
    "clienttelemetry",
    "clr.dll",
    "clrjit.dll",
    "cmd.exe",
    "cmd.exe-4a81b364.pf",
    "com",
    "combase.dll",
    "command",
    "common",
    "compiler",
    "config",
    "configuration",
    "conhost.exe",
    "conhost.exe-1f3e9d7e.pf",
    "connctiond",
    "connection",
    "connections",
    "console",
    "consoletracingmask",
    "control",
    "controlset001",
    "correlationvector",
    "crt",
    "crypt32.dll",
    "cryptbase.dll",
    "crypto",
    "cryptographic",
    "cryptsp.dll",
    "csrsrv.dll",
    "currentcontrolset",
    "currentversion",
    "da036",
    "data",
    "defender",
    "deliveryoptimization",
    "demand",
    "desktop",
    "device",
    "dhcp",
    "dhcpcsvc.dll",
    "dhcpcsvc6.dll",
    "dhcpv6",
    "dll",
    "dns",
    "dnsapi",
    "dodownloadmode",
    "downlinkbps",
    "downloaddurationmsecs",
    "downloadmode_backcompat",
    "downloadmonthlycdnbytes",
    "downloadmonthlyinternetbytes",
    "downloadmonthlylanbytes",
    "downloadmonthlyratebkbps",
    "downloadmonthlyratefrbps",
    "downloadstats",
    "dword",
    "e-mail",
    "eid:1",
    "eid:10",
    "eid:11",
    "eid:12",
    "eid:13",
    "eid:17",
    "eid:18",
    "eid:22",
    "eid:3",
    "eid:4624",
    "eid:4627",
    "eid:4634",
    "eid:4656",
    "eid:4658",
    "eid:4663",
    "eid:4670",
    "eid:4672",
    "eid:4673",
    "eid:4688",
    "eid:4689",
    "eid:4690",
    "eid:5140",
    "eid:5156",
    "eid:5158",
    "eid:7",
    "eid:7036",
    "eid:9",
    "enableautofiletracing",
    "enableconsoletracing",
    "enablefiletracing",
    "engine",
    "enhanced",
    "environment",
    "eventlog",
    "execution",
    "expireatoverride",
    "expireattimeft",
    "explorer",
    "explorer.exe",
    "extensions",
    "f2e6",
    "f6ba",
    "f736",
    "f7ad",
    "f94a2",
    "f97f",
    "false",
    "file",
    "filedirectory",
    "filetracingmask",
    "for",
    "framework",
    "framework64",
    "frdownloadratepct",
    "fwp",
    "fwpuclnt.dll",
    "gdi",
    "gdi32",
    "gpapi.dll",
    "group",
    "groupconnectioncount",
    "grunthttp.dll",
    "harddiskvolume2",
    "hashid",
    "helper",
    "hkcr",
    "hklm",
    "hku",
    "host",
    "hrdfj",
    "http",
    "httpconnectioncount",
    "iertutil.dll",
    "ilixz.2.98",
    "img:-",
    "img:cmd.exe",
    "img:conhost.exe",
    "img:csrss.exe",
    "img:explorer.exe",
    "img:grunthttp.exe",
    "img:installutil.exe",
    "img:lsass.exe",
    "img:msmpeng.exe",
    "img:networkwatcheragent.exe",
    "img:officeclicktorun.exe",
    "img:services.exe",
    "img:svchost.exe",
    "img:system",
    "img:windowsazureguestagent.exe",
    "img:wmiprvse.exe",
    "imm32",
    "information",
    "installation",
    "installutil.exe",
    "installutil.exe-db6adcbc.pf",
    "installutil_rasapi32",
    "installutil_rasmancs",
    "interface",
    "internet",
    "internetconnectioncount",
    "intranetname",
    "iofficeantivirus",
    "ipc",
    "iphlpapi.dll",
    "ipsec",
    "ispinned",
    "just-in-time",
    "kernel.appcore.dll",
    "kernel32",
    "kernel32.dll",
    "kernelbase.dll",
    "lanconnectioncount",
    "language",
    "lastalive0.dat",
    "lastalive1.dat",
    "layer",
    "ldap",
    "libraries",
    "library",
    "light-weight",
    "linklocalconnectioncount",
    "local",
    "location",
    "lockdown",
    "logfile",
    "logtoconsole",
    "lookup",
    "lsa",
    "lsasrv.dll",
    "lsass",
    "lsm.dll",
    "lyfaow8xzeaz8xis.2.96",
    "lzf",
    "machine",
    "manager",
    "maxfilesize",
    "microsoft",
    "microsoft.net",
    "module",
    "monthid",
    "monthlyuploadrestriction",
    "mpclient.dll",
    "mpoav.dll",
    "mpsvc.dll",
    "msasn1.dll",
    "mscoree.dll",
    "mscoreei.dll",
    "mscorlib.dll",
    "msvcp_win.dll",
    "msvcrt.dll",
    "mswsock.dll",
    "multi-user",
    "name",
    "naming",
    "napinsp.dll",
    "nativeimages_v4.0.30319_64",
    "netsetupsvc",
    "netsvcs",
    "network",
    "networkservice",
    "nissrv.exe",
    "nlaapi.dll",
    "normaldownloadcount",
    "normaldownloadpendingcount",
    "nsi",
    "nsi.dll",
    "ntdll.dll",
    "office",
    "officeclicktorun.exe",
    "ohee2cyvbx.2.75",
    "ole",
    "ole32",
    "ole32.dll",
    "oleaut32.dll",
    "ondemandconnroutehelper.dll",
    "operating",
    "panel",
    "par:\"cmd.exe\"",
    "par:cmd.exe",
    "par:grunthttp.exe",
    "par:grunthttp.exe\"",
    "par:services.exe",
    "parameters",
    "pcasvc.dll",
    "peercount",
    "peerhttp",
    "peerid",
    "peerinfocount",
    "pipe",
    "pksdxqsv.2.74",
    "platform",
    "pnctgqfi6u",
    "pnrp",
    "pnrpnsp.dll",
    "policy",
    "power",
    "powrprof.dll",
    "prefetch",
    "primitives",
    "prioritydownloadcount",
    "prioritydownloadpendingcount",
    "procedure",
    "process",
    "processor",
    "profapi.dll",
    "profile",
    "programdata",
    "property",
    "propsys.dll",
    "provider",
    "proxybypass",
    "psapi",
    "psmserviceexthost.dll",
    "qword",
    "rank",
    "rasadhlp.dll",
    "rasapi32.dll",
    "rasman.dll",
    "rawbytes",
    "registry",
    "remote",
    "rnr",
    "rnz",
    "route",
    "routing",
    "rpc",
    "rpcrt4.dll",
    "rsaenh.dll",
    "rtutils.dll",
    "rulesmetadata",
    "run",
    "runtime",
    "scan",
    "scm",
    "sddl",
    "search",
    "sechost.dll",
    "secur32.dll",
    "securetimeconfidence",
    "securetimeestimated",
    "securetimehigh",
    "securetimelimits",
    "securetimelow",
    "securetimetickcount",
    "security",
    "service",
    "serviceprofiles",
    "services",
    "servicestate",
    "session",
    "sessionid",
    "settings",
    "shcore",
    "shcore.dll",
    "shell",
    "shell32.dll",
    "shim",
    "shlwapi.dll",
    "socket",
    "sockets",
    "software",
    "space",
    "sspicli.dll",
    "sspisrv.dll",
    "starttime",
    "state",
    "status",
    "storage",
    "storagepolicy",
    "storagesense",
    "store",
    "studio",
    "support",
    "svchost.exe",
    "swarmcount",
    "swarms",
    "sysmain.dll",
    "system",
    "system.configuration.dll",
    "system.configuration.install.dll",
    "system.core.dll",
    "system.dll",
    "system.ni.dll",
    "system.runtime.serialization.dll",
    "system.xml.dll",
    "system32",
    "tcpip",
    "themeservice.dll",
    "time",
    "tracing",
    "transcodedimagecount",
    "trust",
    "ucrtbase.dll",
    "ucrtbase_clr0400.dll",
    "udo5isq",
    "ulscategoriesseverities",
    "ulsmonitor",
    "ulstagids0",
    "uncasintranet",
    "uplinkbps",
    "upload",
    "uploadcount",
    "uploadforsecs",
    "uploadmonthlyinternetbytes",
    "uploadmonthlylanbytes",
    "uploadratepct",
    "uploadstats",
    "urlmon.dll",
    "usage",
    "user",
    "user-mode",
    "user32",
    "userenv",
    "userenv.dll",
    "usersettings",
    "utilities",
    "utility",
    "uxtheme",
    "uxtheme.dll",
    "v4.0.30319",
    "validbytes",
    "vcruntime140_clr0400.dll",
    "verification",
    "version",
    "version.dll",
    "vfuprovider",
    "visual",
    "w32time",
    "win32",
    "win32u",
    "win32u.dll",
    "windir",
    "window",
    "windows",
    "windows.staterepository.dll",
    "windows.storage.dll",
    "winhttp.dll",
    "winlogon",
    "winnsi.dll",
    "winrnr",
    "winrt",
    "wintrust.dll",
    "wldp.dll",
    "workingdir",
    "workstation",
    "workstation5",
    "ws2_32.dll",
    "wshbth.dll",
    "zonemap"
   ]
  },
  {
   "dataset_id": "SDWIN-191225045202",
   "title": "Empire Invoke InternalMonologue",
   "techniques": [
    "T1112"
   ],
   "tactics": [
    "TA0005"
   ],
   "event_count": 1635,
   "sample_events": [
    {
     "timestamp": "2019-12-25T04:52:02.806Z",
     "host": "HR001.shire.com",
     "channel": "Microsoft-Windows-Sysmon/Operational",
     "event_id": 10,
     "process": "svchost.exe",
     "parent": "",
     "command_line": "",
     "user": ""
    },
    {
     "timestamp": "2019-12-25T04:52:02.807Z",
     "host": "HR001.shire.com",
     "channel": "Microsoft-Windows-Sysmon/Operational",
     "event_id": 10,
     "process": "svchost.exe",
     "parent": "",
     "command_line": "",
     "user": ""
    },
    {
     "timestamp": "2019-12-25T04:52:02.809Z",
     "host": "IT001.shire.com",
     "channel": "Microsoft-Windows-Sysmon/Operational",
     "event_id": 10,
     "process": "svchost.exe",
     "parent": "",
     "command_line": "",
     "user": ""
    },
    {
     "timestamp": "2019-12-25T04:52:02.810Z",
     "host": "IT001.shire.com",
     "channel": "Microsoft-Windows-Sysmon/Operational",
     "event_id": 10,
     "process": "svchost.exe",
     "parent": "",
     "command_line": "",
     "user": ""
    },
    {
     "timestamp": "2019-12-25T04:52:02.811Z",
     "host": "IT001.shire.com",
     "channel": "Microsoft-Windows-Sysmon/Operational",
     "event_id": 10,
     "process": "svchost.exe",
     "parent": "",
     "command_line": "",
     "user": ""
    },
    {
     "timestamp": "2019-12-25T04:52:02.812Z",
     "host": "IT001.shire.com",
     "channel": "Microsoft-Windows-Sysmon/Operational",
     "event_id": 10,
     "process": "svchost.exe",
     "parent": "",
     "command_line": "",
     "user": ""
    },
    {
     "timestamp": "2019-12-25T04:52:02.807Z",
     "host": "HR001.shire.com",
     "channel": "Microsoft-Windows-Sysmon/Operational",
     "event_id": 10,
     "process": "svchost.exe",
     "parent": "",
     "command_line": "",
     "user": ""
    },
    {
     "timestamp": "2019-12-25T04:52:02.808Z",
     "host": "HR001.shire.com",
     "channel": "Microsoft-Windows-Sysmon/Operational",
     "event_id": 10,
     "process": "svchost.exe",
     "parent": "",
     "command_line": "",
     "user": ""
    },
    {
     "timestamp": "2019-12-25T04:52:02.807Z",
     "host": "HR001.shire.com",
     "channel": "Microsoft-Windows-Sysmon/Operational",
     "event_id": 10,
     "process": "svchost.exe",
     "parent": "",
     "command_line": "",
     "user": ""
    },
    {
     "timestamp": "2019-12-25T04:52:02.808Z",
     "host": "IT001.shire.com",
     "channel": "Microsoft-Windows-Sysmon/Operational",
     "event_id": 10,
     "process": "svchost.exe",
     "parent": "",
     "command_line": "",
     "user": ""
    },
    {
     "timestamp": "2019-12-25T04:52:02.810Z",
     "host": "IT001.shire.com",
     "channel": "Microsoft-Windows-Sysmon/Operational",
     "event_id": 10,
     "process": "svchost.exe",
     "parent": "",
     "command_line": "",
     "user": ""
    },
